procs -----------memory---------- ---swap-- -----io---- -system-- ------cpu----- -----timestamp-----
 r  b   swpd   free   buff  cache   si   so    bi    bo   in   cs us sy id wa st                 CST
 4  0      0 8197940  37516 2751352    0    0  1732   751  353  809 10 13 63 14  0 2020-02-10 20:32:26
 2  0      0 7909324  37516 2751408    0    0    79   259 2533 14604  6  7 86  0  0 2020-02-10 20:32:29
 1  0      0 7909388  37516 2752132    0    0   125   102 1651 12700  2  4 93  0  0 2020-02-10 20:32:32
10 25      0 7864724  36440 2752428    0    0 43241  2677 27219 38512 32 42  4 21  0 2020-02-10 20:32:35
 6 16      0 7871896  37516 2752664    0    0 41395  2411 29421 41389 13 35  6 46  0 2020-02-10 20:32:38
 7 15      0 7872628  37516 2752608    0    0 40783  2744 29624 41623 13 38  5 43  0 2020-02-10 20:32:41
18 12      0 7692404  37516 2752704    0    0 40722  2481 28791 38500 28 38  3 30  0 2020-02-10 20:32:44
 7 16      0 7877708  37516 2752836    0    0 41304  2674 29163 40996 14 34  6 46  0 2020-02-10 20:32:47
 5 13      0 7877388  37516 2752852    0    0 41504  2484 29905 41307 12 34  5 48  0 2020-02-10 20:32:50
 9 17      0 7803264  37516 2753096    0    0 41098  2689 29202 39897 18 37  5 41  0 2020-02-10 20:32:53
 4 15      0 7869248  37516 2753448    0    0 42990  7253 28589 41109 27 42  3 28  0 2020-02-10 20:32:56
 4 17      0 7874428  37516 2753416    0    0 41295  2632 29459 41383 12 34  5 49  0 2020-02-10 20:32:59
 7 13      0 7874072  37516 2753488    0    0 41230  2389 28664 40212 14 37  4 45  0 2020-02-10 20:33:02
 9 16      0 7860564  37516 2753492    0    0 40246  6008 28589 37686 35 42  2 21  0 2020-02-10 20:33:05
 5 17      0 7874828  37516 2753480    0    0 37671  7701 28778 40137 13 34  7 46  0 2020-02-10 20:33:08
15 12      0 7869972  37516 2753268    0    0 40250  2762 28759 40073 14 37  5 44  0 2020-02-10 20:33:11
10 12      0 7681244  37544 2753632    0    0 39357  4346 27299 37392 28 39  4 29  0 2020-02-10 20:33:14
 6 15      0 7854256  37516 2753804    0    0 46488  2731 28467 42737 18 40  5 37  0 2020-02-10 20:33:17
 2 17      0 7863624  37516 2753940    0    0 39060  4914 28226 40340 13 33  6 48  0 2020-02-10 20:33:20
15 11      0 7792672  37516 2753944    0    0 39278  2620 28374 39417 18 36  5 41  0 2020-02-10 20:33:23
 7 18      0 7865224  37516 2753948    0    0 37667  5684 27444 38108 25 36  4 34  0 2020-02-10 20:33:26
procs -----------memory---------- ---swap-- -----io---- -system-- ------cpu----- -----timestamp-----
 r  b   swpd   free   buff  cache   si   so    bi    bo   in   cs us sy id wa st                 CST
 5 17      0 7864988  37516 2753984    0    0 41628  2679 29525 40937 12 31  6 51  0 2020-02-10 20:33:29
 5 18      0 7865416  37516 2754156    0    0 40108  3694 29448 40755 13 35  5 46  0 2020-02-10 20:33:32
14 20      0 7814204  37240 2753196    0    0 46263  2680 28623 40908 32 42  3 23  0 2020-02-10 20:33:35
 7 16      0 7858972  37516 2754508    0    0 38626  6968 28206 40154 12 32  7 49  0 2020-02-10 20:33:38
10 13      0 7859692  37516 2754448    0    0 41418  2787 29175 41075 14 36  5 46  0 2020-02-10 20:33:41
14 17      0 7710744  37516 2754628    0    0 40844  2454 27423 38033 29 36  3 31  0 2020-02-10 20:33:44
 9 16      0 7865000  37516 2754708    0    0 41808  2908 29402 41431 13 34  6 47  0 2020-02-10 20:33:47
10 16      0 7864912  37516 2754724    0    0 38306  7557 28043 39496 11 31  6 52  0 2020-02-10 20:33:50
10 17      0 7786516  37516 2754844    0    0 40439  3646 28532 39604 17 36  5 42  0 2020-02-10 20:33:53
 7 15      0 7858556  37516 2754948    0    0 42078  9755 27651 41085 27 40  3 30  0 2020-02-10 20:33:56
10 16      0 7863468  37516 2754924    0    0 35847  9029 27244 38862 11 30  7 52  0 2020-02-10 20:33:59
 2 19      0 7863992  37516 2754808    0    0 36320  8011 27897 39346 13 35  6 46  0 2020-02-10 20:34:02
14 18      0 7864748  37516 2754816    0    0 35043 15126 25078 35678 29 34  3 33  0 2020-02-10 20:34:05
 5 17      0 7865188  37516 2754836    0    0 35494 16610 26748 38690 10 29  7 55  0 2020-02-10 20:34:08
13 15      0 7864868  37516 2754892    0    0 33991 17711 25993 37586 12 32  6 50  0 2020-02-10 20:34:11
13 12      0 7681860  26200 2755000    0    0 34471 15944 25673 36500 26 35  4 35  0 2020-02-10 20:34:14
 9 18      0 7849284  37516 2755048    0    0 39782 19549 25870 39920 14 34  6 46  0 2020-02-10 20:34:17
 5 17      0 7866408  37516 2755120    0    0 35362 16133 26756 38149 11 30  6 54  0 2020-02-10 20:34:20
14 14      0 7785232  37516 2755388    0    0 32580 17451 26391 37240 16 33  5 46  0 2020-02-10 20:34:23
 9 12      0 7866320  37516 2755300    0    0 36014 16123 25797 37279 24 34  5 38  0 2020-02-10 20:34:26
 7 17      0 7867656  37516 2755320    0    0 34339 19134 26373 37751 10 28  6 56  0 2020-02-10 20:34:29
procs -----------memory---------- ---swap-- -----io---- -system-- ------cpu----- -----timestamp-----
 r  b   swpd   free   buff  cache   si   so    bi    bo   in   cs us sy id wa st                 CST
 7 14      0 7868484  37516 2755316    0    0 34151 16998 26478 38090 12 32  7 49  0 2020-02-10 20:34:32
13 16      0 7861868  37516 2754924    0    0 40771 17799 25126 38242 29 38  3 30  0 2020-02-10 20:34:35
 2 16      0 7865920  37516 2755328    0    0 36719 16065 26008 37902 10 30  8 52  0 2020-02-10 20:34:38
15 16      0 7861308  37516 2755368    0    0 33231 20268 26404 38036 11 32  7 50  0 2020-02-10 20:34:41
11 13      0 7750420  37516 2755464    0    0 34466 17857 25129 35359 28 35  4 33  0 2020-02-10 20:34:44
 4 17      0 7867228  37516 2755628    0    0 35202 17314 25881 37949 11 30  7 52  0 2020-02-10 20:34:47
 6 17      0 7866848  37516 2755652    0    0 34336 26586 27546 38441 10 31  6 52  0 2020-02-10 20:34:50
17 17      0 7789228  37516 2755764    0    0 34255 19097 25953 36860 16 33  5 46  0 2020-02-10 20:34:53
 5 16      0 7860472  37516 2755984    0    0 41459 17057 26376 39776 25 38  4 33  0 2020-02-10 20:34:56
 7 17      0 7865480  37516 2755984    0    0 29152 15312 24474 35919  9 26  7 57  0 2020-02-10 20:34:59
 4 15      0 7871256  37516 2755992    0    0 31807 15808 26300 37386 12 32  6 50  0 2020-02-10 20:35:02
11 17      0 7871352  37516 2756032    0    0 34195 17575 25150 35759 29 34  4 33  0 2020-02-10 20:35:05
 3 16      0 7872492  37516 2756056    0    0 31982 15843 26162 37536 10 28  7 56  0 2020-02-10 20:35:08
 8 18      0 7868936  37516 2756048    0    0 32279 16175 26621 37735 11 30  6 54  0 2020-02-10 20:35:11
 8 21      0 7679524  37544 2755332    0    0 35909 16421 26066 36509 27 35  4 34  0 2020-02-10 20:35:14
 2 19      0 7860084  37516 2756268    0    0 37024 18219 26486 40301 14 34  7 45  0 2020-02-10 20:35:17
16 15      0 7877948  37516 2756280    0    0 33250 15979 26503 37330 10 28  6 56  0 2020-02-10 20:35:20
 8 18      0 7797592  37516 2756268    0    0 33183 17091 26435 36712 16 32  5 48  0 2020-02-10 20:35:23
 8 15      0 7878708  37516 2756556    0    0 34416 15725 25851 37218 22 33  5 39  0 2020-02-10 20:35:26
 2 20      0 7878016  37516 2756576    0    0 34704 18424 25901 37758 10 28  7 55  0 2020-02-10 20:35:29
 5 16      0 7877900  37516 2756772    0    0 34770 16492 26308 37794 12 32  7 50  0 2020-02-10 20:35:32
procs -----------memory---------- ---swap-- -----io---- -system-- ------cpu----- -----timestamp-----
 r  b   swpd   free   buff  cache   si   so    bi    bo   in   cs us sy id wa st                 CST
 0 19      0 7871696  37516 2755800    0    0 39277 17468 25831 38717 29 39  4 28  0 2020-02-10 20:35:35
 4 18      0 7877272  37516 2756752    0    0 35543 15936 26396 38194 11 29  7 52  0 2020-02-10 20:35:38
 4 20      0 7873472  37516 2756804    0    0 35722 18859 27192 38973 12 32  5 50  0 2020-02-10 20:35:41
 5 19      0 7838384  37516 2756888    0    0 34432 17229 25387 35789 28 35  4 33  0 2020-02-10 20:35:44
 2 19      0 7882908  37516 2756900    0    0 33858 17356 26499 38384 11 31  6 52  0 2020-02-10 20:35:47
15 15      0 7880096  37516 2756920    0    0 32760 16685 26376 37771 11 31  6 53  0 2020-02-10 20:35:50
 5 20      0 7795612  37516 2757068    0    0 35186 17700 25455 36485 17 33  6 44  0 2020-02-10 20:35:53
 3 17      0 7876028  37516 2757116    0    0 39134 16181 26122 39242 25 39  4 32  0 2020-02-10 20:35:56
 1 19      0 7881480  37516 2757140    0    0 32854 17087 26206 38141 11 29  7 53  0 2020-02-10 20:35:59
 6 14      0 7881340  37516 2757248    0    0 35368 16210 26534 38489 13 33  6 48  0 2020-02-10 20:36:02
 0 20      0 7880548  37516 2757284    0    0 32780 18799 24541 35551 29 35  4 33  0 2020-02-10 20:36:05
 3 17      0 7794052  37516 2757472    0    0 33334 16576 26429 38075 22 34  5 39  0 2020-02-10 20:36:08
 8 19      0 7740528  37516 2757564    0    0 35058 16921 26200 38478 26 38  4 32  0 2020-02-10 20:36:11
17 14      0 7580060  37544 2757604    0    0 32924 16639 24718 35937 37 41  3 19  0 2020-02-10 20:36:14
 2 20      0 7671352  37516 2757636    0    0 36498 18170 25572 39162 27 39  4 31  0 2020-02-10 20:36:17
 9 19      0 7683224  37516 2757684    0    0 34774 16626 26668 37923 23 35  4 38  0 2020-02-10 20:36:20
 7 19      0 7610452  37516 2757716    0    0 33202 17242 25882 37086 28 37  4 31  0 2020-02-10 20:36:23
 1 19      0 7884276  37516 2757744    0    0 32640 16463 25233 37332 31 38  4 27  0 2020-02-10 20:36:26
 0 20      0 7884832  37516 2757772    0    0 35392 18682 25830 38136 11 28  8 53  0 2020-02-10 20:36:29
 5 13      0 7882924  37516 2757800    0    0 34324 16566 26491 38300 11 33  6 50  0 2020-02-10 20:36:32
 2 19      0 7831884  37516 2757508    0    0 39282 17316 26023 38631 30 40  2 28  0 2020-02-10 20:36:35
procs -----------memory---------- ---swap-- -----io---- -system-- ------cpu----- -----timestamp-----
 r  b   swpd   free   buff  cache   si   so    bi    bo   in   cs us sy id wa st                 CST
 0 19      0 7880964  37516 2758068    0    0 35591 16905 26540 38384 11 29  7 53  0 2020-02-10 20:36:38
 0 20      0 7882664  37516 2758128    0    0 33799 18630 26241 37988 11 32  6 50  0 2020-02-10 20:36:41
 5 19      0 7768284  37516 2758268    0    0 32348 17375 25150 35375 28 36  5 31  0 2020-02-10 20:36:44
 0 19      0 7882804  37516 2758276    0    0 36294 16496 25947 38299 12 30  7 51  0 2020-02-10 20:36:47
11 14      0 7880548  37516 2758292    0    0 32933 17318 26439 38051 11 29  6 54  0 2020-02-10 20:36:50
 6 20      0 7796468  37516 2758436    0    0 32704 17344 25951 37079 17 33  6 43  0 2020-02-10 20:36:53
 0 19      0 7875980  37516 2758504    0    0 41259 18001 26603 39778 24 39  5 32  0 2020-02-10 20:36:56
 1 19      0 7881388  37516 2758512    0    0 33338 16448 26365 37770 11 29  7 53  0 2020-02-10 20:36:59
 1 18      0 7881076  37516 2758612    0    0 32368 17013 26180 37876 12 33  7 48  0 2020-02-10 20:37:02
 1 20      0 7881332  37516 2758644    0    0 35211 17443 25339 35733 28 35  5 32  0 2020-02-10 20:37:05
 2 19      0 7880984  37516 2758672    0    0 32956 17413 26266 37831 10 29  7 53  0 2020-02-10 20:37:08
 0 19      0 7881208  37516 2758744    0    0 32060 16921 27921 39577 12 35  6 47  0 2020-02-10 20:37:11
 2 18      0 7683080  37544 2758844    0    0 35341 16781 25573 35908 28 35  5 32  0 2020-02-10 20:37:14
 6 20      0 7863292  37516 2758920    0    0 37548 16495 26315 40187 14 34  6 47  0 2020-02-10 20:37:17
 9 18      0 7878612  37516 2758956    0    0 30218 17253 26375 37769 10 29  7 54  0 2020-02-10 20:37:20
 8 19      0 7797084  37516 2758992    0    0 34939 17356 26384 37351 17 32  5 46  0 2020-02-10 20:37:23
11 12      0 7880816  37516 2759148    0    0 32646 16074 25754 37040 22 33  5 40  0 2020-02-10 20:37:26
 0 20      0 7881476  37516 2759172    0    0 32622 17099 26990 38431 10 28  5 57  0 2020-02-10 20:37:29
 1 20      0 7880736  37516 2759188    0    0 34242 18592 26891 38096 11 31  5 52  0 2020-02-10 20:37:32
13 13      0 7873352  37516 2758664    0    0 40108 16981 26344 39179 30 39  3 28  0 2020-02-10 20:37:35
 3 19      0 7878584  37516 2759248    0    0 32988 21761 27319 38967 11 31  7 51  0 2020-02-10 20:37:38
procs -----------memory---------- ---swap-- -----io---- -system-- ------cpu----- -----timestamp-----
 r  b   swpd   free   buff  cache   si   so    bi    bo   in   cs us sy id wa st                 CST
 9 18      0 7905700  37516 2759248    0    0 36067 17367 26468 38560 12 33  6 49  0 2020-02-10 20:37:41
 3 19      0 7866956  37516 2759384    0    0 32458 18983 25284 35179 28 36  4 32  0 2020-02-10 20:37:44
13 18      0 7905976  37516 2759408    0    0 33896 17854 26402 38428 11 30  7 52  0 2020-02-10 20:37:47
10 15      0 7903580  37516 2759432    0    0 35148 17123 26282 37759 11 29  7 53  0 2020-02-10 20:37:50
 6 20      0 7819784  37516 2759456    0    0 33904 18727 26044 37042 17 33  6 44  0 2020-02-10 20:37:53
 8 16      0 7900000  37516 2759612    0    0 38411 18579 26497 39363 23 39  4 33  0 2020-02-10 20:37:56
 8 14      0 7904708  37516 2759640    0    0 35582 17628 26362 38028 13 31  6 50  0 2020-02-10 20:37:59
 5 18      0 7904852  37516 2759688    0    0 33049 17488 26190 37756 13 33  7 47  0 2020-02-10 20:38:02
 3 19      0 7906164  37516 2759708    0    0 32040 17144 25230 35757 29 36  3 32  0 2020-02-10 20:38:05
 7 14      0 7906480  37516 2759824    0    0 33870 21887 26496 37515 10 29  6 54  0 2020-02-10 20:38:08
 1 17      0 7900248  37516 2759928    0    0 33826 18248 26572 37990 12 32  6 50  0 2020-02-10 20:38:11
 8 20      0 7710328  31348 2760520    0    0 32993 17705 25446 35706 27 37  3 33  0 2020-02-10 20:38:14
 2 20      0 7878460  37516 2760104    0    0 41703 18051 27057 41088 15 35  5 46  0 2020-02-10 20:38:17
10 18      0 7891928  37516 2760120    0    0 32060 18839 26009 37303 11 30  7 53  0 2020-02-10 20:38:20
15 15      0 7818952  37516 2760148    0    0 33090 17201 26400 37170 17 33  4 45  0 2020-02-10 20:38:23
 1 20      0 7899704  37516 2760156    0    0 34404 17736 25366 36260 22 33  4 40  0 2020-02-10 20:38:26
 7 17      0 7899176  37516 2760188    0    0 34688 18926 26891 38323 11 30  6 52  0 2020-02-10 20:38:29
 3 18      0 7899440  37516 2760204    0    0 31323 21202 26443 37498 11 32  6 51  0 2020-02-10 20:38:32
 5 14      0 7893044  37516 2760316    0    0 42091 18756 26280 38993 30 39  3 28  0 2020-02-10 20:38:35
 8 16      0 7897776  37516 2760352    0    0 33894 21410 26806 38341 11 30  7 52  0 2020-02-10 20:38:38
 8 18      0 7898892  37516 2760248    0    0 33655 21136 27045 38437 11 33  6 49  0 2020-02-10 20:38:41
procs -----------memory---------- ---swap-- -----io---- -system-- ------cpu----- -----timestamp-----
 r  b   swpd   free   buff  cache   si   so    bi    bo   in   cs us sy id wa st                 CST
 0 19      0 7898560  37516 2760516    0    0 34427 20118 24659 34492 29 36  3 31  0 2020-02-10 20:38:44
 8 16      0 7899700  37516 2760652    0    0 33346 20017 26929 39173 10 30  7 52  0 2020-02-10 20:38:47
 8 15      0 7898052  37516 2760684    0    0 33722 17974 27054 38229 11 31  6 52  0 2020-02-10 20:38:50
 9 16      0 7814876  37516 2760708    0    0 33246 18130 26365 37023 18 34  5 44  0 2020-02-10 20:38:53
 5 14      0 7892672  37516 2760920    0    0 40676 19210 26865 39928 23 38  4 36  0 2020-02-10 20:38:56
 2 17      0 7897632  37516 2760928    0    0 34201 17728 26860 38497 11 30  6 53  0 2020-02-10 20:38:59
10 12      0 7898624  37516 2760952    0    0 32928 17344 26627 37960 13 34  6 48  0 2020-02-10 20:39:02
 4 17      0 7899620  37516 2760976    0    0 34760 17611 25287 35512 29 35  4 32  0 2020-02-10 20:39:05
 2 19      0 7899352  37516 2761000    0    0 33076 20219 26356 37853 10 29  7 53  0 2020-02-10 20:39:08
 4 16      0 7899772  37516 2761132    0    0 33450 17432 26128 38076 11 32  7 49  0 2020-02-10 20:39:11
18 18      0 7713576  24144 2761140    0    0 36411 18070 25537 36246 28 37  4 31  0 2020-02-10 20:39:14
 9 19      0 7882224  37516 2761428    0    0 40441 17378 27225 41208 15 36  6 42  0 2020-02-10 20:39:17
 4 19      0 7897180  37516 2761448    0    0 31611 20384 26193 37691 11 31  7 51  0 2020-02-10 20:39:20
16 10      0 7808756  37516 2761472    0    0 36278 17229 26731 37517 18 34  6 43  0 2020-02-10 20:39:23
 9 17      0 7897740  37516 2761508    0    0 33153 18140 25958 36884 22 34  6 39  0 2020-02-10 20:39:26
 2 18      0 7897368  37516 2761524    0    0 34227 17604 27293 38941 11 30  7 52  0 2020-02-10 20:39:29
 7 19      0 7897920  37516 2761544    0    0 34074 20864 26310 37491 12 32  6 50  0 2020-02-10 20:39:32
 0 19      0 7891660  37516 2761604    0    0 40598 16929 26595 39256 31 40  3 27  0 2020-02-10 20:39:35
 3 17      0 7896616  37516 2761616    0    0 33343 17949 26558 38384 11 30  7 52  0 2020-02-10 20:39:38
 0 20      0 7897472  37516 2761648    0    0 36058 19103 26852 38737 12 33  6 50  0 2020-02-10 20:39:41
 4 19      0 7781708  37516 2761796    0    0 32692 20746 25608 35838 28 37  3 32  0 2020-02-10 20:39:44
procs -----------memory---------- ---swap-- -----io---- -system-- ------cpu----- -----timestamp-----
 r  b   swpd   free   buff  cache   si   so    bi    bo   in   cs us sy id wa st                 CST
12 14      0 7887168  37516 2761876    0    0 35518 18107 27101 39654 12 32  7 49  0 2020-02-10 20:39:47
16 14      0 7880812  37516 2762188    0    0 35803 20708 26824 38831 11 31  8 50  0 2020-02-10 20:39:50
 5 18      0 7791444  37516 2762184    0    0 34751 17829 26732 37686 18 34  6 43  0 2020-02-10 20:39:53
 0 19      0 7878448  37516 2762248    0    0 38209 22517 27118 40076 22 38  5 34  0 2020-02-10 20:39:56
13 16      0 7884216  37516 2762284    0    0 37022 16844 28528 40089 12 33  6 49  0 2020-02-10 20:39:59
 4 15      0 7884080  37516 2762444    0    0 34606 18503 28568 40316 13 37  7 43  0 2020-02-10 20:40:02
 5 16      0 7883756  37516 2762476    0    0 34182 18360 26962 37595 30 39  3 27  0 2020-02-10 20:40:05
 5 16      0 7884300  37516 2762500    0    0 34540 21475 27342 39040 10 31  8 51  0 2020-02-10 20:40:08
 1 20      0 7884356  37516 2762652    0    0 34103 18425 28237 40044 12 36  7 46  0 2020-02-10 20:40:11
 2 24      0 7691316  31832 2762696    0    0 34708 19013 26291 37340 28 38  3 31  0 2020-02-10 20:40:14
 2 19      0 7884620  37516 2762884    0    0 43081 17704 27305 41339 16 37  6 41  0 2020-02-10 20:40:17
14 16      0 7886908  37516 2762968    0    0 32727 19767 25888 36956 11 32  6 51  0 2020-02-10 20:40:20
 6 21      0 7797132  37516 2762992    0    0 33766 18333 26338 36923 18 34  5 43  0 2020-02-10 20:40:23
 7 16      0 7889576  37516 2763020    0    0 35686 17825 26329 37539 21 34  5 40  0 2020-02-10 20:40:26
 1 19      0 7889664  37516 2763044    0    0 34522 18239 26524 38322 11 29  7 53  0 2020-02-10 20:40:29
 2 19      0 7882628  37516 2763072    0    0 31639 20490 25810 36974 11 32  5 51  0 2020-02-10 20:40:32
20  7      0 7873512  37516 2762984    0    0 42978 16815 26170 40691 33 44  2 20  0 2020-02-10 20:40:35
 2 19      0 7887748  37516 2763384    0    0 35096 18345 27157 38684 12 32  7 49  0 2020-02-10 20:40:38
 9 14      0 7888976  37516 2763312    0    0 33276 18779 26923 38764 12 33  6 49  0 2020-02-10 20:40:41
 7 16      0 7888224  37516 2763456    0    0 34206 20037 25147 35454 28 36  4 32  0 2020-02-10 20:40:44
 9 17      0 7885192  37516 2763488    0    0 35348 18855 27296 39362 11 31  7 51  0 2020-02-10 20:40:47
procs -----------memory---------- ---swap-- -----io---- -system-- ------cpu----- -----timestamp-----
 r  b   swpd   free   buff  cache   si   so    bi    bo   in   cs us sy id wa st                 CST
19 14      0 7882304  37516 2763540    0    0 33108 17614 26762 38609 11 32  7 50  0 2020-02-10 20:40:50
15 13      0 7798312  37516 2763536    0    0 35636 17745 26576 37562 18 34  6 43  0 2020-02-10 20:40:53
 2 16      0 7879112  37516 2763584    0    0 39287 20515 26552 39910 23 38  5 35  0 2020-02-10 20:40:56
 8 13      0 7883628  37516 2763604    0    0 34046 18138 26334 38145 11 30  7 51  0 2020-02-10 20:40:59
 3 15      0 7884976  37516 2763884    0    0 36143 17449 27144 38566 13 34  5 48  0 2020-02-10 20:41:02
11 12      0 7885376  37516 2763908    0    0 34381 18620 25558 36269 30 37  4 29  0 2020-02-10 20:41:05
11 11      0 7795504  37516 2763976    0    0 32015 20569 26290 37227 22 34  5 39  0 2020-02-10 20:41:08
 9 19      0 7751660  37516 2764076    0    0 35819 17490 26642 38274 25 40  4 31  0 2020-02-10 20:41:11
10 19      0 7581260  37544 2764284    0    0 33078 19051 25292 35750 38 41  3 18  0 2020-02-10 20:41:14
12 13      0 7687192  37516 2764352    0    0 38954 19465 26242 39828 28 40  3 29  0 2020-02-10 20:41:17
 9 17      0 7679164  37516 2764388    0    0 34896 19925 25947 37485 24 36  5 36  0 2020-02-10 20:41:20
12 16      0 7595900  37516 2764384    0    0 33825 17614 25573 36907 29 37  3 30  0 2020-02-10 20:41:23
 1 18      0 7885504  37516 2764412    0    0 31942 18986 25650 36957 31 40  3 26  0 2020-02-10 20:41:26
 9 12      0 7885808  37516 2764428    0    0 37652 18158 27212 38680 11 31  6 53  0 2020-02-10 20:41:29
 5 14      0 7885372  37516 2764460    0    0 33360 20975 26120 37861 11 33  6 51  0 2020-02-10 20:41:32
10 16      0 7879912  37516 2764504    0    0 39763 19495 26830 39624 31 41  3 26  0 2020-02-10 20:41:35
 8 15      0 7885012  37516 2764504    0    0 35878 19571 26701 38645 11 30  8 51  0 2020-02-10 20:41:38
 4 18      0 7884780  37516 2764532    0    0 35197 18527 27407 39119 13 34  7 47  0 2020-02-10 20:41:41
 8 17      0 7862520  37516 2764680    0    0 31227 20352 25039 35211 28 36  4 32  0 2020-02-10 20:41:44
 2 16      0 7884404  37516 2764836    0    0 35383 17052 25650 38710 11 29  8 52  0 2020-02-10 20:41:47
12 17      0 7883076  37516 2764880    0    0 33362 19137 26961 38196 11 31  6 52  0 2020-02-10 20:41:50
procs -----------memory---------- ---swap-- -----io---- -system-- ------cpu----- -----timestamp-----
 r  b   swpd   free   buff  cache   si   so    bi    bo   in   cs us sy id wa st                 CST
17 14      0 7790564  37516 2764880    0    0 34304 18230 27093 38282 19 33  5 43  0 2020-02-10 20:41:53
 6 15      0 7884156  37516 2764908    0    0 41866 20406 26739 40347 23 38  5 34  0 2020-02-10 20:41:56
 7 16      0 7889812  37516 2764928    0    0 36739 18092 26738 38457 12 30  8 50  0 2020-02-10 20:41:59
 2 19      0 7890648  37516 2764956    0    0 34357 18038 26960 38354 13 34  6 48  0 2020-02-10 20:42:02
 2 18      0 7888140  37516 2765104    0    0 35689 18211 25586 36030 30 36  4 31  0 2020-02-10 20:42:05
11 12      0 7881428  37516 2765220    0    0 39613 20061 27217 40547 16 37  6 42  0 2020-02-10 20:42:08
 4 16      0 7885664  37516 2765280    0    0 35006 17721 26957 38924 13 33  7 47  0 2020-02-10 20:42:11
 5 17      0 7851372  37516 2765384    0    0 34712 19306 24932 35078 30 36  4 30  0 2020-02-10 20:42:14
 5 17      0 7889176  37516 2765392    0    0 35926 17777 27159 39656 13 32  7 48  0 2020-02-10 20:42:17
 3 20      0 7885828  37516 2765528    0    0 32552 21537 26724 38337 12 31  7 50  0 2020-02-10 20:42:20
 6 19      0 7797228  37516 2765516    0    0 36799 18205 26825 37653 19 33  5 43  0 2020-02-10 20:42:23
 5 16      0 7882196  37516 2765564    0    0 40595 18487 26396 40147 24 37  6 34  0 2020-02-10 20:42:26
 3 17      0 7887932  37516 2765584    0    0 35100 18168 27372 38982 11 30  7 52  0 2020-02-10 20:42:29
 2  1      0 8111356  37072 2764356    0    0 33009 19596 26916 38428 12 33  9 45  0 2020-02-10 20:42:32
 0  0      0 8214080  37516 2764872    0    0  1018  2876 2246 13623 13  5 81  0  0 2020-02-10 20:42:35
 0  0      0 8214228  37516 2764868    0    0   104  3375 2389 12807  1  2 96  0  0 2020-02-10 20:42:38
 1  0      0 8214268  37516 2764900    0    0   667  1594 2137 13224  2  4 94  0  0 2020-02-10 20:42:41
 1  0      0 8206748  37516 2764940    0    0  7174  1923 4370 18355 15  9 66 10  0 2020-02-10 20:42:44
 0  0      0 8211780  37516 2765064    0    0   148  1343 1717 12809  2  3 95  0  0 2020-02-10 20:42:47
 2  0      0 8208808  37516 2765136    0    0   149  1653 1920 12852  2  3 94  0  0 2020-02-10 20:42:50
 4  0      0 8068092  37516 2765120    0    0    94  1162 1708 12526 11  4 84  0  0 2020-02-10 20:42:53
procs -----------memory---------- ---swap-- -----io---- -system-- ------cpu----- -----timestamp-----
 r  b   swpd   free   buff  cache   si   so    bi    bo   in   cs us sy id wa st                 CST
 0  0      0 8205152  37516 2765144    0    0   166  1998 2602 13693  4  4 92  0  0 2020-02-10 20:42:56
 0  0      0 8205340  37516 2765176    0    0   170  2595 2191 12678  2  3 95  0  0 2020-02-10 20:42:59
 0  0      0 8198308  37516 2765344    0    0  7202  2989 4296 18220  3  8 79 10  0 2020-02-10 20:43:02
 1  0      0 8204588  37516 2765500    0    0   286  1590 2126 13571 14  6 80  0  0 2020-02-10 20:43:05
 0  0      0 8190336  37516 2765536    0    0  1607  4803 4114 14723  3  4 91  1  0 2020-02-10 20:43:08
