procs -----------memory---------- ---swap-- -----io---- -system-- ------cpu----- -----timestamp-----
 r  b   swpd   free   buff  cache   si   so    bi    bo   in   cs us sy id wa st                 CST
 6  1      0 532543104  48044 3142320    0    0  1915   194  301   38  3  5 85  7  0 2020-02-17 10:51:49
 1  0      0 531804960  48044 3142472    0    0   189   250 5195 23146  2  2 96  0  0 2020-02-17 10:51:52
 2  0      0 530935040  48044 3146796    0    0   119   446 4725 22726  2  2 95  0  0 2020-02-17 10:51:55
 1  0      0 530544096  48044 3147808    0    0   127   378 3129 19405  1  1 98  0  0 2020-02-17 10:51:58
 1  0      0 530535680  48044 3149776    0    0   212   852 4946 22588  1  1 99  0  0 2020-02-17 10:52:01
12 40      0 530074112  48044 3153132    0    0 117416 12505 79474 150989 11 14 69  7  0 2020-02-17 10:52:04
30 40      0 530083712  48044 3155100    0    0 526552 51215 139700 215759 12 20 46 22  0 2020-02-17 10:52:07
33 65      0 529990528  48044 3155648    0    0 568208 52399 145444 228525 14 23 40 23  0 2020-02-17 10:52:10
27 20      0 529957632  48044 3155892    0    0 575500 61334 155110 242441 15 24 38 24  0 2020-02-17 10:52:13
25 24      0 529887200  48044 3156220    0    0 569036 53174 148232 232706 15 23 40 22  0 2020-02-17 10:52:16
43 50      0 529983328  48044 3156016    0    0 582766 54207 148300 235820 14 22 40 23  0 2020-02-17 10:52:19
12 15      0 530086400  48044 3155172    0    0 578145 59560 147993 236456 14 24 39 23  0 2020-02-17 10:52:22
32 40      0 530006432  48068 3155544    0    0 568964 60771 140940 225129 12 21 45 22  0 2020-02-17 10:52:25
36 68      0 530074016  48044 3155840    0    0 583739 55667 148405 237238 13 23 39 24  0 2020-02-17 10:52:28
16 10      0 530073568  48044 3155828    0    0 578441 57343 144507 230737 13 22 42 23  0 2020-02-17 10:52:31
36 76      0 530020224  48044 3155828    0    0 568159 63061 137459 222888 12 20 47 21  0 2020-02-17 10:52:34
30 23      0 530068928  48044 3155844    0    0 579183 62646 146006 232803 13 23 40 24  0 2020-02-17 10:52:37
19 20      0 530063264  48044 3156388    0    0 567324 63237 146209 227536 12 21 44 22  0 2020-02-17 10:52:40
42 56      0 530067584  48044 3156596    0    0 576591 61846 146024 234612 13 21 44 22  0 2020-02-17 10:52:43
22 29      0 530058112  48044 3156408    0    0 563939 64782 145877 233357 13 23 41 23  0 2020-02-17 10:52:46
40 46      0 530066048  48044 3156432    0    0 569049 63763 146368 236456 12 22 42 23  0 2020-02-17 10:52:49
procs -----------memory---------- ---swap-- -----io---- -system-- ------cpu----- -----timestamp-----
 r  b   swpd   free   buff  cache   si   so    bi    bo   in   cs us sy id wa st                 CST
30 29      0 530063296  48044 3156204    0    0 566458 68233 150551 238914 13 23 41 23  0 2020-02-17 10:52:52
30 25      0 530065792  48044 3156284    0    0 564007 60866 141303 223205 12 20 47 21  0 2020-02-17 10:52:55
22 35      0 530069728  48044 3156304    0    0 581471 69010 147933 232580 12 21 45 22  0 2020-02-17 10:52:58
20 18      0 530074112  48044 3156536    0    0 569585 62758 142189 230511 12 21 45 21  0 2020-02-17 10:53:01
24 22      0 530020704  48044 3156500    0    0 578820 66408 152879 240093 13 23 41 24  0 2020-02-17 10:53:04
20 18      0 530063968  48044 3156528    0    0 559283 65444 141427 231249 12 20 47 21  0 2020-02-17 10:53:07
15 13      0 530070336  48044 3156752    0    0 563471 66179 143019 229114 12 22 45 21  0 2020-02-17 10:53:10
34 39      0 530071904  48044 3156768    0    0 561911 65417 144156 229686 12 20 48 20  0 2020-02-17 10:53:13
39 53      0 530074560  48044 3156960    0    0 558050 58392 140407 222651 12 20 48 20  0 2020-02-17 10:53:16
18 18      0 530066784  48044 3157036    0    0 572967 68047 135490 224413 11 20 49 20  0 2020-02-17 10:53:19
32 47      0 530070720  48044 3157392    0    0 590679 66438 154086 245222 13 24 40 24  0 2020-02-17 10:53:22
20 14      0 530064896  48044 3157464    0    0 560206 67682 144866 230264 12 21 43 24  0 2020-02-17 10:53:25
49 53      0 530068448  48044 3157648    0    0 563993 64201 146319 230207 12 21 46 21  0 2020-02-17 10:53:28
26 26      0 530066080  48044 3157592    0    0 566410 64782 148990 236748 13 22 43 22  0 2020-02-17 10:53:31
28 31      0 530013664  48044 3157580    0    0 577794 63673 141303 224948 12 20 43 25  0 2020-02-17 10:53:34
22 19      0 530061984  48044 3157564    0    0 570887 65266 137187 219321 12 19 43 26  0 2020-02-17 10:53:37
37 41      0 530053536  48044 3158580    0    0 584931 71154 147352 240720 13 23 40 23  0 2020-02-17 10:53:40
28 17      0 530054528  48044 3158596    0    0 587288 66502 141739 232251 12 21 46 21  0 2020-02-17 10:53:43
36 29      0 530049792  48044 3158564    0    0 572112 63736 147818 232685 12 22 42 24  0 2020-02-17 10:53:46
11 11      0 530058496  48044 3158492    0    0 563793 69926 144074 228600 11 20 49 20  0 2020-02-17 10:53:49
13 10      0 530056096  48044 3158588    0    0 589023 67048 149321 236231 12 22 44 22  0 2020-02-17 10:53:52
procs -----------memory---------- ---swap-- -----io---- -system-- ------cpu----- -----timestamp-----
 r  b   swpd   free   buff  cache   si   so    bi    bo   in   cs us sy id wa st                 CST
36 60      0 530060352  48044 3158492    0    0 595887 62834 152379 239748 14 23 41 23  0 2020-02-17 10:53:55
14 20      0 530060256  48044 3158608    0    0 570583 74260 147360 229628 12 20 48 20  0 2020-02-17 10:53:58
27 18      0 530056032  48044 3159116    0    0 582015 63510 147389 230643 12 21 46 20  0 2020-02-17 10:54:01
14 50      0 530003776  48044 3159132    0    0 584058 72006 150560 235029 13 21 45 21  0 2020-02-17 10:54:04
44 42      0 530047232  48044 3159168    0    0 580221 63242 151310 238365 13 23 44 21  0 2020-02-17 10:54:07
73 55      0 530054080  48044 3159692    0    0 587452 69118 153249 242348 13 24 40 23  0 2020-02-17 10:54:10
46 46      0 530055232  48044 3159720    0    0 570669 61827 140336 225020 12 20 49 20  0 2020-02-17 10:54:13
21 28      0 530058688  48044 3159832    0    0 569863 65449 133869 220341 12 20 50 18  0 2020-02-17 10:54:16
19 19      0 530056960  48044 3159864    0    0 592999 68978 145830 232256 12 21 46 21  0 2020-02-17 10:54:19
39 27      0 530054816  48044 3159640    0    0 540586 67690 149789 230564 12 22 44 22  0 2020-02-17 10:54:22
 8 69      0 529974592  38536 3150412    0    0 566727 59680 140900 221199 12 20 48 20  0 2020-02-17 10:54:25
39 37      0 530041952  48044 3159184    0    0 581360 70640 152322 239325 12 22 43 23  0 2020-02-17 10:54:28
33 35      0 530046880  48044 3159728    0    0 585031 63230 144192 232144 12 21 46 21  0 2020-02-17 10:54:31
19 33      0 529983328  48044 3159748    0    0 577633 73224 146608 233264 13 21 45 21  0 2020-02-17 10:54:34
15 13      0 530048320  48044 3159736    0    0 566045 67212 143687 226411 12 20 47 21  0 2020-02-17 10:54:37
25 18      0 530045952  48044 3159960    0    0 585334 67019 143414 232376 12 22 46 21  0 2020-02-17 10:54:40
19 32      0 530045472  48044 3159956    0    0 583148 65159 147352 236210 12 21 46 21  0 2020-02-17 10:54:43
28 20      0 530039040  48044 3160384    0    0 585528 65495 150931 241575 13 24 40 24  0 2020-02-17 10:54:46
46 35      0 530043648  48044 3160340    0    0 561594 68756 142682 226099 11 20 50 19  0 2020-02-17 10:54:49
32 10      0 530040800  48044 3160712    0    0 575100 67051 150679 233825 12 22 45 21  0 2020-02-17 10:54:52
17 21      0 530046016  48044 3160728    0    0 582812 65470 149191 235614 13 22 45 21  0 2020-02-17 10:54:55
procs -----------memory---------- ---swap-- -----io---- -system-- ------cpu----- -----timestamp-----
 r  b   swpd   free   buff  cache   si   so    bi    bo   in   cs us sy id wa st                 CST
31 26      0 530046528  48044 3160780    0    0 578714 68628 150187 232855 12 21 45 22  0 2020-02-17 10:54:58
25 16      0 530041536  48044 3161776    0    0 584196 68765 148821 234919 12 22 45 21  0 2020-02-17 10:55:01
26 22      0 529991136  48044 3161752    0    0 569804 63960 141140 223315 11 19 50 19  0 2020-02-17 10:55:04
30 29      0 530039872  48044 3161340    0    0 583211 68254 141924 232455 12 21 45 21  0 2020-02-17 10:55:07
42 45      0 530045216  48044 3161648    0    0 588004 67772 145279 232317 12 22 45 20  0 2020-02-17 10:55:10
18 32      0 530044896  48044 3161556    0    0 589749 64811 139961 230641 12 20 49 20  0 2020-02-17 10:55:13
24 23      0 530045280  48044 3161636    0    0 558375 66553 147054 229416 12 21 46 21  0 2020-02-17 10:55:16
23 18      0 530047392  48044 3161360    0    0 586330 63634 144663 229879 12 20 47 20  0 2020-02-17 10:55:19
37 42      0 530042368  48044 3161920    0    0 546244 66390 138793 216236 11 19 54 16  0 2020-02-17 10:55:22
37 47      0 530037088  48044 3161760    0    0 574470 67705 154096 237232 13 23 43 22  0 2020-02-17 10:55:25
29 34      0 530044832  48044 3161836    0    0 585284 64763 149295 238933 12 21 45 22  0 2020-02-17 10:55:28
32 28      0 530041024  48044 3162268    0    0 581167 67422 145966 230659 12 21 48 20  0 2020-02-17 10:55:31
47 36      0 529977056  48044 3162256    0    0 572719 67564 141739 224692 12 20 51 18  0 2020-02-17 10:55:34
20 27      0 530047488  48044 3162272    0    0 582041 71240 140779 230724 12 20 49 19  0 2020-02-17 10:55:37
25 16      0 530043488  48044 3162488    0    0 578108 68721 150241 234175 12 23 43 22  0 2020-02-17 10:55:40
26 18      0 530046496  48044 3162480    0    0 582058 65945 144754 232698 12 20 48 20  0 2020-02-17 10:55:43
49 42      0 530036832  48044 3162808    0    0 592571 64656 149876 244413 13 23 41 23  0 2020-02-17 10:55:46
13 61      0 530043456  48044 3162636    0    0 570124 68749 144377 228586 11 20 49 20  0 2020-02-17 10:55:49
39 27      0 530042176  48044 3162768    0    0 581695 67212 146870 231482 12 21 46 20  0 2020-02-17 10:55:52
30 31      0 530044960  48044 3162744    0    0 587692 66904 150089 236696 13 22 43 22  0 2020-02-17 10:55:55
34 42      0 530047904  48044 3162756    0    0 540439 60203 141948 222996 12 20 49 20  0 2020-02-17 10:55:58
procs -----------memory---------- ---swap-- -----io---- -system-- ------cpu----- -----timestamp-----
 r  b   swpd   free   buff  cache   si   so    bi    bo   in   cs us sy id wa st                 CST
33 34      0 530042624  48044 3163120    0    0 559561 66610 143721 221499 11 20 49 20  0 2020-02-17 10:56:01
39 48      0 529976640  48044 3163128    0    0 587927 63992 144487 232674 12 21 45 22  0 2020-02-17 10:56:04
29  8      0 530035584  48044 3163204    0    0 575695 71103 148706 236558 12 22 42 23  0 2020-02-17 10:56:07
20 26      0 530038016  48044 3163828    0    0 590699 66557 146007 236837 12 23 43 22  0 2020-02-17 10:56:10
31 26      0 530040384  48044 3163868    0    0 574639 65715 147577 231944 12 20 45 23  0 2020-02-17 10:56:13
29 21      0 530044352  48044 3163768    0    0 577997 67425 146539 232313 12 21 46 20  0 2020-02-17 10:56:16
35 28      0 530042784  48044 3163740    0    0 581055 66517 141109 225155 12 20 50 18  0 2020-02-17 10:56:19
20 14      0 530043392  48044 3163852    0    0 567393 67995 145116 228940 12 21 46 20  0 2020-02-17 10:56:22
28 36      0 530041856  48044 3163840    0    0 587700 61343 151378 233794 13 23 43 21  0 2020-02-17 10:56:25
24 26      0 530046688  48044 3163640    0    0 572402 70915 142496 224198 12 20 50 19  0 2020-02-17 10:56:28
39 35      0 530044576  48044 3163892    0    0 586993 67810 149487 234240 12 22 45 20  0 2020-02-17 10:56:31
24 30      0 529970016  48044 3163912    0    0 583745 66076 145418 232004 13 21 46 20  0 2020-02-17 10:56:34
19 14      0 530043552  48044 3164100    0    0 586943 67364 150490 235802 12 22 44 21  0 2020-02-17 10:56:37
16 12      0 530041760  48044 3164296    0    0 559606 67919 145174 228421 12 21 48 19  0 2020-02-17 10:56:40
35 37      0 530043296  48044 3164220    0    0 575443 61453 152360 237655 12 22 45 21  0 2020-02-17 10:56:43
23 15      0 530037248  48044 3164232    0    0 568832 69572 148368 234127 13 22 43 23  0 2020-02-17 10:56:46
15 22      0 530040928  48044 3164256    0    0 560599 65878 147624 232540 11 21 47 21  0 2020-02-17 10:56:49
17 17      0 530040640  48044 3164380    0    0 561601 58272 145949 230254 12 22 45 21  0 2020-02-17 10:56:52
20 25      0 530044352  48044 3164388    0    0 578444 61578 149483 230184 12 21 45 22  0 2020-02-17 10:56:55
 9 14      0 530044288  48044 3164648    0    0 574972 77258 145805 232344 12 21 47 21  0 2020-02-17 10:56:58
19  8      0 530043904  48044 3164560    0    0 569089 67711 153704 240393 12 23 45 20  0 2020-02-17 10:57:01
procs -----------memory---------- ---swap-- -----io---- -system-- ------cpu----- -----timestamp-----
 r  b   swpd   free   buff  cache   si   so    bi    bo   in   cs us sy id wa st                 CST
 0  1      0 532382112  48072 3157196    0    0 141404 15309 54691 111722  5 11 79  5  0 2020-02-17 10:57:04
 0  0      0 532468032  48044 3157360    0    0 10141   765 3308 20422  0  1 99  0  0 2020-02-17 10:57:07
 1  0      0 532396576  48044 3157336    0    0  1819   412 8591 29123  2  1 97  0  0 2020-02-17 10:57:10
 1  0      0 532350688  48044 3157200    0    0  2826   343 10922 34398  2  1 97  0  0 2020-02-17 10:57:13
 1  0      0 532380544  48044 3157264    0    0  2911  1088 10948 35481  3  1 96  0  0 2020-02-17 10:57:16
 1  0      0 532487392  48044 3156872    0    0  1519   976 5165 22575  1  1 98  0  0 2020-02-17 10:57:19
 0  0      0 532486432  48044 3156948    0    0  2943   326 1431 15150  0  1 99  0  0 2020-02-17 10:57:22
 2  0      0 532393216  48044 3156972    0    0 10336   698 4413 21283  1  1 98  0  0 2020-02-17 10:57:25
 0  0      0 532473344  48044 3156944    0    0  1812   396 1783 15477  0  0 99  0  0 2020-02-17 10:57:28
 0  0      0 532470112  48044 3157044    0    0  4056   782 2652 16872  0  1 99  0  0 2020-02-17 10:57:31
 2  0      0 532428736  48044 3157148    0    0  2887   315 1319 14607  1  0 99  0  0 2020-02-17 10:57:34
 2  0      0 532457728  48044 3157200    0    0  8851   379 3983 20696  0  1 99  0  0 2020-02-17 10:57:37
 1  0      0 532462240  48044 3157476    0    0  2906   399 2052 15532  0  1 99  0  0 2020-02-17 10:57:40
 0  0      0 532464512  48044 3157536    0    0  3426  3402 2678 16447  1  0 99  0  0 2020-02-17 10:57:43
 0  0      0 532463136  48044 3157652    0    0  1527   645 1434 15451  1  0 99  0  0 2020-02-17 10:57:46
 0  0      0 532453664  48044 3157636    0    0 10299   611 3421 19974  0  1 99  0  0 2020-02-17 10:57:49
 0  0      0 532459232  48044 3157488    0    0  2916   328 1460 15317  0  1 99  0  0 2020-02-17 10:57:52
 0  1      0 532461632  48044 3157740    0    0  1508   513 1450 14944  1  0 99  0  0 2020-02-17 10:57:55
 0  0      0 532462592  48044 3157760    0    0  2842   305 1003 14418  0  0 100  0  0 2020-02-17 10:57:58
 0  0      0 532462816  48044 3157744    0    0  2929   371 1734 15730  0  1 99  0  0 2020-02-17 10:58:01
 3  0      0 532408384  48044 3157624    0    0 10627  3608 6620 23472  2  1 97  0  0 2020-02-17 10:58:04
