procs -----------memory---------- ---swap-- -----io---- -system-- ------cpu----- -----timestamp-----
 r  b   swpd   free   buff  cache   si   so    bi    bo   in   cs us sy id wa st                 CST
 3  0      0 531788896  48044 3558832    0    0  2668   199   72   69  2  5 86  6  0 2020-02-17 09:08:45
 2  0      0 531172864  48044 3558832    0    0   142   505 11069 29323  1  2 97  0  0 2020-02-17 09:08:48
 3  0      0 530260192  48044 3561516    0    0   577   643 5851 24803  2  2 96  0  0 2020-02-17 09:08:51
 1  0      0 529742176  48044 3563256    0    0   200   103 2970 20557  1  1 97  0  0 2020-02-17 09:08:54
 2  0      0 529740768  48044 3564436    0    0    84   339 1142 16206  0  0 99  0  0 2020-02-17 09:08:57
45 44      0 529269440  48044 3569408    0    0 358525  7750 89376 172811 16 20 49 15  0 2020-02-17 09:09:00
45 104      0 529227296  48044 3570760    0    0 629417 26330 137343 238153 16 30 13 41  0 2020-02-17 09:09:03
70 76      0 529228320  48044 3570836    0    0 636140 23239 133889 209925 13 28 12 47  0 2020-02-17 09:09:06
35 105      0 529226240  48044 3570980    0    0 604484 23148 130934 201426 12 24 20 43  0 2020-02-17 09:09:09
26 31      0 529226208  48044 3571028    0    0 633112 28367 131998 211183 13 26 17 44  0 2020-02-17 09:09:12
38 45      0 529213632  48044 3571896    0    0 637861 26032 124126 210612 13 25 20 42  0 2020-02-17 09:09:15
 3 122      0 529217664  48044 3572012    0    0 637736 26028 135362 215397 13 27 15 45  0 2020-02-17 09:09:18
56 105      0 529184896  48044 3572504    0    0 636173 23988 132698 212094 13 27 14 47  0 2020-02-17 09:09:21
 5 110      0 529194784  48044 3572700    0    0 628344 27065 136401 214691 14 28 12 46  0 2020-02-17 09:09:24
 2 147      0 529220800  35192 3574532    0    0 639167 25036 132050 211722 13 26 15 46  0 2020-02-17 09:09:27
 4 131      0 529205376  48044 3572524    0    0 631292 25757 135940 210866 13 28 13 47  0 2020-02-17 09:09:30
 3 135      0 529212096  48044 3572296    0    0 636932 25283 134557 210623 14 27 13 46  0 2020-02-17 09:09:33
 4 115      0 529207712  48044 3572228    0    0 636108 30855 133099 211089 14 27 13 47  0 2020-02-17 09:09:36
 3 116      0 529210016  48044 3572292    0    0 637579 27524 135445 208407 14 26 13 47  0 2020-02-17 09:09:39
 1 100      0 529053888  34676 3574532    0    0 635785 27978 133767 212386 14 27 15 44  0 2020-02-17 09:09:42
 7 117      0 529086336  48044 3572948    0    0 631690 27097 138572 220190 16 29 12 43  0 2020-02-17 09:09:45
procs -----------memory---------- ---swap-- -----io---- -system-- ------cpu----- -----timestamp-----
 r  b   swpd   free   buff  cache   si   so    bi    bo   in   cs us sy id wa st                 CST
10 126      0 529067296  48044 3573004    0    0 638383 25601 137416 222484 16 28 12 44  0 2020-02-17 09:09:48
 4 133      0 529047040  48044 3573120    0    0 636793 26198 134664 213518 15 27 13 45  0 2020-02-17 09:09:51
52 77      0 529021824  48044 3573144    0    0 639643 24011 133300 213541 15 27 14 44  0 2020-02-17 09:09:54
61 68      0 529169408  48044 3572860    0    0 636339 26972 137252 216402 15 27 14 44  0 2020-02-17 09:09:57
47 93      0 529170176  48044 3572788    0    0 636644 25745 134866 211029 13 26 13 47  0 2020-02-17 09:10:00
45 68      0 529154560  48044 3573016    0    0 630627 25163 134405 212712 14 28 13 46  0 2020-02-17 09:10:03
38 91      0 529158432  48044 3572836    0    0 637796 25634 134993 211478 13 27 15 45  0 2020-02-17 09:10:06
52 90      0 529160224  48044 3572824    0    0 640193 20450 138045 211539 13 26 13 48  0 2020-02-17 09:10:09
34 90      0 529158336  48044 3572988    0    0 632756 29380 132292 212719 14 26 15 45  0 2020-02-17 09:10:12
22 81      0 529150336  48044 3573704    0    0 630120 23286 133512 212026 13 27 15 45  0 2020-02-17 09:10:15
27 99      0 529159360  48044 3573580    0    0 636334 25574 131897 214312 13 26 16 45  0 2020-02-17 09:10:18
53 92      0 529135008  48044 3573488    0    0 640868 22739 132659 211126 13 26 13 47  0 2020-02-17 09:10:21
12 38      0 529161120  48044 3573528    0    0 628908 29760 131998 210768 13 26 17 43  0 2020-02-17 09:10:24
38 96      0 529162272  48044 3573556    0    0 637004 24758 133653 211688 13 26 15 46  0 2020-02-17 09:10:27
44 92      0 529160704  48044 3573544    0    0 640321 25099 136118 213116 13 26 15 46  0 2020-02-17 09:10:30
29 97      0 529151840  48044 3573572    0    0 632162 23561 133781 211612 14 27 14 45  0 2020-02-17 09:10:33
41 103      0 529156224  48044 3573784    0    0 638980 23820 135152 211853 14 28 12 47  0 2020-02-17 09:10:36
53 97      0 529160480  48044 3573776    0    0 641522 21356 135464 209514 14 27 12 47  0 2020-02-17 09:10:39
49 84      0 529161312  48044 3573676    0    0 636803 25193 133783 213439 13 26 16 45  0 2020-02-17 09:10:42
 3 118      0 529150464  48044 3573732    0    0 638796 22179 134062 209398 13 27 14 46  0 2020-02-17 09:10:45
55 74      0 529152256  48044 3573960    0    0 634817 31906 132828 211397 13 26 13 48  0 2020-02-17 09:10:48
procs -----------memory---------- ---swap-- -----io---- -system-- ------cpu----- -----timestamp-----
 r  b   swpd   free   buff  cache   si   so    bi    bo   in   cs us sy id wa st                 CST
 8 133      0 529134272  48044 3573984    0    0 638090 24386 135303 210532 13 26 15 46  0 2020-02-17 09:10:51
 3 128      0 529148096  48044 3574236    0    0 630846 22808 131567 211334 13 27 13 46  0 2020-02-17 09:10:54
 5 139      0 529155264  48044 3574536    0    0 638457 26025 131796 210910 13 26 14 47  0 2020-02-17 09:10:57
 1 124      0 529154272  48044 3574528    0    0 636311 26439 134042 209502 13 27 13 47  0 2020-02-17 09:11:00
 5 119      0 529162176  48044 3574700    0    0 636361 24436 133969 212871 14 26 14 46  0 2020-02-17 09:11:03
 4 134      0 529158624  48044 3574972    0    0 641037 21463 135971 211310 13 26 15 46  0 2020-02-17 09:11:06
 3 80      0 529155072  48044 3574988    0    0 633417 30134 136717 215469 13 26 15 46  0 2020-02-17 09:11:09
 4 155      0 529167648  30444 3573556    0    0 632267 22083 133296 211542 14 27 16 44  0 2020-02-17 09:11:12
 9 118      0 529138016  48044 3576364    0    0 629343 26572 134013 211683 13 27 14 46  0 2020-02-17 09:11:15
 9 105      0 529151136  48044 3576352    0    0 641620 22410 132861 209977 13 26 15 46  0 2020-02-17 09:11:18
50 90      0 529128960  48044 3576336    0    0 637010 22028 132783 209989 13 26 14 47  0 2020-02-17 09:11:21
43 80      0 529157728  48044 3576660    0    0 613452 28219 130808 205191 13 26 18 43  0 2020-02-17 09:11:24
51 77      0 529159712  48044 3576640    0    0 630809 27392 134621 210640 13 25 17 45  0 2020-02-17 09:11:27
27 103      0 529157920  48044 3576668    0    0 632152 24665 137685 211440 13 26 15 46  0 2020-02-17 09:11:30
41 74      0 529152480  48044 3576824    0    0 630246 24769 133846 210214 14 27 13 46  0 2020-02-17 09:11:33
50 56      0 529154880  48044 3577488    0    0 638625 25551 135233 208771 13 27 13 46  0 2020-02-17 09:11:36
58 86      0 529154112  48044 3577360    0    0 641465 19141 136732 211946 13 26 15 47  0 2020-02-17 09:11:39
10 91      0 529155808  48044 3577376    0    0 634399 29087 134452 211111 14 27 14 45  0 2020-02-17 09:11:42
37 88      0 529149696  48044 3577776    0    0 642439 21384 135725 208517 13 27 14 45  0 2020-02-17 09:11:45
28 53      0 529158176  48044 3577528    0    0 636865 23500 131884 210201 13 26 14 47  0 2020-02-17 09:11:48
53 91      0 529124928  48044 3577680    0    0 636172 28610 131944 209360 13 26 18 44  0 2020-02-17 09:11:51
procs -----------memory---------- ---swap-- -----io---- -system-- ------cpu----- -----timestamp-----
 r  b   swpd   free   buff  cache   si   so    bi    bo   in   cs us sy id wa st                 CST
36 86      0 529144704  48044 3578116    0    0 633461 20298 134780 210729 13 27 12 47  0 2020-02-17 09:11:54
35 90      0 529152256  48044 3578120    0    0 637585 24673 138511 209989 13 27 14 47  0 2020-02-17 09:11:57
36 94      0 529157312  48044 3578032    0    0 635815 28733 135855 211073 13 27 13 47  0 2020-02-17 09:12:00
45 71      0 529160672  48044 3578568    0    0 639808 23604 135947 210820 14 27 13 46  0 2020-02-17 09:12:03
35 93      0 529160576  48044 3578872    0    0 638367 25046 133657 208042 14 27 14 46  0 2020-02-17 09:12:06
38 87      0 529163360  48044 3578840    0    0 636780 25228 137117 211020 13 26 14 47  0 2020-02-17 09:12:09
62 93      0 529101696  27720 3582412    0    0 642691 20496 134585 209470 14 27 14 46  0 2020-02-17 09:12:12
 2 144      0 529148128  48044 3579856    0    0 632142 24125 134935 213238 13 27 14 46  0 2020-02-17 09:12:15
 3 135      0 529160288  48044 3579488    0    0 633244 30191 134511 210442 13 26 14 47  0 2020-02-17 09:12:18
10 96      0 529129216  48044 3579536    0    0 637497 24796 134390 209795 13 26 15 46  0 2020-02-17 09:12:21
 3 132      0 529162784  48044 3579740    0    0 585076 17349 128583 197329 13 25 20 42  0 2020-02-17 09:12:24
 6 126      0 529162112  48044 3579752    0    0 632673 30823 133189 208182 13 26 16 45  0 2020-02-17 09:12:27
 2 94      0 529161408  48044 3579704    0    0 639242 24165 129172 209222 13 26 15 47  0 2020-02-17 09:12:30
 2 107      0 529154144  48044 3579632    0    0 632608 20719 133573 210795 14 28 13 46  0 2020-02-17 09:12:33
 6 143      0 529156416  48044 3579624    0    0 640060 20466 135335 208291 13 27 14 46  0 2020-02-17 09:12:36
 4 124      0 529157504  48044 3579632    0    0 635612 29190 138015 211039 13 26 13 47  0 2020-02-17 09:12:39
 2 146      0 529162176  48044 3579632    0    0 637804 24940 136626 212390 14 27 14 45  0 2020-02-17 09:12:42
 2 121      0 529154560  48044 3579612    0    0 633623 28780 135861 210585 13 27 14 46  0 2020-02-17 09:12:45
40 114      0 529160544  48044 3579868    0    0 638276 25920 135820 211939 13 27 13 47  0 2020-02-17 09:12:48
50 74      0 529126848  48044 3579900    0    0 636910 26144 133518 210309 13 27 13 46  0 2020-02-17 09:12:51
41 75      0 529151168  48044 3580016    0    0 632187 21727 135680 209793 14 28 13 45  0 2020-02-17 09:12:54
procs -----------memory---------- ---swap-- -----io---- -system-- ------cpu----- -----timestamp-----
 r  b   swpd   free   buff  cache   si   so    bi    bo   in   cs us sy id wa st                 CST
53 100      0 529157600  48044 3579976    0    0 620847 20680 129990 205671 12 25 18 44  0 2020-02-17 09:12:57
25 109      0 529157504  48044 3579968    0    0 639779 23605 130575 210705 13 27 13 48  0 2020-02-17 09:13:00
24 101      0 529163104  48044 3579944    0    0 635604 27214 134066 210140 14 27 13 46  0 2020-02-17 09:13:03
54 72      0 529160704  48044 3580036    0    0 641681 21956 137191 210422 13 28 12 47  0 2020-02-17 09:13:06
55 73      0 529159232  48044 3580060    0    0 634981 30042 134408 210790 13 27 14 46  0 2020-02-17 09:13:09
45 84      0 529089472  29008 3579880    0    0 635154 25911 134305 211427 14 28 13 46  0 2020-02-17 09:13:12
37 97      0 529145888  48044 3580184    0    0 638064 18083 136344 209941 13 28 14 45  0 2020-02-17 09:13:15
51 84      0 529156320  48044 3580664    0    0 636614 27266 134006 211507 13 26 15 46  0 2020-02-17 09:13:18
51 69      0 529116832  48044 3580704    0    0 635873 26448 135929 211140 13 26 14 47  0 2020-02-17 09:13:21
50 83      0 529157824  48044 3580792    0    0 641354 22108 134744 209478 13 26 15 45  0 2020-02-17 09:13:24
70 98      0 529159072  48044 3580780    0    0 581150 22919 129733 198284 12 25 21 43  0 2020-02-17 09:13:27
50 74      0 529158624  48044 3580792    0    0 631876 30113 133485 210955 13 26 14 47  0 2020-02-17 09:13:30
26 76      0 529152864  48044 3580692    0    0 634232 19060 132125 211947 14 27 13 46  0 2020-02-17 09:13:33
41 107      0 529155840  48044 3580672    0    0 640824 24672 134609 209356 13 27 13 46  0 2020-02-17 09:13:36
43 69      0 529156192  48044 3580520    0    0 635228 26221 133772 210144 13 27 13 47  0 2020-02-17 09:13:39
40 100      0 529159008  48044 3580524    0    0 641196 22812 131299 211421 13 26 15 46  0 2020-02-17 09:13:42
60 85      0 529150592  48044 3580988    0    0 633613 29865 133699 212911 13 27 14 46  0 2020-02-17 09:13:45
 6 127      0 529156672  48044 3581028    0    0 637316 24449 136995 214217 13 27 13 47  0 2020-02-17 09:13:48
10 129      0 529121568  48044 3581028    0    0 638851 25373 136375 210925 14 28 12 47  0 2020-02-17 09:13:51
 3 116      0 529152160  48044 3581348    0    0 629599 25323 135355 216092 13 27 16 44  0 2020-02-17 09:13:54
 4 138      0 529154112  48044 3581480    0    0 635652 26239 134618 212963 13 27 14 47  0 2020-02-17 09:13:57
procs -----------memory---------- ---swap-- -----io---- -system-- ------cpu----- -----timestamp-----
 r  b   swpd   free   buff  cache   si   so    bi    bo   in   cs us sy id wa st                 CST
 2  0      0 531682816  48044 3573568    0    0 176421  7155 46450 96642  5 11 72 12  0 2020-02-17 09:14:00
 1  0      0 531694816  48044 3573932    0    0  1390  1199 2920 18028  1  1 98  0  0 2020-02-17 09:14:03
 0  0      0 531696160  48044 3573876    0    0   164   652 1505 15602  0  1 99  0  0 2020-02-17 09:14:06
 1  0      0 531701056  48044 3573804    0    0   522   938 1401 15542  0  0 100  0  0 2020-02-17 09:14:09
 1  0      0 531688704  48044 3573796    0    0  7499   303 3611 21899  1  1 98  0  0 2020-02-17 09:14:12
 2  0      0 531691264  48044 3574528    0    0   207   236 1446 15280  0  1 99  0  0 2020-02-17 09:14:15
 1  0      0 531701216  48044 3574284    0    0   111   468 1225 15941  0  0 100  0  0 2020-02-17 09:14:18
 3  0      0 531650208  48044 3574496    0    0    72   159 1212 15371  0  0 99  0  0 2020-02-17 09:14:21
 0  0      0 531703104  48044 3574484    0    0   169   408 1523 15781  0  0 99  0  0 2020-02-17 09:14:24
 1  0      0 531703840  48044 3574624    0    0   165   223 1189 15958  0  0 100  0  0 2020-02-17 09:14:27
 2  0      0 531692000  48044 3574676    0    0   263   339 1101 14845  0  0 100  0  0 2020-02-17 09:14:30
 1  0      0 531682240  48044 3574728    0    0  9111  3242 6397 25082  2  1 97  0  0 2020-02-17 09:14:33
 0  0      0 531688096  48044 3574680    0    0   471   485 1334 15418  0  1 99  0  0 2020-02-17 09:14:36
 0  0      0 531689600  48044 3574828    0    0    95   301 1267 15423  0  0 100  0  0 2020-02-17 09:14:39
 3  0      0 531573312  48044 3574856    0    0   116   363 4059 21272  1  1 98  0  0 2020-02-17 09:14:42
 8  0      0 531543936  48044 3575020    0    0   579   408 12804 37694  2  2 96  0  0 2020-02-17 09:14:45
 1  0      0 531569728  48044 3575040    0    0    52   462 7886 29322  2  1 97  0  0 2020-02-17 09:14:48
 3  0      0 531588960  48044 3575068    0    0   100   384 7803 28497  2  1 97  0  0 2020-02-17 09:14:51
 1  0      0 531685120  48044 3574612    0    0  7593  1094 4820 23521  1  1 98  0  0 2020-02-17 09:14:54
 0  0      0 531686272  48044 3574828    0    0   135   134 1347 16077  0  0 99  0  0 2020-02-17 09:14:57
 3  0      0 531681920  48044 3574836    0    0  1479  3732 3495 16917  1  0 99  0  0 2020-02-17 09:15:00
