procs -----------memory---------- ---swap-- -----io---- -system-- ------cpu----- -----timestamp-----
 r  b   swpd   free   buff  cache   si   so    bi    bo   in   cs us sy id wa st                 CST
 8 12      0 4036212  28468 6066900    0    0   610   356   50    8  6  7 79  8  0 2020-02-10 16:18:14
 5  0      0 3734380  37624 6068120    0    0  3947   357 4981 21518 25 15 56  4  0 2020-02-10 16:18:17
 6  0      0 3668008  37624 6068696    0    0   182   178 3076 15836 19  8 73  0  0 2020-02-10 16:18:20
 9 19      0 3799132  37624 6069000    0    0 35034  2790 24540 37580 26 36  5 33  0 2020-02-10 16:18:23
19 14      0 3744744  37652 6068972    0    0 39568  2900 28439 40567 20 38  4 38  0 2020-02-10 16:18:26
 6 19      0 3761632  37624 6069112    0    0 45151  2566 28640 42278 21 43  3 32  0 2020-02-10 16:18:29
 2 21      0 3767692  37624 6069132    0    0 38968  4104 29283 41463 17 37  4 43  0 2020-02-10 16:18:32
 9 15      0 3795112  37624 6069156    0    0 38951  2381 29372 41201 17 37  4 42  0 2020-02-10 16:18:35
11 19      0 3759296  33512 6069508    0    0 38311  4471 28579 40664 20 41  4 35  0 2020-02-10 16:18:38
12 15      0 3795832  37624 6069400    0    0 44664  2375 29736 44316 19 42  3 37  0 2020-02-10 16:18:41
10 15      0 3799500  37624 6069572    0    0 37225  6791 28846 40604 20 39  3 38  0 2020-02-10 16:18:44
 8 18      0 3782532  37624 6069512    0    0 39872  2357 29861 43282 20 39  4 37  0 2020-02-10 16:18:47
16 26      0 3756464  30460 6069800    0    0 41647  4733 29402 42720 20 43  4 33  0 2020-02-10 16:18:50
 6 16      0 3774936  37624 6069744    0    0 42712  5978 28663 41900 20 38  3 39  0 2020-02-10 16:18:53
11 16      0 3796732  37624 6069636    0    0 37107  8039 28104 39870 24 39  3 34  0 2020-02-10 16:18:56
10 16      0 3758148  37624 6069884    0    0 39644  2432 28036 40600 20 37  3 41  0 2020-02-10 16:18:59
 6 20      0 3765408  37624 6069908    0    0 39254  4917 28801 41857 16 35  4 45  0 2020-02-10 16:19:02
 8 19      0 3784868  37624 6069948    0    0 46106  2323 28870 44175 19 38  3 40  0 2020-02-10 16:19:05
 3 18      0 3796756  37624 6069972    0    0 37244  7271 27192 39506 20 37  4 40  0 2020-02-10 16:19:08
 6 10      0 3797148  37624 6070000    0    0 39824  2431 27883 41108 17 36  5 43  0 2020-02-10 16:19:11
 8 16      0 3750936  37652 6070200    0    0 39103  5407 27163 40123 19 37  4 40  0 2020-02-10 16:19:14
procs -----------memory---------- ---swap-- -----io---- -system-- ------cpu----- -----timestamp-----
 r  b   swpd   free   buff  cache   si   so    bi    bo   in   cs us sy id wa st                 CST
 4 19      0 3774484  37624 6070288    0    0 45816  2403 28479 43444 20 40  2 37  0 2020-02-10 16:19:17
 6 16      0 3796664  37624 6070344    0    0 38420  5477 27141 39377 20 37  3 39  0 2020-02-10 16:19:20
 6 18      0 3790840  37624 6070384    0    0 39499  3892 27788 40803 17 35  3 45  0 2020-02-10 16:19:23
 9 19      0 3740840  37652 6070368    0    0 34008 14746 26557 39018 18 35  5 43  0 2020-02-10 16:19:26
 7 17      0 3757480  37624 6070680    0    0 41480 11576 26904 41860 20 40  3 36  0 2020-02-10 16:19:29
 8 17      0 3760384  37624 6070704    0    0 35354 11983 27202 39915 16 34  4 46  0 2020-02-10 16:19:32
 9 15      0 3788864  37624 6070740    0    0 35598 11493 26823 39594 16 33  4 46  0 2020-02-10 16:19:35
 8 19      0 3761496  26308 6071152    0    0 31235 18089 25448 37973 18 35  4 43  0 2020-02-10 16:19:38
 5 14      0 3791892  37624 6070792    0    0 37652 13959 26410 41192 16 35  4 45  0 2020-02-10 16:19:41
 1 21      0 3793676  37624 6071020    0    0 31551 16023 25308 37408 18 33  4 45  0 2020-02-10 16:19:44
 4 19      0 3778552  37624 6070952    0    0 32232 13975 25548 38587 19 33  5 43  0 2020-02-10 16:19:47
12 29      0 3747820  33956 6070548    0    0 35475 18087 25813 39906 18 36  4 43  0 2020-02-10 16:19:50
 9 14      0 3789216  37624 6071064    0    0 34775 14274 25395 40068 15 32  4 50  0 2020-02-10 16:19:53
10 18      0 3801496  37624 6071224    0    0 31425 15715 25312 37916 19 34  4 42  0 2020-02-10 16:19:56
10 18      0 3764384  37624 6071336    0    0 32008 14531 25284 37477 19 36  3 41  0 2020-02-10 16:19:59
13 15      0 3761892  37624 6071384    0    0 30304 18731 25793 38582 15 32  4 49  0 2020-02-10 16:20:02
 8 18      0 3787756  37624 6071420    0    0 38012 14387 26442 41407 16 35  4 45  0 2020-02-10 16:20:05
 6 17      0 3800684  37624 6071452    0    0 30974 15877 24932 37567 17 35  4 44  0 2020-02-10 16:20:08
 2 21      0 3801148  37624 6071496    0    0 32011 15924 26002 38912 14 32  5 49  0 2020-02-10 16:20:11
 4 21      0 3753472  37652 6071688    0    0 30967 17791 25119 37587 17 33  4 45  0 2020-02-10 16:20:14
 3 18      0 3778468  37624 6071712    0    0 37017 15315 26335 41487 18 36  4 43  0 2020-02-10 16:20:17
procs -----------memory---------- ---swap-- -----io---- -system-- ------cpu----- -----timestamp-----
 r  b   swpd   free   buff  cache   si   so    bi    bo   in   cs us sy id wa st                 CST
 6 17      0 3802360  37624 6071716    0    0 31664 15012 25205 37748 18 34  5 43  0 2020-02-10 16:20:20
 5 18      0 3801584  37624 6071840    0    0 31869 14709 25608 38460 14 32  4 50  0 2020-02-10 16:20:23
 1 22      0 3756180  37652 6071840    0    0 33398 18486 25653 38044 17 33  4 46  0 2020-02-10 16:20:26
 4 21      0 3754568  37624 6071940    0    0 40146 14421 25921 40538 19 38  4 39  0 2020-02-10 16:20:29
 2 22      0 3760032  37624 6071996    0    0 34097 16131 25216 38480 14 31  4 50  0 2020-02-10 16:20:32
10 18      0 3791932  37624 6072028    0    0 32893 13480 25532 38268 15 31  5 49  0 2020-02-10 16:20:35
 8 21      0 3767224  23228 6072648    0    0 33135 17458 24994 38238 18 35  5 41  0 2020-02-10 16:20:38
 5 21      0 3792996  37624 6072224    0    0 39299 14833 26358 41461 16 35  5 45  0 2020-02-10 16:20:41
 2 21      0 3796212  37624 6072452    0    0 32908 14861 25023 37424 18 33  4 44  0 2020-02-10 16:20:44
 7 20      0 3778704  37624 6072404    0    0 34165 14392 24785 38230 17 33  5 45  0 2020-02-10 16:20:47
14 32      0 3751012  33784 6072284    0    0 37964 17684 25547 39424 18 37  4 41  0 2020-02-10 16:20:50
 3 21      0 3784200  37624 6072520    0    0 34296 14208 25416 39233 14 33  4 49  0 2020-02-10 16:20:53
 2 21      0 3796736  37624 6072556    0    0 33748 16144 25053 38242 17 33  5 45  0 2020-02-10 16:20:56
 8 18      0 3759408  37624 6072588    0    0 34169 14204 25130 37641 18 34  5 43  0 2020-02-10 16:20:59
17 15      0 3757160  37624 6072760    0    0 31316 17963 25510 38378 14 32  4 50  0 2020-02-10 16:21:02
22 15      0 3783984  37624 6072788    0    0 40440 14131 26480 41162 17 36  4 44  0 2020-02-10 16:21:05
12 16      0 3793952  37624 6072920    0    0 33714 15871 25138 37886 18 35  4 43  0 2020-02-10 16:21:08
 7 19      0 3793524  37624 6072956    0    0 33168 14021 25539 38711 14 32  4 49  0 2020-02-10 16:21:11
 4 21      0 3746256  37652 6073156    0    0 33090 18253 25472 37405 17 33  4 46  0 2020-02-10 16:21:14
 7 17      0 3768672  37624 6073148    0    0 40103 14143 26419 41098 17 36  3 43  0 2020-02-10 16:21:17
 8 18      0 3793336  37624 6073200    0    0 32353 16029 25110 37108 18 34  4 44  0 2020-02-10 16:21:20
procs -----------memory---------- ---swap-- -----io---- -system-- ------cpu----- -----timestamp-----
 r  b   swpd   free   buff  cache   si   so    bi    bo   in   cs us sy id wa st                 CST
 6 17      0 3784304  37624 6073324    0    0 34731 13597 25582 38665 15 32  5 49  0 2020-02-10 16:21:23
 5 21      0 3748904  37652 6073316    0    0 33597 17832 25902 38207 17 33  5 46  0 2020-02-10 16:21:26
 5 17      0 3752488  37624 6073436    0    0 38615 14220 25586 39904 18 37  3 41  0 2020-02-10 16:21:29
 4 19      0 3752848  37624 6073460    0    0 33573 16448 25127 38125 14 32  4 49  0 2020-02-10 16:21:32
13 19      0 3784732  37624 6073492    0    0 34831 13866 25578 38210 15 31  5 49  0 2020-02-10 16:21:35
10 18      0 3758052  25280 6073708    0    0 31757 17657 24825 37719 18 35  4 43  0 2020-02-10 16:21:38
 7 18      0 3786876  37624 6073616    0    0 39703 14078 26176 41021 16 35  4 45  0 2020-02-10 16:21:41
12 18      0 3788660  37624 6073828    0    0 34047 15930 25044 37358 18 32  4 46  0 2020-02-10 16:21:44
 6 18      0 3773176  37624 6073808    0    0 32992 13810 25655 38954 18 33  4 45  0 2020-02-10 16:21:47
19 26      0 3750240  31836 6073640    0    0 36983 17779 26144 39368 17 36  4 43  0 2020-02-10 16:21:50
 3 18      0 3776872  37624 6073980    0    0 36382 13810 25681 39277 16 32  4 48  0 2020-02-10 16:21:53
 5 18      0 3791316  37624 6073972    0    0 32375 16173 25153 38096 17 33  5 46  0 2020-02-10 16:21:56
10 15      0 3755788  37624 6074016    0    0 32449 14136 25019 37522 18 34  5 44  0 2020-02-10 16:21:59
 5 19      0 3754496  37624 6074200    0    0 30563 16799 25543 38659 14 31  4 51  0 2020-02-10 16:22:02
12 16      0 3777268  37624 6074244    0    0 40163 15014 26123 41012 17 35  3 45  0 2020-02-10 16:22:05
 6 18      0 3796232  37624 6074296    0    0 31117 14945 25047 37850 17 34  4 45  0 2020-02-10 16:22:08
 4 18      0 3795960  37624 6074332    0    0 31637 14794 25691 38789 15 32  4 50  0 2020-02-10 16:22:11
 3 21      0 3744052  37652 6074528    0    0 33348 17888 25967 39876 20 35  4 41  0 2020-02-10 16:22:14
 5 17      0 3765296  37624 6074568    0    0 37626 14060 25994 40672 18 36  3 44  0 2020-02-10 16:22:17
 8 18      0 3789976  37624 6074788    0    0 30897 15518 25382 37266 18 34  4 44  0 2020-02-10 16:22:20
 5 17      0 3780192  37624 6074788    0    0 34027 14442 25533 38644 14 31  4 51  0 2020-02-10 16:22:23
procs -----------memory---------- ---swap-- -----io---- -system-- ------cpu----- -----timestamp-----
 r  b   swpd   free   buff  cache   si   so    bi    bo   in   cs us sy id wa st                 CST
 1 23      0 3745736  37652 6074868    0    0 31305 17647 25488 37921 17 33  4 46  0 2020-02-10 16:22:26
 7 16      0 3742628  37624 6074908    0    0 37116 14363 25830 40339 19 37  4 40  0 2020-02-10 16:22:29
13 16      0 3753720  37624 6074940    0    0 34133 14797 25487 38521 14 31  5 49  0 2020-02-10 16:22:32
14 17      0 3783720  37624 6074952    0    0 31872 14392 25776 37949 15 32  4 49  0 2020-02-10 16:22:35
22 17      0 3754856  22204 6075192    0    0 30943 17539 25304 37742 18 35  4 43  0 2020-02-10 16:22:38
 3 19      0 3790104  37624 6075116    0    0 39248 13903 25830 40469 16 35  3 46  0 2020-02-10 16:22:41
 6 18      0 3791256  37624 6075352    0    0 31394 16034 25218 37519 18 33  3 45  0 2020-02-10 16:22:44
 4 19      0 3774912  37624 6075320    0    0 31309 14679 25606 38960 18 34  4 44  0 2020-02-10 16:22:47
22 22      0 3782084  37404 6075272    0    0 39794 16355 25869 40025 18 37  4 41  0 2020-02-10 16:22:50
16 18      0 3781412  37624 6075416    0    0 31814 14629 25300 38409 14 32  4 50  0 2020-02-10 16:22:53
 5 17      0 3795252  37624 6075448    0    0 30306 16485 24708 37234 17 32  4 47  0 2020-02-10 16:22:56
 6 17      0 3755972  37624 6075488    0    0 34592 13869 25443 37617 18 34  4 44  0 2020-02-10 16:22:59
 8 17      0 3749248  37652 6075508    0    0 30797 17402 25861 38939 14 32  4 50  0 2020-02-10 16:23:02
11 19      0 3776596  37624 6075568    0    0 37369 14624 25986 40501 16 35  4 46  0 2020-02-10 16:23:05
 3 17      0 3793216  37624 6075744    0    0 33564 15154 24901 37525 17 34  4 44  0 2020-02-10 16:23:08
 6 17      0 3695196  37624 6075784    0    0 31685 14651 25418 37741 20 34  3 43  0 2020-02-10 16:23:11
 5 22      0 3635128  37652 6076024    0    0 29234 18625 24362 36634 32 39  3 27  0 2020-02-10 16:23:14
 6 21      0 3631208  37624 6076084    0    0 40519 13063 24988 40386 32 42  2 24  0 2020-02-10 16:23:17
 7 19      0 3630264  37624 6076100    0    0 30785 17192 24782 36561 29 38  3 30  0 2020-02-10 16:23:20
12 16      0 3615728  37624 6076140    0    0 31443 15100 24735 37233 27 36  3 34  0 2020-02-10 16:23:23
 6 20      0 3576960  37652 6076132    0    0 32147 25381 24782 37163 28 36  4 32  0 2020-02-10 16:23:26
procs -----------memory---------- ---swap-- -----io---- -system-- ------cpu----- -----timestamp-----
 r  b   swpd   free   buff  cache   si   so    bi    bo   in   cs us sy id wa st                 CST
 7 18      0 3752308  37624 6076260    0    0 36184 20100 26640 40978 27 43  2 28  0 2020-02-10 16:23:29
 6 18      0 3757288  37624 6076356    0    0 29667 16519 25569 38853 14 32  4 49  0 2020-02-10 16:23:32
10 19      0 3783108  37624 6076392    0    0 30204 13538 25606 37475 14 29  5 53  0 2020-02-10 16:23:35
13 22      0 3762216  22204 6076580    0    0 29804 17905 25639 38314 17 34  3 45  0 2020-02-10 16:23:38
10 17      0 3788348  37624 6076480    0    0 36431 13805 26141 40659 16 33  3 49  0 2020-02-10 16:23:41
 8 15      0 3787732  37624 6076716    0    0 32561 16649 25443 37262 18 32  3 47  0 2020-02-10 16:23:44
 4 19      0 3772456  37624 6076696    0    0 31010 14385 25782 38955 18 33  3 45  0 2020-02-10 16:23:47
 8 30      0 3781820  36180 6076552    0    0 35414 18301 26019 40069 17 36  3 43  0 2020-02-10 16:23:50
15 13      0 3771848  37624 6076808    0    0 34727 14532 25652 38808 15 32  4 50  0 2020-02-10 16:23:53
 7 19      0 3786464  37624 6076840    0    0 31110 17551 25822 38385 17 33  3 47  0 2020-02-10 16:23:56
 7 21      0 3747404  37624 6077036    0    0 31045 15405 25726 37979 18 34  3 45  0 2020-02-10 16:23:59
 2 21      0 3744312  37624 6077072    0    0 32515 19851 25944 38721 14 33  4 50  0 2020-02-10 16:24:02
 6 21      0 3771208  37624 6077124    0    0 37811 14492 26377 41053 17 35  4 44  0 2020-02-10 16:24:05
 0 21      0 3785424  37624 6077204    0    0 30772 16801 25416 38252 18 34  3 45  0 2020-02-10 16:24:08
 3 21      0 3785644  37624 6077240    0    0 34304 15138 26084 38799 15 32  4 49  0 2020-02-10 16:24:11
 3 23      0 3738180  35564 6077780    0    0 30574 18073 25208 37888 17 33  4 45  0 2020-02-10 16:24:14
 6 21      0 3745296  37624 6077484    0    0 37710 14470 26223 40757 18 37  3 42  0 2020-02-10 16:24:17
10 21      0 3784776  37624 6077568    0    0 30799 17258 25286 37855 18 35  5 42  0 2020-02-10 16:24:20
 8 20      0 3771380  37624 6077604    0    0 34029 14728 25626 38088 14 31  4 51  0 2020-02-10 16:24:23
 1 22      0 3740868  37652 6077592    0    0 30755 20939 26034 38428 16 33  4 47  0 2020-02-10 16:24:26
 0 21      0 3778852  37624 6077800    0    0 37307 14273 26170 40582 19 38  4 38  0 2020-02-10 16:24:29
procs -----------memory---------- ---swap-- -----io---- -system-- ------cpu----- -----timestamp-----
 r  b   swpd   free   buff  cache   si   so    bi    bo   in   cs us sy id wa st                 CST
 5 19      0 3746392  37624 6077840    0    0 33299 19083 25655 38458 14 31  5 50  0 2020-02-10 16:24:32
14 20      0 3774976  37624 6077820    0    0 32459 17635 26069 38759 15 32  4 48  0 2020-02-10 16:24:35
36 24      0 3746940  22304 6077892    0    0 30039 21660 26206 39129 18 36  4 42  0 2020-02-10 16:24:38
10 15      0 3779140  37624 6077920    0    0 39765 15670 26258 40973 15 35  4 46  0 2020-02-10 16:24:41
 4 20      0 3780952  37624 6078148    0    0 31328 17330 25384 37659 18 33  4 45  0 2020-02-10 16:24:44
12 17      0 3763192  37624 6078112    0    0 32038 13374 26129 39136 19 34  4 43  0 2020-02-10 16:24:47
11 27      0 3775576  35312 6077400    0    0 38052 18834 25638 39701 18 37  4 41  0 2020-02-10 16:24:50
 3 23      0 3761852  37624 6078272    0    0 32566 15524 25842 39235 15 32  3 50  0 2020-02-10 16:24:53
13 17      0 3775688  37624 6078316    0    0 30697 16581 25864 38106 17 32  4 47  0 2020-02-10 16:24:56
 4 19      0 3751220  37624 6078336    0    0 34595 14523 25234 38084 18 34  4 45  0 2020-02-10 16:24:59
12 18      0 3737568  37624 6078388    0    0 30584 18129 25611 38347 14 32  4 50  0 2020-02-10 16:25:02
 5 20      0 3762312  37624 6078440    0    0 37859 15165 26648 41414 17 36  4 43  0 2020-02-10 16:25:05
 9 17      0 3779680  37624 6078460    0    0 33455 16509 25253 37930 18 35  4 44  0 2020-02-10 16:25:08
 4 21      0 3778964  37624 6078608    0    0 32068 15278 25990 38779 15 32  4 49  0 2020-02-10 16:25:11
 0 22      0 3731852  37652 6078804    0    0 30362 18506 25674 37881 17 33  4 46  0 2020-02-10 16:25:14
 9 20      0 3754024  37624 6078828    0    0 39983 13950 26152 41201 17 36  3 43  0 2020-02-10 16:25:17
 8 19      0 3780000  37624 6078996    0    0 31179 17149 25142 37379 17 34  4 44  0 2020-02-10 16:25:20
12 20      0 3763088  37624 6079036    0    0 31925 14431 25181 38330 15 31  4 50  0 2020-02-10 16:25:23
 2 22      0 3735028  37652 6079036    0    0 33157 18341 25278 38147 16 32  4 48  0 2020-02-10 16:25:26
 5 21      0 3734896  37624 6079056    0    0 37545 15712 26195 40214 19 37  3 40  0 2020-02-10 16:25:29
 8 18      0 3739884  37624 6079080    0    0 30880 16526 25440 37973 14 31  5 51  0 2020-02-10 16:25:32
procs -----------memory---------- ---swap-- -----io---- -system-- ------cpu----- -----timestamp-----
 r  b   swpd   free   buff  cache   si   so    bi    bo   in   cs us sy id wa st                 CST
11 17      0 3765188  37624 6079108    0    0 33635 13952 25746 37832 15 31  4 50  0 2020-02-10 16:25:35
 4 30      0 3737144  29492 6079520    0    0 32587 18629 26337 39555 18 36  3 43  0 2020-02-10 16:25:38
 2 19      0 3772932  37624 6079336    0    0 33823 15230 26132 39986 15 34  4 47  0 2020-02-10 16:25:41
 0 22      0 3774264  37624 6079552    0    0 33127 17035 25564 37888 18 32  5 45  0 2020-02-10 16:25:44
 6 19      0 3751584  37624 6079520    0    0 31163 16366 25860 38704 19 33  3 45  0 2020-02-10 16:25:47
 9 20      0 3771628  37448 6078980    0    0 36045 17706 26220 40719 17 37  3 43  0 2020-02-10 16:25:50
 7 16      0 3762608  37624 6079616    0    0 35695 16179 25960 39588 15 32  4 50  0 2020-02-10 16:25:53
 6 21      0 3784564  37624 6079664    0    0 31701 17545 25746 38647 17 33  5 46  0 2020-02-10 16:25:56
 2 21      0 3745260  37624 6079768    0    0 31795 16711 25245 37582 18 35  4 43  0 2020-02-10 16:25:59
 7 17      0 3740820  37652 6079848    0    0 32924 18170 25201 38143 14 32  4 50  0 2020-02-10 16:26:02
10 18      0 3765384  37624 6079880    0    0 37420 15958 26593 40607 16 35  3 46  0 2020-02-10 16:26:05
 1 21      0 3783700  37624 6079796    0    0 30756 17286 25285 37838 17 33  3 46  0 2020-02-10 16:26:08
 3 19      0 3784608  37624 6080000    0    0 34037 14844 25569 38432 14 32  4 50  0 2020-02-10 16:26:11
10 17      0 3743508  28436 6080696    0    0 31139 18157 25380 37479 17 34  3 46  0 2020-02-10 16:26:14
 9 19      0 3749228  37624 6080252    0    0 37029 14994 25860 40418 18 36  3 44  0 2020-02-10 16:26:17
 2 20      0 3785200  37624 6080320    0    0 33905 16608 25336 37579 16 34  5 45  0 2020-02-10 16:26:20
 7 18      0 3771160  37624 6080364    0    0 31875 14108 25202 38483 14 31  4 51  0 2020-02-10 16:26:23
 2 24      0 3744576  32484 6080732    0    0 30344 18605 25280 38273 16 32  4 48  0 2020-02-10 16:26:26
 6 20      0 3749804  37624 6080452    0    0 39803 14573 25777 40501 19 37  4 40  0 2020-02-10 16:26:29
 1 21      0 3746056  37624 6080492    0    0 31227 17310 25891 38981 14 31  4 51  0 2020-02-10 16:26:32
 5 19      0 3767952  37624 6080552    0    0 31472 14754 25573 38149 17 33  4 47  0 2020-02-10 16:26:35
procs -----------memory---------- ---swap-- -----io---- -system-- ------cpu----- -----timestamp-----
 r  b   swpd   free   buff  cache   si   so    bi    bo   in   cs us sy id wa st                 CST
17 26      0 3746032  22368 6080616    0    0 33504 17662 25514 38535 17 35  4 44  0 2020-02-10 16:26:38
 6 17      0 3776344  37624 6080684    0    0 38000 14061 26142 41257 16 34  4 46  0 2020-02-10 16:26:41
 2 20      0 3779260  37624 6080904    0    0 30332 17761 24824 37294 18 34  4 44  0 2020-02-10 16:26:44
18 16      0 3759644  37624 6080952    0    0 34835 13721 25360 38584 19 34  5 42  0 2020-02-10 16:26:47
 7 24      0 3773128  37256 6080536    0    0 35955 19059 26029 40259 17 37  3 43  0 2020-02-10 16:26:50
 3 22      0 3767040  37620 6079972    0    0 33349 14817 25177 38959 15 32  4 49  0 2020-02-10 16:26:53
 0 22      0 3783556  37624 6081080    0    0 33765 16046 25087 38039 16 32  5 47  0 2020-02-10 16:26:56
 1 21      0 3749904  37624 6081076    0    0 31965 14641 25260 37783 19 34  4 43  0 2020-02-10 16:26:59
 4 22      0 3745124  37652 6081104    0    0 30447 18549 25213 38626 13 31  4 51  0 2020-02-10 16:27:02
 2 21      0 3766680  37624 6081200    0    0 40447 15023 26543 40934 16 35  3 45  0 2020-02-10 16:27:05
 0 21      0 3788092  37624 6081196    0    0 30380 18060 25080 37655 16 34  4 45  0 2020-02-10 16:27:08
 2 22      0 3789352  37624 6081228    0    0 31555 15612 25803 38561 14 31  4 50  0 2020-02-10 16:27:11
16 24      0 3750436  22204 6082068    0    0 33442 18771 25380 37759 17 34  4 45  0 2020-02-10 16:27:14
 6 21      0 3760116  37624 6081592    0    0 37310 15099 26575 41065 18 36  3 43  0 2020-02-10 16:27:17
11 18      0 3792644  37624 6081632    0    0 30348 17652 25768 38886 18 35  4 43  0 2020-02-10 16:27:20
 4 20      0 3773072  37624 6081672    0    0 34651 15097 26420 40165 16 33  4 47  0 2020-02-10 16:27:23
13 18      0 3756888  23232 6081704    0    0 30845 19725 26096 38953 16 33  4 48  0 2020-02-10 16:27:26
 4 18      0 3782832  37624 6081780    0    0 36599 16212 26266 40207 19 37  3 41  0 2020-02-10 16:27:29
 9 14      0 3788084  37624 6081832    0    0 33795 16782 25402 38400 15 32  4 50  0 2020-02-10 16:27:32
 4 21      0 3772544  37624 6081860    0    0 31667 14696 25557 37947 15 32  4 50  0 2020-02-10 16:27:35
 9 25      0 3747200  29312 6081068    0    0 32335 19309 25761 39147 18 35  4 44  0 2020-02-10 16:27:38
procs -----------memory---------- ---swap-- -----io---- -system-- ------cpu----- -----timestamp-----
 r  b   swpd   free   buff  cache   si   so    bi    bo   in   cs us sy id wa st                 CST
 7 17      0 3780600  37624 6081960    0    0 37288 15377 26319 40275 15 33  4 48  0 2020-02-10 16:27:41
 8 15      0 3780564  37624 6082124    0    0 30982 17669 25309 37372 18 33  5 44  0 2020-02-10 16:27:44
26 18      0 3759380  37624 6082192    0    0 31429 15660 26414 39063 19 35  4 42  0 2020-02-10 16:27:47
15 25      0 3773140  36448 6081696    0    0 38445 19289 26395 40079 17 37  3 43  0 2020-02-10 16:27:50
 6 19      0 3763148  37624 6082324    0    0 31937 14458 26073 39265 15 32  3 50  0 2020-02-10 16:27:53
 5 18      0 3782964  37624 6082364    0    0 29743 16531 25793 38303 16 32  3 49  0 2020-02-10 16:27:56
10 14      0 3784340  37624 6082408    0    0 31592 14576 25196 37414 17 33  5 46  0 2020-02-10 16:27:59
 2 20      0 3738700  37652 6082416    0    0 30355 17694 25945 39181 13 31  4 51  0 2020-02-10 16:28:02
 7 19      0 3774420  37624 6082512    0    0 36229 14919 26303 40847 16 34  3 46  0 2020-02-10 16:28:05
 8 17      0 3794772  37624 6082556    0    0 30970 17071 25119 38057 17 33  4 46  0 2020-02-10 16:28:08
15 15      0 3695752  37624 6082600    0    0 30704 14604 25717 38112 20 33  4 43  0 2020-02-10 16:28:11
14 20      0 3649312  37652 6082656    0    0 29890 16530 24958 37246 32 39  3 27  0 2020-02-10 16:28:14
26 15      0 3624620  37624 6082968    0    0 37869 14560 25293 40178 32 41  2 25  0 2020-02-10 16:28:17
12 14      0 3624936  37624 6083020    0    0 28177 18942 24201 36085 30 39  3 28  0 2020-02-10 16:28:20
 2  0      0 4021224  37624 6082224    0    0  1580  1251 4471 17846 19  9 68  4  0 2020-02-10 16:28:23
 1 11      0 4158668  33192 6081776    0    0  6671  1956 4748 20132 14  8 68 10  0 2020-02-10 16:28:26
 1  0      0 4148640  37624 6082156    0    0  1861  4521 3799 15621  9  7 78  6  0 2020-02-10 16:28:29
 0  0      0 4152980  37624 6082172    0    0   256   616 1940 13511  5  3 91  1  0 2020-02-10 16:28:32
 1  0      0 4129144  37624 6082208    0    0   136  2140 2256 13620  5  4 91  0  0 2020-02-10 16:28:35
 1  0      0 4146520  37624 6081600    0    0  6813  1359 4260 18598  6  7 76 11  0 2020-02-10 16:28:38
 0  0      0 4150888  37624 6082312    0    0   129  1227 1866 13333  3  3 93  0  0 2020-02-10 16:28:41
procs -----------memory---------- ---swap-- -----io---- -system-- ------cpu----- -----timestamp-----
 r  b   swpd   free   buff  cache   si   so    bi    bo   in   cs us sy id wa st                 CST
 0  0      0 4148912  37624 6082360    0    0   135  1732 2007 13406  6  4 90  0  0 2020-02-10 16:28:44
 2  0      0 4149384  37624 6082480    0    0   148  1347 2413 14368  7  5 88  0  0 2020-02-10 16:28:47
 1  0      0 4146568  37624 6081392    0    0  6781   933 3741 17783  5  6 77 12  0 2020-02-10 16:28:50
 1  0      0 4124556  37624 6082668    0    0   289  1241 2026 13716  4  3 91  1  0 2020-02-10 16:28:53
 1  0      0 4133372  37624 6082716    0    0   441  2030 2345 13946  5  4 90  1  0 2020-02-10 16:28:56
 1  1      0 4126640  37624 6082796    0    0  1480  5460 5983 16829  9  8 79  4  0 2020-02-10 16:28:59
