procs -----------memory---------- ---swap-- -----io---- -system-- ------cpu----- -----timestamp-----
 r  b   swpd   free   buff  cache   si   so    bi    bo   in   cs us sy id wa st                 CST
 4  0      0 125575280  37624 3005880    0    0  1953  1641  434  129  3  7 80 10  0 2020-02-12 12:56:11
 3  0      0 124920280  37624 3005996    0    0  2916   760 5235 21551  3  4 93  0  0 2020-02-12 12:56:14
 3  0      0 124070000  37624 3007104    0    0  2834   668 4948 23539  3  4 93  0  0 2020-02-12 12:56:17
 1  0      0 123661536  37624 3012624    0    0  3086   744 3791 19828  4  3 92  0  0 2020-02-12 12:56:20
 0  0      0 123658976  37624 3013140    0    0  2939   777 1716 15449  1  1 98  0  0 2020-02-12 12:56:23
17 71      0 123031160  37624 3281556    0    0 205733 24045 64210 105224 15 25 34 26  0 2020-02-12 12:56:26
 9 32      0 122815808  37624 3282456    0    0 244626 55030 84318 123024 12 26 21 41  0 2020-02-12 12:56:29
11 22      0 123012240  37624 3282336    0    0 296122 73665 67861 112766  8 23 35 34  0 2020-02-12 12:56:32
 2  6      0 122996376  37624 3282232    0    0 275288 50449 55980 95061  7 17 49 27  0 2020-02-12 12:56:35
 5  4      0 122997024  37624 3282056    0    0 137555 103385 49512 81381  3 10 68 18  0 2020-02-12 12:56:38
12 18      0 122999752  37624 3282332    0    0 149669 140997 51344 84764  7 13 58 22  0 2020-02-12 12:56:41
20  7      0 122995992  37624 3282396    0    0 195618 117515 54240 85432  4 14 56 26  0 2020-02-12 12:56:44
11 20      0 123002872  37624 3282440    0    0 193795 176554 58747 89137  5 17 50 28  0 2020-02-12 12:56:47
11 14      0 122802160  36844 3279452    0    0 200064 198833 63783 98459 10 22 37 31  0 2020-02-12 12:56:50
 8 30      0 122995376  37624 3282352    0    0 213084 216188 66122 94206  7 21 41 31  0 2020-02-12 12:56:53
13 20      0 122999728  37624 3282348    0    0 158132 117876 57176 86332  4 14 56 25  0 2020-02-12 12:56:56
 7  6      0 122991888  37624 3282492    0    0 146927 106655 55265 85186  8 15 57 20  0 2020-02-12 12:56:59
 1 11      0 122995472  37624 3282372    0    0 93819 96386 43242 70250  2 10 70 18  0 2020-02-12 12:57:02
 5 15      0 122997568  37624 3282404    0    0 92284 83113 41353 67581  3  9 71 17  0 2020-02-12 12:57:05
 5  6      0 123004664  37624 3282348    0    0 87492 112099 45057 71862  3  9 71 17  0 2020-02-12 12:57:08
 4  1      0 122997672  37624 3282412    0    0 100932 92841 46888 77447  8 13 64 16  0 2020-02-12 12:57:11
procs -----------memory---------- ---swap-- -----io---- -system-- ------cpu----- -----timestamp-----
 r  b   swpd   free   buff  cache   si   so    bi    bo   in   cs us sy id wa st                 CST
 3 10      0 123005864  37624 3282452    0    0 102032 97107 42837 70130  3  9 70 18  0 2020-02-12 12:57:14
13  2      0 122994768  37624 3282436    0    0 120510 99361 44527 73723  3 11 71 15  0 2020-02-12 12:57:17
 2  4      0 122998360  37624 3282804    0    0 120775 120824 49612 80738  7 13 64 17  0 2020-02-12 12:57:20
 0  2      0 123005176  37624 3283292    0    0 95552 105429 45400 72825  3 10 71 16  0 2020-02-12 12:57:23
12 12      0 123023056  37624 3283260    0    0 106625 88692 42117 69470  3  9 69 19  0 2020-02-12 12:57:26
 3 16      0 122817552  37624 3284040    0    0 111977 97870 43844 69766  6 12 61 22  0 2020-02-12 12:57:29
 4  8      0 123016968  37624 3283804    0    0 147947 111507 48098 79693  4 12 61 23  0 2020-02-12 12:57:32
 5  3      0 123021408  37624 3283844    0    0 98483 87870 43254 70485  3 10 70 17  0 2020-02-12 12:57:35
 6 10      0 123039664  37624 3283860    0    0 73672 107962 41479 67110  2  9 72 17  0 2020-02-12 12:57:38
12 12      0 123040952  37624 3283836    0    0 85671 98379 42400 70162  5 10 72 13  0 2020-02-12 12:57:41
 1  3      0 123036568  37624 3283844    0    0 98731 96208 45334 74129  3 11 65 20  0 2020-02-12 12:57:44
 4  5      0 123038832  37624 3284128    0    0 95848 116222 46229 76359  3 10 72 15  0 2020-02-12 12:57:47
 5 11      0 123039504  37624 3284216    0    0 75910 93762 43511 68415  6 10 68 16  0 2020-02-12 12:57:50
 2 11      0 123039384  37624 3284144    0    0 67716 91522 42425 67516  3  9 73 16  0 2020-02-12 12:57:53
 4  5      0 123035216  37624 3284120    0    0 93644 93474 46818 72478  3 10 67 20  0 2020-02-12 12:57:56
11  7      0 122833232  37652 3284380    0    0 100300 105712 49885 77735  6 12 65 17  0 2020-02-12 12:57:59
 7  7      0 123031488  37624 3284444    0    0 116201 120626 53399 84071  4 13 59 23  0 2020-02-12 12:58:02
 3  5      0 123033952  37624 3284380    0    0 154551 114910 53807 86520  4 13 62 20  0 2020-02-12 12:58:05
 8 11      0 123034912  37624 3284540    0    0 154899 86703 46710 74453  3 11 63 23  0 2020-02-12 12:58:08
 7 11      0 123033392  37624 3284580    0    0 124543 122074 51035 84789  6 13 58 23  0 2020-02-12 12:58:11
 2  6      0 123031184  37624 3284572    0    0 137708 102060 45019 72320  3 11 63 23  0 2020-02-12 12:58:14
procs -----------memory---------- ---swap-- -----io---- -system-- ------cpu----- -----timestamp-----
 r  b   swpd   free   buff  cache   si   so    bi    bo   in   cs us sy id wa st                 CST
13 12      0 123025520  37624 3284688    0    0 145045 148284 52135 80414  4 13 61 21  0 2020-02-12 12:58:17
25 14      0 123019768  37604 3284060    0    0 168059 147524 60040 93778  8 18 51 23  0 2020-02-12 12:58:20
14 11      0 123024864  37624 3284600    0    0 165524 162454 61480 92516  5 16 55 23  0 2020-02-12 12:58:23
18 17      0 123028528  37624 3284784    0    0 160111 118500 53243 82688  4 13 62 21  0 2020-02-12 12:58:26
 1  6      0 123019168  37624 3285052    0    0 131004 101313 47313 79165  6 13 64 17  0 2020-02-12 12:58:29
 5 11      0 123022624  37624 3285244    0    0 82125 102653 42871 70850  3 10 73 15  0 2020-02-12 12:58:32
 5  7      0 123027648  37624 3285280    0    0 80122 110552 41267 69343  3  9 74 14  0 2020-02-12 12:58:35
 3  0      0 123027232  37624 3285304    0    0 98019 113153 43880 74596  3 10 69 19  0 2020-02-12 12:58:38
 8 21      0 123022000  37624 3285368    0    0 81779 103394 43813 76052  6 11 68 15  0 2020-02-12 12:58:41
 5  8      0 123025632  37624 3285404    0    0 77800 88579 41293 67057  2  9 70 18  0 2020-02-12 12:58:44
 3  2      0 123024528  37624 3285608    0    0 99024 100853 48415 77111  3 11 70 16  0 2020-02-12 12:58:47
 3  0      0 123028192  37624 3285596    0    0 98914 98262 42569 71537  6 11 68 15  0 2020-02-12 12:58:50
 7 24      0 123027344  37624 3285616    0    0 101117 92387 44066 71836  3 10 70 18  0 2020-02-12 12:58:53
 1  3      0 123024736  37624 3285652    0    0 120953 104798 49194 77805  3 11 67 19  0 2020-02-12 12:58:56
 7  2      0 122821584  37652 3285720    0    0 131099 99956 52151 80652  7 13 61 19  0 2020-02-12 12:58:59
15  8      0 123017696  37624 3286172    0    0 90171 115101 46036 78761  3 11 68 18  0 2020-02-12 12:59:02
 2  4      0 123024704  37624 3286312    0    0 130451 102165 45054 75769  4 11 69 16  0 2020-02-12 12:59:05
10  2      0 123024648  37624 3286328    0    0 104546 102694 41297 70215  3  9 74 14  0 2020-02-12 12:59:08
13  6      0 123024432  37624 3286284    0    0 88544 114398 47606 76169  6 11 65 18  0 2020-02-12 12:59:11
 8 27      0 123027344  37624 3286284    0    0 101297 108102 49555 77163  3 11 59 27  0 2020-02-12 12:59:14
 8 15      0 123029952  36888 3286228    0    0 64988 99262 41722 67963  2  9 73 16  0 2020-02-12 12:59:17
procs -----------memory---------- ---swap-- -----io---- -system-- ------cpu----- -----timestamp-----
 r  b   swpd   free   buff  cache   si   so    bi    bo   in   cs us sy id wa st                 CST
 9 12      0 123023408  37624 3285720    0    0 92352 112648 46056 75406  6 12 60 21  0 2020-02-12 12:59:20
11 15      0 123030416  37624 3286440    0    0 111767 110115 48861 78876  3 11 68 18  0 2020-02-12 12:59:23
 4  2      0 123033680  37624 3286456    0    0 106791 100272 43639 70874  3 10 69 18  0 2020-02-12 12:59:26
 6  6      0 123025192  37624 3286456    0    0 136495 128126 47677 77492  7 13 67 13  0 2020-02-12 12:59:29
 4 10      0 123029936  37624 3286864    0    0 96513 122295 46061 72235  3 11 65 21  0 2020-02-12 12:59:32
10  7      0 123028912  37624 3286884    0    0 109647 122393 52621 79292  4 13 57 27  0 2020-02-12 12:59:35
 4 14      0 123021072  37624 3286884    0    0 68584 116634 46417 67856  3 10 67 20  0 2020-02-12 12:59:38
 1  4      0 123015008  37624 3287048    0    0 84002 110895 50014 76432  6 13 58 23  0 2020-02-12 12:59:41
 5  9      0 123024040  37624 3287068    0    0 123815 105070 46486 76226  3 11 68 18  0 2020-02-12 12:59:44
 4  4      0 123025616  37624 3287084    0    0 172808 136491 59316 85102  5 16 54 25  0 2020-02-12 12:59:47
 8 17      0 123031088  37624 3287296    0    0 133858 94961 50867 79658  7 13 61 20  0 2020-02-12 12:59:50
 8 15      0 123030944  37624 3287436    0    0 134746 124524 51877 82654  4 13 59 24  0 2020-02-12 12:59:53
12 20      0 123032232  37624 3287468    0    0 145770 138218 54192 83550  4 14 59 24  0 2020-02-12 12:59:56
 4  3      0 122743584  37624 3287512    0    0 128346 104304 53387 78869  7 15 58 21  0 2020-02-12 12:59:59
13 14      0 122914304  37284 3289304    0    0 125543 122248 58053 93656  7 16 56 21  0 2020-02-12 13:00:02
17 10      0 122897840  37624 3289912    0    0 193969 108081 61930 97927  8 18 54 20  0 2020-02-12 13:00:05
 4  4      0 122913472  37624 3289980    0    0 119800 98653 49303 82523  7 13 60 21  0 2020-02-12 13:00:08
 9 11      0 122811200  37624 3290144    0    0 155015 130923 54399 88206 12 16 48 24  0 2020-02-12 13:00:12
 9 16      0 123018976  37624 3289996    0    0 121782 104171 49528 76767  6 13 59 22  0 2020-02-12 13:00:15
 5  6      0 123016592  37624 3290724    0    0 120784 117648 52382 81128  3 13 66 18  0 2020-02-12 13:00:18
 3 15      0 123017336  37444 3287748    0    0 103740 98188 48631 76903  7 13 57 23  0 2020-02-12 13:00:21
procs -----------memory---------- ---swap-- -----io---- -system-- ------cpu----- -----timestamp-----
 r  b   swpd   free   buff  cache   si   so    bi    bo   in   cs us sy id wa st                 CST
 9 16      0 123017392  37624 3290988    0    0 95943 100626 43971 71645  3 10 64 24  0 2020-02-12 13:00:24
 8 15      0 123023368  37624 3290980    0    0 96635 104629 46100 72132  3 11 61 25  0 2020-02-12 13:00:27
 1  7      0 123018144  37624 3290936    0    0 151238 101212 50607 77277  7 13 59 21  0 2020-02-12 13:00:30
 8 26      0 123025384  37624 3291376    0    0 103302 117497 48176 76411  3 10 68 19  0 2020-02-12 13:00:33
 4 18      0 123026120  37624 3291376    0    0 96050 107123 48944 73137  3 11 66 20  0 2020-02-12 13:00:36
22  7      0 123014904  37624 3291336    0    0 132953 112109 48686 77677  3 11 63 23  0 2020-02-12 13:00:39
 8  6      0 123017320  37624 3291396    0    0 110706 130573 52165 84571  7 14 57 22  0 2020-02-12 13:00:42
19 14      0 123025712  37624 3291376    0    0 82844 125684 49322 75488  3 11 67 20  0 2020-02-12 13:00:45
 7 29      0 123027584  37624 3291428    0    0 114948 96393 49640 75778  3 12 67 18  0 2020-02-12 13:00:48
 9 10      0 123026912  37624 3291460    0    0 152395 104061 51521 80961  7 13 56 23  0 2020-02-12 13:00:51
 4 10      0 123028520  37624 3291580    0    0 185161 131212 52944 83880  4 13 58 25  0 2020-02-12 13:00:54
 8 22      0 123027984  37624 3291892    0    0 177424 123743 56484 86243  4 15 54 27  0 2020-02-12 13:00:57
20 17      0 122824272  37624 3292068    0    0 196814 104800 64034 91317  9 18 47 26  0 2020-02-12 13:01:00
 9  7      0 123021432  37624 3292420    0    0 185170 96826 60509 93238  5 16 51 27  0 2020-02-12 13:01:03
 3 25      0 123027664  37624 3292608    0    0 192965 146533 60760 90124  5 17 47 30  0 2020-02-12 13:01:06
10  6      0 123009408  37624 3292632    0    0 146301 105106 50041 75612  4 12 61 23  0 2020-02-12 13:01:09
 3  0      0 123027552  37624 3292456    0    0 114572 122654 50954 75716  7 14 62 18  0 2020-02-12 13:01:12
21  8      0 123017952  37624 3292464    0    0 123459 119930 48196 73781  5 11 65 18  0 2020-02-12 13:01:15
12 13      0 123002072  37624 3292500    0    0 166936 110515 55966 84078  5 14 61 20  0 2020-02-12 13:01:18
 6 10      0 123006408  37624 3291836    0    0 141664 114517 54237 83805  7 14 55 23  0 2020-02-12 13:01:21
 5 13      0 122998112  37624 3292520    0    0 75379 107874 46390 70134  3 10 70 17  0 2020-02-12 13:01:24
procs -----------memory---------- ---swap-- -----io---- -system-- ------cpu----- -----timestamp-----
 r  b   swpd   free   buff  cache   si   so    bi    bo   in   cs us sy id wa st                 CST
 8 18      0 123004240  37624 3292556    0    0 172439 89982 50919 80682  4 12 60 24  0 2020-02-12 13:01:27
10 21      0 122996784  37624 3292608    0    0 142981 145136 56986 86284  7 15 53 24  0 2020-02-12 13:01:30
 3 17      0 123008000  37624 3292824    0    0 148883 107089 52525 79354  4 12 61 23  0 2020-02-12 13:01:33
 6 10      0 122982616  37624 3293084    0    0 115822 112630 52896 79966  5 12 61 22  0 2020-02-12 13:01:36
24 13      0 122973104  37624 3293088    0    0 124096 107184 53982 79350  4 12 60 24  0 2020-02-12 13:01:39
 5  9      0 122986320  37624 3293092    0    0 146887 115731 59606 90829  7 16 52 25  0 2020-02-12 13:01:42
19 16      0 122977632  37624 3293192    0    0 135172 133301 55051 81280  4 13 62 21  0 2020-02-12 13:01:45
 6  5      0 122983104  37624 3293228    0    0 107956 93065 50125 76647  3 11 69 16  0 2020-02-12 13:01:48
 8 11      0 122984112  37624 3293252    0    0 126962 97563 48578 76292  7 12 61 20  0 2020-02-12 13:01:51
 5  3      0 122988928  37624 3293316    0    0 149346 115867 54888 80836  4 13 59 23  0 2020-02-12 13:01:54
 9 17      0 122990592  37624 3293504    0    0 121992 117476 51597 78959  3 11 64 22  0 2020-02-12 13:01:57
11  4      0 122791016  37624 3293532    0    0 108092 114512 50029 75658  6 13 65 16  0 2020-02-12 13:02:00
 7 19      0 122989504  37624 3294188    0    0 114819 126845 50537 80834  4 12 63 21  0 2020-02-12 13:02:03
16 20      0 122994336  37624 3294152    0    0 178971 117227 56745 86579  4 14 55 26  0 2020-02-12 13:02:06
13 25      0 122969472  37624 3294180    0    0 224559 130462 60971 93874  5 16 49 30  0 2020-02-12 13:02:09
 3  5      0 123002192  37624 3294248    0    0 116576 104025 53591 77389  7 14 59 20  0 2020-02-12 13:02:12
13 10      0 122999328  37624 3294316    0    0 107065 118452 52693 76691  3 12 63 22  0 2020-02-12 13:02:15
 4  6      0 122997496  37624 3294404    0    0 117713 97428 51358 78166  3 11 66 19  0 2020-02-12 13:02:18
19 16      0 122992064  37624 3294584    0    0 128663 118180 49144 79855  7 13 61 20  0 2020-02-12 13:02:21
 3 19      0 122992888  37624 3294980    0    0 94833 102357 46622 71387  3 10 71 16  0 2020-02-12 13:02:24
 9 13      0 122996976  37624 3294968    0    0 131636 119623 49358 77183  3 11 65 20  0 2020-02-12 13:02:27
procs -----------memory---------- ---swap-- -----io---- -system-- ------cpu----- -----timestamp-----
 r  b   swpd   free   buff  cache   si   so    bi    bo   in   cs us sy id wa st                 CST
 4  0      0 122993016  37624 3294972    0    0 136016 86984 43777 73332  6 11 68 14  0 2020-02-12 13:02:30
12 13      0 122998176  37624 3295352    0    0 96164 112103 45388 75626  2  9 71 17  0 2020-02-12 13:02:33
 5  4      0 123000096  37624 3295432    0    0 113747 116579 48994 76365  3 11 63 23  0 2020-02-12 13:02:36
 5  6      0 122961600  37624 3295368    0    0 78457 111195 46243 67684  3  9 74 14  0 2020-02-12 13:02:39
 2  2      0 122992384  37624 3295624    0    0 137304 106339 51176 82575  6 13 63 18  0 2020-02-12 13:02:42
 3 11      0 122999368  37624 3295568    0    0 112513 111565 47360 74815  3 10 67 20  0 2020-02-12 13:02:45
10 16      0 123001848  37624 3295524    0    0 158838 108449 57108 86486  4 14 62 21  0 2020-02-12 13:02:48
 7 14      0 122992872  37624 3295528    0    0 233139 118079 60655 91544 10 19 47 24  0 2020-02-12 13:02:51
15 15      0 122994152  37624 3295620    0    0 148766 97760 59472 85140  4 14 58 24  0 2020-02-12 13:02:54
 6 36      0 122992592  37624 3295756    0    0 102904 94780 50424 77334  3 10 65 22  0 2020-02-12 13:02:57
 8 18      0 122788864  30188 3293484    0    0 125635 136041 56236 81693  7 15 55 24  0 2020-02-12 13:03:00
 0  0      0 122977680  37624 3296312    0    0 98448 130742 43030 71382  3 10 75 12  0 2020-02-12 13:03:03
 3  4      0 122986496  37624 3296296    0    0 46326 79018 37966 60412  2  8 81  9  0 2020-02-12 13:03:06
 5  4      0 122951560  37624 3296316    0    0 82692 109775 46598 70779  3 10 68 19  0 2020-02-12 13:03:09
 9 12      0 122990864  37624 3296352    0    0 92208 96273 44018 71136  5 10 73 12  0 2020-02-12 13:03:12
 6  8      0 122992480  37624 3296356    0    0 157914 103388 48363 78839  3 10 65 21  0 2020-02-12 13:03:15
 1  9      0 122984720  37624 3296396    0    0 116227 99887 46130 72156  3 10 65 22  0 2020-02-12 13:03:18
 5  7      0 122997984  37624 3296636    0    0 107956 131924 55269 82121  7 14 60 19  0 2020-02-12 13:03:21
 5  2      0 123002096  37624 3296776    0    0 140396 94602 52186 80652  3 12 67 18  0 2020-02-12 13:03:24
 6  6      0 123003744  37624 3296812    0    0 93007 113723 45945 70743  3 10 68 19  0 2020-02-12 13:03:27
 5 12      0 123000400  37624 3296756    0    0 93725 111418 46682 71890  6 11 66 17  0 2020-02-12 13:03:30
procs -----------memory---------- ---swap-- -----io---- -system-- ------cpu----- -----timestamp-----
 r  b   swpd   free   buff  cache   si   so    bi    bo   in   cs us sy id wa st                 CST
 5  8      0 123007536  37624 3297004    0    0 108717 103859 46649 73361  3 10 68 19  0 2020-02-12 13:03:33
 4  7      0 123006656  37624 3297052    0    0 129550 107501 48077 74206  3 11 62 23  0 2020-02-12 13:03:36
 9  6      0 122964008  37624 3297028    0    0 68728 120329 43331 68431  3  9 73 15  0 2020-02-12 13:03:39
 6 11      0 123000760  37624 3297080    0    0 100724 120552 48107 78309  6 12 66 16  0 2020-02-12 13:03:42
 2  2      0 123004696  37624 3297120    0    0 146564 108462 49132 76161  3 11 66 19  0 2020-02-12 13:03:45
 8  4      0 123003696  37624 3297508    0    0 104276 113907 47324 79584  3 10 74 13  0 2020-02-12 13:03:48
 2  1      0 123001472  37624 3297416    0    0 95119 138885 50501 77056  6 12 66 15  0 2020-02-12 13:03:51
 9  6      0 123006048  37624 3297420    0    0 158803 97830 55795 85206  4 13 62 21  0 2020-02-12 13:03:54
 4  5      0 123005440  37624 3297448    0    0 87431 107505 49076 75126  3 10 64 23  0 2020-02-12 13:03:57
 5  6      0 122802928  37624 3297484    0    0 109968 123879 53817 79845  6 13 58 22  0 2020-02-12 13:04:00
 2 29      0 122999264  37624 3297896    0    0 148646 141924 62245 93176  4 16 57 23  0 2020-02-12 13:04:03
 7  7      0 123004304  37624 3298008    0    0 216891 94464 61542 91541  5 16 57 22  0 2020-02-12 13:04:06
13  3      0 122957584  37624 3297992    0    0 163854 131297 55567 82995  5 14 62 19  0 2020-02-12 13:04:09
 4  7      0 123006784  37624 3298168    0    0 149277 98022 54577 83263  7 14 63 16  0 2020-02-12 13:04:12
 3 10      0 123007824  37624 3298188    0    0 140050 107347 46905 76358  3 10 70 17  0 2020-02-12 13:04:15
 1  0      0 122995952  37624 3298212    0    0 78752 131062 43313 69451  2  9 74 15  0 2020-02-12 13:04:18
 5 15      0 122984616  37624 3298288    0    0 77963 99049 48326 74949  6 12 65 17  0 2020-02-12 13:04:21
13  2      0 123021456  37624 3297712    0    0 106291 94895 49631 73017  3 11 68 18  0 2020-02-12 13:04:24
 7 10      0 123031664  37624 3298448    0    0 69735 106101 48133 73551  3 10 69 18  0 2020-02-12 13:04:27
12  8      0 123027568  37624 3298548    0    0 129191 117509 53475 82037  7 14 60 19  0 2020-02-12 13:04:30
 2  1      0 123032736  37624 3298856    0    0 174987 126811 62020 91151  5 16 53 26  0 2020-02-12 13:04:33
procs -----------memory---------- ---swap-- -----io---- -system-- ------cpu----- -----timestamp-----
 r  b   swpd   free   buff  cache   si   so    bi    bo   in   cs us sy id wa st                 CST
 7 16      0 123032672  37624 3298868    0    0 135106 81002 51154 75824  4 12 69 15  0 2020-02-12 13:04:36
13 10      0 122981176  37624 3298860    0    0 116023 122757 50944 76307  4 12 63 21  0 2020-02-12 13:04:39
 3  9      0 123037168  37624 3298920    0    0 135822 99810 54446 84561  7 14 61 19  0 2020-02-12 13:04:42
15 12      0 123039904  37624 3298932    0    0 109373 106282 47708 73476  3 10 69 18  0 2020-02-12 13:04:45
 4  9      0 123039536  37624 3298960    0    0 127823 107846 54310 82815  3 12 57 27  0 2020-02-12 13:04:48
 8  4      0 123040096  37624 3299220    0    0 168160 137370 58199 85970  8 16 50 26  0 2020-02-12 13:04:51
 7  5      0 123036104  37624 3299484    0    0 159007 122626 62897 87818  5 16 55 24  0 2020-02-12 13:04:54
 3  6      0 123032288  37624 3299516    0    0 237988 132104 59510 89677  5 17 54 24  0 2020-02-12 13:04:57
17  7      0 122702904  22280 3301352    0    0 194479 97196 60703 91932 10 17 49 24  0 2020-02-12 13:05:00
14 21      0 122753872  37624 3302576    0    0 148695 105102 66537 103507 14 21 42 23  0 2020-02-12 13:05:03
 8 19      0 122915464  37624 3302748    0    0 115393 128101 56291 85150  8 16 57 20  0 2020-02-12 13:05:06
18  5      0 122758280  37624 3302756    0    0 178578 150795 64557 101076  9 19 50 22  0 2020-02-12 13:05:09
22 21      0 122901200  37624 3302716    0    0 218252 110528 63104 95425 11 19 47 23  0 2020-02-12 13:05:12
 6 15      0 123030584  37624 3302600    0    0 135416 109122 52361 82692  6 13 61 19  0 2020-02-12 13:05:15
 9  9      0 123032240  35424 3300936    0    0 123507 102303 44151 70806  3 11 67 19  0 2020-02-12 13:05:18
 9  4      0 122841944  37624 3301996    0    0 95056 105340 44676 72695  6 11 64 19  0 2020-02-12 13:05:21
 4  2      0 123043488  37624 3302924    0    0 80567 98562 42366 65062  3  9 69 18  0 2020-02-12 13:05:24
 9  9      0 123047552  37624 3303064    0    0 99435 104543 44617 69534  3 10 67 19  0 2020-02-12 13:05:27
14  9      0 123042128  37624 3303084    0    0 102100 102407 45324 73639  6 11 70 12  0 2020-02-12 13:05:30
 5  7      0 123050880  37624 3303376    0    0 137796 125425 48800 79980  3 11 68 18  0 2020-02-12 13:05:33
11  8      0 123046440  37624 3303644    0    0 144889 112453 50800 81099  4 12 62 23  0 2020-02-12 13:05:36
procs -----------memory---------- ---swap-- -----io---- -system-- ------cpu----- -----timestamp-----
 r  b   swpd   free   buff  cache   si   so    bi    bo   in   cs us sy id wa st                 CST
19  6      0 122987184  37624 3303656    0    0 206454 153110 66255 99513  5 17 53 25  0 2020-02-12 13:05:39
 7 24      0 123033712  37624 3303860    0    0 178021 105249 59820 92686  8 17 54 21  0 2020-02-12 13:05:42
12 32      0 123039104  37624 3303824    0    0 103026 118485 46499 73100  3 11 67 20  0 2020-02-12 13:05:45
 5 12      0 123040336  37624 3303824    0    0 93335 106370 45390 68499  3 11 66 20  0 2020-02-12 13:05:48
 8 11      0 123044808  37624 3304064    0    0 123313 102307 45332 73643  7 11 64 18  0 2020-02-12 13:05:51
10  9      0 123032016  35724 3301312    0    0 155694 121004 49038 79630  4 12 63 21  0 2020-02-12 13:05:54
 5  7      0 123038656  37624 3304572    0    0 105769 103549 47605 73027  5 11 64 20  0 2020-02-12 13:05:57
 9 20      0 123036880  37624 3304604    0    0 49068 92810 39923 61659  5  9 73 13  0 2020-02-12 13:06:00
 6  6      0 123040128  37624 3304800    0    0 88160 108603 47419 72394  3 10 69 18  0 2020-02-12 13:06:03
 2  6      0 123038800  37624 3304840    0    0 58573 100561 41586 61853  2  9 74 15  0 2020-02-12 13:06:06
 5  4      0 122979888  37624 3304872    0    0 87459 119376 48044 77396  3 10 67 19  0 2020-02-12 13:06:09
 1 12      0 123032120  37624 3304104    0    0 137967 134421 54068 85610  6 15 54 25  0 2020-02-12 13:06:12
12 34      0 123040752  37624 3305028    0    0 187591 119169 60581 89928  5 16 50 29  0 2020-02-12 13:06:15
 6 19      0 123026080  37624 3305020    0    0 186050 114452 68453 94154  6 18 51 25  0 2020-02-12 13:06:18
 0  5      0 123030688  37624 3305044    0    0 172695 113187 55601 87491 10 16 53 21  0 2020-02-12 13:06:21
 5 26      0 123041328  37624 3305072    0    0 223718 139248 60372 89499  5 17 53 25  0 2020-02-12 13:06:24
 1  0      0 125206880  37624 3298248    0    0 54387 103755 50241 83802  7 19 62 13  0 2020-02-12 13:06:27
 9  2      0 125073664  36228 3296132    0    0 10948  1416 3793 20107  3  2 93  1  0 2020-02-12 13:06:30
 0  0      0 125274816  37624 3297712    0    0  3338 21190 5054 17538  1  2 97  0  0 2020-02-12 13:06:33
 0  0      0 125280504  37624 3297464    0    0  2888  1132 1920 15057  1  1 98  0  0 2020-02-12 13:06:36
 6  3      0 125211632  35128 3296220    0    0  4080  2082 2356 15679  1  1 97  0  0 2020-02-12 13:06:39
procs -----------memory---------- ---swap-- -----io---- -system-- ------cpu----- -----timestamp-----
 r  b   swpd   free   buff  cache   si   so    bi    bo   in   cs us sy id wa st                 CST
 0  0      0 125287792  37624 3296940    0    0  3796  1202 2270 16322  2  1 96  1  0 2020-02-12 13:06:42
 2  0      0 125291248  37624 3296920    0    0  2947  1264 2020 14711  1  1 98  0  0 2020-02-12 13:06:45
 0  0      0 125292616  37624 3296956    0    0  2856   894 1670 14994  1  1 99  0  0 2020-02-12 13:06:48
 1  0      0 125286544  37624 3296908    0    0  9991  1001 3865 20625  3  2 93  2  0 2020-02-12 13:06:51
 0  0      0 125291016  37624 3296952    0    0  2887  1231 2161 15108  1  1 98  0  0 2020-02-12 13:06:54
 1  0      0 125292032  37624 3296972    0    0  2877  1307 1593 15248  0  1 99  0  0 2020-02-12 13:06:57
 4  0      0 125287384  37624 3296880    0    0  2995   773 1898 15178  3  2 95  0  0 2020-02-12 13:07:00
 2  1      0 125289384  37652 3297200    0    0  3480  1199 2157 16017  1  1 98  0  0 2020-02-12 13:07:03
 0  0      0 125284576  37624 3297548    0    0  9395  2008 4731 20929  1  2 96  1  0 2020-02-12 13:07:06
 8  0      0 125202256  37624 3297568    0    0  2904  1138 1705 14657  1  1 97  0  0 2020-02-12 13:07:09
 0  0      0 125287592  37624 3297752    0    0  2947  1073 1923 15623  2  1 96  0  0 2020-02-12 13:07:12
 2  0      0 125288560  37624 3297772    0    0  2891   974 1756 14349  1  1 98  0  0 2020-02-12 13:07:15
 1  0      0 125279208  37624 3297804    0    0  2879   732 1564 14931  1  1 98  0  0 2020-02-12 13:07:18
 2  0      0 125276384  37624 3297612    0    0 10011   796 3745 20580  3  2 93  2  0 2020-02-12 13:07:21
 3  0      0 125282792  37624 3297812    0    0  2871  1006 1825 14706  1  1 98  0  0 2020-02-12 13:07:24
 0  0      0 125284080  37624 3297840    0    0  2895  1023 1605 14851  0  1 99  0  0 2020-02-12 13:07:27
 4  0      0 125280064  37624 3297904    0    0  2979  1031 1933 15208  3  2 95  0  0 2020-02-12 13:07:30
 0  0      0 125286296  37624 3298096    0    0  2831  1036 1757 15047  1  1 99  0  0 2020-02-12 13:07:33
 0  0      0 125285648  37624 3298260    0    0  2971  1272 1881 15119  1  1 98  0  0 2020-02-12 13:07:36
 5  0      0 125195152  37624 3298288    0    0  2857  1209 1735 14621  1  1 98  0  0 2020-02-12 13:07:39
 3  0      0 125279568  37624 3298328    0    0  7211   825 3614 20543  2  2 94  2  0 2020-02-12 13:07:42
procs -----------memory---------- ---swap-- -----io---- -system-- ------cpu----- -----timestamp-----
 r  b   swpd   free   buff  cache   si   so    bi    bo   in   cs us sy id wa st                 CST
 4  1      0 125284696  37624 3298360    0    0  2871   522 1554 14256  1  1 98  0  0 2020-02-12 13:07:45
 3  0      0 125286064  37624 3298396    0    0  2915   715 1670 14990  1  1 99  0  0 2020-02-12 13:07:48
 0  0      0 125285664  37624 3298412    0    0  2931   905 1880 15517  3  2 95  0  0 2020-02-12 13:07:51
 0  0      0 125286448  37624 3298448    0    0  2891  1505 2232 14988  1  1 98  0  0 2020-02-12 13:07:54
 1  0      0 125287248  37624 3298492    0    0  2931   859 1623 14893  1  1 99  0  0 2020-02-12 13:07:57
 4  3      0 125080832  36684 3296028    0    0  9774   488 3442 19613  3  2 94  1  0 2020-02-12 13:08:00
 0  0      0 125279256  37624 3298744    0    0  3250  1006 2310 16330  1  1 97  0  0 2020-02-12 13:08:03
 0  0      0 125284136  37624 3298944    0    0  2944  1452 2739 15976  1  1 98  0  0 2020-02-12 13:08:06
 6  0      0 125187248  37624 3298988    0    0  2856   571 1442 14256  1  1 97  0  0 2020-02-12 13:08:09
 1  1      0 125284408  37624 3299040    0    0  2931   991 1853 15563  2  1 97  0  0 2020-02-12 13:08:12
 3  0      0 125285616  37624 3299056    0    0  2950  1013 1847 14568  0  1 98  0  0 2020-02-12 13:08:15
 1  0      0 125285472  37624 3299220    0    0  2836  1123 1960 15493  1  1 99  0  0 2020-02-12 13:08:18
 1  1      0 125273464  37624 3298868    0    0 10134  1710 4568 21473  3  2 93  2  0 2020-02-12 13:08:21
 2  0      0 125277560  37624 3299320    0    0  2935  1373 1918 14744  0  1 99  0  0 2020-02-12 13:08:24
 0  0      0 125276912  37624 3299368    0    0  2847  1434 1752 15062  1  1 98  0  0 2020-02-12 13:08:27
 3  0      0 125272400  37624 3299404    0    0  2968  1010 2121 15425  3  2 95  0  0 2020-02-12 13:08:30
 0  0      0 125277816  37624 3299672    0    0  2886  1206 1908 15289  1  1 99  0  0 2020-02-12 13:08:33
 1  0      0 125280952  37624 3299648    0    0  2897  1658 2450 15681  1  1 98  0  0 2020-02-12 13:08:36
 5  0      0 125183504  37624 3299688    0    0  2836  1239 1882 14660  1  1 97  0  0 2020-02-12 13:08:39
 0  0      0 125273632  37624 3299724    0    0 10015  1571 4279 21305  2  2 94  1  0 2020-02-12 13:08:42
 3  0      0 125277936  37624 3299760    0    0  2897   841 1615 14449  1  1 98  0  0 2020-02-12 13:08:45
procs -----------memory---------- ---swap-- -----io---- -system-- ------cpu----- -----timestamp-----
 r  b   swpd   free   buff  cache   si   so    bi    bo   in   cs us sy id wa st                 CST
 0  0      0 125277008  37624 3299784    0    0  2870   880 1711 14945  1  1 99  0  0 2020-02-12 13:08:48
 0  0      0 125277584  37624 3299960    0    0  3021   644 1642 15281  3  2 95  0  0 2020-02-12 13:08:51
 0  0      0 125277816  37624 3299980    0    0  2891  1789 2368 15216  0  1 98  0  0 2020-02-12 13:08:54
 0  0      0 125278808  37624 3300024    0    0  2872   768 1495 14693  0  1 99  0  0 2020-02-12 13:08:57
 3  3      0 125262336  36996 3299392    0    0  9832  1257 4078 20388  3  2 93  1  0 2020-02-12 13:09:00
 1  0      0 125272320  37624 3300224    0    0  3031   848 1852 15409  0  1 98  0  0 2020-02-12 13:09:03
 1  0      0 125278352  37624 3300512    0    0  2896   513 1675 14943  1  1 98  0  0 2020-02-12 13:09:06
 8  0      0 125172016  37624 3300528    0    0  3212   828 2636 16490  2  1 97  0  0 2020-02-12 13:09:09
 1  0      0 125274056  37624 3300820    0    0  2951   960 2452 16780  2  2 96  0  0 2020-02-12 13:09:12
 1  0      0 125270000  37624 3301260    0    0  2891   951 1851 14661  1  1 98  0  0 2020-02-12 13:09:15
 1  0      0 125261168  37624 3301724    0    0  5423  5482 4956 18043  2  2 96  0  0 2020-02-12 13:09:18
 1  0      0 125247152  37624 3301752    0    0 11427  2729 9390 26031  4  3 91  2  0 2020-02-12 13:09:21
 0  0      0 125247568  37624 3301808    0    0  8485  2909 3811 16751  1  1 97  0  0 2020-02-12 13:09:24
