procs -----------memory---------- ---swap-- -----io---- -system-- ------cpu----- -----timestamp-----
 r  b   swpd   free   buff  cache   si   so    bi    bo   in   cs us sy id wa st                 CST
 7  2      0 214186752  37652 5754180    0    0   288  4143   14   17  1  2 96  1  0 2020-02-15 17:53:25
 2  0      0 213642960  37624 5754384    0    0  7118   230 7334 28942  2  3 94  1  0 2020-02-15 17:53:28
 1  0      0 212885136  37624 5755524    0    0    41   334 4406 22565  2  3 95  0  0 2020-02-15 17:53:31
 1  0      0 212499696  37624 5755752    0    0    63   260 3028 20016  1  1 98  0  0 2020-02-15 17:53:34
 1  0      0 212488576  37624 5756696    0    0   188   237 2687 19055  2  1 97  0  0 2020-02-15 17:53:37
 8  0      0 212203808  37624 5757296    0    0   189 80724 42149 48194  5  6 89  0  0 2020-02-15 17:53:40
19  0      0 212147936  37624 5757720    0    0  2277 59878 46709 74286  5  8 87  0  0 2020-02-15 17:53:43
14  5      0 212114144  37624 5759596    0    0 26947 29741 56031 200757 10 11 77  2  0 2020-02-15 17:53:46
16  4      0 212103616  37624 5761868    0    0 144526 93516 65190 103397 10 12 75  3  0 2020-02-15 17:53:49
 8  0      0 212099760  37624 5761992    0    0 153065 127222 62716 77384  2  9 85  4  0 2020-02-15 17:53:52
12  1      0 211946800  37624 5761616    0    0 188168 78583 52973 67900  4  9 83  5  0 2020-02-15 17:53:55
23  5      0 212102256  37624 5762152    0    0 211501 59926 51658 67253  3  8 87  2  0 2020-02-15 17:53:58
 6  1      0 212104496  37624 5762448    0    0 344745 45552 57365 73958  3  8 88  2  0 2020-02-15 17:54:01
15  7      0 212109600  37624 5762456    0    0 330551 42480 56983 74206  3  8 87  2  0 2020-02-15 17:54:04
10  0      0 212091664  37624 5770712    0    0 333649 46633 61725 84472  5 12 77  6  0 2020-02-15 17:54:07
12  1      0 212069440  37624 5771236    0    0 215538 58527 56268 69020  3  9 86  3  0 2020-02-15 17:54:10
 2  0      0 212076512  37624 5771160    0    0 130000 52127 45490 54489  2  6 91  1  0 2020-02-15 17:54:13
10  3      0 212076912  37624 5771108    0    0 225920 78808 53226 68366  4 10 82  4  0 2020-02-15 17:54:16
21  2      0 212078256  37624 5770940    0    0 241721 73690 54235 67567  3  9 87  2  0 2020-02-15 17:54:19
 2  0      0 212077120  37624 5771180    0    0 233902 59576 51175 65379  3  8 87  2  0 2020-02-15 17:54:22
 9  0      0 211900048  37624 5771204    0    0 178163 58729 52415 61071  3  8 88  1  0 2020-02-15 17:54:25
procs -----------memory---------- ---swap-- -----io---- -system-- ------cpu----- -----timestamp-----
 r  b   swpd   free   buff  cache   si   so    bi    bo   in   cs us sy id wa st                 CST
 6  1      0 212068192  37624 5771308    0    0 240631 54378 54243 70921  3  8 86  3  0 2020-02-15 17:54:28
 8  4      0 212076512  37624 5771400    0    0 378705 66431 65527 83596  3  9 85  2  0 2020-02-15 17:54:31
 9  4      0 212072000  37624 5771444    0    0 243809 59879 54769 68767  2  7 89  2  0 2020-02-15 17:54:34
 0  0      0 212075408  37624 5771468    0    0 304993 63236 63739 83179  5 11 81  3  0 2020-02-15 17:54:37
 7  0      0 212075120  37624 5771908    0    0 252765 77125 61363 73550  3  9 85  3  0 2020-02-15 17:54:40
17  2      0 212076064  37624 5771796    0    0 322752 82650 67078 82718  3 10 84  3  0 2020-02-15 17:54:43
27 12      0 212065600  37624 5771200    0    0 224019 57591 55236 70876  4  8 86  3  0 2020-02-15 17:54:46
18  2      0 212071872  37624 5771988    0    0 313487 55858 59145 73225  3  9 86  2  0 2020-02-15 17:54:49
 4  1      0 212073200  37624 5771984    0    0 279079 52340 58145 72923  3  9 85  3  0 2020-02-15 17:54:52
11  0      0 211950336  37624 5772004    0    0 274699 65792 61438 73056  4  9 84  2  0 2020-02-15 17:54:55
13  5      0 212080528  37624 5771996    0    0 228579 73708 57955 73961  3  9 85  3  0 2020-02-15 17:54:58
 1  0      0 212077568  37624 5772020    0    0 286839 74837 63228 78336  3 11 83  4  0 2020-02-15 17:55:01
 2  0      0 212077648  37624 5772060    0    0 223388 64715 54688 67881  2  8 86  3  0 2020-02-15 17:55:04
 8  3      0 212064368  37624 5772532    0    0 385561 74426 69899 93248  6 14 73  7  0 2020-02-15 17:55:07
 3  0      0 212048128  37624 5772972    0    0 265052 59379 59897 73798  3  9 86  3  0 2020-02-15 17:55:10
 4  0      0 212060048  37624 5772832    0    0 258648 56855 56031 70561  3  9 86  3  0 2020-02-15 17:55:13
17  1      0 212064688  37624 5772868    0    0 186067 61342 54239 63817  3  7 88  1  0 2020-02-15 17:55:16
 9  0      0 212060864  37624 5772876    0    0 261409 53208 54638 68679  3  9 86  3  0 2020-02-15 17:55:19
 0  0      0 212061264  37624 5773100    0    0 338283 58217 60546 78103  3 11 81  4  0 2020-02-15 17:55:22
 9  1      0 211876352  37652 5773132    0    0 289511 55719 57277 72081  4 10 83  3  0 2020-02-15 17:55:25
18 42      0 212053888  37624 5773240    0    0 328584 73733 64972 84949  4 11 81  4  0 2020-02-15 17:55:28
procs -----------memory---------- ---swap-- -----io---- -system-- ------cpu----- -----timestamp-----
 r  b   swpd   free   buff  cache   si   so    bi    bo   in   cs us sy id wa st                 CST
28 16      0 212090176  37624 5773220    0    0 284116 63572 55877 74243  3 10 83  4  0 2020-02-15 17:55:31
17  6      0 212092928  37624 5773208    0    0 292441 76287 61623 77815  3  9 86  3  0 2020-02-15 17:55:34
 7  1      0 212092544  37624 5773228    0    0 209215 53267 51586 66444  4  8 86  2  0 2020-02-15 17:55:37
 3  1      0 212089792  37624 5773652    0    0 263909 70692 57882 71817  3  9 87  2  0 2020-02-15 17:55:40
 3  0      0 212095104  37624 5773472    0    0 323392 60012 62817 78286  3  9 85  3  0 2020-02-15 17:55:43
 3  0      0 212091264  37624 5772672    0    0 282280 63348 59320 78268  4 10 82  4  0 2020-02-15 17:55:46
 5  0      0 212093488  37624 5773592    0    0 211748 53618 49876 62860  2  8 88  2  0 2020-02-15 17:55:49
 0  0      0 212096592  37624 5773620    0    0 259761 62506 56537 70549  2  8 88  2  0 2020-02-15 17:55:52
12  2      0 211962736  37624 5773648    0    0 255227 61680 58529 71496  4  9 85  2  0 2020-02-15 17:55:55
 8  1      0 212074112  37624 5773580    0    0 287645 73685 63946 79783  4 10 83  3  0 2020-02-15 17:55:58
 0  0      0 212072656  37624 5773624    0    0 305047 65210 61619 78962  3  9 85  3  0 2020-02-15 17:56:01
 1  0      0 212070000  37624 5773692    0    0 310468 72798 61966 77089  3 10 85  3  0 2020-02-15 17:56:04
 9  1      0 212064864  37624 5773944    0    0 261988 61505 59712 76581  4 10 83  3  0 2020-02-15 17:56:07
 5  1      0 212050592  37624 5774376    0    0 336927 60742 64140 78206  3 10 85  3  0 2020-02-15 17:56:10
 6  0      0 212064448  37624 5774568    0    0 315960 62056 62263 76508  3 10 85  3  0 2020-02-15 17:56:13
 8  0      0 212068864  37624 5774556    0    0 323677 78840 68136 83775  5 11 81  4  0 2020-02-15 17:56:16
 9  0      0 212065632  37624 5774520    0    0 186573 69689 55725 67275  2  8 87  4  0 2020-02-15 17:56:19
 0  0      0 212066880  37624 5774548    0    0 264064 67821 59163 72577  2  8 87  2  0 2020-02-15 17:56:22
19  5      0 211888800  37652 5774520    0    0 256684 56215 55625 69429  4  8 86  2  0 2020-02-15 17:56:25
17  4      0 212065968  37624 5774996    0    0 333272 73736 64526 85136  4 12 79  5  0 2020-02-15 17:56:28
 3  0      0 212064896  37624 5774996    0    0 312815 63011 62855 77991  3 10 85  3  0 2020-02-15 17:56:31
procs -----------memory---------- ---swap-- -----io---- -system-- ------cpu----- -----timestamp-----
 r  b   swpd   free   buff  cache   si   so    bi    bo   in   cs us sy id wa st                 CST
 0  0      0 212066784  37624 5775012    0    0 215332 54224 50455 62354  2  7 88  2  0 2020-02-15 17:56:34
 2  0      0 212069184  37624 5775064    0    0 217871 47896 52742 65336  4  9 84  3  0 2020-02-15 17:56:37
 9  0      0 212061680  37624 5775500    0    0 314469 67246 63182 79394  3  9 85  3  0 2020-02-15 17:56:40
15  4      0 212066768  37624 5775372    0    0 285786 70752 58485 75085  3  8 87  3  0 2020-02-15 17:56:43
 4  0      0 212061472  37624 5774624    0    0 281718 73084 60924 79501  4 10 81  5  0 2020-02-15 17:56:46
 4  0      0 212062624  37624 5775516    0    0 148921 51487 49283 57663  2  7 90  2  0 2020-02-15 17:56:49
 1  0      0 212066240  37624 5775564    0    0 260271 58833 57510 70570  2  8 86  3  0 2020-02-15 17:56:52
24  0      0 211915872  37624 5775600    0    0 291045 53786 55731 70290  4  9 85  2  0 2020-02-15 17:56:55
 7  0      0 212066304  37624 5775492    0    0 337832 62062 64265 79738  3  9 85  2  0 2020-02-15 17:56:58
18 10      0 212067040  37624 5775532    0    0 242897 55465 58206 69078  2  8 87  2  0 2020-02-15 17:57:01
 1  0      0 212067696  37624 5775572    0    0 214412 62061 52176 64663  2  7 88  2  0 2020-02-15 17:57:04
 3  0      0 212060560  37624 5775668    0    0 215628 62537 58862 73872  4 10 83  3  0 2020-02-15 17:57:07
11  1      0 211970656  37624 5776140    0    0 286372 84712 65394 84430  4 11 81  3  0 2020-02-15 17:57:10
11  6      0 211952352  37624 5776336    0    0 227923 50997 52911 75711  4  8 85  2  0 2020-02-15 17:57:13
15  3      0 211882512  37624 5775684    0    0 205813 53725 54455 74681  5  9 83  3  0 2020-02-15 17:57:16
 3  0      0 211851264  37624 5776524    0    0 284015 55513 59343 80013  4  9 84  2  0 2020-02-15 17:57:19
15  4      0 212074336  37624 5776312    0    0 314224 47407 59230 79941  4  9 85  2  0 2020-02-15 17:57:22
11  1      0 211879824  37652 5776528    0    0 234476 53016 51223 67100  4  8 87  2  0 2020-02-15 17:57:25
 8  4      0 212061008  37624 5776676    0    0 205312 56355 52955 70059  3  8 85  4  0 2020-02-15 17:57:28
 8  6      0 212063616  37624 5776852    0    0 221724 67699 54294 69887  2  7 88  2  0 2020-02-15 17:57:31
31  5      0 212063904  37624 5776900    0    0 268130 78037 61004 78908  3  9 86  3  0 2020-02-15 17:57:34
procs -----------memory---------- ---swap-- -----io---- -system-- ------cpu----- -----timestamp-----
 r  b   swpd   free   buff  cache   si   so    bi    bo   in   cs us sy id wa st                 CST
 8  1      0 212068464  37624 5777208    0    0 353244 67110 66329 88269  5 12 79  4  0 2020-02-15 17:57:37
 3  0      0 212063760  37624 5777628    0    0 243632 54542 55615 68312  2  8 87  2  0 2020-02-15 17:57:40
11  3      0 212069344  37624 5777528    0    0 374704 64860 59892 80964  3 10 84  3  0 2020-02-15 17:57:43
 8  9      0 212058592  37624 5775984    0    0 304829 67887 62896 78908  4 10 81  4  0 2020-02-15 17:57:46
 8  0      0 212059216  37624 5777840    0    0 267287 68561 59007 71504  2  9 87  2  0 2020-02-15 17:57:49
16  4      0 212064592  37624 5777876    0    0 275905 67828 57584 72040  3  8 87  2  0 2020-02-15 17:57:52
30  4      0 211915072  37624 5777892    0    0 284384 70266 59033 73503  4  9 85  2  0 2020-02-15 17:57:55
16 12      0 212061760  37624 5777972    0    0 233398 59879 52597 68432  3  8 87  2  0 2020-02-15 17:57:58
15 10      0 212062224  37624 5777976    0    0 319927 69837 60919 76734  3 10 85  3  0 2020-02-15 17:58:01
23  3      0 212062256  37624 5778044    0    0 270044 63795 55886 71267  2  8 87  2  0 2020-02-15 17:58:04
 8  5      0 212050976  37624 5778216    0    0 332458 51360 60436 80222  4 10 82  4  0 2020-02-15 17:58:07
21  5      0 212057440  37624 5778632    0    0 321324 59115 55619 73376  3  9 85  3  0 2020-02-15 17:58:10
13  8      0 212062224  37624 5778400    0    0 288192 73251 60733 78042  3  9 86  3  0 2020-02-15 17:58:13
 2  0      0 212062496  37624 5778768    0    0 278973 76532 62749 77281  4 10 83  3  0 2020-02-15 17:58:16
14 37      0 212060960  37624 5779204    0    0 308767 59637 59011 74614  3 10 84  3  0 2020-02-15 17:58:19
 0  0      0 212060752  37624 5779196    0    0 216202 48969 45924 61737  2  8 87  4  0 2020-02-15 17:58:22
11  4      0 211864736  37652 5779192    0    0 287977 61216 57892 75345  4 10 82  4  0 2020-02-15 17:58:25
17  5      0 212050528  37624 5779584    0    0 242817 52899 50707 70216  3 10 81  6  0 2020-02-15 17:58:28
21  8      0 212057280  37624 5779460    0    0 291421 59788 56600 74294  3  9 84  4  0 2020-02-15 17:58:31
 8  0      0 212059104  37624 5779464    0    0 244940 72984 58135 73600  2  9 85  4  0 2020-02-15 17:58:34
17  4      0 212055648  37624 5779760    0    0 338940 65943 61310 82184  5 10 81  4  0 2020-02-15 17:58:37
procs -----------memory---------- ---swap-- -----io---- -system-- ------cpu----- -----timestamp-----
 r  b   swpd   free   buff  cache   si   so    bi    bo   in   cs us sy id wa st                 CST
 7  0      0 214185024  37624 5774916    0    0 301599 41459 52207 86022  4 10 83  3  0 2020-02-15 17:58:40
 1  0      0 214298400  37624 5774208    0    0    61  1997 2944 19156  1  1 99  0  0 2020-02-15 17:58:43
 0  0      0 214301312  37624 5773956    0    0  7157   504 4017 21316  2  1 96  1  0 2020-02-15 17:58:46
 1  0      0 214304800  37624 5774120    0    0   108   321 1431 15472  0  1 99  0  0 2020-02-15 17:58:49
 4  0      0 214282656  37624 5774116    0    0   180  1018 1854 16542  1  0 99  0  0 2020-02-15 17:58:52
 3  0      0 214279600  37624 5774164    0    0   435  1736 3156 17232  3  1 96  0  0 2020-02-15 17:58:55
 0  1      0 214282848  37624 5774052    0    0   363  1104 2562 17285  2  1 98  0  0 2020-02-15 17:58:58
 0  0      0 214284240  37624 5774084    0    0    41   362 1201 15371  0  0 99  0  0 2020-02-15 17:59:01
 0  0      0 214285072  37624 5774144    0    0    76   201 1410 15706  0  0 99  0  0 2020-02-15 17:59:04
 1  0      0 214278384  37624 5774088    0    0  7209   242 4285 22342  2  1 96  1  0 2020-02-15 17:59:07
 3  0      0 214276288  37624 5774440    0    0   124   325 1641 15672  0  1 99  0  0 2020-02-15 17:59:10
 1  0      0 214282416  37624 5774356    0    0    67   225 1224 15834  0  0 99  0  0 2020-02-15 17:59:13
 1  0      0 214284160  37624 5774356    0    0   157   402 1617 16046  1  1 98  0  0 2020-02-15 17:59:16
 0  0      0 214283216  37624 5774336    0    0   100   399 1498 15461  0  1 99  0  0 2020-02-15 17:59:19
 3  0      0 214282816  37624 5774616    0    0    56   262 1424 15948  0  0 99  0  0 2020-02-15 17:59:22
 6 15      0 214095136  23428 5773804    0    0  1320   354 2124 16832  1  1 98  0  0 2020-02-15 17:59:25
 0  0      0 214277216  37624 5774692    0    0  5945   425 3430 20302  1  1 97  1  0 2020-02-15 17:59:28
 1  0      0 214283776  37624 5774752    0    0    47   618 1584 15925  0  0 99  0  0 2020-02-15 17:59:31
 0  0      0 214283440  37624 5774776    0    0    57   385 1401 15361  0  0 99  0  0 2020-02-15 17:59:34
 0  0      0 214286784  37624 5774868    0    0   172   349 2816 18692  2  1 97  0  0 2020-02-15 17:59:37
 1  0      0 214281328  37624 5775224    0    0   107   388 1358 15079  0  1 99  0  0 2020-02-15 17:59:40
procs -----------memory---------- ---swap-- -----io---- -system-- ------cpu----- -----timestamp-----
 r  b   swpd   free   buff  cache   si   so    bi    bo   in   cs us sy id wa st                 CST
 1  0      0 214285536  37624 5775148    0    0    88   391 1367 15921  0  0 99  0  0 2020-02-15 17:59:43
 1  0      0 214272560  37624 5775312    0    0  7152   481 4238 21570  2  1 96  1  0 2020-02-15 17:59:46
 0  0      0 214275360  37624 5775336    0    0    92   342 1371 15325  0  1 99  0  0 2020-02-15 17:59:49
 0  0      0 214278256  37624 5775392    0    0   111  3410 1723 16170  0  0 99  0  0 2020-02-15 17:59:52
 1  0      0 214278576  37624 5775416    0    0   389  1048 2607 16462  3  1 96  0  0 2020-02-15 17:59:55
 1  0      0 214285024  37624 5774556    0    0  2376   847 2923 18363  2  1 97  1  0 2020-02-15 17:59:58
 1  0      0 214263648  37624 5775524    0    0   299   404 1476 15644  0  1 99  0  0 2020-02-15 18:00:01
 0  0      0 214256800  37624 5777924    0    0    69   249 1693 16196  0  1 99  0  0 2020-02-15 18:00:04
 0  0      0 214248624  37624 5777868    0    0  7183   307 4380 22425  2  1 96  1  0 2020-02-15 18:00:07
 2  0      0 214250176  37624 5778492    0    0   151   373 1658 15458  0  1 99  0  0 2020-02-15 18:00:10
 0  0      0 214215344  37624 5778436    0    0    61   369 1531 16313  1  1 98  0  0 2020-02-15 18:00:13
 0  0      0 214260768  37624 5778372    0    0   142   541 1774 16253  2  1 98  0  0 2020-02-15 18:00:16
 0  0      0 214260416  37624 5778392    0    0   108   551 1456 15543  0  1 99  0  0 2020-02-15 18:00:19
 0  0      0 214259712  37624 5778428    0    0    61   325 1515 15996  0  0 99  0  0 2020-02-15 18:00:22
 1 15      0 214072640  26696 5774356    0    0  2367   671 2555 17522  1  1 97  0  0 2020-02-15 18:00:25
 1  0      0 214257952  37624 5778620    0    0  4901   335 3074 19774  1  1 97  1  0 2020-02-15 18:00:28
 3  0      0 214265728  37624 5778600    0    0  3610  5152 4841 20096  0  1 98  0  0 2020-02-15 18:00:31
 1  0      0 214263104  37624 5778636    0    0  4012  5299 7174 20748  1  1 98  0  0 2020-02-15 18:00:34
 1  0      0 214266240  37624 5778516    0    0   225  1208 3577 19467  2  1 97  0  0 2020-02-15 18:00:37
 0  0      0 214262544  37624 5779024    0    0   115   388 1566 15723  0  1 99  0  0 2020-02-15 18:00:40
 1  0      0 214266064  37624 5779080    0    0    56   281 1271 15784  0  0 99  0  0 2020-02-15 18:00:43
