procs -----------memory---------- ---swap-- -----io---- -system-- ------cpu----- -----timestamp-----
 r  b   swpd   free   buff  cache   si   so    bi    bo   in   cs us sy id wa st                 CST
 3  0      0 5741652  17160 4098604    0    0  3336 11182   23   12  4  7 86  4  0 2020-02-08 10:26:55
 2  0      0 5476132  17160 4098888    0    0    77   147 2361 15411  6  8 86  0  0 2020-02-08 10:26:58
 2  0      0 5425356  17160 4099268    0    0   342   781 3118 14884  6  6 87  1  0 2020-02-08 10:27:01
12  8      0 5411524  17160 4099728    0    0 85278  9326 29731 45960 13 38 17 31  0 2020-02-08 10:27:04
15 12      0 5408804  17160 4099744    0    0 98539  8732 31810 47799 14 42 11 33  0 2020-02-08 10:27:07
12  4      0 5409452  17160 4099724    0    0 99255  7797 31036 46718 13 39 12 36  0 2020-02-08 10:27:10
20  8      0 5404160  17160 4099724    0    0 92105 18743 31056 46687 13 40 11 36  0 2020-02-08 10:27:13
13 14      0 5401916  17160 4099880    0    0 97931  8625 31816 47931 15 43 10 32  0 2020-02-08 10:27:16
 7  6      0 5402712  17160 4099848    0    0 94809 14203 31095 46483 13 39 12 36  0 2020-02-08 10:27:19
10  9      0 5402424  17160 4099856    0    0 101000  9209 32833 48785 16 44 10 30  0 2020-02-08 10:27:22
14  9      0 5401172  17160 4099892    0    0 92585 14208 31093 46769 15 42 12 31  0 2020-02-08 10:27:25
 9  9      0 5391848  16996 4098648    0    0 100773  8616 31275 50116 16 46 10 27  0 2020-02-08 10:27:28
11  9      0 5389876  17160 4099528    0    0 94772 14246 30282 47556 16 43 10 31  0 2020-02-08 10:27:31
14  6      0 5386108  17160 4100076    0    0 71442 49482 29314 42641 16 38 17 30  0 2020-02-08 10:27:34
 4  4      0 5387740  17160 4100084    0    0 81823 35901 30009 44352 17 41 14 28  0 2020-02-08 10:27:37
11 12      0 5386928  17160 4100108    0    0 78647 36324 29720 43686 19 40 10 31  0 2020-02-08 10:27:40
 0  5      0 5387196  17160 4100248    0    0 83104 30786 28893 44452 13 37 15 35  0 2020-02-08 10:27:43
 7  7      0 5374300  17160 4100308    0    0 83891 31356 30022 44924 15 41 13 31  0 2020-02-08 10:27:46
 7  8      0 5390964  17160 4100308    0    0 78387 34483 28923 44158 14 37 15 34  0 2020-02-08 10:27:49
 1 10      0 5390512  17160 4100320    0    0 85791 28271 30624 46604 14 40 14 32  0 2020-02-08 10:27:52
 7  3      0 5384736  17160 4100336    0    0 75965 40166 29445 43928 14 41 16 29  0 2020-02-08 10:27:55
procs -----------memory---------- ---swap-- -----io---- -system-- ------cpu----- -----timestamp-----
 r  b   swpd   free   buff  cache   si   so    bi    bo   in   cs us sy id wa st                 CST
12  5      0 5381404  17160 4100528    0    0 81651 33309 30539 45499 14 40 15 31  0 2020-02-08 10:27:58
15 10      0 5384128  17160 4100468    0    0 77230 38095 30238 45274 14 39 14 33  0 2020-02-08 10:28:01
13  8      0 5432204  17160 4100464    0    0 82519 32211 30580 46009 13 37 17 33  0 2020-02-08 10:28:04
11  2      0 5433108  17160 4100492    0    0 78264 32800 29303 44354 15 41 15 29  0 2020-02-08 10:28:07
17  6      0 5432188  17160 4100492    0    0 64089 32980 28707 43634 13 36 18 34  0 2020-02-08 10:28:10
 6  4      0 5430960  17160 4100516    0    0 64673 33980 26857 42105 12 34 19 36  0 2020-02-08 10:28:13
 3  9      0 5422420  17160 4100544    0    0 57248 41088 26895 41869 13 35 25 27  0 2020-02-08 10:28:16
 2  8      0 5423024  17160 4100552    0    0 70589 31708 27549 42381 11 34 16 40  0 2020-02-08 10:28:19
 6 11      0 5422924  17160 4100644    0    0 76053 35617 28727 44410 13 36 14 37  0 2020-02-08 10:28:22
10  9      0 5422260  17160 4100676    0    0 68013 35359 27695 42322 13 36 16 35  0 2020-02-08 10:28:25
10  9      0 5402416  17188 4100848    0    0 66658 33706 27806 43289 13 37 15 36  0 2020-02-08 10:28:28
 4  8      0 5418704  17160 4100848    0    0 62239 31740 26416 43179 14 37 16 32  0 2020-02-08 10:28:31
12  5      0 5419384  17160 4100852    0    0 66751 31394 27439 43184 12 34 18 36  0 2020-02-08 10:28:34
 7  9      0 5418308  17160 4100872    0    0 63575 36466 25728 40917 11 32 17 39  0 2020-02-08 10:28:37
 4 12      0 5417248  17160 4100888    0    0 73161 28451 28548 44236 12 34 13 40  0 2020-02-08 10:28:40
 0  6      0 5418780  17160 4100920    0    0 63800 35058 26481 41823 11 30 18 41  0 2020-02-08 10:28:43
11 11      0 5405264  17160 4101076    0    0 65698 29780 28524 44044 14 37 17 32  0 2020-02-08 10:28:46
 7  8      0 5418608  17160 4101068    0    0 59576 32877 25694 40189 11 30 18 41  0 2020-02-08 10:28:49
 6  8      0 5401052  17160 4101108    0    0 52479 36020 25663 41194 12 33 24 31  0 2020-02-08 10:28:52
13  8      0 5400188  17160 4101128    0    0 57283 32183 24492 39535 10 29 18 43  0 2020-02-08 10:28:55
 2 11      0 5392032  17160 4101328    0    0 60873 30059 28411 43864 14 38 15 34  0 2020-02-08 10:28:58
procs -----------memory---------- ---swap-- -----io---- -system-- ------cpu----- -----timestamp-----
 r  b   swpd   free   buff  cache   si   so    bi    bo   in   cs us sy id wa st                 CST
14  8      0 5395008  17160 4101268    0    0 58576 30624 24615 40274 10 30 18 42  0 2020-02-08 10:29:01
 6 10      0 5395468  17160 4101292    0    0 59314 27797 27383 42999 12 33 18 37  0 2020-02-08 10:29:04
 9 12      0 5389412  17160 4101368    0    0 52463 33729 25225 40440 11 32 18 38  0 2020-02-08 10:29:07
 2 11      0 5389528  17160 4101360    0    0 64176 28982 26153 42132 11 30 16 43  0 2020-02-08 10:29:10
 0  7      0 5388880  17160 4101388    0    0 61915 30774 25925 41204 10 29 16 45  0 2020-02-08 10:29:13
 2  5      0 5389648  17160 4101408    0    0 55061 27211 24734 39322 12 31 19 38  0 2020-02-08 10:29:16
 0  9      0 5388952  17160 4101520    0    0 50904 32247 23081 37844 12 26 28 34  0 2020-02-08 10:29:19
 3 12      0 5388732  17160 4101532    0    0 64596 28937 22997 39818 10 27 16 47  0 2020-02-08 10:29:22
 1  7      0 5388428  17160 4101648    0    0 62302 32985 24261 39886 11 30 16 43  0 2020-02-08 10:29:25
 4 10      0 5384348  17160 4101824    0    0 64548 29133 23600 40177 10 28 16 46  0 2020-02-08 10:29:28
 0  9      0 5384248  17160 4101776    0    0 63504 31279 21647 39723 11 29 15 45  0 2020-02-08 10:29:31
 1 10      0 5384276  17160 4101784    0    0 62129 30779 23318 39248 11 29 20 41  0 2020-02-08 10:29:34
 1  9      0 5384348  17160 4101800    0    0 56927 34305 21903 37357 10 28 17 45  0 2020-02-08 10:29:37
 4 10      0 5384500  17160 4101832    0    0 64287 26598 22721 39439 12 29 16 42  0 2020-02-08 10:29:40
 2  6      0 5385012  17160 4101848    0    0 58152 33566 21987 37756 10 28 18 44  0 2020-02-08 10:29:43
 2 10      0 5371000  17160 4101880    0    0 66304 25658 21972 38480 12 29 15 45  0 2020-02-08 10:29:46
 7  9      0 5384984  17160 4101884    0    0 56240 35227 21957 37618 10 27 18 44  0 2020-02-08 10:29:49
 0 13      0 5378100  17160 4102036    0    0 64493 26080 21736 38319 10 26 16 48  0 2020-02-08 10:29:52
 1 11      0 5376476  17160 4102084    0    0 59918 32465 23018 39468 11 29 18 42  0 2020-02-08 10:29:55
 2  6      0 5372868  17160 4102296    0    0 62338 29451 22856 39301 11 28 19 42  0 2020-02-08 10:29:58
 3  8      0 5364704  17160 4102228    0    0 59744 33970 21931 38160 10 29 17 44  0 2020-02-08 10:30:01
procs -----------memory---------- ---swap-- -----io---- -system-- ------cpu----- -----timestamp-----
 r  b   swpd   free   buff  cache   si   so    bi    bo   in   cs us sy id wa st                 CST
 0 11      0 5363184  17160 4104144    0    0 59232 30410 23880 39840 12 30 20 38  0 2020-02-08 10:30:04
 0  6      0 5362944  17160 4104160    0    0 57442 30055 21399 37542 11 29 20 40  0 2020-02-08 10:30:07
 1  9      0 5362468  17160 4104188    0    0 59196 30144 23485 39590 11 29 19 40  0 2020-02-08 10:30:10
 3  3      0 5334628  17160 4104300    0    0 55479 29319 21668 37327 11 26 20 43  0 2020-02-08 10:30:13
 1 10      0 5375140  17160 4104284    0    0 59328 32404 22391 38938 12 31 21 37  0 2020-02-08 10:30:16
 0  9      0 5376772  17160 4104168    0    0 60640 30062 21798 37871  9 25 19 46  0 2020-02-08 10:30:19
 0 14      0 5372788  17160 4104196    0    0 67293 26589 23981 42418 13 30 14 43  0 2020-02-08 10:30:22
 0 11      0 5371464  17160 4104284    0    0 60795 33986 21234 36969 10 26 16 49  0 2020-02-08 10:30:25
 1 15      0 5367304  17160 4104476    0    0 61943 31727 22348 38367 10 27 16 48  0 2020-02-08 10:30:28
 2 11      0 5365352  17160 4104508    0    0 66779 29794 22241 40074 11 29 13 47  0 2020-02-08 10:30:31
 4 12      0 5370768  17160 4104532    0    0 62378 32219 23015 38896 10 28 17 45  0 2020-02-08 10:30:34
 0 10      0 5372508  17160 4104540    0    0 56767 31951 21583 37433 10 27 18 46  0 2020-02-08 10:30:37
 5  9      0 5370932  17160 4104552    0    0 64741 28595 22936 38851 10 28 17 44  0 2020-02-08 10:30:40
 0 11      0 5371420  17160 4104540    0    0 54064 34400 22241 38305  9 26 20 45  0 2020-02-08 10:30:43
 3 12      0 5356484  17160 4104604    0    0 55716 28729 23317 39097 12 32 18 39  0 2020-02-08 10:30:46
 2 11      0 5371816  17160 4104604    0    0 57224 33430 21258 36717 11 26 16 47  0 2020-02-08 10:30:49
 1  9      0 5370936  17160 4104736    0    0 64064 28243 23032 39542 10 27 16 47  0 2020-02-08 10:30:52
 0  7      0 5370240  17160 4104764    0    0 58048 32639 21836 37426 10 27 18 46  0 2020-02-08 10:30:55
 0 10      0 5367492  17160 4104936    0    0 62339 29228 23588 39872 11 29 18 42  0 2020-02-08 10:30:58
 5 11      0 5369140  17160 4104880    0    0 54129 30239 22012 38232 10 28 20 42  0 2020-02-08 10:31:01
 0 10      0 5369164  17160 4104900    0    0 60732 30565 23243 39615 10 28 17 44  0 2020-02-08 10:31:04
procs -----------memory---------- ---swap-- -----io---- -system-- ------cpu----- -----timestamp-----
 r  b   swpd   free   buff  cache   si   so    bi    bo   in   cs us sy id wa st                 CST
 3 11      0 5368968  17160 4104948    0    0 61323 26577 21652 38046 11 28 19 43  0 2020-02-08 10:31:07
 1 12      0 5369964  17160 4104948    0    0 63086 30026 23379 40118 10 28 17 44  0 2020-02-08 10:31:10
 1 10      0 5369260  17160 4104976    0    0 49375 32405 22525 38495  9 26 20 45  0 2020-02-08 10:31:13
 6 13      0 5271992  17160 4105024    0    0 58987 29310 23919 39779 18 35 18 29  0 2020-02-08 10:31:16
 2  4      0 5251856  17160 4105032    0    0 53726 38201 22644 38538 22 31 14 33  0 2020-02-08 10:31:19
 4 11      0 5248528  17160 4105048    0    0 64460 27071 23677 40695 26 35 12 27  0 2020-02-08 10:31:22
 4  9      0 5143084  17160 4105088    0    0 59232 31486 21814 37716 23 32 11 33  0 2020-02-08 10:31:25
 3  6      0 5244588  17160 4105176    0    0 57126 27858 22315 38249 23 33 14 30  0 2020-02-08 10:31:28
 7 30      0 5352824   9664 4104988    0    0 58583 27864 23014 40897 24 36 14 27  0 2020-02-08 10:31:31
 4  7      0 5357592  17160 4105356    0    0 58153 32850 24161 41748 13 33 22 32  0 2020-02-08 10:31:34
 2 11      0 5362040  17160 4105412    0    0 57323 32872 21022 37255 11 28 18 43  0 2020-02-08 10:31:37
 1 10      0 5363388  17160 4105424    0    0 63131 29954 22419 38847 10 26 17 47  0 2020-02-08 10:31:40
 2  9      0 5362332  17160 4105452    0    0 60109 34081 22153 38642  9 26 16 48  0 2020-02-08 10:31:43
 6 12      0 5347392  17160 4105440    0    0 66139 27947 22238 38750 11 29 16 43  0 2020-02-08 10:31:46
 6  7      0 5362508  17160 4105460    0    0 55776 34192 22390 38033 11 27 18 44  0 2020-02-08 10:31:49
 2 14      0 5366096  17160 4104500    0    0 62815 27595 23613 40237 11 30 16 43  0 2020-02-08 10:31:52
 1 11      0 5365800  17160 4105484    0    0 55810 35101 21515 36956  9 27 16 48  0 2020-02-08 10:31:55
 1 15      0 5362904  17160 4105720    0    0 66043 28405 21459 37444  9 25 17 49  0 2020-02-08 10:31:58
 2 11      0 5365980  17160 4105740    0    0 63308 32495 21352 37409  9 25 15 51  0 2020-02-08 10:32:01
 1 11      0 5366844  17160 4105768    0    0 63873 31450 22720 38858  9 25 16 49  0 2020-02-08 10:32:04
 0  9      0 5365640  17160 4105800    0    0 58275 33813 21982 37623 10 28 17 45  0 2020-02-08 10:32:07
procs -----------memory---------- ---swap-- -----io---- -system-- ------cpu----- -----timestamp-----
 r  b   swpd   free   buff  cache   si   so    bi    bo   in   cs us sy id wa st                 CST
 0  8      0 5366440  17160 4105844    0    0 62660 31596 22698 39205 10 27 17 46  0 2020-02-08 10:32:10
 0  4      0 5367624  17160 4105872    0    0 54145 33413 21704 37270 10 27 21 43  0 2020-02-08 10:32:13
 0 17      0 5361432  17160 4105912    0    0 55525 32897 23683 40098 12 31 19 38  0 2020-02-08 10:32:16
 0  8      0 5360896  17160 4105928    0    0 60764 32999 21393 36549  8 24 17 51  0 2020-02-08 10:32:19
 0 12      0 5361140  17160 4105936    0    0 54891 30590 22378 38579 10 27 19 43  0 2020-02-08 10:32:22
 1  7      0 5360248  17160 4105948    0    0 56561 32154 22188 38135 11 29 16 44  0 2020-02-08 10:32:25
 1  9      0 5357300  17160 4106056    0    0 61696 30575 22491 39255 10 28 18 45  0 2020-02-08 10:32:28
 1  7      0 5360984  17160 4106092    0    0 56501 33982 21864 37859 11 27 19 44  0 2020-02-08 10:32:31
 1  5      0 5349164  17160 4106124    0    0 56937 36574 23559 41516 12 32 21 36  0 2020-02-08 10:32:34
 6  5      0 5346072  17160 4106248    0    0 56301 33387 21261 37465 10 28 23 39  0 2020-02-08 10:32:37
 1 12      0 5344976  17160 4106268    0    0 58553 35985 23896 39952 11 30 19 40  0 2020-02-08 10:32:40
 1 15      0 5343884  17160 4106300    0    0 59117 30670 22348 38441 10 25 17 48  0 2020-02-08 10:32:43
 3 14      0 5328772  17160 4106324    0    0 62388 32413 22067 38853 11 28 16 45  0 2020-02-08 10:32:46
 5  4      0 5344308  17160 4106332    0    0 57978 31231 21568 37213  9 24 20 46  0 2020-02-08 10:32:49
 7 10      0 5338748  17160 4105944    0    0 52947 34323 23342 40112 12 31 19 37  0 2020-02-08 10:32:52
 5  8      0 5334400  17160 4106016    0    0 58904 31328 21922 37919 10 27 18 45  0 2020-02-08 10:32:55
 2 12      0 5333108  17160 4106672    0    0 51540 36509 24540 40203 12 30 22 37  0 2020-02-08 10:32:58
 5  8      0 5337480  17160 4106788    0    0 57997 28733 21998 38518  9 26 19 45  0 2020-02-08 10:33:01
 1  8      0 5337812  17160 4106808    0    0 61599 33043 22905 39491 11 28 17 44  0 2020-02-08 10:33:04
 1  6      0 5335248  17160 4106836    0    0 58428 33585 21171 37155 10 26 17 47  0 2020-02-08 10:33:07
 6 11      0 5335592  17160 4106836    0    0 60305 31778 23613 39728 10 28 17 44  0 2020-02-08 10:33:10
procs -----------memory---------- ---swap-- -----io---- -system-- ------cpu----- -----timestamp-----
 r  b   swpd   free   buff  cache   si   so    bi    bo   in   cs us sy id wa st                 CST
 2 10      0 5335804  17160 4106856    0    0 56652 34209 21359 37189  9 24 18 49  0 2020-02-08 10:33:13
 9  9      0 5334400  17160 4106964    0    0 56830 34178 23306 39272 11 30 21 38  0 2020-02-08 10:33:16
 4  8      0 5334632  17160 4106976    0    0 57646 31808 22258 37992  9 26 22 42  0 2020-02-08 10:33:19
 1 10      0 5329848  17160 4107000    0    0 61820 35555 22594 39598 10 27 17 46  0 2020-02-08 10:33:22
 1 11      0 5330148  17160 4107004    0    0 59032 34499 22287 37663  9 27 18 45  0 2020-02-08 10:33:25
 0  9      0 5325984  17160 4107028    0    0 63745 30764 22163 38621 10 26 16 48  0 2020-02-08 10:33:28
 0  8      0 5329408  17160 4107116    0    0 59716 35554 21189 37345  9 24 17 50  0 2020-02-08 10:33:31
 3 12      0 5328312  17160 4107136    0    0 66176 29429 22778 40676 11 29 15 44  0 2020-02-08 10:33:34
 1 13      0 5332656  17160 4107164    0    0 55081 34203 22674 38175 11 28 16 45  0 2020-02-08 10:33:37
 2 11      0 5333236  17160 4107256    0    0 62532 28912 23023 39184 10 27 17 45  0 2020-02-08 10:33:40
 0  9      0 5334784  17160 4107280    0    0 58502 32924 22291 38218 10 27 18 46  0 2020-02-08 10:33:43
 1 14      0 5319832  17160 4107308    0    0 63027 29152 23050 39772 12 30 16 42  0 2020-02-08 10:33:46
15  5      0 5334620  17160 4107304    0    0 55440 35980 21556 36901  9 24 20 48  0 2020-02-08 10:33:49
 3 10      0 5335528  17160 4107312    0    0 62165 30324 23754 40120 11 29 17 43  0 2020-02-08 10:33:52
 7  1      0 5334480  17160 4107344    0    0 52064 33915 22279 37596 10 28 20 43  0 2020-02-08 10:33:55
12  9      0 5329844  17160 4107360    0    0 57734 34434 23498 40051 10 28 25 37  0 2020-02-08 10:33:58
 4  8      0 5333608  17160 4107616    0    0 60328 31403 22176 38599  9 25 16 50  0 2020-02-08 10:34:01
 7 10      0 5334100  17160 4107640    0    0 63595 30712 23177 39982 10 28 16 46  0 2020-02-08 10:34:04
 6 10      0 5332864  17160 4107696    0    0 57624 34614 20652 36684  9 25 16 50  0 2020-02-08 10:34:07
 6  7      0 5337884  17160 4107704    0    0 62340 32133 24433 40613 10 29 18 42  0 2020-02-08 10:34:10
 7 10      0 5338280  17160 4107732    0    0 53735 32971 21385 37150  9 23 18 49  0 2020-02-08 10:34:13
procs -----------memory---------- ---swap-- -----io---- -system-- ------cpu----- -----timestamp-----
 r  b   swpd   free   buff  cache   si   so    bi    bo   in   cs us sy id wa st                 CST
11  8      0 5336472  17160 4107724    0    0 56664 35243 22896 39403 11 29 24 36  0 2020-02-08 10:34:16
 9  9      0 5337580  17160 4107744    0    0 56610 32592 21890 37776  9 24 20 47  0 2020-02-08 10:34:19
 4  8      0 5337156  17160 4107764    0    0 60697 30212 24520 41080 11 30 19 40  0 2020-02-08 10:34:22
 4 10      0 5337396  17160 4107788    0    0 61408 29895 21825 38120 10 27 17 45  0 2020-02-08 10:34:25
12  5      0 5332692  17160 4107772    0    0 61402 31707 23454 39981 10 27 18 44  0 2020-02-08 10:34:28
 2 10      0 5337096  17160 4107912    0    0 55809 33716 21216 37407 10 25 20 45  0 2020-02-08 10:34:31
40 13      0 5326832  15816 4107228    0    0 66626 28858 22974 40577 11 29 15 45  0 2020-02-08 10:34:34
 9 10      0 5332824  17160 4108004    0    0 55506 35533 22385 38245 10 28 18 44  0 2020-02-08 10:34:37
11  8      0 5336500  17160 4108016    0    0 58092 30026 23389 39364 11 28 16 45  0 2020-02-08 10:34:40
11  8      0 5337476  17160 4108004    0    0 60280 32498 21831 37350  9 25 19 47  0 2020-02-08 10:34:43
 6  8      0 5322796  17160 4108120    0    0 65079 31083 23899 40717 12 31 16 41  0 2020-02-08 10:34:46
 5 12      0 5336516  17160 4108120    0    0 56960 31377 21400 37172 10 24 16 49  0 2020-02-08 10:34:49
12  6      0 5335776  16608 4107336    0    0 69347 31342 23432 41260 11 29 16 44  0 2020-02-08 10:34:52
 4  5      0 5330336  17160 4108204    0    0 62966 35591 22968 40786 11 30 15 43  0 2020-02-08 10:34:55
 2 11      0 5331996  17160 4108220    0    0 58795 36592 23516 39385 10 28 22 40  0 2020-02-08 10:34:58
 3  9      0 5335936  17160 4108352    0    0 58488 35723 21953 37378  9 24 18 49  0 2020-02-08 10:35:01
 6  7      0 5337480  17160 4108360    0    0 64932 29409 23792 40265 12 30 18 40  0 2020-02-08 10:35:04
 5  6      0 5336444  17160 4108512    0    0 51504 35012 21735 37059 10 27 19 44  0 2020-02-08 10:35:07
 6  5      0 5336880  17160 4108532    0    0 67708 29043 23725 40695 10 28 17 45  0 2020-02-08 10:35:10
 3 12      0 5327592  17084 4107520    0    0 69116 32233 23453 41356 13 31 15 41  0 2020-02-08 10:35:13
 4  6      0 5329324  17160 4108668    0    0 61997 31363 22984 39515 11 29 16 44  0 2020-02-08 10:35:16
procs -----------memory---------- ---swap-- -----io---- -system-- ------cpu----- -----timestamp-----
 r  b   swpd   free   buff  cache   si   so    bi    bo   in   cs us sy id wa st                 CST
 7  4      0 5334624  17160 4108672    0    0 59467 34700 22126 37558 10 26 18 46  0 2020-02-08 10:35:19
 1  4      0 5334980  17160 4108680    0    0 57253 32164 22051 38389 10 27 21 42  0 2020-02-08 10:35:22
 2  4      0 5339120  17160 4108700    0    0 58324 37032 23440 38853 11 31 22 36  0 2020-02-08 10:35:25
 6  8      0 5334516  17160 4108696    0    0 63111 30156 23926 40180 11 30 21 38  0 2020-02-08 10:35:28
 6  7      0 5335988  17160 4108852    0    0 60859 35561 22748 40642 12 28 18 42  0 2020-02-08 10:35:31
 8  9      0 5335828  17160 4108860    0    0 61455 33737 22308 38179 10 25 14 51  0 2020-02-08 10:35:34
 3 10      0 5329712  17160 4108896    0    0 69294 32151 23715 41269 12 32 13 43  0 2020-02-08 10:35:37
 6  8      0 5334752  17160 4108916    0    0 61184 32697 22828 39318  9 26 19 46  0 2020-02-08 10:35:40
 8  9      0 5335924  17160 4108932    0    0 60397 34756 23260 39286 10 26 15 49  0 2020-02-08 10:35:43
 3  9      0 5320224  17160 4108940    0    0 62731 31236 23435 39343 11 29 15 45  0 2020-02-08 10:35:46
 0 10      0 5335452  17160 4108948    0    0 62975 30908 23301 39422 11 28 17 43  0 2020-02-08 10:35:49
 4  6      0 5336136  17160 4109048    0    0 56249 34214 24230 41004 11 31 23 35  0 2020-02-08 10:35:52
 1  7      0 5334704  17160 4109080    0    0 54024 34714 22781 38649 10 29 25 36  0 2020-02-08 10:35:55
 2  4      0 5326052  17160 4109092    0    0 57596 32631 24036 40482 12 31 22 35  0 2020-02-08 10:35:58
 6 11      0 5330276  17160 4109232    0    0 46416 41898 22889 38501 10 26 28 37  0 2020-02-08 10:36:01
 3  7      0 5331948  17160 4109268    0    0 66704 30728 24306 40817 12 30 19 39  0 2020-02-08 10:36:04
12  9      0 5332240  17160 4109420    0    0 59157 30957 23389 40023 11 30 17 42  0 2020-02-08 10:36:07
 0  7      0 5333176  17160 4109420    0    0 61593 31202 23161 40137 10 28 17 45  0 2020-02-08 10:36:10
 0 10      0 5334348  17160 4109444    0    0 58935 34751 22579 38646  9 25 18 47  0 2020-02-08 10:36:13
 4 11      0 5231920  17160 4109492    0    0 59799 30904 23808 39404 17 32 14 37  0 2020-02-08 10:36:16
 5  8      0 5215372  17160 4109500    0    0 58592 36027 23222 38910 24 33 12 31  0 2020-02-08 10:36:19
procs -----------memory---------- ---swap-- -----io---- -system-- ------cpu----- -----timestamp-----
 r  b   swpd   free   buff  cache   si   so    bi    bo   in   cs us sy id wa st                 CST
 8  8      0 5208304  17160 4109512    0    0 68439 29022 23561 40736 25 34 11 29  0 2020-02-08 10:36:22
 9  5      0 5111724  17160 4109524    0    0 58047 36475 23591 39019 23 32 11 34  0 2020-02-08 10:36:25
 4 10      0 5215268  17160 4109532    0    0 60939 30567 23691 39890 22 33 12 33  0 2020-02-08 10:36:28
 0 16      0 5333392  17160 4109688    0    0 61948 30968 23399 39797 21 32 12 34  0 2020-02-08 10:36:31
 5 10      0 5332356  17160 4109712    0    0 62701 30747 24806 41389 13 33 15 39  0 2020-02-08 10:36:34
 5  1      0 5327604  17160 4109756    0    0 56365 32022 22496 39718 12 32 18 38  0 2020-02-08 10:36:37
 2 14      0 5326860  17160 4109784    0    0 55468 42457 23938 40244 11 29 31 29  0 2020-02-08 10:36:40
11  8      0 5328680  17160 4109808    0    0 59518 33773 23815 40216  9 26 19 46  0 2020-02-08 10:36:43
12 11      0 5311792  17160 4109832    0    0 63417 31852 25350 42609 12 32 15 41  0 2020-02-08 10:36:46
 5  7      0 5329456  17160 4109836    0    0 61600 35382 24628 40645 11 28 15 46  0 2020-02-08 10:36:49
 2 10      0 5332596  16112 4109508    0    0 69176 31178 25873 43514 10 30 15 44  0 2020-02-08 10:36:52
 1 12      0 5330416  17160 4110000    0    0 61405 34380 23436 39931  9 26 16 49  0 2020-02-08 10:36:55
 0 12      0 5328436  17160 4109992    0    0 73877 32853 24841 41910 10 27 13 50  0 2020-02-08 10:36:58
 5  2      0 5603560  13208 4109516    0    0 56245 37319 23019 39199  9 25 17 50  0 2020-02-08 10:37:01
 1  0      0 5753652  17160 4109456    0    0  1388   993 2153 14089  2  3 94  1  0 2020-02-08 10:37:04
 0  0      0 5754828  17160 4109472    0    0  1201  2055 2113 14115  2  4 94  0  0 2020-02-08 10:37:07
 0  0      0 5743848  17160 4109484    0    0   401  2376 2819 14402  5  3 92  0  0 2020-02-08 10:37:10
 3  0      0 5743660  17160 4109620    0    0   180  1515 1869 13673  2  2 95  0  0 2020-02-08 10:37:13
 0  0      0 5742396  17160 4109640    0    0   131  2547 2204 14176  2  4 94  0  0 2020-02-08 10:37:16
 0  0      0 5742892  17160 4109652    0    0    93  1643 1711 13089  1  2 96  0  0 2020-02-08 10:37:19
 0  0      0 5742604  17160 4109672    0    0    73  1374 1793 13635  2  3 95  0  0 2020-02-08 10:37:22
procs -----------memory---------- ---swap-- -----io---- -system-- ------cpu----- -----timestamp-----
 r  b   swpd   free   buff  cache   si   so    bi    bo   in   cs us sy id wa st                 CST
 0  0      0 5742888  17160 4109680    0    0   153  1139 1760 13242  2  3 94  0  0 2020-02-08 10:37:25
 0  0      0 5738620  17160 4109688    0    0    83  1482 1834 13475  1  3 96  0  0 2020-02-08 10:37:28
 0  0      0 5742668  17160 4109828    0    0   105  1483 1858 13848  2  3 95  0  0 2020-02-08 10:37:31
 0  0      0 5742908  17160 4109844    0    0    99  1633 1686 13158  1  3 96  0  0 2020-02-08 10:37:34
 1 15      0 5744648   3244 4108956    0    0  1589  1725 3524 16203  3  6 90  1  0 2020-02-08 10:37:37
 1  0      0 5737544  17160 4109900    0    0  6121  1953 3093 16975  2  5 87  7  0 2020-02-08 10:37:40
 0  0      0 5743224  17160 4109924    0    0   187  1264 1857 13808  2  3 95  0  0 2020-02-08 10:37:43
 1  0      0 5718000  17160 4109952    0    0    93  1652 2172 14284  3  4 93  0  0 2020-02-08 10:37:46
 2  0      0 5737904  17160 4109948    0    0  1024  6811 3345 14550  3  4 93  1  0 2020-02-08 10:37:49
 0  0      0 5738340  17160 4110000    0    0  2691  6791 8760 20835  7  8 84  1  0 2020-02-08 10:37:52
