procs -----------memory---------- ---swap-- -----io---- -system-- ------cpu----- -----timestamp-----
 r  b   swpd   free   buff  cache   si   so    bi    bo   in   cs us sy id wa st                 CST
 6  0      0 1073814400  58464 4054444    0    0   962    10   54   25  1  2 91  5  0 2020-02-20 21:31:43
 2  0      0 1073051520  58464 4055888    0    0   941   372 6062 25660  1  1 98  0  0 2020-02-20 21:31:46
 2  0      0 1072304256  58464 4056504    0    0    77   164 4435 22825  1  1 98  0  0 2020-02-20 21:31:49
 1  0      0 1071461504  58464 4062000    0    0   113   676 4665 25093  1  1 98  0  0 2020-02-20 21:31:52
 3  4      0 1070712256  56516 4058056    0    0 10306   237 7880 31023  1  1 97  0  0 2020-02-20 21:31:55
 1  0      0 1069860608  58464 4069980    0    0  1617   462 5345 27069  1  1 98  0  0 2020-02-20 21:31:58
 2  0      0 1069829952  58464 4072296    0    0    75   154 1583 17318  0  0 99  0  0 2020-02-20 21:32:01
 4  0      0 1069787968  58464 4071784    0    0   234   431 4625 50313  1  1 98  0  0 2020-02-20 21:32:04
20  1      0 1069237824  58464 4072876    0    0 71731   144 63838 434018  4  8 87  1  0 2020-02-20 21:32:07
 0  2      0 1069230400  58464 4072804    0    0 146069   324 50725 203478  1  3 95  1  0 2020-02-20 21:32:10
16  2      0 1069174016  58464 4074012    0    0 265929   376 67166 238592  3  5 90  3  0 2020-02-20 21:32:13
 9  6      0 1069128192  58464 4072700    0    0 333420   745 79288 417461  3  8 84  4  0 2020-02-20 21:32:16
30 21      0 1069099264  58464 4076208    0    0 284137   599 72664 321889  4  7 83  6  0 2020-02-20 21:32:19
54 36      0 1069088512  58464 4076656    0    0 316250   550 76026 344064  6  8 79  8  0 2020-02-20 21:32:22
30  4      0 1069071616  58464 4077876    0    0 314418   244 73217 255224  8  7 78  7  0 2020-02-20 21:32:25
16  4      0 1069046080  58464 4079028    0    0 150079   615 62277 219353  8  6 83  3  0 2020-02-20 21:32:28
22 63      0 1069001600  58464 4081064    0    0 105322   133 60668 103462  9  5 75 12  0 2020-02-20 21:32:31
21 15      0 1068981056  58464 4081412    0    0 119284   605 67336 91855  8  4 71 17  0 2020-02-20 21:32:34
11 19      0 1068850688  58464 4081920    0    0 118628   253 68120 93658  9  5 70 17  0 2020-02-20 21:32:37
20 51      0 1068849984  58464 4081868    0    0 133354   956 75775 97953  8  4 68 19  0 2020-02-20 21:32:40
29 94      0 1068927488  58464 4082160    0    0 113193   559 68868 88435  8  4 71 18  0 2020-02-20 21:32:43
procs -----------memory---------- ---swap-- -----io---- -system-- ------cpu----- -----timestamp-----
 r  b   swpd   free   buff  cache   si   so    bi    bo   in   cs us sy id wa st                 CST
28 106      0 1068928128  58464 4082612    0    0 131100  1149 72334 96357  8  4 69 19  0 2020-02-20 21:32:46
12 18      0 1068923520  58464 4082680    0    0 131655   889 72332 95261  8  4 68 20  0 2020-02-20 21:32:49
19 43      0 1068926848  58464 4083328    0    0 138183  1614 77355 102709  9  5 65 22  0 2020-02-20 21:32:52
18 33      0 1068841088  55436 4076508    0    0 141721  1885 81420 107402  9  5 65 21  0 2020-02-20 21:32:55
23 52      0 1068919424  58464 4083580    0    0 122602  1023 70128 93590 10  5 68 17  0 2020-02-20 21:32:58
15 62      0 1068923712  58464 4083596    0    0 113221  1008 67785 87767 10  5 69 17  0 2020-02-20 21:33:01
20 29      0 1068911040  58464 4083400    0    0 109780  1227 66819 86257 10  4 70 16  0 2020-02-20 21:33:04
22 101      0 1068921024  58464 4083460    0    0 209567  1549 74165 98488 10  5 69 16  0 2020-02-20 21:33:07
19 70      0 1068918912  58464 4083512    0    0 395535  1114 71831 91534 11  5 72 12  0 2020-02-20 21:33:10
20  3      0 1068912448  58464 4083516    0    0 405156  1282 69972 86843 12  6 67 15  0 2020-02-20 21:33:13
18  2      0 1068901184  58464 4081888    0    0 415288  1475 71678 93029 14  7 65 14  0 2020-02-20 21:33:16
27 18      0 1068914944  58464 4083564    0    0 393164   551 68759 85250 14  6 66 14  0 2020-02-20 21:33:19
29 74      0 1068918848  58464 4083348    0    0 387287   999 67928 85949 15  7 68 10  0 2020-02-20 21:33:22
29  4      0 1068921984  58464 4083116    0    0 325464   400 62549 74718 16  6 66 12  0 2020-02-20 21:33:25
32 65      0 1068915008  58464 4083572    0    0 390649   674 69698 82954 16  7 64 12  0 2020-02-20 21:33:28
25 153      0 1068923840  58464 4083504    0    0 310879   344 60968 73150 16  6 69  9  0 2020-02-20 21:33:31
31 196      0 1068904384  58464 4083348    0    0 322876   760 58733 73674 16  6 68 10  0 2020-02-20 21:33:34
25 88      0 1068912512  58464 4083700    0    0 412328   282 76158 94548 17  9 58 16  0 2020-02-20 21:33:37
22  3      0 1068920320  58464 4083776    0    0 316964   536 59075 73522 16  6 67 11  0 2020-02-20 21:33:40
25  2      0 1068918144  58464 4083824    0    0 298841   174 61276 71199 16  6 69  9  0 2020-02-20 21:33:43
40 26      0 1068917888  57920 4082500    0    0 288946   504 58523 71823 17  6 69  8  0 2020-02-20 21:33:46
procs -----------memory---------- ---swap-- -----io---- -system-- ------cpu----- -----timestamp-----
 r  b   swpd   free   buff  cache   si   so    bi    bo   in   cs us sy id wa st                 CST
21  2      0 1068915712  58464 4083984    0    0 333625  1353 57694 74216 16  6 67 11  0 2020-02-20 21:33:49
37 41      0 1068904192  58464 4084832    0    0 236028  1215 37925 55225 16  5 73  6  0 2020-02-20 21:33:52
54 32      0 1068742016  48024 4075692    0    0 338715  1064 72481 93681 18  8 64 10  0 2020-02-20 21:33:55
30 99      0 1068818240  58464 4085236    0    0 295158   728 66899 88352 17  7 68  8  0 2020-02-20 21:33:58
25  3      0 1068697920  58464 4085252    0    0 371352   666 72712 94190 18  8 63 12  0 2020-02-20 21:34:01
34 107      0 1068740800  58464 4085320    0    0 182909   731 49605 67998 17  5 74  4  0 2020-02-20 21:34:04
23  4      0 1068929408  58464 4084740    0    0 324911   755 65904 82580 17  7 64 12  0 2020-02-20 21:34:07
46 125      0 1068929792  58464 4084032    0    0 326073   353 64081 75294 16  6 68  9  0 2020-02-20 21:34:10
22  2      0 1068927040  58464 4084036    0    0 329233   440 59188 74942 16  6 66 11  0 2020-02-20 21:34:13
26  4      0 1068914240  58464 4083700    0    0 312479   500 63112 85046 17  7 69  8  0 2020-02-20 21:34:16
25  1      0 1068914240  58464 4084228    0    0 340468   475 64042 78480 16  6 66 11  0 2020-02-20 21:34:19
33 122      0 1068922176  58464 4084136    0    0 387100   582 74163 85429 17  7 64 12  0 2020-02-20 21:34:22
21  3      0 1068923840  58464 4084136    0    0 374032   624 69318 82572 17  7 62 13  0 2020-02-20 21:34:25
27 37      0 1068922048  58464 4084596    0    0 380673   279 70315 84812 17  7 64 12  0 2020-02-20 21:34:28
32  5      0 1068817920  58464 4084644    0    0 341002   544 64965 77866 17  6 67 10  0 2020-02-20 21:34:31
30  2      0 1068856960  58464 4084684    0    0 336372   154 66527 78668 16  7 67 10  0 2020-02-20 21:34:34
29  9      0 1068879104  58464 4085224    0    0 339735   446 69095 87322 17  7 66 10  0 2020-02-20 21:34:37
23  2      0 1068881600  58464 4085272    0    0 359319   398 66129 76611 17  7 63 14  0 2020-02-20 21:34:40
22  2      0 1068882880  58464 4085256    0    0 345825   626 68344 82138 17  6 67 10  0 2020-02-20 21:34:43
31 162      0 1068883904  58464 4085280    0    0 293679   204 57602 68968 17  6 69  9  0 2020-02-20 21:34:46
40 46      0 1068881856  58464 4085336    0    0 319301   388 60454 75680 17  6 70  8  0 2020-02-20 21:34:50
procs -----------memory---------- ---swap-- -----io---- -system-- ------cpu----- -----timestamp-----
 r  b   swpd   free   buff  cache   si   so    bi    bo   in   cs us sy id wa st                 CST
28  5      0 1068886976  58464 4085324    0    0 371935   157 70313 83495 17  7 65 12  0 2020-02-20 21:34:53
54 79      0 1068812800  48496 4072668    0    0 364217   497 66691 82525 17  7 64 12  0 2020-02-20 21:34:56
26  3      0 1068877312  58464 4085720    0    0 397642   695 69356 85548 17  7 61 14  0 2020-02-20 21:34:59
40 49      0 1068885760  58464 4085824    0    0 349020   871 64777 79261 17  7 66 11  0 2020-02-20 21:35:02
25  1      0 1068854144  58464 4085812    0    0 319604   148 63355 75729 17  7 67 10  0 2020-02-20 21:35:05
32  8      0 1068889856  58464 4085872    0    0 388403   380 71507 85670 17  7 63 13  0 2020-02-20 21:35:08
42 107      0 1068891136  58464 4085888    0    0 323996   124 63808 78062 16  6 70  8  0 2020-02-20 21:35:11
22  2      0 1068883392  58464 4085948    0    0 376964   452 69517 83438 17  7 65 12  0 2020-02-20 21:35:14
22  2      0 1068881920  58464 4084868    0    0 334652   238 63289 81773 17  7 66 10  0 2020-02-20 21:35:17
26 23      0 1068880768  58464 4086172    0    0 346172   702 64173 80602 16  6 68 10  0 2020-02-20 21:35:20
35 96      0 1068885568  58464 4086252    0    0 397159   213 68711 87316 17  7 63 12  0 2020-02-20 21:35:23
30 10      0 1068887168  58464 4086268    0    0 288112   353 54843 69827 17  6 69  8  0 2020-02-20 21:35:26
36  9      0 1068885888  58464 4086736    0    0 355439   232 65893 76634 17  7 64 12  0 2020-02-20 21:35:29
44 15      0 1068881664  58464 4086784    0    0 359060   730 63506 76140 17  7 63 13  0 2020-02-20 21:35:32
31 10      0 1068857600  58464 4086860    0    0 368018   446 64699 83990 17  7 63 12  0 2020-02-20 21:35:35
38 79      0 1068897024  58464 4087348    0    0 342317   251 60388 78393 17  7 66 10  0 2020-02-20 21:35:38
53 117      0 1068896384  58464 4087396    0    0 316159   238 62378 74808 16  6 68 10  0 2020-02-20 21:35:41
39 84      0 1068898112  58464 4087548    0    0 337767   406 61326 77537 16  7 68  9  0 2020-02-20 21:35:44
21  3      0 1068890176  58464 4087340    0    0 323275   310 60192 81008 17  7 65 11  0 2020-02-20 21:35:47
39 137      0 1068894336  58464 4087712    0    0 380707   261 70912 83454 17  7 65 11  0 2020-02-20 21:35:50
35 194      0 1068898368  58464 4087872    0    0 342770   281 62800 78571 16  7 66 11  0 2020-02-20 21:35:53
procs -----------memory---------- ---swap-- -----io---- -system-- ------cpu----- -----timestamp-----
 r  b   swpd   free   buff  cache   si   so    bi    bo   in   cs us sy id wa st                 CST
29 23      0 1068900800  58464 4088212    0    0 391044   244 71725 84727 17  8 61 14  0 2020-02-20 21:35:56
38 103      0 1068894528  58464 4088684    0    0 385444   477 68843 84157 17  7 65 12  0 2020-02-20 21:35:59
38 13      0 1068896832  58464 4088980    0    0 409928   724 75388 88748 17  8 61 14  0 2020-02-20 21:36:02
42  5      0 1068864128  58464 4088968    0    0 336847   617 66958 79293 16  6 69  8  0 2020-02-20 21:36:05
33  8      0 1068894400  58464 4089136    0    0 359032   466 67531 86618 17  7 65 11  0 2020-02-20 21:36:08
23  2      0 1068902592  58464 4089172    0    0 389359   340 69100 81851 17  7 64 13  0 2020-02-20 21:36:11
27 112      0 1068901248  58464 4089420    0    0 375703   338 69570 80162 17  7 64 12  0 2020-02-20 21:36:14
25  6      0 1068903168  58464 4089480    0    0 314551   424 64421 76027 16  6 68  9  0 2020-02-20 21:36:17
25  2      0 1068901312  58464 4089576    0    0 378034   403 70323 82218 16  7 65 12  0 2020-02-20 21:36:20
26 159      0 1068904768  58464 4089816    0    0 314079   213 62899 75107 16  6 68  9  0 2020-02-20 21:36:23
34  6      0 1068821632  51220 4084376    0    0 339949   255 68771 82567 17  7 66 10  0 2020-02-20 21:36:26
40  8      0 1068895360  58464 4090704    0    0 305712   350 61635 76742 16  6 69  8  0 2020-02-20 21:36:29
28 124      0 1068894720  58464 4090400    0    0 384528   408 70653 82111 17  8 63 13  0 2020-02-20 21:36:32
32  1      0 1068862144  58464 4090544    0    0 375018   187 67073 83369 17  7 65 11  0 2020-02-20 21:36:35
38 63      0 1068903232  58464 4090624    0    0 354716   400 67565 82953 17  7 65 11  0 2020-02-20 21:36:38
29 23      0 1068903808  58464 4091096    0    0 378356   731 71611 82550 17  7 64 12  0 2020-02-20 21:36:41
26  2      0 1068904960  58464 4091408    0    0 326676   513 61458 76034 16  6 69  9  0 2020-02-20 21:36:44
30  3      0 1068897280  58388 4089348    0    0 351306   722 65894 85367 17  7 66 11  0 2020-02-20 21:36:47
23  2      0 1068896576  58464 4091596    0    0 317517   269 60213 75919 16  6 69  8  0 2020-02-20 21:36:50
37 66      0 1068903168  58464 4092016    0    0 288071   225 56281 72322 16  6 72  6  0 2020-02-20 21:36:53
34  7      0 1068903360  58464 4091860    0    0 359135   271 66808 80424 17  7 66 11  0 2020-02-20 21:36:56
procs -----------memory---------- ---swap-- -----io---- -system-- ------cpu----- -----timestamp-----
 r  b   swpd   free   buff  cache   si   so    bi    bo   in   cs us sy id wa st                 CST
26  2      0 1068924416  58464 4092628    0    0 379659   240 68342 82310 16  7 64 13  0 2020-02-20 21:36:59
28 12      0 1068920896  58464 4092756    0    0 395695   384 71841 85407 17  8 63 13  0 2020-02-20 21:37:02
27  0      0 1068874688  58464 4093692    0    0 321068   296 60077 76933 16  6 70  8  0 2020-02-20 21:37:05
25  5      0 1068912000  58464 4093880    0    0 383150   357 72043 89950 17  8 63 13  0 2020-02-20 21:37:08
28 69      0 1068918400  58464 4093856    0    0 383617   206 71174 84712 17  7 66 11  0 2020-02-20 21:37:11
23  2      0 1068920448  58464 4093700    0    0 371698   729 67417 82670 16  7 66 11  0 2020-02-20 21:37:14
29 20      0 1068920704  58464 4093736    0    0 357156   579 67435 80126 17  7 65 12  0 2020-02-20 21:37:17
23  3      0 1068920384  58464 4093788    0    0 383692   289 67785 81591 16  7 65 12  0 2020-02-20 21:37:20
23 95      0 1068920128  58464 4094560    0    0 347140   382 65230 79547 16  7 67 10  0 2020-02-20 21:37:23
25  5      0 1068828480  55212 4083676    0    0 347291   250 66481 83925 17  7 65 12  0 2020-02-20 21:37:26
25 30      0 1068908160  58464 4095244    0    0 331343   319 62876 78778 16  6 69  9  0 2020-02-20 21:37:29
23  2      0 1068904896  58464 4094992    0    0 362301   427 64619 79247 17  7 64 13  0 2020-02-20 21:37:32
26  3      0 1068864192  58464 4094820    0    0 418840   198 73102 85019 17  8 59 17  0 2020-02-20 21:37:35
22 16      0 1068921024  58464 4094608    0    0 426676   269 73005 87824 17  8 59 16  0 2020-02-20 21:37:38
34 99      0 1068921408  58464 4095120    0    0 376599   205 71104 81891 16  7 64 12  0 2020-02-20 21:37:41
27 114      0 1068922944  58464 4095792    0    0 419727   348 76405 92407 17  7 66 10  0 2020-02-20 21:37:44
22  3      0 1068907072  58452 4093860    0    0 408370   936 74203 89058 17  8 57 18  0 2020-02-20 21:37:47
38 21      0 1068905792  58464 4096160    0    0 358424   317 68069 79144 16  7 66 11  0 2020-02-20 21:37:50
35  7      0 1068905664  58464 4096804    0    0 404276   480 74381 88834 17  7 64 13  0 2020-02-20 21:37:53
30 128      0 1068912320  58464 4097004    0    0 367904   485 69716 81321 17  7 65 11  0 2020-02-20 21:37:56
36 19      0 1068914560  58464 4097196    0    0 403105   358 74615 86011 17  8 62 14  0 2020-02-20 21:37:59
procs -----------memory---------- ---swap-- -----io---- -system-- ------cpu----- -----timestamp-----
 r  b   swpd   free   buff  cache   si   so    bi    bo   in   cs us sy id wa st                 CST
35 128      0 1068901888  58464 4097608    0    0 327691   584 62274 74533 16  6 66 12  0 2020-02-20 21:38:02
23 83      0 1068864000  58464 4097784    0    0 288004   330 56524 70707 16  5 72  7  0 2020-02-20 21:38:05
28 119      0 1068911360  58464 4098088    0    0 401627   384 73291 91668 17  8 62 13  0 2020-02-20 21:38:08
24  2      0 1068918400  58464 4098124    0    0 314199   204 61748 74627 16  6 68 10  0 2020-02-20 21:38:11
38 114      0 1068915776  58464 4098164    0    0 311111   462 60737 71791 16  6 67 11  0 2020-02-20 21:38:14
24  0      0 1068917312  58464 4098208    0    0 356319   299 68572 81595 17  7 65 12  0 2020-02-20 21:38:17
25  2      0 1068915776  58464 4098232    0    0 287193   359 58027 71342 16  5 70  9  0 2020-02-20 21:38:20
23  1      0 1068911168  58464 4098284    0    0 387753   335 67935 83650 17  7 62 14  0 2020-02-20 21:38:23
25  9      0 1068830464  57004 4089176    0    0 285222   247 61775 79537 16  6 69  8  0 2020-02-20 21:38:26
24  2      0 1068907648  58464 4098960    0    0 325715   282 64047 77709 16  6 67 10  0 2020-02-20 21:38:29
38 52      0 1068902720  58464 4098828    0    0 377665   771 73153 87827 17  7 65 11  0 2020-02-20 21:38:32
30  1      0 1068855104  58464 4098840    0    0 392540   357 68125 85590 17  7 65 11  0 2020-02-20 21:38:35
38 10      0 1068913344  58464 4098736    0    0 325729   496 61033 76206 16  6 68 10  0 2020-02-20 21:38:38
31 10      0 1068918272  58464 4098768    0    0 347265   252 66748 80763 16  7 68  9  0 2020-02-20 21:38:41
46 32      0 1068919552  58464 4098800    0    0 344364   323 65963 81645 16  6 66 11  0 2020-02-20 21:38:44
36 49      0 1068897600  58464 4098916    0    0 359335   185 67589 85843 17  7 64 11  0 2020-02-20 21:38:47
23  2      0 1068900544  58464 4099716    0    0 387525   371 68007 82804 17  7 64 12  0 2020-02-20 21:38:50
25  1      0 1068872640  58464 4099028    0    0 391476   387 73305 84930 17  8 63 12  0 2020-02-20 21:38:53
23  2      0 1068825856  58464 4099716    0    0 363300   256 70523 91682 18  8 63 12  0 2020-02-20 21:38:56
39 77      0 1068826496  58464 4099976    0    0 375407   266 72628 90785 17  8 64 11  0 2020-02-20 21:38:59
30  1      0 1068684416  58464 4099968    0    0 278424   405 60875 81931 17  6 71  6  0 2020-02-20 21:39:02
procs -----------memory---------- ---swap-- -----io---- -system-- ------cpu----- -----timestamp-----
 r  b   swpd   free   buff  cache   si   so    bi    bo   in   cs us sy id wa st                 CST
39 13      0 1068699072  58464 4100072    0    0 359600   288 69637 86040 18  7 62 13  0 2020-02-20 21:39:05
29 10      0 1068908160  58464 4099984    0    0 346632   936 67034 92652 17  7 66 10  0 2020-02-20 21:39:08
23 28      0 1068912832  58464 4099888    0    0 380359   522 67776 86537 17  7 66 11  0 2020-02-20 21:39:11
23  2      0 1068911744  58464 4099736    0    0 302935   564 56586 72687 16  6 68  9  0 2020-02-20 21:39:14
21  2      0 1068913728  58464 4099780    0    0 357031   344 61581 78849 17  7 65 12  0 2020-02-20 21:39:17
31  5      0 1068912064  58464 4099840    0    0 324452   478 58726 76104 16  6 69  9  0 2020-02-20 21:39:20
29  4      0 1068916224  58464 4099864    0    0 345185   431 66692 80415 16  7 66 11  0 2020-02-20 21:39:23
29 15      0 1068896192  55792 4093044    0    0 394384   264 72904 90286 17  8 61 14  0 2020-02-20 21:39:26
48 101      0 1068900928  58464 4100428    0    0 365505   305 70054 83351 17  7 63 13  0 2020-02-20 21:39:29
26  2      0 1068892416  58464 4100428    0    0 397975   405 66749 84542 17  7 63 13  0 2020-02-20 21:39:32
38 10      0 1068849536  58464 4100332    0    0 348498   194 61436 76265 16  6 68  9  0 2020-02-20 21:39:35
23 69      0 1068907200  58464 4100384    0    0 362735   226 67179 82300 16  7 66 11  0 2020-02-20 21:39:38
37 12      0 1068913408  58464 4100404    0    0 317316   502 63481 74600 16  6 68 10  0 2020-02-20 21:39:41
28  0      0 1068904320  58464 4100336    0    0 312314   639 60340 81771 16  6 68  9  0 2020-02-20 21:39:44
36 52      0 1068908608  58464 4100844    0    0 329943   351 62642 77866 17  6 70  8  0 2020-02-20 21:39:47
38 120      0 1068906944  58464 4100892    0    0 422443   386 71980 86926 17  8 61 15  0 2020-02-20 21:39:50
36  7      0 1068904128  58464 4100940    0    0 348937   369 65783 80872 17  7 66 10  0 2020-02-20 21:39:53
21  6      0 1068898880  56024 4093392    0    0 339098   383 65255 82564 17  7 65 11  0 2020-02-20 21:39:56
34 26      0 1068903232  58464 4101224    0    0 374578   281 66842 83177 17  7 65 11  0 2020-02-20 21:39:59
25  0      0 1068900608  58464 4101820    0    0 399712   485 73048 89735 17  7 65 11  0 2020-02-20 21:40:02
31  1      0 1068847552  58464 4101828    0    0 310207   192 61929 75062 16  6 69  8  0 2020-02-20 21:40:05
procs -----------memory---------- ---swap-- -----io---- -system-- ------cpu----- -----timestamp-----
 r  b   swpd   free   buff  cache   si   so    bi    bo   in   cs us sy id wa st                 CST
33 75      0 1068908800  58464 4102220    0    0 329283   328 62904 76949 16  6 68 10  0 2020-02-20 21:40:08
35 60      0 1068910528  58464 4102264    0    0 402343   208 69838 84183 17  8 60 15  0 2020-02-20 21:40:11
35 30      0 1068911552  58464 4102164    0    0 389505   837 67104 83632 17  7 65 11  0 2020-02-20 21:40:14
30 111      0 1068904960  58464 4101024    0    0 363191   209 68876 87685 17  8 65 10  0 2020-02-20 21:40:17
22  2      0 1068905536  58464 4102356    0    0 380084   601 69955 85658 17  7 66 11  0 2020-02-20 21:40:20
26 144      0 1068909696  58464 4102376    0    0 350319   263 67293 80210 17  7 65 11  0 2020-02-20 21:40:23
22  2      0 1068907968  58464 4102408    0    0 345434   387 63239 78036 17  6 66 11  0 2020-02-20 21:40:26
42 17      0 1068904576  52240 4094776    0    0 325823   303 65179 80571 16  6 68  9  0 2020-02-20 21:40:29
33  7      0 1068896512  58464 4103168    0    0 311672   403 56952 74664 16  6 68  9  0 2020-02-20 21:40:32
48 14      0 1068837184  58464 4103176    0    0 384247   419 69912 84649 17  7 65 11  0 2020-02-20 21:40:35
21  2      0 1068911040  58464 4103180    0    0 308924   240 58827 74922 16  6 69  9  0 2020-02-20 21:40:38
23  1      0 1068910592  58464 4103256    0    0 296788   303 54998 69269 16  6 68 10  0 2020-02-20 21:40:41
30  8      0 1068912512  58464 4103400    0    0 262665   303 55225 66153 16  5 72  6  0 2020-02-20 21:40:44
24  2      0 1068904896  58464 4102436    0    0 285231   213 60400 77892 17  6 69  8  0 2020-02-20 21:40:47
24  2      0 1068903040  58464 4103964    0    0 326704   831 62382 75770 16  6 68 10  0 2020-02-20 21:40:50
33 11      0 1068907136  58464 4104128    0    0 359298   630 66002 81166 17  7 65 12  0 2020-02-20 21:40:53
27  1      0 1068910336  58464 4104172    0    0 330001   257 65355 77009 17  7 67 10  0 2020-02-20 21:40:56
21  0      0 1068913600  58464 4104660    0    0 305209   217 59965 74950 16  6 70  8  0 2020-02-20 21:40:59
26  0      0 1068909184  58464 4105080    0    0 323984   391 64453 75660 17  7 67 10  0 2020-02-20 21:41:02
34 85      0 1068840320  58464 4105284    0    0 326710   193 63688 77865 17  6 68  9  0 2020-02-20 21:41:05
22  4      0 1068899648  58464 4105704    0    0 414075   219 71551 92071 17  8 59 16  0 2020-02-20 21:41:08
procs -----------memory---------- ---swap-- -----io---- -system-- ------cpu----- -----timestamp-----
 r  b   swpd   free   buff  cache   si   so    bi    bo   in   cs us sy id wa st                 CST
46  7      0 1068951808  58464 4104360    0    0 310788   289 60850 74508 16  6 69  9  0 2020-02-20 21:41:11
39 130      0 1068953408  58464 4106152    0    0 376068   641 72626 84927 17  7 65 12  0 2020-02-20 21:41:14
28 118      0 1068959616  58464 4106232    0    0 352465   206 66091 80037 17  7 67  9  0 2020-02-20 21:41:17
24  2      0 1068955968  58464 4106264    0    0 335076   442 60131 76927 16  6 68  9  0 2020-02-20 21:41:20
21  2      0 1068958720  58464 4106536    0    0 253620   242 53214 65201 16  5 72  7  0 2020-02-20 21:41:23
22  6      0 1068951808  56836 4095584    0    0 389499   813 76596 90786 17  8 60 15  0 2020-02-20 21:41:26
28 104      0 1068949824  58464 4106832    0    0 367575   477 63302 79621 16  7 64 13  0 2020-02-20 21:41:29
36 84      0 1068947840  58464 4106824    0    0 521437   418 72532 80298 17  8 42 33  0 2020-02-20 21:41:32
28 162      0 1068882432  58464 4106760    0    0 522628   285 73469 77889 17  8 44 31  0 2020-02-20 21:41:35
27 212      0 1068960128  58464 4106844    0    0 519009   246 72313 81374 17  8 42 33  0 2020-02-20 21:41:38
21 210      0 1068955776  58464 4106864    0    0 516199   237 77132 78955 17  8 41 35  0 2020-02-20 21:41:41
26 164      0 1068957248  58464 4107076    0    0 522524   311 73785 80421 17  8 40 35  0 2020-02-20 21:41:44
33 234      0 1068953152  55548 4096360    0    0 527893   215 73011 84701 17  9 41 33  0 2020-02-20 21:41:47
32 191      0 1068949760  57848 4107548    0    0 520816   377 73326 81934 17  8 38 36  0 2020-02-20 21:41:50
38 203      0 1068946432  58180 4107404    0    0 519184   227 74994 80960 17  8 39 36  0 2020-02-20 21:41:53
33 202      0 1068949248  58464 4108020    0    0 514965   415 73514 79228 17  8 41 34  0 2020-02-20 21:41:56
31 178      0 1068957696  58464 4108572    0    0 518620   713 75527 81821 17  8 41 34  0 2020-02-20 21:41:59
36 220      0 1068942208  58464 4108760    0    0 519030   615 74228 81787 17  8 39 36  0 2020-02-20 21:42:02
34 236      0 1068863040  58464 4108752    0    0 516885  1030 74558 81189 17  8 39 36  0 2020-02-20 21:42:05
 1  1      0 1073672128  58464 4093744    0    0 60453  1057 37076 117134  2  5 88  5  0 2020-02-20 21:42:08
 1  2      0 1073600064  58464 4094016    0    0  2108   653 10562 25107  1  0 98  0  0 2020-02-20 21:42:11
procs -----------memory---------- ---swap-- -----io---- -system-- ------cpu----- -----timestamp-----
 r  b   swpd   free   buff  cache   si   so    bi    bo   in   cs us sy id wa st                 CST
 2  0      0 1073586752  58464 4093916    0    0   490   811 2442 17113  2  0 98  0  0 2020-02-20 21:42:14
 2  0      0 1073587328  58464 4093892    0    0   169   319 1449 16545  1  0 98  0  0 2020-02-20 21:42:17
 1  0      0 1073588480  58464 4093940    0    0    89   367 1477 15493  1  0 99  0  0 2020-02-20 21:42:20
 1  0      0 1073589696  58464 4093976    0    0   116   142 1726 16809  1  0 99  0  0 2020-02-20 21:42:23
 2  0      0 1073582144  58464 4093824    0    0 10948   259 5151 24587  1  1 97  1  0 2020-02-20 21:42:26
 1  0      0 1073587648  58464 4094888    0    0    79   288 1312 15942  1  0 99  0  0 2020-02-20 21:42:29
 1  0      0 1073593856  58464 4094548    0    0   147   382 1702 16727  1  0 99  0  0 2020-02-20 21:42:32
 1  0      0 1073597440  58464 4094436    0    0   129   111 1546 16139  1  0 98  0  0 2020-02-20 21:42:35
 1  0      0 1073606656  58464 4094452    0    0   419   219 2519 19304  1  0 99  0  0 2020-02-20 21:42:38
 1  0      0 1073610112  58464 4094508    0    0    74   140 1271 15531  1  0 99  0  0 2020-02-20 21:42:41
 3  0      0 1073611776  58464 4094480    0    0   137   301 1730 16060  1  0 99  0  0 2020-02-20 21:42:44
 1  0      0 1073602624  58464 4094204    0    0 10919   133 4665 24766  1  1 98  1  0 2020-02-20 21:42:47
 1  0      0 1073609792  58464 4094608    0    0    75   383 1353 15368  1  0 99  0  0 2020-02-20 21:42:50
 1  0      0 1073611776  58464 4094672    0    0   135   166 1416 16369  1  0 99  0  0 2020-02-20 21:42:53
 2  0      0 1073613696  58464 4094896    0    0   141   255 1425 15811  1  0 99  0  0 2020-02-20 21:42:56
 2  0      0 1073613312  58464 4095624    0    0    47   135 1346 15852  1  0 99  0  0 2020-02-20 21:42:59
 2  0      0 1073613760  58464 4095384    0    0   200   459 1706 16851  1  0 99  0  0 2020-02-20 21:43:02
 2  1      0 1073507520  55372 4095912    0    0   739   517 2443 16705  1  0 98  0  0 2020-02-20 21:43:05
 2  0      0 1073566336  58464 4095144    0    0 10335   587 5508 24770  1  0 98  1  0 2020-02-20 21:43:08
 3  0      0 1073550400  58464 4094984    0    0   391   648 2164 16716  2  0 98  0  0 2020-02-20 21:43:11
 1  0      0 1073550208  58464 4095212    0    0   201   440 1496 16034  1  0 99  0  0 2020-02-20 21:43:14
procs -----------memory---------- ---swap-- -----io---- -system-- ------cpu----- -----timestamp-----
 r  b   swpd   free   buff  cache   si   so    bi    bo   in   cs us sy id wa st                 CST
 2  0      0 1073552000  58464 4095488    0    0   113   130 1401 16478  1  0 99  0  0 2020-02-20 21:43:17
 0  0      0 1073593792  58464 4093520    0    0  1449   427 1912 16396  0  0 99  1  0 2020-02-20 21:43:20
 0  0      0 1073595648  58464 4095516    0    0   151   160 1466 16793  0  0 99  0  0 2020-02-20 21:43:23
 1  0      0 1073583808  58464 4095424    0    0 10874   260 5138 24658  1  1 98  1  0 2020-02-20 21:43:26
 0  0      0 1073585984  58464 4095916    0    0    68   221 1225 15863  0  0 100  0  0 2020-02-20 21:43:29
 0  0      0 1073588096  58464 4095004    0    0   500   490 3080 19820  0  1 99  0  0 2020-02-20 21:43:32
 0  0      0 1073593536  58464 4095812    0    0   113   137 1483 15832  0  0 99  0  0 2020-02-20 21:43:35
 0  0      0 1073595968  58464 4095836    0    0    57   463 2389 18892  0  0 100  0  0 2020-02-20 21:43:38
 0  0      0 1073596352  58464 4095912    0    0   111   142 1181 15568  0  0 100  0  0 2020-02-20 21:43:41
 0  0      0 1073595456  58464 4095976    0    0   210   324 1584 16191  0  0 99  0  0 2020-02-20 21:43:44
 0  1      0 1073582272  58464 4095848    0    0 11003   135 5072 25110  0  1 98  1  0 2020-02-20 21:43:47
 0  0      0 1073587904  58464 4095924    0    0   132   406 1264 15343  0  0 100  0  0 2020-02-20 21:43:50
 1  0      0 1073517376  58464 4096028    0    0   113   166 1398 16483  0  0 99  0  0 2020-02-20 21:43:53
 2  0      0 1073459840  58464 4096496    0    0   220   251 11367 36571  1  1 98  0  0 2020-02-20 21:43:56
 1  0      0 1073424064  58464 4096752    0    0    79   151 8987 31785  1  1 98  0  0 2020-02-20 21:43:59
 1  0      0 1073460800  58464 4096876    0    0   149   505 8782 31578  1  1 98  0  0 2020-02-20 21:44:02
 2  1      0 1073526016  51260 4098424    0    0  1111   514 6346 26197  1  1 98  0  0 2020-02-20 21:44:05
 4  0      0 1073582720  58464 4097076    0    0 10320   522 5297 24633  0  0 99  1  0 2020-02-20 21:44:08
 0  0      0 1073583744  58464 4097248    0    0  1157   428 2622 17534  0  0 99  0  0 2020-02-20 21:44:11
 0  0      0 1073592192  58464 4097320    0    0   129   344 1393 15906  0  0 100  0  0 2020-02-20 21:44:14
 1  0      0 1073592512  58464 4097148    0    0  2260   142 1990 17877  0  0 99  0  0 2020-02-20 21:44:17
procs -----------memory---------- ---swap-- -----io---- -system-- ------cpu----- -----timestamp-----
 r  b   swpd   free   buff  cache   si   so    bi    bo   in   cs us sy id wa st                 CST
 0  0      0 1073596672  58464 4097428    0    0    47   491 1238 15121  0  0 100  0  0 2020-02-20 21:44:20
 0  0      0 1073597568  58464 4097432    0    0   129   169 1429 16446  0  0 100  0  0 2020-02-20 21:44:23
 2  0      0 1073586624  58464 4096836    0    0 10914   235 5121 24789  1  1 98  1  0 2020-02-20 21:44:26
 4  1      0 1073591488  58464 4097960    0    0    44   241 1264 15866  0  0 100  0  0 2020-02-20 21:44:29
 4  0      0 1073597376  58464 4098128    0    0   208   419 1517 16567  0  0 100  0  0 2020-02-20 21:44:32
 2  0      0 1073600000  58464 4098216    0    0   236   142 1563 15655  0  0 99  0  0 2020-02-20 21:44:35
 0  0      0 1073603328  58464 4098120    0    0    47   210 2297 18535  0  0 100  0  0 2020-02-20 21:44:38
 0  0      0 1073600512  58464 4098168    0    0    84   155 1198 15587  0  0 100  0  0 2020-02-20 21:44:41
 0  0      0 1073600064  58464 4098240    0    0   151   278 1356 15868  0  0 99  0  0 2020-02-20 21:44:44
 2  1      0 1073590528  58464 4098120    0    0 10874   145 4781 24891  0  1 98  1  0 2020-02-20 21:44:47
 0  0      0 1073598336  58464 4098156    0    0   107   350 1270 15195  0  0 100  0  0 2020-02-20 21:44:50
 0  0      0 1073597632  58464 4098156    0    0   140   179 1259 16093  0  0 100  0  0 2020-02-20 21:44:53
 1  0      0 1073599808  58464 4098480    0    0   113   245 1288 15860  0  0 99  0  0 2020-02-20 21:44:56
 4  0      0 1073596160  58464 4098640    0    0    63   161 1337 15948  0  0 100  0  0 2020-02-20 21:44:59
 2  1      0 1073599424  56404 4099288    0    0   823   462 2133 17989  0  0 99  0  0 2020-02-20 21:45:02
 1  0      0 1073588544  58464 4098780    0    0 11108   145 5549 24789  1  1 98  1  0 2020-02-20 21:45:05
 1  1      0 1073594496  58464 4098792    0    0   931   341 1578 16711  0  0 100  0  0 2020-02-20 21:45:08
 1  0      0 1073595712  58464 4099016    0    0  2340  2909 4283 18352  0  0 99  0  0 2020-02-20 21:45:11
 2  1      0 1073596224  58464 4099032    0    0  2033  1400 3175 17337  0  0 99  0  0 2020-02-20 21:45:14
 0  1      0 1073585984  58464 4099332    0    0 13231   694 7511 27394  1  1 98  1  0 2020-02-20 21:45:17
 0  0      0 1073592256  58464 4099380    0    0   975   590 5693 18426  0  0 99  0  0 2020-02-20 21:45:20
