procs -----------memory---------- ---swap-- -----io---- -system-- ------cpu----- -----timestamp-----
 r  b   swpd   free   buff  cache   si   so    bi    bo   in   cs us sy id wa st                 CST
 8  0      0 1073366592  58464 4526524    0    0  1595   146    5   24  2  3 89  7  0 2020-02-20 14:26:55
 6  0      0 1072492416  58464 4526612    0    0    63   296 6975 33463  1  1 97  0  0 2020-02-20 14:26:58
 7  0      0 1071735936  58464 4527148    0    0   484   264 14711 48525  2  2 96  0  0 2020-02-20 14:27:01
 7  0      0 1070854144  58464 4529048    0    0   195   209 12942 45466  2  2 96  0  0 2020-02-20 14:27:04
 3  0      0 1070192640  58464 4532488    0    0   107   541 9298 38063  1  1 97  0  0 2020-02-20 14:27:07
 1  1      0 1069385664  58492 4537952    0    0   699   755 9120 38475  2  2 96  0  0 2020-02-20 14:27:10
 2  0      0 1069418880  58464 4538520    0    0 10296   239 4475 30215  0  0 99  1  0 2020-02-20 14:27:13
20 19      0 1069015104  58464 4545488    0    0 71543  2111 20919 69801  3  3 92  2  0 2020-02-20 14:27:16
12 22      0 1068943232  58464 4548592    0    0 668114  6311 99856 213291  4  8 73 15  0 2020-02-20 14:27:19
15 105      0 1068929920  58464 4551156    0    0 670464  5764 92291 184470  4  6 76 14  0 2020-02-20 14:27:22
 8 14      0 1068919872  58464 4551884    0    0 672184  7839 97366 179027  3  6 77 14  0 2020-02-20 14:27:25
15 13      0 1068918528  58464 4552112    0    0 672559 17390 102328 185083  3  6 77 14  0 2020-02-20 14:27:28
11 18      0 1068892352  57992 4551320    0    0 640551 57677 100718 183880  4  7 77 13  0 2020-02-20 14:27:31
18 17      0 1068876864  58464 4553892    0    0 641804 48588 110491 185401  3  7 79 11  0 2020-02-20 14:27:34
24 36      0 1068887680  58464 4553400    0    0 623108 46319 109706 183489  3  6 80 11  0 2020-02-20 14:27:37
17 13      0 1068813504  58464 4553176    0    0 638375 51405 111169 188056  4  7 78 12  0 2020-02-20 14:27:40
20 32      0 1068886656  58464 4553168    0    0 637719 49680 116684 190257  4  7 78 12  0 2020-02-20 14:27:43
 9 24      0 1068882560  58464 4553744    0    0 641195 51620 116040 193439  4  7 77 12  0 2020-02-20 14:27:46
17 17      0 1068881856  58464 4553652    0    0 648324 38461 112556 188486  4  6 78 12  0 2020-02-20 14:27:49
 7 19      0 1068876992  58464 4553468    0    0 630957 60735 114532 191266  4  7 78 11  0 2020-02-20 14:27:52
14 13      0 1068883776  58464 4553776    0    0 662142 40479 106119 185481  4  6 79 11  0 2020-02-20 14:27:55
procs -----------memory---------- ---swap-- -----io---- -system-- ------cpu----- -----timestamp-----
 r  b   swpd   free   buff  cache   si   so    bi    bo   in   cs us sy id wa st                 CST
18 13      0 1068887552  58464 4553528    0    0 644193 58001 113092 191990  4  7 75 15  0 2020-02-20 14:27:58
18 15      0 1068886528  58464 4553908    0    0 655271 50130 114735 189572  4  7 78 11  0 2020-02-20 14:28:01
28 18      0 1068873472  58464 4554452    0    0 658595 54205 113924 191586  4  7 77 12  0 2020-02-20 14:28:04
13  9      0 1068890368  58464 4554280    0    0 643888 54208 107142 179710  3  6 81 10  0 2020-02-20 14:28:07
10 13      0 1068810560  58492 4554252    0    0 664980 56075 105420 180771  4  6 81 10  0 2020-02-20 14:28:10
 8 23      0 1068883072  58464 4554256    0    0 672704 56350 113894 193050  4  7 78 11  0 2020-02-20 14:28:13
 9 12      0 1068885120  58464 4553744    0    0 654016 57300 119089 194364  4  7 77 12  0 2020-02-20 14:28:16
10 19      0 1068887936  58464 4553544    0    0 655617 46933 113912 192067  3  7 79 11  0 2020-02-20 14:28:19
 9 16      0 1068890624  58464 4553360    0    0 658231 50575 101757 180004  3  6 81 10  0 2020-02-20 14:28:22
 9 11      0 1068891136  58464 4553468    0    0 656165 56478 113192 192410  3  7 79 10  0 2020-02-20 14:28:25
13 18      0 1068893312  58464 4553492    0    0 665132 47736 112697 193797  4  6 79 11  0 2020-02-20 14:28:28
13 36      0 1068889472  57692 4552524    0    0 656877 51169 117407 194703  4  7 78 11  0 2020-02-20 14:28:31
12 17      0 1068880320  58464 4553628    0    0 655952 49682 115828 190297  3  7 79 11  0 2020-02-20 14:28:34
14 20      0 1068890944  58464 4553964    0    0 673521 52989 110763 187856  4  6 79 11  0 2020-02-20 14:28:37
15 32      0 1068850816  58464 4553968    0    0 663907 50567 110438 187610  4  7 78 12  0 2020-02-20 14:28:40
16 21      0 1068891968  58464 4553992    0    0 666812 51907 114656 191888  4  7 78 12  0 2020-02-20 14:28:43
10 14      0 1068892032  58464 4553824    0    0 643452 46744 111291 183799  3  6 79 11  0 2020-02-20 14:28:46
15 12      0 1068893120  58464 4553844    0    0 645695 56765 116344 188587  3  7 77 13  0 2020-02-20 14:28:49
11 15      0 1068889408  58464 4554008    0    0 661675 53007 117203 198488  4  7 76 13  0 2020-02-20 14:28:52
 5 16      0 1068896000  58076 4553588    0    0 606983 54662 112180 178372  3  6 81 10  0 2020-02-20 14:28:55
12 15      0 1068899520  58464 4553848    0    0 667716 53629 115603 195805  4  7 76 13  0 2020-02-20 14:28:58
procs -----------memory---------- ---swap-- -----io---- -system-- ------cpu----- -----timestamp-----
 r  b   swpd   free   buff  cache   si   so    bi    bo   in   cs us sy id wa st                 CST
44 49      0 1068900800  58464 4553880    0    0 669196 48485 121971 199109  4  8 77 12  0 2020-02-20 14:29:01
15 13      0 1068894720  58464 4554084    0    0 661155 59278 113589 192319  4  7 79 11  0 2020-02-20 14:29:04
16 20      0 1068903552  58464 4554564    0    0 654614 51282 113774 189273  3  6 79 11  0 2020-02-20 14:29:07
 9 28      0 1068825088  58464 4554596    0    0 678785 43481 107688 183209  4  6 79 11  0 2020-02-20 14:29:10
12 17      0 1068889536  58464 4554660    0    0 680580 53239 118833 198962  4  7 76 13  0 2020-02-20 14:29:13
19 15      0 1068895488  58464 4554788    0    0 666032 46246 117062 188804  4  7 80 10  0 2020-02-20 14:29:16
18 17      0 1068896576  58464 4554808    0    0 685260 47967 117463 190961  4  7 80 10  0 2020-02-20 14:29:19
13 11      0 1068899520  58464 4554872    0    0 666401 60389 108479 185890  4  6 80 10  0 2020-02-20 14:29:22
31 21      0 1068895488  58464 4555044    0    0 678487 54981 110714 192878  4  7 77 12  0 2020-02-20 14:29:25
24 17      0 1068896704  58464 4555120    0    0 678496 50245 116799 193955  4  7 79 11  0 2020-02-20 14:29:28
10 22      0 1068892096  57512 4554012    0    0 694485 49383 116542 198360  4  7 76 12  0 2020-02-20 14:29:31
10 23      0 1068888448  58464 4555988    0    0 672211 55866 110919 193047  4  7 77 13  0 2020-02-20 14:29:34
16 13      0 1068896128  58464 4555848    0    0 685903 47543 108431 186770  3  6 81 10  0 2020-02-20 14:29:37
23 14      0 1068861056  58464 4555880    0    0 683612 55446 117712 193516  4  7 78 11  0 2020-02-20 14:29:40
10 19      0 1068896128  58464 4555888    0    0 679866 56539 116889 190685  3  6 80 10  0 2020-02-20 14:29:43
23 20      0 1068893376  58464 4555572    0    0 662312 59704 120199 198567  4  7 77 12  0 2020-02-20 14:29:46
14 11      0 1068895744  58464 4555604    0    0 696449 56918 103362 183643  3  6 81 10  0 2020-02-20 14:29:49
23 24      0 1068894336  58464 4555600    0    0 687891 50409 119215 204400  4  8 75 13  0 2020-02-20 14:29:52
21 11      0 1068895232  58464 4555572    0    0 673213 50684 105313 183442  4  6 81  9  0 2020-02-20 14:29:55
22 13      0 1068896960  58464 4555596    0    0 703156 54177 115439 195657  4  7 78 12  0 2020-02-20 14:29:58
29 13      0 1068899584  58464 4555564    0    0 663652 62571 119778 194572  4  7 77 12  0 2020-02-20 14:30:01
procs -----------memory---------- ---swap-- -----io---- -system-- ------cpu----- -----timestamp-----
 r  b   swpd   free   buff  cache   si   so    bi    bo   in   cs us sy id wa st                 CST
15 31      0 1068897152  58464 4555996    0    0 691016 49125 112569 190415  4  7 78 12  0 2020-02-20 14:30:04
10 16      0 1068901760  58464 4556444    0    0 684828 58040 119203 198535  4  7 77 12  0 2020-02-20 14:30:07
18 10      0 1068820352  58464 4556484    0    0 678768 52474 117753 190272  4  7 79 10  0 2020-02-20 14:30:10
20 18      0 1068884864  58464 4556624    0    0 692803 50492 111835 193794  4  7 77 12  0 2020-02-20 14:30:13
14 18      0 1068916096  58464 4556560    0    0 680005 50462 116761 194827  4  7 77 12  0 2020-02-20 14:30:16
16 26      0 1068915776  58464 4556596    0    0 696746 54648 109003 188056  3  6 79 11  0 2020-02-20 14:30:19
40 33      0 1068913984  58464 4556636    0    0 692724 52881 120068 197452  4  7 77 11  0 2020-02-20 14:30:22
21 22      0 1068913344  58464 4556700    0    0 693163 54516 114322 194163  4  7 76 13  0 2020-02-20 14:30:25
33 34      0 1068914688  58464 4556716    0    0 691623 53708 118099 198526  4  7 77 12  0 2020-02-20 14:30:29
17 29      0 1068910592  57756 4555320    0    0 676134 47109 121799 204779  4  8 75 12  0 2020-02-20 14:30:32
 8 16      0 1068904192  58464 4557400    0    0 688904 58572 122713 199403  4  8 77 11  0 2020-02-20 14:30:35
 7 16      0 1068909440  58464 4557504    0    0 699127 54997 119644 194024  4  7 79 11  0 2020-02-20 14:30:38
26 16      0 1068916224  58464 4557656    0    0 685748 61215 121670 199544  4  7 78 11  0 2020-02-20 14:30:41
 8 18      0 1068917504  58464 4557520    0    0 705860 48738 96496 178879  3  5 82 10  0 2020-02-20 14:30:44
11 10      0 1068915008  58464 4557548    0    0 709181 57516 118779 197834  4  8 77 11  0 2020-02-20 14:30:47
13 30      0 1068915712  58464 4557596    0    0 691212 56152 119119 197294  4  7 79 11  0 2020-02-20 14:30:50
10 21      0 1068911232  58464 4557636    0    0 701502 48899 115045 200749  4  7 76 12  0 2020-02-20 14:30:53
27 12      0 1068911232  58464 4557676    0    0 694800 62414 119655 201256  4  8 77 11  0 2020-02-20 14:30:56
12 25      0 1068910464  58464 4557700    0    0 709388 46870 114772 195475  4  7 79 11  0 2020-02-20 14:30:59
13 24      0 1068914944  58464 4557812    0    0 700965 54752 119389 195839  4  7 78 11  0 2020-02-20 14:31:02
39 35      0 1068907264  58464 4558200    0    0 703795 55614 121346 198762  4  7 77 11  0 2020-02-20 14:31:05
procs -----------memory---------- ---swap-- -----io---- -system-- ------cpu----- -----timestamp-----
 r  b   swpd   free   buff  cache   si   so    bi    bo   in   cs us sy id wa st                 CST
12 12      0 1068908864  58464 4558268    0    0 689133 56729 120397 195854  4  7 79 11  0 2020-02-20 14:31:08
20 14      0 1068828928  58464 4558740    0    0 713379 57729 120473 196953  4  7 78 11  0 2020-02-20 14:31:11
14 27      0 1068900224  58464 4558852    0    0 705063 52882 122615 201718  4  7 77 11  0 2020-02-20 14:31:14
18 17      0 1068905024  58464 4558732    0    0 708723 58879 121593 202981  4  8 76 12  0 2020-02-20 14:31:17
25 41      0 1068902592  58464 4558760    0    0 708972 53231 122852 199121  4  7 78 12  0 2020-02-20 14:31:20
15 14      0 1068902336  58464 4558768    0    0 720860 60745 120591 198801  4  7 77 12  0 2020-02-20 14:31:23
14 13      0 1068902208  58464 4558820    0    0 706808 52677 116583 197416  4  7 78 12  0 2020-02-20 14:31:26
 9 16      0 1068905344  58464 4558860    0    0 711722 58071 111134 189546  3  6 81 10  0 2020-02-20 14:31:29
 7 16      0 1068895872  58464 4557716    0    0 716178 55593 118430 204286  4  8 74 13  0 2020-02-20 14:31:32
17 17      0 1068890240  58464 4559404    0    0 701243 53532 111723 193634  4  7 78 11  0 2020-02-20 14:31:35
19 23      0 1068899008  58464 4559864    0    0 719079 52907 122388 203782  4  8 77 11  0 2020-02-20 14:31:38
11 16      0 1068901760  58464 4559884    0    0 703319 66101 118767 201132  4  7 77 12  0 2020-02-20 14:31:41
17 25      0 1068904832  58464 4559784    0    0 707257 54835 118812 202141  4  7 78 11  0 2020-02-20 14:31:44
27 34      0 1068901504  58464 4559772    0    0 707395 49091 115814 198744  4  8 77 11  0 2020-02-20 14:31:47
20 26      0 1068903616  58464 4559784    0    0 705737 52661 120265 203068  4  8 75 13  0 2020-02-20 14:31:50
15 21      0 1068894144  58464 4559852    0    0 704060 52281 121354 205222  4  8 75 12  0 2020-02-20 14:31:53
20 41      0 1068894720  58464 4560308    0    0 710537 54689 116170 198650  4  7 77 11  0 2020-02-20 14:31:56
18 14      0 1068780544  58464 4560384    0    0 690269 62267 116212 196203  4  7 79 10  0 2020-02-20 14:31:59
17 18      0 1068775424  58464 4560372    0    0 728842 47262 124278 209350  5  9 75 11  0 2020-02-20 14:32:02
 5 20      0 1068800960  58464 4561104    0    0 713423 55651 110411 195509  4  7 79  9  0 2020-02-20 14:32:05
18 15      0 1068738944  58464 4561004    0    0 733193 52710 119271 200589  4  7 77 11  0 2020-02-20 14:32:08
procs -----------memory---------- ---swap-- -----io---- -system-- ------cpu----- -----timestamp-----
 r  b   swpd   free   buff  cache   si   so    bi    bo   in   cs us sy id wa st                 CST
32 38      0 1068615040  58464 4561596    0    0 712686 59172 124824 203056  5  8 77 10  0 2020-02-20 14:32:11
20 34      0 1068881600  58464 4561580    0    0 711071 56993 124051 209846  4  9 75 12  0 2020-02-20 14:32:14
 7  2      0 1072245312  54216 4548808    0    0 495153 48231 99657 173003  4  8 82  7  0 2020-02-20 14:32:17
10 11      0 1073305024  51660 4543744    0    0 14429  7158 18604 57610  1  2 96  0  0 2020-02-20 14:32:20
 1  0      0 1073305536  58464 4545696    0    0  2132  1958 3324 24178  1  0 99  0  0 2020-02-20 14:32:23
 0  0      0 1073315776  58464 4545640    0    0   243  3124 3271 22841  0  0 99  0  0 2020-02-20 14:32:26
 2  0      0 1073315392  58464 4545784    0    0    79  1336 1481 21102  0  0 100  0  0 2020-02-20 14:32:29
 0  0      0 1073309760  58464 4546024    0    0 10880  3467 6295 30968  0  1 98  1  0 2020-02-20 14:32:32
 0  0      0 1073314432  58464 4546272    0    0   243  3366 3069 22903  0  0 99  0  0 2020-02-20 14:32:35
 0  0      0 1073316672  58464 4546120    0    0    57  3283 2705 23277  0  0 100  0  0 2020-02-20 14:32:38
 0  0      0 1073316864  58464 4546324    0    0   188  3015 2494 22173  0  0 99  0  0 2020-02-20 14:32:41
 0  0      0 1073317824  58464 4546344    0    0   143  4220 2811 23394  0  0 100  0  0 2020-02-20 14:32:44
 2  0      0 1073319424  58464 4546412    0    0   179  3186 2932 23652  0  0 99  0  0 2020-02-20 14:32:47
 5  0      0 1073318528  58464 4546412    0    0    79  4064 2919 22798  0  0 100  0  0 2020-02-20 14:32:50
 0  0      0 1073314944  58464 4546104    0    0 10919  3765 6189 31907  0  1 98  1  0 2020-02-20 14:32:53
 0  0      0 1073322112  58464 4545880    0    0   200  4313 3357 23207  0  0 99  0  0 2020-02-20 14:32:56
 2  0      0 1073322880  58464 4546028    0    0    95  3999 2765 22858  0  0 100  0  0 2020-02-20 14:32:59
 0  0      0 1073323712  58464 4546176    0    0   228  5586 3576 24028  1  0 99  0  0 2020-02-20 14:33:02
 4  0      0 1073311296  58464 4546368    0    0 11166  4249 7357 32373  1  1 98  1  0 2020-02-20 14:33:05
 1  0      0 1073323456  58464 4546400    0    0   635  6361 5032 26771  1  0 99  0  0 2020-02-20 14:33:08
 0  0      0 1073326464  58464 4546440    0    0   297  1742 2208 21404  1  0 99  0  0 2020-02-20 14:33:11
procs -----------memory---------- ---swap-- -----io---- -system-- ------cpu----- -----timestamp-----
 r  b   swpd   free   buff  cache   si   so    bi    bo   in   cs us sy id wa st                 CST
 0  0      0 1073326720  58464 4546468    0    0    57  4351 2948 23226  0  0 100  0  0 2020-02-20 14:33:14
 0  0      0 1073325440  58464 4546780    0    0   234  4005 3417 23652  0  0 99  0  0 2020-02-20 14:33:17
 1  0      0 1073323520  58464 4546800    0    0   100  5131 3774 23581  0  0 100  0  0 2020-02-20 14:33:20
 2  0      0 1073315968  58464 4546612    0    0 10875  5559 7552 33429  1  1 98  1  0 2020-02-20 14:33:23
 0  0      0 1073324032  58464 4546752    0    0   151  4884 4024 23829  0  0 99  0  0 2020-02-20 14:33:26
 0  0      0 1073324288  58464 4546780    0    0   116  1528 1622 21236  0  0 100  0  0 2020-02-20 14:33:29
 0  0      0 1073325632  58464 4546824    0    0   129  4630 3331 23789  0  0 99  0  0 2020-02-20 14:33:32
 0  0      0 1073323328  58464 4547164    0    0   183  3887 3319 23165  0  0 99  0  0 2020-02-20 14:33:35
 0  0      0 1073317952  58464 4547160    0    0 10907  4033 6506 31999  0  0 99  1  0 2020-02-20 14:33:38
 0  0      0 1073325696  58464 4547208    0    0   161  4245 3182 23095  0  0 99  0  0 2020-02-20 14:33:41
 0  0      0 1073326400  58464 4547252    0    0   127  4092 2863 22973  0  0 100  0  0 2020-02-20 14:33:44
 0  0      0 1073326912  58464 4547340    0    0   183  4456 3501 23782  0  0 99  0  0 2020-02-20 14:33:47
 4  0      0 1073320192  58464 4547360    0    0    63  3567 2692 22275  0  0 100  0  0 2020-02-20 14:33:50
 0  0      0 1073314176  58464 4547756    0    0 10976  4671 6842 32294  0  1 98  1  0 2020-02-20 14:33:53
 1  1      0 1073325440  57544 4546452    0    0  1664  4476 4076 24694  0  0 99  0  0 2020-02-20 14:33:56
 0  0      0 1073327232  58464 4547812    0    0   369  4474 3064 23178  0  0 100  0  0 2020-02-20 14:33:59
 2  0      0 1073329152  58464 4547840    0    0   161  3938 3325 23905  1  0 99  0  0 2020-02-20 14:34:02
 1  0      0 1073326400  58464 4548240    0    0   295  7325 5199 25660  1  0 99  0  0 2020-02-20 14:34:05
 4  0      0 1073316864  58464 4548304    0    0  3774  4294 4502 24845  1  0 99  0  0 2020-02-20 14:34:08
 1  0      0 1073302016  58464 4548284    0    0 16036  6011 13234 37675  1  1 98  1  0 2020-02-20 14:34:11
 0  0      0 1073308672  58464 4548176    0    0   116  4790 3715 23909  0  0 100  0  0 2020-02-20 14:34:14
procs -----------memory---------- ---swap-- -----io---- -system-- ------cpu----- -----timestamp-----
 r  b   swpd   free   buff  cache   si   so    bi    bo   in   cs us sy id wa st                 CST
 0  0      0 1073311808  58464 4548228    0    0   163  4583 3603 24183  0  0 99  0  0 2020-02-20 14:34:17
 5  0      0 1073302464  58464 4548244    0    0    95  4797 3504 22932  0  0 100  0  0 2020-02-20 14:34:20
