procs -----------memory---------- ---swap-- -----io---- -system-- ------cpu----- -----timestamp-----
 r  b   swpd   free   buff  cache   si   so    bi    bo   in   cs us sy id wa st                 CST
 2  0      0 4213580  37624 6004080    0    0   594   350   27    6  6  7 80  7  0 2020-02-10 15:43:37
 1  0      0 3910812  37624 6004380    0    0    93   149 2746 16251  9  9 82  0  0 2020-02-10 15:43:40
 1  0      0 3914028  37624 6004412    0    0   133   281 1615 13012  6  3 91  0  0 2020-02-10 15:43:43
11 17      0 3863596  37624 6005340    0    0 34324  2410 26079 38140 18 34  5 43  0 2020-02-10 15:43:47
13 17      0 3871400  37624 6005544    0    0 42502  2294 27572 41802 19 38  3 40  0 2020-02-10 15:43:50
 7 16      0 3877908  37624 6005492    0    0 36491  2255 27167 39638 14 31  4 50  0 2020-02-10 15:43:53
14 15      0 3837656  37624 6005504    0    0 35907  3118 26465 37943 26 35  2 37  0 2020-02-10 15:43:56
 7 18      0 3850012  37624 6005556    0    0 36220  2304 26369 37620 26 35  2 37  0 2020-02-10 15:43:59
 7 18      0 3839980  37624 6005620    0    0 42327  4088 27628 42538 17 36  4 44  0 2020-02-10 15:44:02
 4 18      0 3875740  37624 6005620    0    0 37601  2175 27169 39486 15 32  4 49  0 2020-02-10 15:44:05
 7 16      0 3874808  37624 6005712    0    0 36972  3209 24967 38005 19 34  3 44  0 2020-02-10 15:44:08
 2 19      0 3871840  37624 6005864    0    0 37346  2290 27022 39856 16 35  4 45  0 2020-02-10 15:44:11
 6 17      0 3830088  37624 6005944    0    0 42161  4305 26298 41498 18 36  3 42  0 2020-02-10 15:44:14
 9 19      0 3856780  37624 6005980    0    0 38525  5384 26947 39737 20 35  3 42  0 2020-02-10 15:44:17
 2 19      0 3873948  37624 6006060    0    0 34576  6077 25843 38084 19 34  4 43  0 2020-02-10 15:44:20
 5 16      0 3874620  37624 6006212    0    0 37083  2377 26621 39704 14 31  4 51  0 2020-02-10 15:44:23
 4 19      0 3826644  37624 6006224    0    0 43264  3506 27692 42613 19 38  3 40  0 2020-02-10 15:44:26
 8 19      0 3839372  37624 6006456    0    0 36763  2167 26241 38591 18 34  4 44  0 2020-02-10 15:44:29
13 18      0 3843676  37524 6005880    0    0 37899  4499 26882 40802 14 33  4 49  0 2020-02-10 15:44:32
 5 20      0 3874060  37624 6006560    0    0 37440  2333 27082 39793 15 31  3 50  0 2020-02-10 15:44:35
 9 19      0 3869692  37624 6006648    0    0 40040  5920 26609 40752 20 38  3 40  0 2020-02-10 15:44:38
procs -----------memory---------- ---swap-- -----io---- -system-- ------cpu----- -----timestamp-----
 r  b   swpd   free   buff  cache   si   so    bi    bo   in   cs us sy id wa st                 CST
 9 16      0 3871916  37624 6006628    0    0 36744  2208 26614 39255 15 31  4 50  0 2020-02-10 15:44:41
 8 18      0 3875980  37624 6006736    0    0 36854  2393 26470 38629 19 32  4 46  0 2020-02-10 15:44:44
 8 20      0 3861508  37624 6006872    0    0 36653  2227 26694 39380 18 33  4 45  0 2020-02-10 15:44:47
 7 18      0 3871012  37624 6007028    0    0 41560  5025 26875 41295 18 38  3 41  0 2020-02-10 15:44:50
 2 20      0 3870408  37256 6006652    0    0 37156  2571 28320 41335 16 35  4 45  0 2020-02-10 15:44:53
 4 18      0 3868116  37624 6007056    0    0 30048 11748 27118 39482 16 34  5 45  0 2020-02-10 15:44:56
 2 21      0 3839888  37624 6007104    0    0 29623 13793 26183 38197 17 34  5 44  0 2020-02-10 15:44:59
 8 17      0 3828656  37624 6007160    0    0 35652 14726 28089 43287 16 38  4 42  0 2020-02-10 15:45:02
 8 16      0 3858516  37624 6009120    0    0 27983 17379 26620 38699 14 32  6 48  0 2020-02-10 15:45:05
 1 21      0 3858916  37624 6009280    0    0 29679 14639 26797 38966 18 35  4 42  0 2020-02-10 15:45:08
 8 18      0 3854392  37624 6009276    0    0 27994 14218 27064 39275 13 33  7 47  0 2020-02-10 15:45:11
10 18      0 3813252  37624 6009444    0    0 34675 13766 27840 41871 18 38  5 39  0 2020-02-10 15:45:14
 3 21      0 3781344  37624 6009552    0    0 27364 17819 26506 37838 24 36  4 36  0 2020-02-10 15:45:17
 2 22      0 3885792  37380 6009072    0    0 29971 14419 25495 37870 18 34  5 43  0 2020-02-10 15:45:20
 2 21      0 3886144  37624 6009476    0    0 30199 14258 24526 36906 12 27  5 56  0 2020-02-10 15:45:23
 5 21      0 3880796  37624 6009640    0    0 36939 14710 26028 40663 17 33  3 47  0 2020-02-10 15:45:26
 7 18      0 3845216  37624 6009696    0    0 27821 17322 23859 35390 15 30  3 52  0 2020-02-10 15:45:29
 7 20      0 3850032  37624 6009708    0    0 29897 16612 24876 37666 13 29  4 54  0 2020-02-10 15:45:32
 4 21      0 3885648  37624 6009812    0    0 30603 15839 25713 38596 16 31  4 49  0 2020-02-10 15:45:35
10 15      0 3881004  37624 6009924    0    0 36181 15108 24747 40178 20 38  3 39  0 2020-02-10 15:45:38
 2 18      0 3881900  37624 6010048    0    0 28707 16779 24292 36330 13 29  4 55  0 2020-02-10 15:45:41
procs -----------memory---------- ---swap-- -----io---- -system-- ------cpu----- -----timestamp-----
 r  b   swpd   free   buff  cache   si   so    bi    bo   in   cs us sy id wa st                 CST
 8 22      0 3886872  37624 6010160    0    0 33144 14989 24453 36744 17 29  3 52  0 2020-02-10 15:45:44
 2 21      0 3870852  37624 6010232    0    0 33203 14529 24828 37362 16 30  3 50  0 2020-02-10 15:45:47
 3 18      0 3882840  37624 6010384    0    0 39240 14303 25177 39649 17 34  3 45  0 2020-02-10 15:45:50
 3 21      0 3885336  37624 6010508    0    0 28824 18851 24077 36311 12 27  3 57  0 2020-02-10 15:45:53
 5 20      0 3886048  37624 6010540    0    0 30661 15217 24595 37061 16 30  3 51  0 2020-02-10 15:45:56
 3 22      0 3847724  37624 6010584    0    0 33788 14419 24426 36666 17 30  4 50  0 2020-02-10 15:45:59
13 19      0 3849184  37624 6010632    0    0 39213 14633 25667 40798 14 33  3 49  0 2020-02-10 15:46:02
 6 19      0 3883548  37624 6010660    0    0 30271 16606 24664 36656 13 28  4 55  0 2020-02-10 15:46:05
 4 21      0 3884816  37624 6010712    0    0 32719 15514 24390 36781 16 31  4 48  0 2020-02-10 15:46:08
 9 17      0 3886744  37624 6010744    0    0 31863 14848 24539 36790 13 28  4 54  0 2020-02-10 15:46:11
 3 19      0 3884908  37624 6010908    0    0 37656 14662 25296 39350 17 32  3 48  0 2020-02-10 15:46:14
 3 21      0 3869904  37624 6010964    0    0 31596 16933 25075 38419 17 31  4 49  0 2020-02-10 15:46:17
 6 16      0 3885688  37624 6010980    0    0 33526 14129 24316 36233 17 31  4 48  0 2020-02-10 15:46:20
 3 20      0 3884192  37624 6010996    0    0 31677 15134 25010 36788 13 28  5 55  0 2020-02-10 15:46:23
 2 19      0 3880920  37624 6011052    0    0 39779 14155 25722 40251 17 33  3 47  0 2020-02-10 15:46:26
 3 19      0 3848784  37624 6011288    0    0 30368 18269 23957 35527 15 30  4 51  0 2020-02-10 15:46:29
 6 18      0 3855240  37624 6011344    0    0 32281 14852 25420 37981 13 29  4 54  0 2020-02-10 15:46:32
 9 21      0 3882564  37624 6011364    0    0 32887 14745 24827 36903 14 28  3 55  0 2020-02-10 15:46:35
 4 20      0 3886584  37624 6011408    0    0 39112 14283 24874 39662 18 36  3 43  0 2020-02-10 15:46:38
 0 20      0 3886784  37624 6011440    0    0 31027 17068 24480 36826 13 29  4 54  0 2020-02-10 15:46:41
 5 19      0 3892136  37624 6011576    0    0 33373 13895 24627 36648 16 29  4 51  0 2020-02-10 15:46:44
procs -----------memory---------- ---swap-- -----io---- -system-- ------cpu----- -----timestamp-----
 r  b   swpd   free   buff  cache   si   so    bi    bo   in   cs us sy id wa st                 CST
 3 18      0 3875412  37624 6011616    0    0 32192 15387 24837 37097 16 30  4 51  0 2020-02-10 15:46:47
 3 20      0 3886528  37624 6011684    0    0 37491 15044 25247 39674 17 34  3 45  0 2020-02-10 15:46:50
 4 18      0 3889924  37624 6011812    0    0 31110 16778 24563 36512 12 28  4 55  0 2020-02-10 15:46:53
 7 19      0 3891808  37624 6011864    0    0 32590 15114 24486 36749 16 29  4 51  0 2020-02-10 15:46:56
 5 18      0 3854832  37624 6011904    0    0 31204 14926 24333 36079 16 30  4 50  0 2020-02-10 15:46:59
 4 21      0 3855796  37624 6011480    0    0 41052 14763 25938 41566 14 34  3 49  0 2020-02-10 15:47:02
 3 20      0 3891048  37624 6011952    0    0 32356 16982 25012 36793 13 28  4 55  0 2020-02-10 15:47:05
 4 20      0 3896928  37624 6012000    0    0 32181 14165 24671 36744 17 31  3 49  0 2020-02-10 15:47:08
 5 21      0 3893208  37624 6012024    0    0 31195 17184 24334 36862 13 29  4 54  0 2020-02-10 15:47:11
 8 20      0 3892308  37624 6012156    0    0 39195 14162 25687 39916 17 32  3 48  0 2020-02-10 15:47:14
 1 22      0 3880084  37624 6012204    0    0 31001 16127 24712 36839 14 29  4 53  0 2020-02-10 15:47:17
 5 18      0 3898412  37624 6012268    0    0 31928 14536 24698 36876 16 31  3 50  0 2020-02-10 15:47:20
 3 21      0 3894156  37624 6012312    0    0 30030 15291 24820 36801 13 28  4 55  0 2020-02-10 15:47:23
 3 17      0 3892796  37624 6012340    0    0 39499 14558 25945 40382 17 34  2 47  0 2020-02-10 15:47:26
12 14      0 3855544  37624 6012392    0    0 28926 17363 24372 35518 15 31  4 50  0 2020-02-10 15:47:29
 3 18      0 3851452  37624 6012432    0    0 29937 15108 24726 37110 13 28  3 56  0 2020-02-10 15:47:32
 7 19      0 3883640  37624 6012464    0    0 32361 14903 24904 36578 13 28  4 55  0 2020-02-10 15:47:35
 8 15      0 3880328  37624 6012676    0    0 37143 14759 25194 39951 18 36  3 43  0 2020-02-10 15:47:38
 6 18      0 3878420  37624 6012712    0    0 29944 16123 24180 36861 13 29  5 54  0 2020-02-10 15:47:41
 7 17      0 3880944  37624 6012848    0    0 33485 14299 24794 36669 16 30  4 51  0 2020-02-10 15:47:44
 6 20      0 3865324  37624 6012900    0    0 28875 16450 24645 36824 16 30  4 50  0 2020-02-10 15:47:47
procs -----------memory---------- ---swap-- -----io---- -system-- ------cpu----- -----timestamp-----
 r  b   swpd   free   buff  cache   si   so    bi    bo   in   cs us sy id wa st                 CST
 5 21      0 3813140  37624 6014864    0    0 36526 14747 24314 38753 24 37  2 37  0 2020-02-10 15:47:50
 5 16      0 3876176  37624 6015012    0    0 31992 16392 24377 36689 16 29  4 51  0 2020-02-10 15:47:53
 6 21      0 3879932  37624 6015132    0    0 30719 14412 24793 37461 16 30  3 51  0 2020-02-10 15:47:56
 3 21      0 3842344  37624 6015080    0    0 29494 15238 24371 35862 16 30  3 51  0 2020-02-10 15:47:59
11 15      0 3837228  37624 6015232    0    0 39049 14314 25603 40633 15 33  3 50  0 2020-02-10 15:48:02
 9 16      0 3875368  37624 6015312    0    0 29848 16798 25230 37222 13 28  4 55  0 2020-02-10 15:48:05
 1 22      0 3878380  37624 6015440    0    0 30424 15919 24725 37259 16 31  4 48  0 2020-02-10 15:48:08
 6 18      0 3779824  37624 6015428    0    0 31763 14798 24107 36665 19 31  3 47  0 2020-02-10 15:48:11
 8 14      0 3743768  37624 6015468    0    0 36341 14442 23839 38575 31 38  2 29  0 2020-02-10 15:48:14
 6 20      0 3725148  37624 6015712    0    0 29024 16529 24020 37062 28 35  4 34  0 2020-02-10 15:48:17
 4 20      0 3717620  37624 6015672    0    0 32755 14548 23374 36115 29 34  4 33  0 2020-02-10 15:48:20
 8 19      0 3704784  37624 6015708    0    0 30479 15229 23873 37277 25 32  4 39  0 2020-02-10 15:48:23
 5 21      0 3700864  37624 6015804    0    0 36083 14373 24289 39410 30 37  3 30  0 2020-02-10 15:48:26
 8 18      0 3842408  37624 6015860    0    0 29851 18388 23198 36082 25 35  4 36  0 2020-02-10 15:48:29
11 20      0 3839944  37624 6015872    0    0 30619 14903 24351 37596 15 30  5 51  0 2020-02-10 15:48:32
 5 22      0 3875076  37624 6015924    0    0 30641 15451 25186 37304 13 28  4 55  0 2020-02-10 15:48:35
12 14      0 3872612  37624 6016052    0    0 39685 13728 25352 39901 19 36  3 42  0 2020-02-10 15:48:38
 8 20      0 3872748  37624 6016060    0    0 29616 16741 24260 36889 13 29  3 55  0 2020-02-10 15:48:41
 0 21      0 3877004  37624 6016160    0    0 30160 16816 24431 36465 17 29  4 50  0 2020-02-10 15:48:44
 1 21      0 3858004  37624 6016236    0    0 32176 16515 24561 36758 16 31  3 50  0 2020-02-10 15:48:47
 3 20      0 3873076  37624 6016280    0    0 37120 23859 26830 40741 17 36  3 44  0 2020-02-10 15:48:50
procs -----------memory---------- ---swap-- -----io---- -system-- ------cpu----- -----timestamp-----
 r  b   swpd   free   buff  cache   si   so    bi    bo   in   cs us sy id wa st                 CST
 2 21      0 3872896  37624 6016312    0    0 29136 22112 25771 37750 12 29  4 54  0 2020-02-10 15:48:53
 3 17      0 3877204  37624 6016408    0    0 33117 15682 24847 37444 16 30  3 51  0 2020-02-10 15:48:56
 8 19      0 3840512  37624 6016440    0    0 30669 15344 24867 36536 17 31  4 48  0 2020-02-10 15:48:59
 1 21      0 3836156  37624 6016512    0    0 36495 15577 26217 40857 15 33  3 49  0 2020-02-10 15:49:02
17 11      0 3873080  37624 6016540    0    0 29977 18396 24685 36089 13 28  4 55  0 2020-02-10 15:49:05
 0 21      0 3876144  37624 6016588    0    0 30678 14281 24637 36609 17 32  3 48  0 2020-02-10 15:49:08
 6 17      0 3871088  37624 6016620    0    0 29760 15823 24596 37020 13 29  4 55  0 2020-02-10 15:49:11
 3 18      0 3871028  37624 6016800    0    0 39608 14799 26040 40415 17 33  3 47  0 2020-02-10 15:49:14
 4 18      0 3858600  37624 6016852    0    0 29729 16772 24812 37408 16 30  3 51  0 2020-02-10 15:49:17
 6 16      0 3875744  37624 6016904    0    0 29933 17345 24820 36938 16 31  4 49  0 2020-02-10 15:49:20
 6 20      0 3871644  37624 6016948    0    0 33024 16287 25553 38000 13 29  3 55  0 2020-02-10 15:49:23
 2 21      0 3870976  37624 6017024    0    0 37094 15153 26319 40844 17 34  2 46  0 2020-02-10 15:49:26
 7 19      0 3837644  37624 6017152    0    0 27900 18711 23651 35520 15 30  4 51  0 2020-02-10 15:49:29
 5 23      0 3843348  35760 6016528    0    0 34169 15731 25382 37961 13 30  4 53  0 2020-02-10 15:49:32
 8 18      0 3877188  37624 6017212    0    0 31361 14435 25359 37503 13 29  3 54  0 2020-02-10 15:49:35
 9 19      0 3875272  37624 6017316    0    0 36371 15796 25605 40072 18 36  3 42  0 2020-02-10 15:49:38
 6 18      0 3875760  37624 6017416    0    0 31621 17192 24484 37071 13 29  4 55  0 2020-02-10 15:49:41
 2 17      0 3880060  37624 6017556    0    0 30512 14550 24681 36710 16 29  4 51  0 2020-02-10 15:49:44
 4 19      0 3862564  37624 6017556    0    0 28565 17255 24380 36892 16 30  4 50  0 2020-02-10 15:49:47
 3 20      0 3875104  37624 6017612    0    0 39158 15595 25708 39853 17 35  3 45  0 2020-02-10 15:49:50
 5 21      0 3874460  37624 6017648    0    0 29561 18284 24849 36894 13 28  5 54  0 2020-02-10 15:49:53
procs -----------memory---------- ---swap-- -----io---- -system-- ------cpu----- -----timestamp-----
 r  b   swpd   free   buff  cache   si   so    bi    bo   in   cs us sy id wa st                 CST
10 20      0 3839520  37624 6017760    0    0 30505 16020 24830 37008 20 32  4 44  0 2020-02-10 15:49:56
 1 21      0 3844052  37624 6017996    0    0 31867 17686 24357 36061 16 30  4 49  0 2020-02-10 15:49:59
 7 12      0 3834184  37624 6018024    0    0 36445 18734 25666 40863 14 33  3 49  0 2020-02-10 15:50:02
 3 20      0 3874984  37624 6018016    0    0 28709 20304 24948 36650 14 29  3 54  0 2020-02-10 15:50:05
 0 21      0 3880516  37624 6017988    0    0 33076 16388 24456 36794 17 31  3 49  0 2020-02-10 15:50:08
 7 31      0 3867472  36248 6017408    0    0 34600 18762 25567 39505 14 32  4 50  0 2020-02-10 15:50:11
 2 22      0 3879056  37624 6018192    0    0 30273 14676 24353 36606 16 29  3 52  0 2020-02-10 15:50:14
 4 21      0 3862304  37624 6018244    0    0 27600 14036 24307 36410 14 27  4 56  0 2020-02-10 15:50:17
 5 18      0 3883124  37624 6018284    0    0 31166 15201 24635 36637 16 30  4 51  0 2020-02-10 15:50:20
16 23      0 3868320  34380 6018644    0    0 31996 18200 24883 38980 13 29  3 55  0 2020-02-10 15:50:23
10 17      0 3879076  37624 6018364    0    0 28652 14001 24895 36983 15 29  4 53  0 2020-02-10 15:50:26
 4 20      0 3844156  37624 6018408    0    0 32467 14688 24819 36455 16 30  4 51  0 2020-02-10 15:50:29
 1 19      0 3845368  37624 6018448    0    0 29676 15624 25399 37460 12 27  4 56  0 2020-02-10 15:50:32
 6 21      0 3870964  37056 6017288    0    0 31259 15978 25404 38824 14 31  3 52  0 2020-02-10 15:50:35
 8 17      0 3878088  37624 6018676    0    0 29946 14299 24682 36516 17 30  4 49  0 2020-02-10 15:50:38
 7 16      0 3878776  37624 6018848    0    0 27449 15828 24351 36175 12 28  4 56  0 2020-02-10 15:50:41
 5 18      0 3883672  37624 6018992    0    0 30068 14074 25024 36513 17 30  3 51  0 2020-02-10 15:50:44
 6 18      0 3858932  37136 6018244    0    0 37228 17885 25513 39938 17 34  3 46  0 2020-02-10 15:50:47
 6 17      0 3878640  37624 6018992    0    0 30365 15244 24495 36677 15 30  3 52  0 2020-02-10 15:50:50
16 17      0 3874664  37624 6019036    0    0 30353 14802 25257 37507 13 28  5 54  0 2020-02-10 15:50:53
 5 20      0 3882796  37624 6019080    0    0 32559 15235 24820 37158 15 30  4 51  0 2020-02-10 15:50:56
procs -----------memory---------- ---swap-- -----io---- -system-- ------cpu----- -----timestamp-----
 r  b   swpd   free   buff  cache   si   so    bi    bo   in   cs us sy id wa st                 CST
24 18      0 3835080  37364 6018708    0    0 33904 18543 24458 38650 17 33  3 47  0 2020-02-10 15:50:59
 7 18      0 3840760  37624 6019276    0    0 28761 15380 24843 36965 12 28  4 56  0 2020-02-10 15:51:02
 6 17      0 3874132  37624 6019300    0    0 32003 15145 24875 36739 14 28  4 54  0 2020-02-10 15:51:05
 1 21      0 3882152  37624 6019340    0    0 30330 14955 24502 36666 17 31  4 49  0 2020-02-10 15:51:08
 7 18      0 3876212  37624 6019272    0    0 34857 15817 25719 40097 14 33  4 49  0 2020-02-10 15:51:11
 7 20      0 3880864  37624 6019524    0    0 31975 15494 24548 36179 16 30  3 52  0 2020-02-10 15:51:14
 5 20      0 3861272  37624 6019576    0    0 28040 18229 24614 36501 14 29  4 53  0 2020-02-10 15:51:17
 4 19      0 3887732  37624 6019616    0    0 29993 16245 24876 36671 16 30  5 49  0 2020-02-10 15:51:20
 7 34      0 3837140  33396 6018968    0    0 37209 16703 25730 39603 14 31  4 52  0 2020-02-10 15:51:23
 3 19      0 3877256  37624 6019704    0    0 30628 16365 25725 40057 19 34  3 44  0 2020-02-10 15:51:26
 7 21      0 3844628  37624 6019796    0    0 29188 18657 24775 36373 15 30  4 51  0 2020-02-10 15:51:29
 5 19      0 3842372  37624 6019836    0    0 32420 15984 25123 37661 13 28  4 56  0 2020-02-10 15:51:32
 7 19      0 3867412  37240 6019532    0    0 34623 17238 25764 39610 14 32  3 52  0 2020-02-10 15:51:35
 0 21      0 3877480  37624 6020064    0    0 29847 17176 24791 36867 17 32  4 48  0 2020-02-10 15:51:38
 4 18      0 3882800  37624 6020080    0    0 32281 16704 24970 37352 13 28  4 55  0 2020-02-10 15:51:41
 6 15      0 3882044  37624 6020236    0    0 30606 15769 24758 36538 16 30  3 51  0 2020-02-10 15:51:44
 6 20      0 3858824  37224 6019540    0    0 35384 16736 25636 40513 18 34  3 45  0 2020-02-10 15:51:47
 6 19      0 3877356  37624 6020392    0    0 32389 14917 24055 36108 15 30  4 51  0 2020-02-10 15:51:50
 1 21      0 3871608  37624 6020428    0    0 28594 18608 24793 36793 13 28  5 55  0 2020-02-10 15:51:53
 0 22      0 3881916  37624 6020408    0    0 29553 15626 24704 37030 15 30  4 51  0 2020-02-10 15:51:56
 5 16      0 3840780  37536 6020288    0    0 38771 14635 25529 39303 17 34  3 46  0 2020-02-10 15:51:59
procs -----------memory---------- ---swap-- -----io---- -system-- ------cpu----- -----timestamp-----
 r  b   swpd   free   buff  cache   si   so    bi    bo   in   cs us sy id wa st                 CST
 1 21      0 3837504  37624 6020552    0    0 30033 15318 24888 36964 13 29  3 55  0 2020-02-10 15:52:02
 6 20      0 3873644  37624 6020572    0    0 29743 16702 24895 36537 14 28  4 55  0 2020-02-10 15:52:05
 1 21      0 3881860  37624 6020696    0    0 32543 15394 24315 36452 16 31  4 49  0 2020-02-10 15:52:08
 5 21      0 3876708  37624 6020652    0    0 35497 16364 25403 40209 14 32  3 52  0 2020-02-10 15:52:11
 0 21      0 3880444  37624 6020896    0    0 29995 15284 24809 36660 16 30  4 50  0 2020-02-10 15:52:14
 3 21      0 3863212  37624 6020952    0    0 32496 15610 24827 37070 15 29  4 53  0 2020-02-10 15:52:17
 0 21      0 3881388  37624 6021088    0    0 29717 16030 25116 36960 16 30  4 50  0 2020-02-10 15:52:20
 4 24      0 3862272  36152 6020456    0    0 33916 15699 25865 40324 13 31  4 52  0 2020-02-10 15:52:23
 9 18      0 3876424  37624 6021152    0    0 31823 15051 26686 39439 16 32  4 47  0 2020-02-10 15:52:26
 0 21      0 3881280  37624 6021148    0    0 28465 17585 26043 37961 16 33  3 47  0 2020-02-10 15:52:29
 1 22      0 3841804  37624 6021176    0    0 29525 16748 27524 39933 13 31  5 51  0 2020-02-10 15:52:32
 2 22      0 3859636  37372 6020220    0    0 37979 15573 27423 41959 15 36  4 45  0 2020-02-10 15:52:35
 2 22      0 3868908  37624 6021280    0    0 30078 15044 26949 39744 17 35  5 43  0 2020-02-10 15:52:38
 1 21      0 3879240  37624 6021328    0    0 29169 16472 26852 39310 13 31  4 52  0 2020-02-10 15:52:41
 4 21      0 3877148  37624 6021500    0    0 32548 15838 26718 38636 17 33  4 46  0 2020-02-10 15:52:44
 5 22      0 3870640  37164 6021268    0    0 34545 17180 27246 41885 18 37  4 42  0 2020-02-10 15:52:47
 3 21      0 3891688  37624 6021680    0    0 29453 16170 25146 36984 15 30  3 52  0 2020-02-10 15:52:50
 4 21      0 3887936  37624 6021704    0    0 31906 17726 25131 37097 13 28  4 56  0 2020-02-10 15:52:53
 1 21      0 3895772  37624 6021740    0    0 29976 15641 25119 37145 16 29  3 52  0 2020-02-10 15:52:56
 3 22      0 3855208  37616 6020768    0    0 35408 16972 25564 39273 17 34  4 45  0 2020-02-10 15:52:59
 8 21      0 3851344  37624 6021852    0    0 32459 16100 24936 37495 13 29  4 54  0 2020-02-10 15:53:02
procs -----------memory---------- ---swap-- -----io---- -system-- ------cpu----- -----timestamp-----
 r  b   swpd   free   buff  cache   si   so    bi    bo   in   cs us sy id wa st                 CST
 3 21      0 3884448  37624 6021856    0    0 28280 17942 24681 36394 13 28  4 54  0 2020-02-10 15:53:05
 5 20      0 3894928  37624 6022068    0    0 29521 15434 24591 36707 16 31  4 50  0 2020-02-10 15:53:08
 1 21      0 3803744  37624 6022092    0    0 38091 16023 25782 39997 19 34  3 44  0 2020-02-10 15:53:11
 4 20      0 3810560  37624 6022308    0    0 30345 14548 23935 36568 30 36  3 31  0 2020-02-10 15:53:14
16 16      0 3739796  37624 6022340    0    0 28749 18941 23924 36970 29 35  3 33  0 2020-02-10 15:53:17
 6 19      0 3734156  37624 6022332    0    0 31666 15059 23653 35496 28 35  3 34  0 2020-02-10 15:53:20
22 30      0 3681900  29640 6022112    0    0 32757 16478 24896 38643 26 34  3 37  0 2020-02-10 15:53:23
 6 17      0 3724200  37624 6022408    0    0 31297 15545 24282 37222 28 35  3 34  0 2020-02-10 15:53:26
 9 19      0 3858432  37624 6022432    0    0 31548 16219 23916 36707 25 35  4 36  0 2020-02-10 15:53:29
 5 22      0 3856172  37624 6022492    0    0 30264 15854 24675 37869 14 29  5 53  0 2020-02-10 15:53:32
 5 22      0 3881432  37296 6022128    0    0 34799 16851 25357 39440 15 32  3 50  0 2020-02-10 15:53:35
 4 21      0 3889868  37624 6022640    0    0 32329 14662 24584 37021 16 32  4 49  0 2020-02-10 15:53:38
 1 21      0 3895272  37624 6022668    0    0 29263 16890 24975 37171 12 28  4 57  0 2020-02-10 15:53:41
 0  1      0 4128116  36688 6022420    0    0 29411 13753 24529 36007 17 30  4 49  0 2020-02-10 15:53:44
 1  0      0 4191932  37624 6022104    0    0  9839  3891 4973 19745  8  8 67 17  0 2020-02-10 15:53:47
 1  0      0 4232832  37624 6022144    0    0   305  1964 2386 13591  4  5 90  0  0 2020-02-10 15:53:50
 1  1      0 4205924  37624 6022216    0    0  1178  3577 3468 14835  7  5 87  1  0 2020-02-10 15:53:53
 0  0      0 4218472  37624 6022248    0    0  1203  3392 4546 16174  9  7 83  1  0 2020-02-10 15:53:56
 0  0      0 4212920  37624 6022304    0    0  6844   977 3971 17904  7  7 74 12  0 2020-02-10 15:53:59
 1  0      0 4217968  37624 6022360    0    0   190  2603 2569 14258  4  4 92  0  0 2020-02-10 15:54:02
 3  0      0 4201412  37624 6022380    0    0   113  1042 2046 13133  4  4 92  0  0 2020-02-10 15:54:05
procs -----------memory---------- ---swap-- -----io---- -system-- ------cpu----- -----timestamp-----
 r  b   swpd   free   buff  cache   si   so    bi    bo   in   cs us sy id wa st                 CST
 0  0      0 4217124  37624 6022404    0    0   137  1145 2096 13931  5  5 90  0  0 2020-02-10 15:54:08
 1  0      0 4212424  37624 6022564    0    0  6848   930 3866 18254  4  6 78 12  0 2020-02-10 15:54:11
 0  0      0 4216512  37624 6022732    0    0   256  1276 1945 13315  6  4 90  1  0 2020-02-10 15:54:14
 2  0      0 4180464  37624 6022792    0    0   417  1728 2379 14398  6  4 90  1  0 2020-02-10 15:54:17
 4  0      0 4204096  37624 6022872    0    0   833  4382 3874 15053  6  6 85  3  0 2020-02-10 15:54:20
 1  0      0 4181728  37624 6022352    0    0  9238  5710 8813 22460  7 11 68 14  0 2020-02-10 15:54:23
