procs -----------memory---------- ---swap-- -----io---- -system-- ------cpu----- -----timestamp-----
 r  b   swpd   free   buff  cache   si   so    bi    bo   in   cs us sy id wa st                 CST
 4  0      0 125028264  37624 3591664    0    0  1853   853   79   31  3  8 74 15  0 2020-02-12 10:13:34
 1  0      0 124275744  37624 3591804    0    0   232  3278 6422 24619  6  5 89  0  0 2020-02-12 10:13:37
 2  0      0 124074592  37624 3592412    0    0    93  1341 2522 16035  1  2 97  0  0 2020-02-12 10:13:40
13 58      0 123865744  37624 3593704    0    0 19084  6833 5524 20209  5  4 87  4  0 2020-02-12 10:13:43
 6 71      0 123644456  32408 3593404    0    0 207687 79653 49921 83135 12 23 22 43  0 2020-02-12 10:13:46
29 20      0 123838288  37624 3595976    0    0 235036 104219 47232 76314  8 22 26 45  0 2020-02-12 10:13:49
14 33      0 123842080  37624 3596220    0    0 276913 91864 35504 66168  6 21 30 44  0 2020-02-12 10:13:52
21 42      0 123688400  37624 3596460    0    0 264857 90972 42624 71005  9 22 30 39  0 2020-02-12 10:13:55
30 35      0 123845104  37624 3596508    0    0 246694 142873 47518 75121  8 22 30 40  0 2020-02-12 10:13:58
20 16      0 123842256  37624 3596648    0    0 210251 239582 43335 69262  6 22 32 40  0 2020-02-12 10:14:01
28 32      0 123845552  37624 3596520    0    0 288521 79393 37841 67373  6 24 24 46  0 2020-02-12 10:14:04
23 42      0 123641984  34332 3592580    0    0 311319 39698 39215 73295 10 25 20 45  0 2020-02-12 10:14:07
32 36      0 123831760  37624 3596588    0    0 217002 165019 52732 82200  7 24 26 42  0 2020-02-12 10:14:10
23 11      0 123831832  37624 3596628    0    0 166932 160248 53783 82772  5 20 41 33  0 2020-02-12 10:14:13
24 23      0 123841120  34576 3596748    0    0 222945 131405 47231 76977 10 22 35 33  0 2020-02-12 10:14:16
10 14      0 123842672  37624 3596656    0    0 197085 73378 42328 70651  5 15 51 29  0 2020-02-12 10:14:19
16 27      0 123833296  37624 3597372    0    0 191654 79334 49702 76077  6 19 43 31  0 2020-02-12 10:14:22
24 37      0 123689952  37624 3597252    0    0 250895 112488 47515 80533 10 23 30 38  0 2020-02-12 10:14:25
18 43      0 123813384  37444 3596024    0    0 236508 169236 49336 83647  8 24 26 41  0 2020-02-12 10:14:28
15 36      0 123807184  37624 3597476    0    0 259011 110598 47532 80318  6 22 28 43  0 2020-02-12 10:14:31
10 40      0 123814464  37624 3597776    0    0 233963 149253 50582 82403  7 22 31 39  0 2020-02-12 10:14:34
procs -----------memory---------- ---swap-- -----io---- -system-- ------cpu----- -----timestamp-----
 r  b   swpd   free   buff  cache   si   so    bi    bo   in   cs us sy id wa st                 CST
17 39      0 123818856  37624 3597784    0    0 233315 137131 49258 79750 11 23 25 40  0 2020-02-12 10:14:37
 2 51      0 123818216  37624 3598036    0    0 258672 111299 47863 79367  6 22 27 45  0 2020-02-12 10:14:40
 5 55      0 123815760  37624 3598316    0    0 262584 100506 52006 85486  7 24 25 45  0 2020-02-12 10:14:43
 6 46      0 123627808  28372 3598860    0    0 253566 108168 49247 83344 11 24 25 40  0 2020-02-12 10:14:46
23 39      0 123815696  37624 3598284    0    0 235388 128269 45871 81642  8 22 30 41  0 2020-02-12 10:14:49
14 46      0 123817456  37624 3598640    0    0 232706 125940 50430 83777  7 24 31 39  0 2020-02-12 10:14:52
35 36      0 123667200  37624 3599304    0    0 249471 112671 49032 81830  9 24 28 38  0 2020-02-12 10:14:55
27 42      0 123816120  37624 3599452    0    0 236352 126388 47250 81211  7 22 32 39  0 2020-02-12 10:14:58
25 37      0 123804384  37624 3599636    0    0 234592 144269 49592 81890  6 23 31 40  0 2020-02-12 10:15:01
15 39      0 123805424  37624 3601320    0    0 244068 130334 47723 80425  7 23 30 40  0 2020-02-12 10:15:04
16 26      0 123787440  36956 3599444    0    0 242772 122385 48005 83381 12 26 23 39  0 2020-02-12 10:15:07
15 31      0 123790240  37624 3601960    0    0 250344 113189 48546 80138  6 22 30 41  0 2020-02-12 10:15:10
11 45      0 123780192  37624 3601956    0    0 246969 119449 50430 84318  7 22 30 40  0 2020-02-12 10:15:13
26 34      0 123754896  37624 3601880    0    0 242581 131556 51297 82620 15 26 21 38  0 2020-02-12 10:15:16
10 33      0 123803840  37624 3601976    0    0 256895 105738 50517 80910  7 22 28 44  0 2020-02-12 10:15:19
28 35      0 123801904  37624 3602480    0    0 248979 117946 47744 80328  7 22 27 44  0 2020-02-12 10:15:22
16 25      0 123636224  37624 3602692    0    0 259708 110499 46675 76615 10 25 22 43  0 2020-02-12 10:15:25
31 37      0 123795032  37624 3602508    0    0 221290 158069 50195 83353  8 24 28 40  0 2020-02-12 10:15:28
 7 34      0 123801280  37624 3602428    0    0 252992 120931 44665 76558  6 21 30 43  0 2020-02-12 10:15:31
 8 24      0 123803272  37624 3602560    0    0 247318 116523 49813 80249  7 23 29 40  0 2020-02-12 10:15:34
12 38      0 123820576  33944 3602932    0    0 247011 110349 47227 80350 11 22 30 37  0 2020-02-12 10:15:37
procs -----------memory---------- ---swap-- -----io---- -system-- ------cpu----- -----timestamp-----
 r  b   swpd   free   buff  cache   si   so    bi    bo   in   cs us sy id wa st                 CST
 3 48      0 123815768  37624 3602608    0    0 252004 115198 45415 77727  6 21 28 45  0 2020-02-12 10:15:40
 0 55      0 123816080  37624 3602532    0    0 240275 135170 49482 81903  7 24 24 45  0 2020-02-12 10:15:43
10 45      0 123527296  30420 3602916    0    0 243587 116565 47346 81354 12 25 25 39  0 2020-02-12 10:15:46
17 43      0 123726088  37624 3602876    0    0 238590 129247 54535 93509 12 27 25 37  0 2020-02-12 10:15:49
14 31      0 123697568  37624 3603152    0    0 246322 124550 51595 86435 10 27 27 37  0 2020-02-12 10:15:52
24 39      0 123569568  37624 3603228    0    0 255508 114429 49445 83819 15 28 21 37  0 2020-02-12 10:15:55
17 45      0 123585488  37624 3603332    0    0 246443 134507 47270 78473 12 25 24 39  0 2020-02-12 10:15:58
14 33      0 123590128  37624 3603372    0    0 235993 133622 48719 81876  9 24 29 38  0 2020-02-12 10:16:01
26 34      0 123590128  37624 3603504    0    0 243960 111566 47596 80181 10 23 30 37  0 2020-02-12 10:16:04
26 38      0 123793600  36044 3603728    0    0 260180 107390 51048 85814 14 29 21 36  0 2020-02-12 10:16:07
 5 51      0 123798328  37624 3603812    0    0 240546 121436 49292 80766  7 23 29 41  0 2020-02-12 10:16:10
27 36      0 123803232  37624 3604224    0    0 248463 122012 50933 83576  7 24 28 41  0 2020-02-12 10:16:13
 6 19      0 123805904  37624 3604184    0    0 241746 132613 48183 77740 11 25 26 38  0 2020-02-12 10:16:16
13 36      0 123800016  37624 3604284    0    0 244525 119036 48152 79226  6 21 33 39  0 2020-02-12 10:16:19
 6 33      0 123795960  37624 3604584    0    0 242344 130789 49328 81223  7 23 30 41  0 2020-02-12 10:16:22
12 38      0 123640512  37624 3604804    0    0 238671 130646 47439 78087 10 24 26 40  0 2020-02-12 10:16:25
10 40      0 123799712  37624 3604788    0    0 248028 123852 48420 81565  9 25 25 42  0 2020-02-12 10:16:28
 5 45      0 123803720  37624 3604732    0    0 246240 113092 49534 82745  7 22 32 39  0 2020-02-12 10:16:31
11 32      0 123803984  37624 3604684    0    0 243931 133858 49830 82494  7 23 29 41  0 2020-02-12 10:16:34
 6 38      0 123805680  37624 3604748    0    0 236637 118958 49053 82619 11 22 32 35  0 2020-02-12 10:16:37
13 15      0 123799744  37652 3604824    0    0 221509 117348 50307 81147  6 20 42 32  0 2020-02-12 10:16:40
procs -----------memory---------- ---swap-- -----io---- -system-- ------cpu----- -----timestamp-----
 r  b   swpd   free   buff  cache   si   so    bi    bo   in   cs us sy id wa st                 CST
 1 57      0 123793776  37624 3605188    0    0 209527 104290 46049 77856  7 20 41 31  0 2020-02-12 10:16:43
10 52      0 123803280  37624 3605340    0    0 246680 125816 48633 79408 11 25 25 40  0 2020-02-12 10:16:46
17 39      0 123804352  37624 3605356    0    0 257570 112281 48373 80869  7 23 26 44  0 2020-02-12 10:16:49
13 42      0 123800480  37624 3605576    0    0 239876 141255 49375 82910  7 23 28 43  0 2020-02-12 10:16:52
21 52      0 123645312  37624 3605764    0    0 248676 119332 49449 83029 10 24 27 39  0 2020-02-12 10:16:55
12 48      0 123792112  37484 3605760    0    0 246776 119592 52497 87546  8 25 25 42  0 2020-02-12 10:16:58
16 42      0 123794688  37624 3605840    0    0 259473 110136 49428 83944  6 22 30 42  0 2020-02-12 10:17:01
12 37      0 123799232  37624 3605668    0    0 247468 123494 48901 82075  6 22 29 42  0 2020-02-12 10:17:04
18 34      0 123802760  37624 3605756    0    0 224368 145370 52455 85036 11 24 28 36  0 2020-02-12 10:17:07
13 35      0 123801544  37624 3605804    0    0 238423 115254 50437 83662  6 21 33 40  0 2020-02-12 10:17:10
17 41      0 123802272  37624 3605968    0    0 248840 106663 51456 85619  6 22 29 42  0 2020-02-12 10:17:13
18 52      0 123607792  22656 3606008    0    0 231237 102553 52844 80915 11 23 26 41  0 2020-02-12 10:17:16
 8 57      0 123796768  37004 3606256    0    0 231451 111690 53793 83813  7 22 28 43  0 2020-02-12 10:17:19
13 43      0 123792448  37624 3606540    0    0 214700 141144 54564 85477  7 23 29 41  0 2020-02-12 10:17:22
12 40      0 123639936  37624 3606908    0    0 232705 117235 49171 78761 10 22 29 39  0 2020-02-12 10:17:25
16 28      0 123799216  37624 3606856    0    0 247443 119915 51682 82502  7 22 31 39  0 2020-02-12 10:17:28
15 49      0 123792224  35276 3606448    0    0 255188 104288 49350 84749  7 22 29 42  0 2020-02-12 10:17:31
14 51      0 123789520  37624 3607048    0    0 236515 139118 51189 84285  7 23 26 43  0 2020-02-12 10:17:34
22 37      0 123796224  37624 3607100    0    0 240696 116041 48162 81710 11 23 27 39  0 2020-02-12 10:17:37
16 37      0 123799344  37624 3607164    0    0 241493 117442 49511 81679  6 22 31 40  0 2020-02-12 10:17:40
 6 43      0 123797984  37624 3607228    0    0 252367 103939 49993 83685  7 22 28 43  0 2020-02-12 10:17:43
procs -----------memory---------- ---swap-- -----io---- -system-- ------cpu----- -----timestamp-----
 r  b   swpd   free   buff  cache   si   so    bi    bo   in   cs us sy id wa st                 CST
 4 52      0 123600480  37652 3607652    0    0 252991 116506 46910 78755 11 24 23 42  0 2020-02-12 10:17:46
10 45      0 123789120  37624 3607632    0    0 227620 144619 51896 86863  8 25 24 43  0 2020-02-12 10:17:49
 2 59      0 123792480  37624 3607908    0    0 236530 134030 51036 83386  6 23 28 42  0 2020-02-12 10:17:52
 6 53      0 123618008  37624 3608020    0    0 248296 125160 49880 78663 11 26 22 41  0 2020-02-12 10:17:55
 2 56      0 123799168  37624 3608088    0    0 257828 112765 48599 80275  7 23 25 45  0 2020-02-12 10:17:58
 3 42      0 123795792  37624 3608168    0    0 235198 143864 52085 84672  6 22 28 43  0 2020-02-12 10:18:01
 3 47      0 123796408  37624 3608256    0    0 247945 119164 49796 81263  7 23 28 42  0 2020-02-12 10:18:04
 2 60      0 123784976  37456 3608068    0    0 259718 110479 52633 88045 12 27 20 41  0 2020-02-12 10:18:07
 5 47      0 123794288  37624 3608408    0    0 254384 103129 49035 80071  6 22 30 42  0 2020-02-12 10:18:10
 9 63      0 123805984  33924 3606044    0    0 251729 126113 47511 78891  7 22 27 44  0 2020-02-12 10:18:13
 6 43      0 123796336  37624 3608600    0    0 237300 137937 50058 81378 12 24 26 38  0 2020-02-12 10:18:16
 4 44      0 123795968  37624 3608680    0    0 242971 134391 51489 82585  6 22 29 42  0 2020-02-12 10:18:19
 5 44      0 123792800  37624 3609060    0    0 256965 104834 46712 77790  6 21 33 40  0 2020-02-12 10:18:22
 7 53      0 123618112  37624 3609120    0    0 250216 122648 47967 79209 10 24 27 39  0 2020-02-12 10:18:25
 1 60      0 123785416  37624 3609368    0    0 243691 138499 50927 84114  8 25 24 43  0 2020-02-12 10:18:28
 2 41      0 123794944  37624 3609496    0    0 245609 121068 46482 78658  6 21 30 43  0 2020-02-12 10:18:31
10 38      0 123793776  37624 3609728    0    0 248597 116535 46327 78076  6 21 32 40  0 2020-02-12 10:18:34
22 33      0 123794864  37624 3609772    0    0 235854 140561 52737 82970 12 25 25 39  0 2020-02-12 10:18:37
31 32      0 123793048  37624 3609840    0    0 259287 115525 48023 78719  7 22 28 44  0 2020-02-12 10:18:40
11 44      0 123792032  37624 3609956    0    0 248476 118770 49774 81944  7 22 30 41  0 2020-02-12 10:18:43
41 46      0 123600728  28440 3609536    0    0 253752 118805 49390 81125 11 26 23 40  0 2020-02-12 10:18:46
procs -----------memory---------- ---swap-- -----io---- -system-- ------cpu----- -----timestamp-----
 r  b   swpd   free   buff  cache   si   so    bi    bo   in   cs us sy id wa st                 CST
13 35      0 123787848  37624 3610368    0    0 249496 126288 50041 82256  8 24 22 46  0 2020-02-12 10:18:49
18 33      0 123785800  37624 3610768    0    0 236029 128922 51399 84016  7 23 30 40  0 2020-02-12 10:18:52
35 40      0 123612848  37624 3610720    0    0 247219 130589 46512 78222 10 24 26 39  0 2020-02-12 10:18:55
13 40      0 123794992  37624 3610772    0    0 258705 107050 48448 79396  7 23 25 45  0 2020-02-12 10:18:58
12 35      0 123791152  37624 3610928    0    0 241060 135078 50446 82056  6 23 30 41  0 2020-02-12 10:19:01
26 38      0 123794400  37624 3610844    0    0 235522 129798 51736 83132  7 24 27 42  0 2020-02-12 10:19:04
24 45      0 123780144  37140 3610316    0    0 259959 119383 49899 84074 12 27 21 40  0 2020-02-12 10:19:07
 3 43      0 123787192  37624 3610992    0    0 242264 125853 53286 83965  7 24 28 42  0 2020-02-12 10:19:10
11 36      0 123792032  37624 3611104    0    0 250281 131476 51584 82667  6 23 31 40  0 2020-02-12 10:19:13
15 36      0 123794016  37624 3611172    0    0 236237 130860 53477 84147 11 25 26 38  0 2020-02-12 10:19:16
 0 54      0 123792272  37624 3611240    0    0 244167 129984 50733 81625  6 22 30 42  0 2020-02-12 10:19:19
10 53      0 123787264  37624 3611512    0    0 253417 121855 51654 84069  7 24 25 44  0 2020-02-12 10:19:22
28 41      0 123610304  37624 3611748    0    0 251708 109623 49632 80755 11 25 24 40  0 2020-02-12 10:19:25
22 43      0 123783760  37624 3611940    0    0 240718 143989 53236 86733  8 25 26 41  0 2020-02-12 10:19:28
20 32      0 123792200  37624 3611908    0    0 248353 121446 49276 81914  6 22 30 42  0 2020-02-12 10:19:31
35 32      0 123789248  37624 3611980    0    0 246383 126684 48467 80706  7 23 28 42  0 2020-02-12 10:19:34
22 31      0 123793112  37624 3612168    0    0 256229 114630 49147 80078 11 24 23 42  0 2020-02-12 10:19:37
16 37      0 123793056  37624 3612248    0    0 241353 133095 50676 80468  7 23 26 44  0 2020-02-12 10:19:40
15 42      0 123792832  37624 3612432    0    0 235812 133165 53136 85899  7 24 28 41  0 2020-02-12 10:19:43
11 40      0 123595744  37652 3612504    0    0 256084 115246 49946 81767 11 25 22 41  0 2020-02-12 10:19:46
13 43      0 123783968  37624 3612512    0    0 263681 105589 50669 83644  7 25 24 44  0 2020-02-12 10:19:49
procs -----------memory---------- ---swap-- -----io---- -system-- ------cpu----- -----timestamp-----
 r  b   swpd   free   buff  cache   si   so    bi    bo   in   cs us sy id wa st                 CST
17 31      0 123782768  37624 3612920    0    0 239924 134557 52904 85585  7 23 29 40  0 2020-02-12 10:19:52
16 42      0 123607296  37624 3613404    0    0 236445 140439 53080 82911 11 26 24 39  0 2020-02-12 10:19:55
20 27      0 123790544  37624 3613536    0    0 247046 122722 52605 83803  8 23 28 41  0 2020-02-12 10:19:58
25 35      0 123786800  37624 3613600    0    0 247025 118687 49612 80757  6 22 29 43  0 2020-02-12 10:20:01
 4 47      0 123786352  37624 3613672    0    0 241705 135409 48902 80547  7 23 29 41  0 2020-02-12 10:20:04
11 55      0 123783344  36464 3612508    0    0 246710 137979 50607 84613 12 27 22 39  0 2020-02-12 10:20:07
16 27      0 123789856  37624 3613808    0    0 234406 128123 50607 82784  6 22 32 40  0 2020-02-12 10:20:10
 3 49      0 123794240  37624 3613784    0    0 258423 104072 50964 82192  7 23 28 42  0 2020-02-12 10:20:13
13 51      0 123797680  37556 3613620    0    0 250305 120471 51509 83266 12 26 24 39  0 2020-02-12 10:20:16
39 30      0 123800784  37624 3613868    0    0 239771 121593 53292 85591  7 22 29 42  0 2020-02-12 10:20:19
30 37      0 123792976  37624 3614124    0    0 253164 125210 51086 82314  7 24 26 43  0 2020-02-12 10:20:22
30 37      0 123604152  37624 3614324    0    0 259750 109217 48753 79583 11 25 23 41  0 2020-02-12 10:20:25
28 41      0 123791544  37244 3613432    0    0 244138 140670 50870 83194  7 25 24 44  0 2020-02-12 10:20:28
17 36      0 123793872  37624 3614364    0    0 239809 137798 51226 80845  7 23 28 42  0 2020-02-12 10:20:31
31 28      0 123795264  37624 3614416    0    0 237135 133869 49290 79778  7 22 34 38  0 2020-02-12 10:20:34
 9 28      0 123798032  37624 3614480    0    0 252515 112311 49375 80043 11 24 26 39  0 2020-02-12 10:20:37
13 43      0 123802960  37624 3614684    0    0 252351 117033 49079 80191  6 21 31 42  0 2020-02-12 10:20:40
18 24      0 123798360  37624 3615080    0    0 225084 126868 45709 78252  6 22 35 37  0 2020-02-12 10:20:43
23 58      0 123492824  29836 3611948    0    0 250494 133487 44647 79753 14 25 23 38  0 2020-02-12 10:20:46
 5 56      0 123698368  37624 3615232    0    0 248349 121113 49330 84134 11 25 21 43  0 2020-02-12 10:20:49
14 50      0 123652000  37624 3615696    0    0 247273 125259 47332 81628 10 26 21 44  0 2020-02-12 10:20:52
procs -----------memory---------- ---swap-- -----io---- -system-- ------cpu----- -----timestamp-----
 r  b   swpd   free   buff  cache   si   so    bi    bo   in   cs us sy id wa st                 CST
14 57      0 123457664  37624 3615696    0    0 251818 134178 46550 79740 14 26 19 41  0 2020-02-12 10:20:55
12 60      0 123671080  37624 3615700    0    0 240232 136785 48579 81002  9 23 23 44  0 2020-02-12 10:20:58
10 58      0 123665576  37624 3615784    0    0 251063 121406 48826 84161 10 24 24 43  0 2020-02-12 10:21:01
13 56      0 123790104  37624 3615824    0    0 250911 121593 45321 78881  9 24 22 45  0 2020-02-12 10:21:04
 5 61      0 123793432  36680 3615144    0    0 254718 122861 44281 79633 11 26 18 45  0 2020-02-12 10:21:07
 3 54      0 123796096  37624 3616052    0    0 239828 142940 46943 77693  6 22 25 47  0 2020-02-12 10:21:10
 6 53      0 123799024  37624 3616220    0    0 241377 129394 45423 79053  6 21 29 44  0 2020-02-12 10:21:13
 8 43      0 123798376  37624 3616264    0    0 247424 117324 40474 70897 11 25 23 41  0 2020-02-12 10:21:16
12 49      0 123804888  37624 3616340    0    0 249714 122213 44016 74224  6 22 25 47  0 2020-02-12 10:21:19
38 41      0 123795680  37624 3616628    0    0 238827 131327 44793 75976  6 22 27 45  0 2020-02-12 10:21:22
10 54      0 123596216  37624 3616644    0    0 252560 126420 44092 75161 10 24 22 45  0 2020-02-12 10:21:25
24 48      0 123791616  37480 3616740    0    0 247451 133174 46017 78231  7 24 21 48  0 2020-02-12 10:21:28
38 41      0 123793424  37624 3616856    0    0 252423 121594 42362 76221  6 20 28 46  0 2020-02-12 10:21:31
35 44      0 123781008  37624 3616896    0    0 248840 119342 43852 74678  7 21 30 43  0 2020-02-12 10:21:34
22 45      0 123801104  37624 3616984    0    0 255458 122182 42957 73233 10 24 21 45  0 2020-02-12 10:21:37
28 44      0 123798480  37624 3617192    0    0 240303 141245 45851 75083  5 22 26 46  0 2020-02-12 10:21:40
30 41      0 123782648  37624 3617272    0    0 244220 142556 46444 75624  7 23 24 46  0 2020-02-12 10:21:43
16 61      0 123575392  31916 3614288    0    0 259966 122904 44582 77628 11 24 24 41  0 2020-02-12 10:21:46
 7 51      0 123771480  37624 3617540    0    0 249149 122260 45195 78788  7 23 25 45  0 2020-02-12 10:21:49
11 41      0 123761368  37624 3617808    0    0 244687 130057 44988 75413  6 23 26 44  0 2020-02-12 10:21:52
 7 52      0 123576440  37624 3618188    0    0 247895 119908 42192 74099 10 22 25 43  0 2020-02-12 10:21:55
procs -----------memory---------- ---swap-- -----io---- -system-- ------cpu----- -----timestamp-----
 r  b   swpd   free   buff  cache   si   so    bi    bo   in   cs us sy id wa st                 CST
 9 54      0 123766624  37624 3618420    0    0 238160 152109 47986 78573  6 22 25 47  0 2020-02-12 10:21:58
 7 54      0 123758944  37624 3618480    0    0 248336 134765 46076 78588  6 21 30 43  0 2020-02-12 10:22:01
21 47      0 123731392  37624 3618776    0    0 245912 120012 44360 75517  6 21 31 43  0 2020-02-12 10:22:04
 8 49      0 123742512  37516 3618080    0    0 254412 123285 46328 80408 11 26 24 39  0 2020-02-12 10:22:07
15 45      0 123737864  37624 3618728    0    0 241231 147224 46426 77567  6 21 32 40  0 2020-02-12 10:22:10
10 56      0 123743056  37624 3618744    0    0 249921 120239 42858 75423  6 21 28 45  0 2020-02-12 10:22:13
21 41      0 123734480  37624 3618964    0    0 242394 147341 47578 78164 11 24 24 41  0 2020-02-12 10:22:16
15 44      0 123736912  37624 3619028    0    0 254317 121200 46236 78478  6 21 30 43  0 2020-02-12 10:22:19
35 43      0 123721200  37624 3619304    0    0 253551 122286 45771 77389  6 23 26 44  0 2020-02-12 10:22:22
29 45      0 123529800  37636 3619412    0    0 252128 130987 44764 75955 10 23 23 44  0 2020-02-12 10:22:25
22 46      0 123713040  37624 3619532    0    0 243747 143360 45707 79392  7 23 27 44  0 2020-02-12 10:22:28
15 41      0 123712320  37624 3619572    0    0 254679 120176 42854 75327  6 21 27 46  0 2020-02-12 10:22:31
19 48      0 123730624  37624 3619596    0    0 247085 129163 46376 78785  7 23 27 43  0 2020-02-12 10:22:34
10 38      0 123753104  37624 3619668    0    0 247926 130338 44235 76088 11 23 29 38  0 2020-02-12 10:22:37
 2 36      0 123746448  37624 3619888    0    0 250759 128499 45569 77016  6 21 32 42  0 2020-02-12 10:22:40
31 47      0 123736880  37624 3620028    0    0 245636 132655 45991 77968  6 20 33 40  0 2020-02-12 10:22:43
 9 56      0 123536016  27672 3617356    0    0 247975 147128 45063 76856 10 24 23 43  0 2020-02-12 10:22:46
26 47      0 123723728  37624 3620244    0    0 254405 111505 45306 78043  7 22 26 46  0 2020-02-12 10:22:49
27 43      0 123715832  37624 3620512    0    0 249247 138969 45099 76703  7 23 24 46  0 2020-02-12 10:22:52
 8 52      0 123528808  37624 3620864    0    0 248106 137186 47260 76682 11 25 23 42  0 2020-02-12 10:22:55
 0 47      0 123719592  37624 3620876    0    0 247961 130115 44111 75337  6 21 28 45  0 2020-02-12 10:22:58
procs -----------memory---------- ---swap-- -----io---- -system-- ------cpu----- -----timestamp-----
 r  b   swpd   free   buff  cache   si   so    bi    bo   in   cs us sy id wa st                 CST
 4 52      0 123713920  37624 3621188    0    0 249487 125019 45242 78624  6 21 29 44  0 2020-02-12 10:23:01
34 40      0 123679640  37624 3621236    0    0 253835 122556 44541 75774  6 22 27 45  0 2020-02-12 10:23:04
 0 56      0 123700240  36512 3620216    0    0 253985 123628 44286 78306 10 25 21 44  0 2020-02-12 10:23:07
 3 58      0 123704840  37624 3621356    0    0 229778 146901 46682 78369  6 22 27 46  0 2020-02-12 10:23:10
 2 48      0 123704688  37624 3621376    0    0 252187 128402 44399 76135  6 22 26 45  0 2020-02-12 10:23:13
 4 54      0 123703056  37624 3621456    0    0 242408 131842 47543 78948 11 23 26 40  0 2020-02-12 10:23:16
 5 48      0 123693440  37624 3621536    0    0 249599 123020 45593 77854  6 21 33 40  0 2020-02-12 10:23:19
 8 53      0 123675472  37624 3621808    0    0 250742 124153 42549 74515  6 22 31 41  0 2020-02-12 10:23:22
 1 49      0 123488488  37652 3621868    0    0 242867 136140 44252 74445 10 22 31 37  0 2020-02-12 10:23:25
 4 55      0 123672928  37408 3621864    0    0 232621 160833 46423 81390  6 22 30 41  0 2020-02-12 10:23:28
 6 56      0 123678088  37624 3622064    0    0 256771 112769 44497 79076  6 20 30 44  0 2020-02-12 10:23:31
 7 60      0 123633416  37624 3622248    0    0 259430 114261 44008 75523  7 22 27 44  0 2020-02-12 10:23:34
 0 58      0 123671232  37624 3622404    0    0 246402 137319 43501 75278 10 23 23 44  0 2020-02-12 10:23:37
 2 55      0 123674544  37624 3622608    0    0 237623 140357 48066 77949  6 21 29 44  0 2020-02-12 10:23:40
 2  8      0 124689696  30772 3617924    0    0 203480 98693 41512 69959  6 20 36 39  0 2020-02-12 10:23:43
 0  0      0 124986688  37624 3620384    0    0 12003 10304 7051 28467  4  4 86  5  0 2020-02-12 10:23:46
 0  0      0 124996312  37624 3620356    0    0  2873  4710 3971 16326  0  1 99  0  0 2020-02-12 10:23:49
 4  0      0 124994272  37624 3620556    0    0  2880  5381 3293 16088  1  2 97  0  0 2020-02-12 10:23:52
 0  1      0 124999168  37624 3620504    0    0  3035  3774 3420 16620  3  2 95  0  0 2020-02-12 10:23:55
 0  0      0 124999912  37624 3620576    0    0  2820  2697 2221 14278  0  1 99  0  0 2020-02-12 10:23:58
 1  0      0 124998504  37624 3620644    0    0  2884  1491 1820 14606  0  1 99  0  0 2020-02-12 10:24:01
procs -----------memory---------- ---swap-- -----io---- -system-- ------cpu----- -----timestamp-----
 r  b   swpd   free   buff  cache   si   so    bi    bo   in   cs us sy id wa st                 CST
 5  0      0 124933472  37624 3620720    0    0  2908  3344 2877 15524  1  1 98  0  0 2020-02-12 10:24:04
 0  0      0 124993952  37624 3620888    0    0  9602  2613 3882 21008  3  2 92  3  0 2020-02-12 10:24:07
 0  0      0 124995168  37624 3620948    0    0  2872  2455 2326 14873  0  1 99  0  0 2020-02-12 10:24:10
 0  0      0 124982416  37624 3621016    0    0  2938  2293 2539 15156  1  1 98  0  0 2020-02-12 10:24:13
 0  0      0 124980912  37624 3621112    0    0  3281  3265 3563 16846  5  2 94  0  0 2020-02-12 10:24:16
 1  0      0 124980512  37624 3621200    0    0  2858  2560 2434 14607  0  1 99  0  0 2020-02-12 10:24:19
 1  0      0 124979280  37624 3621468    0    0  2913  2737 3365 16378  1  1 98  0  0 2020-02-12 10:24:22
 1 11      0 124783000  30192 3619864    0    0  6459  2472 3440 18423  3  2 94  1  0 2020-02-12 10:24:25
 1  0      0 124971040  37624 3621804    0    0  6139  2489 3044 17368  1  1 96  2  0 2020-02-12 10:24:28
 0  0      0 124974896  37624 3621856    0    0  2909  3025 2778 15644  1  1 99  0  0 2020-02-12 10:24:31
 6  0      0 124900528  37624 3621916    0    0  2916  2272 2549 14882  1  1 97  0  0 2020-02-12 10:24:34
 1  0      0 124976056  37624 3621988    0    0  2952  2563 2624 15816  2  1 96  0  0 2020-02-12 10:24:37
 0  0      0 124977352  37624 3622060    0    0  2868  2476 2285 14924  0  1 99  0  0 2020-02-12 10:24:40
 2  0      0 124978416  37624 3622120    0    0  2865  2114 2146 14658  0  1 99  0  0 2020-02-12 10:24:43
 1  0      0 124971216  37624 3622348    0    0  9628  1485 3163 20269  3  2 92  3  0 2020-02-12 10:24:46
 3  0      0 124965392  37624 3622432    0    0  4078  4984 3964 16186  1  1 97  1  0 2020-02-12 10:24:49
 0  1      0 124960096  37624 3622664    0    0  4812  3450 4052 16834  1  2 97  1  0 2020-02-12 10:24:52
 1  0      0 124956080  37624 3622748    0    0  4219  3479 5853 18996  3  2 94  1  0 2020-02-12 10:24:55
