procs -----------memory---------- ---swap-- -----io---- -system-- ------cpu----- -----timestamp-----
 r  b   swpd   free   buff  cache   si   so    bi    bo   in   cs us sy id wa st                 CST
 4  0      0 125202296  37624 3402612    0    0  2583  1414  126   53  3  6 79 12  0 2020-02-11 11:54:06
 1  0      0 124464272  37624 3402768    0    0  1469   139 4962 21605  3  4 93  0  0 2020-02-11 11:54:09
 0  0      0 124237488  37624 3405508    0    0  9643   437 3468 22283  4  3 90  3  0 2020-02-11 11:54:12
14 30      0 124120800  37624 3405908    0    0 10680  1416 8975 24392  4  4 88  3  0 2020-02-11 11:54:15
15 44      0 124110848  37624 3408320    0    0 98102 20386 69752 91847  6 17 31 46  0 2020-02-11 11:54:18
 9 39      0 124099856  37624 3408268    0    0 105674 22474 73519 94197 10 20 25 45  0 2020-02-11 11:54:21
 7 40      0 124102976  37624 3408660    0    0 101784 21143 74570 94240  6 18 30 45  0 2020-02-11 11:54:24
23 15      0 124105648  37624 3408660    0    0 99588 23006 73624 94732  6 17 31 46  0 2020-02-11 11:54:27
14 41      0 123914528  37652 3408608    0    0 110990 22580 73939 95995  9 19 24 47  0 2020-02-11 11:54:30
 7 44      0 124098088  37624 3409192    0    0 115669 21092 76166 100657  8 20 24 48  0 2020-02-11 11:54:33
 6 39      0 124099680  37624 3409188    0    0 103489 22593 72294 93655  6 18 29 47  0 2020-02-11 11:54:36
16 42      0 124103144  37624 3409296    0    0 95121 22453 69059 88244  6 16 34 44  0 2020-02-11 11:54:39
 6 38      0 124100512  37624 3409412    0    0 109747 23020 75154 96350 10 20 23 46  0 2020-02-11 11:54:42
10 47      0 124095328  37624 3409592    0    0 107452 29802 72913 95041  6 18 27 48  0 2020-02-11 11:54:45
 7 43      0 124092440  37624 3409564    0    0 109812 24003 73858 95574  6 18 27 48  0 2020-02-11 11:54:48
11 53      0 124074176  37528 3407496    0    0 116524 24727 75868 100397 11 21 22 45  0 2020-02-11 11:54:51
 0 59      0 124070432  37624 3410000    0    0 101279 24882 72523 92242  7 18 29 47  0 2020-02-11 11:54:54
 6 33      0 124057568  37624 3410088    0    0 93931 24303 71083 89915  7 17 33 43  0 2020-02-11 11:54:57
10 42      0 123898752  37624 3410200    0    0 101024 20783 72498 91093 10 19 28 43  0 2020-02-11 11:55:00
 4 50      0 124077392  37624 3410932    0    0 92763 46901 70793 91947  7 18 29 46  0 2020-02-11 11:55:03
 4 49      0 124075728  37624 3411108    0    0 94804 48029 69837 91227  6 17 29 49  0 2020-02-11 11:55:06
procs -----------memory---------- ---swap-- -----io---- -system-- ------cpu----- -----timestamp-----
 r  b   swpd   free   buff  cache   si   so    bi    bo   in   cs us sy id wa st                 CST
10 52      0 124070016  37624 3411172    0    0 99637 50315 71443 92709  6 18 27 49  0 2020-02-11 11:55:09
14 39      0 124065096  37624 3411268    0    0 104358 49670 73168 97594 10 21 23 46  0 2020-02-11 11:55:12
 7 49      0 124068296  37624 3411116    0    0 99447 49063 70566 91928  6 18 28 49  0 2020-02-11 11:55:15
12 37      0 124068560  37624 3411204    0    0 97875 58314 70797 92778  6 17 29 48  0 2020-02-11 11:55:18
 4 44      0 124065856  37624 3411212    0    0 91869 49087 69829 90778  9 18 27 46  0 2020-02-11 11:55:21
11 47      0 124074280  37624 3411556    0    0 97740 49323 69885 90333  6 18 29 47  0 2020-02-11 11:55:24
 9 45      0 124075520  37624 3411624    0    0 98481 51611 70117 92061  6 17 27 50  0 2020-02-11 11:55:27
15 47      0 123879248  37652 3411616    0    0 94941 51447 72938 96224  9 19 25 46  0 2020-02-11 11:55:30
14 24      0 124064184  37624 3411796    0    0 99444 48402 71427 95611  7 19 29 46  0 2020-02-11 11:55:33
 9 29      0 124066560  37624 3411860    0    0 87042 49627 67264 86912  5 16 34 45  0 2020-02-11 11:55:36
11 45      0 124068656  37624 3411948    0    0 95927 50469 68697 89230  6 17 28 49  0 2020-02-11 11:55:39
15 42      0 124064720  37624 3411988    0    0 96880 49831 70782 91056  9 19 25 46  0 2020-02-11 11:55:42
 7 46      0 124067296  37624 3412316    0    0 101087 51141 70968 92202  6 18 27 49  0 2020-02-11 11:55:45
10 51      0 124067040  37624 3412576    0    0 93689 52040 70575 92214  6 17 31 47  0 2020-02-11 11:55:48
14 38      0 124053760  37624 3411192    0    0 96904 54190 70508 93890  9 20 27 44  0 2020-02-11 11:55:51
 5 37      0 124059056  37624 3413324    0    0 91768 48438 66583 86704  6 16 32 46  0 2020-02-11 11:55:54
 6 35      0 124063608  37624 3413160    0    0 95113 49936 67189 88811  6 16 28 50  0 2020-02-11 11:55:57
14 40      0 123949296  37624 3413256    0    0 93142 47717 66128 86184  9 17 28 47  0 2020-02-11 11:56:00
 7 48      0 124063552  37624 3413712    0    0 99435 52440 71291 93632  6 18 26 49  0 2020-02-11 11:56:03
 8 49      0 124065760  37624 3413780    0    0 96815 50268 70601 93297  6 17 29 49  0 2020-02-11 11:56:06
11 41      0 124064576  37624 3413856    0    0 96598 49579 70489 92306  6 16 30 48  0 2020-02-11 11:56:09
procs -----------memory---------- ---swap-- -----io---- -system-- ------cpu----- -----timestamp-----
 r  b   swpd   free   buff  cache   si   so    bi    bo   in   cs us sy id wa st                 CST
11 38      0 124059392  37624 3414056    0    0 101062 49000 71661 96169 10 20 25 45  0 2020-02-11 11:56:12
10 40      0 124064192  37624 3413920    0    0 80513 46461 66122 85800  5 16 37 42  0 2020-02-11 11:56:15
 8 25      0 124064768  37624 3414020    0    0 94016 46887 68695 90911  6 16 32 46  0 2020-02-11 11:56:18
14 46      0 124058640  37624 3414120    0    0 96681 52825 69527 91687  9 19 25 46  0 2020-02-11 11:56:21
15 42      0 124062224  37624 3414584    0    0 93547 47029 66775 88484  6 17 30 48  0 2020-02-11 11:56:24
 6 42      0 124063224  37624 3414800    0    0 91496 49466 67045 89413  5 15 33 47  0 2020-02-11 11:56:27
 1 60      0 123870096  37652 3414812    0    0 91660 48069 67055 87924  9 17 29 45  0 2020-02-11 11:56:30
11 41      0 124056672  37624 3414900    0    0 100206 49168 69548 95166  7 18 29 46  0 2020-02-11 11:56:33
 6 32      0 124062336  37624 3414948    0    0 96726 58660 69469 92223  6 16 30 48  0 2020-02-11 11:56:36
 7 53      0 124062624  37624 3415004    0    0 93205 46953 66804 89191  5 15 33 46  0 2020-02-11 11:56:39
11 48      0 124060864  37624 3415032    0    0 85617 47061 65488 85624  9 17 32 42  0 2020-02-11 11:56:42
11 54      0 123936192  37624 3415148    0    0 96458 51395 71251 95563  9 18 28 46  0 2020-02-11 11:56:45
13 25      0 123970560  37624 3415192    0    0 92075 48415 71491 98199  9 18 28 44  0 2020-02-11 11:56:48
17 36      0 123862272  37624 3412132    0    0 89535 45614 71452 99766 13 20 27 40  0 2020-02-11 11:56:51
40 37      0 123869088  37624 3415680    0    0 85616 46652 67085 91423  9 17 32 43  0 2020-02-11 11:56:54
 6 37      0 123926976  37624 3415804    0    0 96043 49832 72559 99110 10 18 26 46  0 2020-02-11 11:56:57
15 44      0 123972352  37624 3415160    0    0 98096 50871 71787 95842 10 21 25 44  0 2020-02-11 11:57:00
 5 41      0 124051928  37624 3417052    0    0 98099 60738 71953 94986  7 19 26 48  0 2020-02-11 11:57:03
 0 46      0 124050816  37624 3417140    0    0 96196 49360 68742 91471  6 17 29 49  0 2020-02-11 11:57:06
 6 43      0 124045760  37624 3417228    0    0 101784 48611 70502 93259  6 17 26 51  0 2020-02-11 11:57:09
 7 50      0 124030296  37624 3417740    0    0 107610 52021 71337 97121 10 21 23 46  0 2020-02-11 11:57:12
procs -----------memory---------- ---swap-- -----io---- -system-- ------cpu----- -----timestamp-----
 r  b   swpd   free   buff  cache   si   so    bi    bo   in   cs us sy id wa st                 CST
16 41      0 124032776  37624 3417996    0    0 99137 51072 70497 92180  6 17 26 50  0 2020-02-11 11:57:15
 9 44      0 124032168  37624 3418048    0    0 95942 53163 68444 90677  6 17 28 49  0 2020-02-11 11:57:18
12 38      0 124027568  37624 3418036    0    0 95625 49004 70047 91371 10 19 27 45  0 2020-02-11 11:57:21
 8 46      0 124027224  37624 3418524    0    0 97523 51688 69123 91273  6 17 28 48  0 2020-02-11 11:57:24
 4 27      0 124028552  37624 3418620    0    0 90173 49382 65663 87646  5 15 34 45  0 2020-02-11 11:57:27
10 50      0 123829216  37652 3418664    0    0 96011 49119 69577 91774  9 17 29 45  0 2020-02-11 11:57:30
15 39      0 124016792  37624 3419140    0    0 102311 50978 70218 96087  7 18 27 48  0 2020-02-11 11:57:33
 7 51      0 124022368  37624 3419032    0    0 85912 46726 63705 85089  5 14 35 45  0 2020-02-11 11:57:36
 7 48      0 124024448  37624 3419140    0    0 92720 48524 66990 88590  5 15 32 47  0 2020-02-11 11:57:39
 6 43      0 124018208  37624 3419548    0    0 95315 49074 68593 90281  9 18 28 45  0 2020-02-11 11:57:42
 7 48      0 124016136  37624 3419368    0    0 92159 50565 66725 88842  5 15 32 47  0 2020-02-11 11:57:45
 6 48      0 124014640  37624 3419424    0    0 94433 48116 68187 90856  5 16 31 48  0 2020-02-11 11:57:48
 7 49      0 123994032  37624 3417780    0    0 102118 59316 71269 97143 10 20 25 46  0 2020-02-11 11:57:51
17 40      0 124000560  37624 3420248    0    0 93001 46399 66114 88137  6 16 32 47  0 2020-02-11 11:57:54
 6 46      0 123990048  37624 3420272    0    0 94287 50688 67248 90391  6 16 30 48  0 2020-02-11 11:57:57
11 53      0 123866000  37624 3420408    0    0 97037 54900 69104 90564 10 18 27 45  0 2020-02-11 11:58:00
11 38      0 123970112  37624 3420864    0    0 89067 51146 67224 87954  7 16 32 45  0 2020-02-11 11:58:03
12 41      0 123951312  37624 3421152    0    0 93060 45659 68495 91168  7 16 30 47  0 2020-02-11 11:58:06
11 37      0 123953808  37624 3421172    0    0 93478 50613 67307 89504  6 15 32 47  0 2020-02-11 11:58:09
12 38      0 123937024  37624 3421960    0    0 102443 50634 69180 94510 10 19 25 46  0 2020-02-11 11:58:12
12 34      0 123937688  37624 3422044    0    0 95313 50857 68398 90682  6 16 30 48  0 2020-02-11 11:58:15
procs -----------memory---------- ---swap-- -----io---- -system-- ------cpu----- -----timestamp-----
 r  b   swpd   free   buff  cache   si   so    bi    bo   in   cs us sy id wa st                 CST
17 38      0 123941192  37624 3422196    0    0 82269 45223 62558 83127  5 14 38 44  0 2020-02-11 11:58:18
13 44      0 123931888  37624 3422264    0    0 94031 49312 68001 90522  9 18 26 47  0 2020-02-11 11:58:21
 7 44      0 123932528  37624 3423056    0    0 90573 47169 67388 88969  6 16 32 46  0 2020-02-11 11:58:24
 5 44      0 123930192  37624 3423100    0    0 96191 49579 68454 91394  6 16 30 49  0 2020-02-11 11:58:27
12 52      0 123728984  37652 3423264    0    0 78038 50586 61069 81294  8 14 39 40  0 2020-02-11 11:58:30
10 56      0 123918736  37624 3423788    0    0 97081 48801 67964 92640  7 17 29 47  0 2020-02-11 11:58:33
 3 49      0 123921984  37624 3423860    0    0 89366 46628 65570 87729  5 15 34 46  0 2020-02-11 11:58:36
 2 56      0 123920960  37624 3423972    0    0 96027 49826 67415 89878  6 16 31 48  0 2020-02-11 11:58:39
 6 49      0 123910072  37624 3422296    0    0 101495 49792 70490 95382 10 20 25 46  0 2020-02-11 11:58:42
 7 46      0 123908296  37624 3424472    0    0 94913 51740 67466 89482  6 16 30 49  0 2020-02-11 11:58:45
 0 52      0 123907984  37624 3424564    0    0 89247 46900 65730 87798  5 15 35 46  0 2020-02-11 11:58:48
 7 43      0 123901184  37624 3424764    0    0 98644 51898 70219 92711 10 19 25 47  0 2020-02-11 11:58:51
13 46      0 123899232  37624 3424988    0    0 93251 48553 67042 88748  6 16 32 46  0 2020-02-11 11:58:54
10 49      0 123895472  37624 3425056    0    0 94336 49545 67421 90514  6 16 32 47  0 2020-02-11 11:58:57
14 41      0 123698360  37652 3425108    0    0 86000 45689 64339 86364  8 16 32 45  0 2020-02-11 11:59:00
 3 58      0 123884512  37624 3425440    0    0 97726 55880 68341 93018  7 18 29 47  0 2020-02-11 11:59:03
15 42      0 123886976  37624 3425460    0    0 94844 50765 67345 90307  6 16 30 49  0 2020-02-11 11:59:06
 7 42      0 123888320  37624 3425604    0    0 95871 49325 68387 91341  6 16 30 48  0 2020-02-11 11:59:09
10 30      0 123885520  37624 3425544    0    0 91723 49489 68863 90369 10 18 28 45  0 2020-02-11 11:59:12
 3 44      0 123887352  37624 3425964    0    0 93610 47859 67338 89349  5 15 31 49  0 2020-02-11 11:59:15
14 33      0 123883984  37624 3426044    0    0 82323 47090 63274 84907  5 14 38 43  0 2020-02-11 11:59:18
procs -----------memory---------- ---swap-- -----io---- -system-- ------cpu----- -----timestamp-----
 r  b   swpd   free   buff  cache   si   so    bi    bo   in   cs us sy id wa st                 CST
14 48      0 123859056  37624 3426612    0    0 100584 49738 70180 95098  9 19 27 45  0 2020-02-11 11:59:21
 6 42      0 123866448  37624 3427116    0    0 98342 51538 70044 92430  6 17 28 49  0 2020-02-11 11:59:24
17 38      0 123867736  37624 3427096    0    0 92225 49092 67943 91047  6 16 31 48  0 2020-02-11 11:59:27
11 34      0 123828752  37624 3427176    0    0 95639 49944 67993 91416  9 17 28 46  0 2020-02-11 11:59:30
16 37      0 123857288  37624 3427480    0    0 89068 47527 66323 87495  6 16 34 44  0 2020-02-11 11:59:33
10 49      0 123857272  37624 3427472    0    0 95291 50428 69661 92608  6 16 29 49  0 2020-02-11 11:59:36
12 44      0 123857768  37624 3427584    0    0 90768 47656 66396 88015  5 15 33 47  0 2020-02-11 11:59:39
12 41      0 123845440  37624 3427328    0    0 102506 51683 70985 96440 10 20 24 46  0 2020-02-11 11:59:42
 7 25      0 123846936  37624 3427400    0    0 91663 50661 68000 89862  5 16 32 47  0 2020-02-11 11:59:45
 9 53      0 123842032  37624 3427504    0    0 92532 56230 66958 89894  5 15 33 46  0 2020-02-11 11:59:48
10 50      0 123834416  37624 3428156    0    0 98039 51961 71856 93948 10 19 24 47  0 2020-02-11 11:59:51
14 43      0 123841104  37624 3428432    0    0 94071 51770 69092 91342  6 17 29 48  0 2020-02-11 11:59:54
 6 42      0 123836480  37624 3428700    0    0 92055 48958 67883 90978  6 15 32 47  0 2020-02-11 11:59:57
10 45      0 123636032  37652 3429000    0    0 96270 50695 70419 92313  9 18 28 46  0 2020-02-11 12:00:00
 9 43      0 123820352  34536 3432076    0    0 97144 50106 69864 95101  7 18 28 47  0 2020-02-11 12:00:03
10 42      0 123816936  37624 3432780    0    0 96540 50917 69910 92675  6 16 29 50  0 2020-02-11 12:00:06
 8 43      0 123764504  37624 3432812    0    0 93286 50076 68159 89268  7 16 29 49  0 2020-02-11 12:00:09
 7 48      0 123782912  37624 3432124    0    0 87445 47927 68374 88922 10 17 30 43  0 2020-02-11 12:00:12
 9 41      0 123829600  37624 3432668    0    0 88572 47356 66385 87068  5 15 33 46  0 2020-02-11 12:00:15
 8 34      0 123830960  37624 3432732    0    0 87904 57458 66650 88195  5 15 33 47  0 2020-02-11 12:00:18
12 46      0 123819632  37624 3431612    0    0 97853 48995 70203 95367 10 18 28 45  0 2020-02-11 12:00:21
procs -----------memory---------- ---swap-- -----io---- -system-- ------cpu----- -----timestamp-----
 r  b   swpd   free   buff  cache   si   so    bi    bo   in   cs us sy id wa st                 CST
 8 54      0 123826392  37624 3432856    0    0 100074 52019 68603 89651  6 17 26 51  0 2020-02-11 12:00:24
 9 42      0 123828432  37624 3432888    0    0 95588 50124 67021 88147  6 15 29 50  0 2020-02-11 12:00:27
 5 61      0 123793040  37624 3432916    0    0 97369 50874 68265 89708  9 17 26 47  0 2020-02-11 12:00:30
 3 61      0 123831504  37652 3433104    0    0 92368 49422 66328 87332  6 16 31 47  0 2020-02-11 12:00:33
10 36      0 123832064  37624 3433220    0    0 103739 49615 69436 93841  6 17 26 52  0 2020-02-11 12:00:36
 3 55      0 123829072  37624 3433276    0    0 97459 51491 69600 93968  6 16 28 50  0 2020-02-11 12:00:39
 4 57      0 123829704  37624 3433436    0    0 91077 48498 65430 86045  9 17 30 44  0 2020-02-11 12:00:42
 1 61      0 123831600  37624 3433540    0    0 97516 52726 68413 89387  6 16 28 51  0 2020-02-11 12:00:45
 3 60      0 123836192  37624 3433632    0    0 99459 51627 69043 89767  6 16 26 52  0 2020-02-11 12:00:48
 0 52      0 123825248  37624 3433880    0    0 102966 51534 70735 94215 10 19 24 48  0 2020-02-11 12:00:51
 0 60      0 123829984  37624 3434180    0    0 99277 52193 69285 89348  6 17 26 51  0 2020-02-11 12:00:54
 2 61      0 123833056  37624 3434604    0    0 90401 50164 66000 87057  6 15 30 49  0 2020-02-11 12:00:57
 7 33      0 123834144  37624 3434688    0    0 91321 55912 67611 87265  9 16 28 46  0 2020-02-11 12:01:00
 2 61      0 123833792  37624 3434668    0    0 94379 51603 67662 88948  6 16 29 49  0 2020-02-11 12:01:03
 1 50      0 123834104  37624 3434772    0    0 96999 51440 68267 90006  6 15 30 49  0 2020-02-11 12:01:06
31 36      0 123834912  37624 3434840    0    0 94524 50813 67390 88229  6 15 30 49  0 2020-02-11 12:01:09
13 46      0 123822192  37624 3435016    0    0 107664 50849 71129 94861 10 20 21 49  0 2020-02-11 12:01:12
 8 25      0 123826536  37624 3435072    0    0 93898 51641 65804 86461  5 15 32 48  0 2020-02-11 12:01:15
 6 59      0 123825504  37624 3435176    0    0 96073 50830 68391 88674  6 15 29 50  0 2020-02-11 12:01:18
 5 53      0 123824480  37624 3435756    0    0 94785 50037 67760 88663  9 17 26 47  0 2020-02-11 12:01:21
 9 50      0 123828640  37624 3435892    0    0 100024 51931 68407 88268  6 16 26 52  0 2020-02-11 12:01:24
procs -----------memory---------- ---swap-- -----io---- -system-- ------cpu----- -----timestamp-----
 r  b   swpd   free   buff  cache   si   so    bi    bo   in   cs us sy id wa st                 CST
 8 42      0 123828408  37624 3436116    0    0 88469 48197 66275 87488  5 15 33 47  0 2020-02-11 12:01:27
 4 54      0 123631104  37652 3436248    0    0 95778 51460 68632 90260  9 17 26 47  0 2020-02-11 12:01:30
 8 42      0 123822576  37624 3436420    0    0 102515 57579 73110 96689  7 19 26 48  0 2020-02-11 12:01:33
10 47      0 123828008  37624 3436452    0    0 98291 52106 71373 93375  6 17 26 51  0 2020-02-11 12:01:36
 7 46      0 123827824  37624 3436456    0    0 96721 51681 69957 91209  6 16 29 49  0 2020-02-11 12:01:39
 8 46      0 123817048  37652 3436904    0    0 94012 52431 71062 91715  9 18 27 45  0 2020-02-11 12:01:42
14 48      0 123729536  37624 3436904    0    0 98699 53335 73806 98909  9 19 25 48  0 2020-02-11 12:01:45
15 39      0 123714544  37624 3436924    0    0 94139 49418 74715 99842  9 18 27 46  0 2020-02-11 12:01:48
17 43      0 123636416  37624 3437080    0    0 78695 45134 68088 91553 13 18 31 38  0 2020-02-11 12:01:51
 9 42      0 123594032  37624 3437060    0    0 93049 52034 75216 99841 10 19 25 46  0 2020-02-11 12:01:54
17 34      0 123804464  37508 3437132    0    0 91291 49616 74430 97635  9 19 26 45  0 2020-02-11 12:01:57
 6 45      0 123607616  37652 3437076    0    0 84647 47994 72553 92619  9 18 31 42  0 2020-02-11 12:02:00
14 35      0 123797392  37624 3437412    0    0 96561 54050 71825 94593  7 18 29 47  0 2020-02-11 12:02:03
11 44      0 123802560  37624 3437468    0    0 95557 49985 70716 91768  6 16 30 48  0 2020-02-11 12:02:06
12 28      0 123804384  37624 3437528    0    0 94706 60560 70325 90549  6 16 29 49  0 2020-02-11 12:02:09
12 49      0 123794672  37624 3438396    0    0 91165 51537 71591 90789 10 19 27 44  0 2020-02-11 12:02:12
 6 34      0 123794592  37624 3438504    0    0 96376 49343 71963 91897  6 17 28 49  0 2020-02-11 12:02:15
11 32      0 123794256  37624 3438604    0    0 93630 50930 69650 90477  6 16 31 47  0 2020-02-11 12:02:18
11 31      0 123776448  37624 3439220    0    0 99224 53985 74158 97951 10 20 24 46  0 2020-02-11 12:02:21
11 42      0 123785344  37624 3439400    0    0 94827 51331 69168 89308  6 17 31 47  0 2020-02-11 12:02:24
 7 37      0 123790016  37624 3439456    0    0 95107 51695 69264 91350  6 16 29 49  0 2020-02-11 12:02:27
procs -----------memory---------- ---swap-- -----io---- -system-- ------cpu----- -----timestamp-----
 r  b   swpd   free   buff  cache   si   so    bi    bo   in   cs us sy id wa st                 CST
11 46      0 123752320  37624 3439516    0    0 92159 52122 70274 90531  9 18 27 46  0 2020-02-11 12:02:30
12 38      0 123780592  37624 3439580    0    0 94821 51034 70981 90669  6 17 28 49  0 2020-02-11 12:02:33
 7 38      0 123786000  37624 3439680    0    0 92874 51756 69898 90805  5 15 30 49  0 2020-02-11 12:02:36
 8 34      0 123785904  37624 3439764    0    0 83553 47822 65582 84836  5 15 36 44  0 2020-02-11 12:02:39
 4 44      0 123779968  37624 3440036    0    0 95110 49812 70215 92497  9 19 27 45  0 2020-02-11 12:02:42
 5 43      0 123784640  37624 3440124    0    0 92146 49642 70217 90096  6 16 31 48  0 2020-02-11 12:02:45
 1 51      0 123781992  37624 3440232    0    0 92887 53411 69936 90474  5 16 30 49  0 2020-02-11 12:02:48
 5 54      0 123774104  37624 3440896    0    0 93660 47399 71007 91190 10 18 27 45  0 2020-02-11 12:02:51
16 42      0 123781304  37624 3440764    0    0 91276 51106 69398 89287  6 16 31 47  0 2020-02-11 12:02:54
 6 52      0 123779776  37624 3440840    0    0 87951 49978 68451 88156  6 16 34 44  0 2020-02-11 12:02:57
 9 47      0 123586416  37652 3441056    0    0 99636 62384 72546 93096  9 18 24 49  0 2020-02-11 12:03:00
17 35      0 123782568  37624 3441168    0    0 99942 54545 72454 95370  7 18 27 48  0 2020-02-11 12:03:03
16 44      0 123779504  37624 3441268    0    0 89188 47994 68313 88890  6 15 31 48  0 2020-02-11 12:03:06
 9 53      0 123777032  37624 3441328    0    0 98538 54266 71893 91832  6 17 26 51  0 2020-02-11 12:03:09
17 57      0 123779376  37624 3441248    0    0 94524 49165 70524 90055  9 18 26 46  0 2020-02-11 12:03:12
 4 45      0 123777104  37624 3441328    0    0 88285 53580 67919 87248  5 15 32 47  0 2020-02-11 12:03:15
 8 39      0 123774992  37624 3441424    0    0 95422 52323 70035 90402  6 16 29 50  0 2020-02-11 12:03:18
12 42      0 123763568  37624 3442112    0    0 101791 51626 72994 96529  9 19 24 47  0 2020-02-11 12:03:21
16 47      0 123769968  37624 3442152    0    0 94499 57719 70108 90565  6 17 30 47  0 2020-02-11 12:03:24
 8 26      0 123766576  37624 3442212    0    0 84063 48759 65879 85295  5 14 34 46  0 2020-02-11 12:03:27
17 47      0 123771696  37624 3442292    0    0 84820 46616 65379 84753  8 16 32 43  0 2020-02-11 12:03:30
procs -----------memory---------- ---swap-- -----io---- -system-- ------cpu----- -----timestamp-----
 r  b   swpd   free   buff  cache   si   so    bi    bo   in   cs us sy id wa st                 CST
 7 40      0 123762736  37624 3442424    0    0 96404 54600 71050 91935  6 17 27 49  0 2020-02-11 12:03:33
12 50      0 123764536  37624 3442520    0    0 92989 47458 68072 89708  6 16 32 47  0 2020-02-11 12:03:36
18 43      0 123757232  37624 3442596    0    0 97570 52370 69622 90482  6 16 29 49  0 2020-02-11 12:03:39
 8 46      0 123754736  37624 3442800    0    0 95523 51328 70540 93663  9 19 27 45  0 2020-02-11 12:03:42
13 36      0 123759232  37624 3442896    0    0 95912 52953 69593 90664  6 17 27 50  0 2020-02-11 12:03:45
11 38      0 123756624  37624 3443016    0    0 94147 48684 69033 90002  6 15 31 48  0 2020-02-11 12:03:48
 6 52      0 123750528  37624 3443464    0    0 86120 50849 67561 87453  9 17 31 43  0 2020-02-11 12:03:51
11 39      0 123753216  37624 3443464    0    0 98704 50748 70074 90835  6 17 26 51  0 2020-02-11 12:03:54
 7 43      0 123754648  37624 3443564    0    0 92634 53630 69247 90475  6 16 29 49  0 2020-02-11 12:03:57
 9 50      0 123557160  37652 3443656    0    0 88448 50394 67517 86880  9 17 30 44  0 2020-02-11 12:04:00
 7 30      0 123743240  37624 3443860    0    0 101180 59755 71970 96338  7 19 28 46  0 2020-02-11 12:04:03
 3 53      0 123746160  37624 3444044    0    0 92833 50543 68737 89738  6 16 30 48  0 2020-02-11 12:04:06
13 35      0 123737184  37624 3444104    0    0 93919 52750 69883 90660  6 17 28 49  0 2020-02-11 12:04:09
 3 59      0 123746496  37624 3444164    0    0 90862 51214 68724 88853  9 18 28 45  0 2020-02-11 12:04:12
 0  1      0 124683192  37612 3441804    0    0 78110 37812 56411 77092  5 14 42 39  0 2020-02-11 12:04:15
 1  0      0 124902096  37624 3441676    0    0  2609  5217 2804 16474  1  1 98  0  0 2020-02-11 12:04:18
 0  0      0 124894432  37624 3441904    0    0  9650  1522 3060 20751  3  2 91  3  0 2020-02-11 12:04:21
 1  0      0 124905136  37624 3441828    0    0  2856   769 1552 13888  1  1 98  0  0 2020-02-11 12:04:24
 2  0      0 124905288  37624 3441928    0    0  1444  1170 1617 14461  0  1 99  0  0 2020-02-11 12:04:27
 0  1      0 124906464  37624 3441880    0    0  2924   864 1891 14776  3  1 96  0  0 2020-02-11 12:04:30
 0  0      0 124907696  37624 3441984    0    0  2882   956 1790 14731  1  1 98  0  0 2020-02-11 12:04:33
procs -----------memory---------- ---swap-- -----io---- -system-- ------cpu----- -----timestamp-----
 r  b   swpd   free   buff  cache   si   so    bi    bo   in   cs us sy id wa st                 CST
 0  0      0 124908240  37624 3442064    0    0  1459  1001 1739 14741  0  1 99  0  0 2020-02-11 12:04:36
 4  0      0 124896080  37624 3442160    0    0  2835   945 1420 13501  0  1 99  0  0 2020-02-11 12:04:39
 0  2      0 124901456  37624 3442240    0    0  6864   835 3050 20377  3  2 91  3  0 2020-02-11 12:04:42
 0  0      0 124905520  37624 3442352    0    0  2846   897 1434 13979  0  1 99  0  0 2020-02-11 12:04:45
 0  0      0 124906032  37624 3442572    0    0  1439   975 1704 14390  0  1 99  0  0 2020-02-11 12:04:48
 0  0      0 124904288  37624 3442760    0    0  2935  1207 2055 15587  3  2 95  0  0 2020-02-11 12:04:51
 0  0      0 124954352  37624 3442712    0    0  3244   871 1678 14020  1  1 98  0  0 2020-02-11 12:04:54
 1  0      0 124901744  37624 3442828    0    0  1669  1599 2264 15347  1  1 98  0  0 2020-02-11 12:04:57
 0 12      0 124701408  27400 3441752    0    0  5625  1308 2683 17246  4  2 94  1  0 2020-02-11 12:05:00
 1  1      0 124873216  37624 3443004    0    0  7594  2698 4447 19817  1  2 94  3  0 2020-02-11 12:05:03
 3  1      0 124875320  36596 3443520    0    0  2825  7357 4185 17042  1  1 97  1  0 2020-02-11 12:05:06
 5  0      0 124841416  37624 3443304    0    0  5543  2827 5590 18687  1  2 96  1  0 2020-02-11 12:05:09
