procs -----------memory---------- ---swap-- -----io---- -system-- ------cpu----- -----timestamp-----
 r  b   swpd   free   buff  cache   si   so    bi    bo   in   cs us sy id wa st                 CST
 3  0      0 1074781056  58464 3464460    0    0   818    11   61   53  1  2 92  5  0 2020-02-20 21:13:22
 6  0      0 1074004736  58464 3466104    0    0   226   165 5401 24694  1  1 98  0  0 2020-02-20 21:13:25
 3  0      0 1073355072  58464 3468204    0    0    90   484 4816 24670  1  1 98  0  0 2020-02-20 21:13:28
 2  0      0 1072088384  58464 3735752    0    0   122   269 4604 25479  1  1 98  0  0 2020-02-20 21:13:31
 1  0      0 1071430784  58464 3737552    0    0   119   341 4515 23675  1  1 98  0  0 2020-02-20 21:13:34
 1  0      0 1070534848  58464 3742884    0    0 10918   153 9373 36804  1  2 96  1  0 2020-02-20 21:13:37
 3  0      0 1070495616  58464 3743008    0    0   137   425 1443 17248  0  0 100  0  0 2020-02-20 21:13:40
 7  0      0 1070417792  58464 3744060    0    0   262   212 16382 81383  1  3 96  0  0 2020-02-20 21:13:43
 7  2      0 1069972928  58464 3748332    0    0  1611   454 20878 374981  3  3 93  0  0 2020-02-20 21:13:46
 2  0      0 1069679744  58464 4011092    0    0  1086   185 70785 113456  1  5 94  0  0 2020-02-20 21:13:49
16  0      0 1069601408  58464 4012088    0    0  5579   286 46296 178206  1  3 96  0  0 2020-02-20 21:13:52
 9  0      0 1069369152  58492 4012196    0    0 69424   173 48256 346944  2  4 93  0  0 2020-02-20 21:13:55
 7  1      0 1069414016  58464 4012604    0    0 108953   461 66174 453839  3  7 90  1  0 2020-02-20 21:13:58
12  0      0 1069346176  58464 4013180    0    0 127657   497 68914 467068  3  7 90  0  0 2020-02-20 21:14:01
 3  0      0 1069368960  58464 4013840    0    0 184572   253 71406 408803  3  7 89  1  0 2020-02-20 21:14:04
19  3      0 1069481216  58464 4017544    0    0 333911   813 75886 273436  4  6 89  1  0 2020-02-20 21:14:07
15 72      0 1069463744  58464 4017748    0    0 214961   449 59236 267014  2  4 91  3  0 2020-02-20 21:14:10
 5  2      0 1069454528  57404 4018640    0    0 239425   684 65176 247071  2  4 89  4  0 2020-02-20 21:14:13
21 15      0 1069358016  56944 4020664    0    0 419107   207 77873 136453  4  6 81 10  0 2020-02-20 21:14:16
 2  0      0 1069345536  58464 4020724    0    0 414829   341 74071 90854  2  3 85 10  0 2020-02-20 21:14:19
 7  0      0 1069356544  58464 4021304    0    0 342791   225 67026 82862  2  3 89  6  0 2020-02-20 21:14:22
procs -----------memory---------- ---swap-- -----io---- -system-- ------cpu----- -----timestamp-----
 r  b   swpd   free   buff  cache   si   so    bi    bo   in   cs us sy id wa st                 CST
15  2      0 1069274048  58464 4020956    0    0 310223   376 66952 79455  2  3 90  5  0 2020-02-20 21:14:25
11  2      0 1069346816  58464 4021356    0    0 351968   915 68075 91962  2  3 92  4  0 2020-02-20 21:14:28
10 29      0 1069342528  58464 4021320    0    0 363747   934 66689 88227  2  3 89  6  0 2020-02-20 21:14:31
13 103      0 1069341120  58464 4021872    0    0 341359   570 72672 90283  2  3 87  8  0 2020-02-20 21:14:34
 3  0      0 1069328640  58464 4021488    0    0 238556   437 62837 82093  2  4 83 12  0 2020-02-20 21:14:37
 7  0      0 1069333824  58464 4021936    0    0 269031   907 65303 83294  2  3 89  6  0 2020-02-20 21:14:40
 1  0      0 1069333056  58464 4022768    0    0 291297   425 66603 84682  2  3 88  7  0 2020-02-20 21:14:43
 9 83      0 1069329728  58464 4023024    0    0 365145   714 73941 91953  2  4 80 13  0 2020-02-20 21:14:46
 5 94      0 1069321344  58464 4023080    0    0 333331   296 71794 92009  2  3 85 10  0 2020-02-20 21:14:49
 6  0      0 1069315584  58464 4024060    0    0 318220   899 71605 88725  2  4 83 11  0 2020-02-20 21:14:52
14 14      0 1069229376  58464 4024748    0    0 323685   693 70061 85020  2  4 82 13  0 2020-02-20 21:14:55
 1  0      0 1069299712  58464 4025192    0    0 307767   704 68583 88511  2  4 83 12  0 2020-02-20 21:14:58
 4 190      0 1069283648  58464 4025240    0    0 307392  1059 64400 81077  2  3 85 10  0 2020-02-20 21:15:01
 9 187      0 1069291776  58464 4025756    0    0 281912   789 70707 82381  2  4 81 13  0 2020-02-20 21:15:04
 5 201      0 1069289408  58464 4025556    0    0 332177   945 73583 87334  2  3 81 14  0 2020-02-20 21:15:07
 4 106      0 1069285760  58464 4025532    0    0 383043   634 77162 93341  2  4 79 15  0 2020-02-20 21:15:10
 1  0      0 1069278016  58464 4025928    0    0 296993  1387 67567 80155  2  3 81 13  0 2020-02-20 21:15:13
 6 146      0 1069184960  57560 4025928    0    0 297855   983 64065 86591  2  4 84 10  0 2020-02-20 21:15:16
46 161      0 1069265536  58464 4025336    0    0 402999  1024 76668 95790  2  4 75 19  0 2020-02-20 21:15:19
20 100      0 1069270464  58464 4024680    0    0 343672   859 73127 89244  2  4 81 13  0 2020-02-20 21:15:22
 8  0      0 1069260864  58464 4024884    0    0 368620   753 74684 91919  3  4 80 14  0 2020-02-20 21:15:25
procs -----------memory---------- ---swap-- -----io---- -system-- ------cpu----- -----timestamp-----
 r  b   swpd   free   buff  cache   si   so    bi    bo   in   cs us sy id wa st                 CST
 0  1      0 1069274240  58464 4025168    0    0 284135   617 67819 80728  2  3 85 10  0 2020-02-20 21:15:28
11 181      0 1069263168  54880 4016112    0    0 367330   783 75326 94766  2  4 79 14  0 2020-02-20 21:15:31
11 215      0 1069262336  58464 4025804    0    0 285893   520 58566 76041  2  3 84 11  0 2020-02-20 21:15:34
15 144      0 1069267712  58464 4025952    0    0 376454   646 76572 95455  3  4 80 13  0 2020-02-20 21:15:37
 8  0      0 1069267968  58464 4026136    0    0 241993   704 65585 71766  2  3 87  8  0 2020-02-20 21:15:40
19 85      0 1069276352  58464 4026748    0    0 269028   448 66738 77491  2  3 85 10  0 2020-02-20 21:15:43
 2  0      0 1069265728  58464 4026832    0    0 378859   263 77435 97032  3  4 77 16  0 2020-02-20 21:15:46
 2  0      0 1069261952  58464 4026744    0    0 183827   285 56315 66076  1  2 91  6  0 2020-02-20 21:15:49
 8  1      0 1069261824  58464 4026272    0    0 305023  5374 63202 76320  2  3 80 14  0 2020-02-20 21:15:52
20 43      0 1069217856  58464 4028128    0    0 280343   487 67822 76768  2  3 82 12  0 2020-02-20 21:15:55
10 49      0 1069243904  57912 4028320    0    0 347392  1599 74280 90162  2  4 83 12  0 2020-02-20 21:15:58
10 100      0 1069242496  58464 4028404    0    0 260252  5621 62919 74320  2  3 87  9  0 2020-02-20 21:16:01
 2  2      0 1069243200  58464 4028676    0    0 408929   443 78448 95723  2  4 77 17  0 2020-02-20 21:16:04
 9 111      0 1069229056  58464 4028268    0    0 370095   487 74063 94480  2  4 78 16  0 2020-02-20 21:16:07
10 89      0 1069235392  58464 4028204    0    0 232703   483 60934 69099  1  3 89  7  0 2020-02-20 21:16:10
15 27      0 1069230848  58464 4027920    0    0 407160  1210 79071 91448  2  4 75 19  0 2020-02-20 21:16:13
 6  1      0 1069228736  58464 4028384    0    0 388521  1176 75172 89946  2  4 78 16  0 2020-02-20 21:16:16
 6  2      0 1069230656  58464 4028352    0    0 277427   354 67757 78277  2  3 85 11  0 2020-02-20 21:16:19
12 13      0 1069222144  58464 4028708    0    0 426940   218 81601 100752  2  5 72 20  0 2020-02-20 21:16:22
22 35      0 1069221312  58464 4029196    0    0 410836   713 79302 95914  3  4 77 16  0 2020-02-20 21:16:25
 0  2      0 1069244352  58464 4029184    0    0 384852   617 75281 91283  2  4 80 15  0 2020-02-20 21:16:28
procs -----------memory---------- ---swap-- -----io---- -system-- ------cpu----- -----timestamp-----
 r  b   swpd   free   buff  cache   si   so    bi    bo   in   cs us sy id wa st                 CST
 2  2      0 1069245376  58464 4029212    0    0 202757   569 51151 62035  1  2 88  9  0 2020-02-20 21:16:31
15 44      0 1069243264  58464 4029372    0    0 301740   170 66074 77455  2  3 84 11  0 2020-02-20 21:16:34
 4  2      0 1069234816  58464 4029472    0    0 360471   533 74153 91954  2  4 76 18  0 2020-02-20 21:16:37
 6  2      0 1069237760  58464 4029476    0    0 306127   730 67765 76945  2  3 83 12  0 2020-02-20 21:16:40
16 79      0 1069248704  58464 4029540    0    0 404276   438 77609 93464  2  4 76 18  0 2020-02-20 21:16:43
13 121      0 1069249024  58464 4029588    0    0 339060   638 71420 86050  2  4 82 12  0 2020-02-20 21:16:46
14  9      0 1069244032  58464 4029648    0    0 292879   398 68931 77342  2  3 83 12  0 2020-02-20 21:16:49
 3  1      0 1069244224  58464 4029708    0    0 275033   283 59819 72931  2  3 87  9  0 2020-02-20 21:16:52
 8 163      0 1069158784  58464 4029728    0    0 350103   336 69192 84513  2  4 82 12  0 2020-02-20 21:16:55
 2  0      0 1069235072  58464 4030308    0    0 304632   326 70553 88453  2  4 82 12  0 2020-02-20 21:16:58
11 163      0 1069239744  58464 4030548    0    0 437591   630 79091 95360  2  4 76 18  0 2020-02-20 21:17:01
19 140      0 1069238784  58464 4030744    0    0 391352   308 75796 91570  2  4 79 15  0 2020-02-20 21:17:04
11 167      0 1069235520  58464 4030964    0    0 400040   386 77196 95239  2  4 78 16  0 2020-02-20 21:17:07
 0  0      0 1069230208  58464 4031016    0    0 327028   308 73550 83732  2  4 82 13  0 2020-02-20 21:17:10
18 143      0 1069234496  58464 4031116    0    0 268828   426 61904 73175  2  3 85 11  0 2020-02-20 21:17:13
11 99      0 1069222528  58232 4031008    0    0 243842   423 65629 80472  2  3 86  9  0 2020-02-20 21:17:16
 8  0      0 1069220288  58464 4031116    0    0 386976   747 76896 91166  2  4 79 15  0 2020-02-20 21:17:19
19 97      0 1069228800  58464 4031228    0    0 327480   220 72008 88160  2  4 86  9  0 2020-02-20 21:17:22
29 47      0 1069226752  58464 4031192    0    0 296516   632 69788 84051  2  3 85 10  0 2020-02-20 21:17:25
 2 139      0 1069235200  58464 4031640    0    0 364615   335 75208 89892  2  4 80 14  0 2020-02-20 21:17:28
 0  0      0 1069234880  58464 4031704    0    0 362823   572 76083 87674  2  4 78 16  0 2020-02-20 21:17:31
procs -----------memory---------- ---swap-- -----io---- -system-- ------cpu----- -----timestamp-----
 r  b   swpd   free   buff  cache   si   so    bi    bo   in   cs us sy id wa st                 CST
 6 37      0 1069235392  58464 4032232    0    0 397440   145 75009 91994  2  4 76 18  0 2020-02-20 21:17:34
17 76      0 1069227456  58464 4032244    0    0 300572   376 72794 91692  2  4 84 10  0 2020-02-20 21:17:37
 3 45      0 1069228608  58464 4032404    0    0 330868   238 73118 85661  2  3 82 13  0 2020-02-20 21:17:40
 4 77      0 1069221504  58464 4032736    0    0 276234   326 57036 72862  2  3 87  9  0 2020-02-20 21:17:43
19 84      0 1069223616  58464 4032588    0    0 367009   325 75231 88031  2  4 79 15  0 2020-02-20 21:17:46
 0  0      0 1069219264  58464 4032648    0    0 370496   350 71864 90788  2  3 80 15  0 2020-02-20 21:17:49
12 19      0 1069218752  58464 4032896    0    0 384236   517 75504 91591  2  4 77 17  0 2020-02-20 21:17:52
 3  0      0 1069129984  58492 4033060    0    0 378071   427 76842 90691  2  4 77 17  0 2020-02-20 21:17:55
 2  1      0 1069198784  58464 4033560    0    0 316992   519 71820 88043  2  4 82 13  0 2020-02-20 21:17:58
 6 166      0 1069213440  58464 4034048    0    0 354414   584 70411 80749  2  4 79 15  0 2020-02-20 21:18:01
 4  2      0 1069210112  58464 4034404    0    0 401197   267 80714 95692  2  4 79 15  0 2020-02-20 21:18:04
24 58      0 1069213824  58464 4034712    0    0 324828   449 65669 82081  2  3 82 12  0 2020-02-20 21:18:07
 0  0      0 1069216640  58464 4034616    0    0 249522   309 63440 73048  1  3 87  9  0 2020-02-20 21:18:10
 7 10      0 1069217344  58464 4034996    0    0 349652   393 73371 92405  2  4 85 10  0 2020-02-20 21:18:13
17 129      0 1069209792  56768 4033960    0    0 330722   243 71053 86441  2  4 80 14  0 2020-02-20 21:18:16
17 115      0 1069209664  58464 4035108    0    0 403811   294 80829 95981  2  4 78 16  0 2020-02-20 21:18:19
 8 87      0 1069213376  58464 4035232    0    0 336197   237 72617 88807  2  4 84 11  0 2020-02-20 21:18:22
17 39      0 1069208704  58464 4035340    0    0 245143   789 63149 78602  2  3 88  7  0 2020-02-20 21:18:25
11  5      0 1069219520  58464 4035832    0    0 317260   173 72370 85835  2  3 84 11  0 2020-02-20 21:18:28
 2 13      0 1069221760  58464 4035964    0    0 298828   550 60972 76520  2  3 86 10  0 2020-02-20 21:18:31
 9 166      0 1069220736  58464 4036208    0    0 333399   412 71737 84068  2  4 82 13  0 2020-02-20 21:18:34
procs -----------memory---------- ---swap-- -----io---- -system-- ------cpu----- -----timestamp-----
 r  b   swpd   free   buff  cache   si   so    bi    bo   in   cs us sy id wa st                 CST
 1 56      0 1069218368  58464 4036196    0    0 372351   494 73846 97002  2  4 76 17  0 2020-02-20 21:18:37
 2  0      0 1069224064  58464 4036456    0    0 273529   299 65002 73839  1  3 84 12  0 2020-02-20 21:18:40
 1 106      0 1069220992  58464 4036700    0    0 291191   329 62326 74703  2  3 83 12  0 2020-02-20 21:18:43
14 75      0 1069222848  58464 4036772    0    0 306863   258 67596 81180  2  3 82 13  0 2020-02-20 21:18:46
23 51      0 1069223104  58464 4036788    0    0 332875   366 70866 83347  2  3 83 12  0 2020-02-20 21:18:49
 9 175      0 1069210752  58464 4036580    0    0 362753   285 76597 91601  2  4 83 11  0 2020-02-20 21:18:52
17  8      0 1069009472  53324 4037676    0    0 373805   298 79872 104764  3  5 79 13  0 2020-02-20 21:18:55
10 190      0 1069109312  58464 4036580    0    0 223755   576 67178 88930  2  4 87  7  0 2020-02-20 21:18:58
 2  6      0 1069107072  58464 4037024    0    0 362107   705 80613 99404  3  4 79 14  0 2020-02-20 21:19:01
 8 185      0 1069034240  58464 4037092    0    0 312854   209 72143 88134  2  4 79 14  0 2020-02-20 21:19:04
13 102      0 1069227520  58464 4036428    0    0 342831   952 76972 94691  3  4 82 11  0 2020-02-20 21:19:07
11 173      0 1069227072  58464 4036476    0    0 388820   295 74087 88518  2  4 79 16  0 2020-02-20 21:19:10
 0  0      0 1069224960  58464 4037088    0    0 402556   407 82942 95999  2  4 78 16  0 2020-02-20 21:19:13
 1  0      0 1069204864  58464 4036816    0    0 204948   373 56974 73026  1  3 88  8  0 2020-02-20 21:19:16
10 90      0 1069209792  58464 4037224    0    0 312244   486 63162 77761  2  3 83 12  0 2020-02-20 21:19:19
17 94      0 1069217920  58464 4037080    0    0 338637   215 73537 89360  2  4 83 11  0 2020-02-20 21:19:22
29 101      0 1069211968  58464 4037068    0    0 396927   266 77112 94953  3  4 76 17  0 2020-02-20 21:19:25
 6 189      0 1069219456  58464 4037572    0    0 272049   353 68052 77088  1  3 86  9  0 2020-02-20 21:19:28
11 11      0 1069219136  58464 4037412    0    0 346844   825 74744 86411  2  4 81 14  0 2020-02-20 21:19:31
14 22      0 1069216384  58464 4037488    0    0 319903   164 71503 83092  2  3 84 11  0 2020-02-20 21:19:34
11 32      0 1069208512  58464 4037600    0    0 323802   317 69006 93465  2  4 83 11  0 2020-02-20 21:19:37
procs -----------memory---------- ---swap-- -----io---- -system-- ------cpu----- -----timestamp-----
 r  b   swpd   free   buff  cache   si   so    bi    bo   in   cs us sy id wa st                 CST
 8  0      0 1069214848  58464 4037644    0    0 413441   287 76360 94524  2  4 76 18  0 2020-02-20 21:19:40
12 24      0 1069222592  58464 4037820    0    0 289507   521 69917 80488  2  3 85 10  0 2020-02-20 21:19:43
 6 51      0 1069223232  58464 4038060    0    0 344439   381 71017 86688  2  4 84 10  0 2020-02-20 21:19:46
 7 96      0 1069222528  58464 4038108    0    0 283824   349 62563 80664  1  3 87  9  0 2020-02-20 21:19:49
 4 170      0 1069220736  58464 4038316    0    0 364796   273 72553 88593  2  4 80 15  0 2020-02-20 21:19:52
 3  3      0 1069118912  55440 4032244    0    0 59426   300 33886 45815  1  2 95  3  0 2020-02-20 21:19:55
 6  4      0 1069207680  58464 4038996    0    0 305280   368 59334 76294  2  3 83 12  0 2020-02-20 21:19:58
20 130      0 1069212288  58464 4038696    0    0 380926   484 74841 94353  2  4 82 12  0 2020-02-20 21:20:01
11 149      0 1069212416  58464 4038652    0    0 420821   565 79944 96708  2  4 75 18  0 2020-02-20 21:20:04
 0  0      0 1069214080  58464 4039576    0    0 300780   485 71527 85809  2  4 85 10  0 2020-02-20 21:20:07
15 155      0 1069215488  58464 4039628    0    0 366303   372 74805 89553  2  4 81 14  0 2020-02-20 21:20:10
 0  0      0 1069215360  58464 4039836    0    0 285001   529 67070 77770  2  3 83 12  0 2020-02-20 21:20:13
 4  8      0 1069202944  58320 4038924    0    0 331843   512 73163 89534  2  4 81 13  0 2020-02-20 21:20:16
 2 179      0 1069208896  58464 4039884    0    0 229885   299 58656 71600  1  3 89  7  0 2020-02-20 21:20:19
10 101      0 1069211392  58464 4039476    0    0 414088   222 80153 95469  2  4 75 19  0 2020-02-20 21:20:22
20 49      0 1069206080  58464 4039536    0    0 345258   299 73049 85377  2  4 80 14  0 2020-02-20 21:20:25
14 72      0 1069209216  58464 4039996    0    0 268716   275 65723 78615  2  3 85 10  0 2020-02-20 21:20:28
 1  0      0 1069207936  58464 4040036    0    0 380225   456 76018 91886  2  4 78 16  0 2020-02-20 21:20:31
 2  5      0 1069208192  58464 4040348    0    0 353463   151 72649 88285  2  3 81 14  0 2020-02-20 21:20:34
 1  3      0 1069201024  58464 4040564    0    0 273816   474 67263 82298  2  3 81 14  0 2020-02-20 21:20:37
 9 157      0 1069207040  58464 4040496    0    0 393959   582 72033 89284  2  4 76 18  0 2020-02-20 21:20:40
procs -----------memory---------- ---swap-- -----io---- -system-- ------cpu----- -----timestamp-----
 r  b   swpd   free   buff  cache   si   so    bi    bo   in   cs us sy id wa st                 CST
 6  0      0 1069211968  58464 4041136    0    0 300015   318 66771 81062  2  3 84 11  0 2020-02-20 21:20:43
 2  0      0 1069212928  58464 4040720    0    0 232617   259 57396 69239  2  3 86 10  0 2020-02-20 21:20:46
12 172      0 1069212160  58464 4040764    0    0 309320   972 69051 81358  2  3 84 11  0 2020-02-20 21:20:49
 1  1      0 1069213440  58464 4041436    0    0 373818   204 72534 89755  2  4 79 15  0 2020-02-20 21:20:52
12 19      0 1069123392  51356 4034244    0    0 339981   279 75620 91816  2  4 82 12  0 2020-02-20 21:20:55
15 167      0 1069213696  58464 4041896    0    0 344646   258 70929 87940  2  4 79 16  0 2020-02-20 21:20:58
 5  0      0 1069217856  58464 4041684    0    0 311461   520 65652 80609  2  3 81 14  0 2020-02-20 21:21:01
 2  0      0 1069223488  58464 4041488    0    0 308579   200 62112 75746  2  3 82 13  0 2020-02-20 21:21:04
14  7      0 1069222272  58464 4041968    0    0 416105   302 78905 93576  2  4 74 20  0 2020-02-20 21:21:07
15 179      0 1069217280  58464 4042336    0    0 366297   615 64062 81907  2  3 83 12  0 2020-02-20 21:21:10
11 137      0 1069211072  58464 4042328    0    0 513417   500 83864 106118  2  5 71 22  0 2020-02-20 21:21:13
23 41      0 1069200064  57088 4041408    0    0 497003   383 82858 108028  2  4 75 18  0 2020-02-20 21:21:16
 3  9      0 1069200832  58464 4042348    0    0 493110   949 79183 102134  2  4 77 18  0 2020-02-20 21:21:19
 3 181      0 1069209088  58464 4042160    0    0 500248   214 78832 99171  2  4 72 22  0 2020-02-20 21:21:22
 8 160      0 1069209152  58464 4042196    0    0 508455   413 86993 105251  3  5 70 22  0 2020-02-20 21:21:25
 9 187      0 1069216128  58464 4042624    0    0 507044   295 83279 105827  2  4 74 19  0 2020-02-20 21:21:28
12 201      0 1069216064  58464 4042804    0    0 498575   467 75999 96369  2  4 78 17  0 2020-02-20 21:21:31
 2 54      0 1069211712  58464 4042656    0    0 507484   161 83294 107403  2  4 75 18  0 2020-02-20 21:21:34
12  6      0 1069214464  58464 4042448    0    0 511071   305 81341 115157  3  5 76 16  0 2020-02-20 21:21:37
23 157      0 1069216384  58464 4042736    0    0 498951   210 77644 104641  2  4 76 18  0 2020-02-20 21:21:40
18 137      0 1069216384  58464 4042696    0    0 515993   337 85203 104565  2  5 66 27  0 2020-02-20 21:21:43
procs -----------memory---------- ---swap-- -----io---- -system-- ------cpu----- -----timestamp-----
 r  b   swpd   free   buff  cache   si   so    bi    bo   in   cs us sy id wa st                 CST
 5  5      0 1069219712  58464 4042772    0    0 487084   862 77232 101804  2  4 80 14  0 2020-02-20 21:21:46
 4  6      0 1069218368  58464 4042592    0    0 474821   311 69824 95729  2  3 79 16  0 2020-02-20 21:21:49
 7 172      0 1069219456  58464 4042504    0    0 465759   481 71426 94862  2  3 79 16  0 2020-02-20 21:21:52
11 17      0 1069132608  52444 4034260    0    0 487085   377 83528 114387  2  5 77 16  0 2020-02-20 21:21:55
 7  8      0 1069201600  58464 4043232    0    0 473875   405 81193 105387  2  4 77 17  0 2020-02-20 21:21:58
15 76      0 1069191360  58464 4043468    0    0 482542   564 81244 102046  2  4 74 20  0 2020-02-20 21:22:01
 9 130      0 1069186944  58464 4043680    0    0 489459   272 83913 107983  2  4 77 17  0 2020-02-20 21:22:04
 7 96      0 1069183872  58464 4043752    0    0 503828   299 85209 107689  3  4 68 25  0 2020-02-20 21:22:07
 8  9      0 1069178048  58464 4044820    0    0 494257   249 84483 105684  2  4 70 23  0 2020-02-20 21:22:10
 3 129      0 1069174464  58464 4044852    0    0 506666   289 79820 103240  2  4 68 25  0 2020-02-20 21:22:13
 4 82      0 1069156480  58208 4043980    0    0 501004   593 85462 115253  2  4 76 17  0 2020-02-20 21:22:16
 6 188      0 1069153536  58464 4044888    0    0 495449   689 84115 109572  2  4 77 16  0 2020-02-20 21:22:19
15 80      0 1069155584  58464 4044644    0    0 505272   216 82383 106355  2  5 71 22  0 2020-02-20 21:22:22
23 107      0 1069142336  58464 4044668    0    0 483865   537 75864 101738  3  4 76 17  0 2020-02-20 21:22:25
11 11      0 1069148160  58464 4045060    0    0 459495   310 76256 101918  2  3 81 14  0 2020-02-20 21:22:28
 3 31      0 1069146048  55412 4046008    0    0 493904   458 83863 104569  2  4 71 23  0 2020-02-20 21:22:31
22 27      0 1069129088  58464 4045540    0    0 485601   156 84783 110137  2  4 76 18  0 2020-02-20 21:22:34
14  8      0 1069126912  58464 4045660    0    0 479034   480 85595 115616  3  5 77 16  0 2020-02-20 21:22:37
 5  6      0 1069129408  58464 4045504    0    0 445994   208 71407 96259  2  4 79 16  0 2020-02-20 21:22:40
25 166      0 1069118336  58464 4045452    0    0 487655   380 82379 102478  2  4 72 22  0 2020-02-20 21:22:43
 8 16      0 1069117312  58464 4045448    0    0 479273   217 82977 102128  3  4 68 25  0 2020-02-20 21:22:46
procs -----------memory---------- ---swap-- -----io---- -system-- ------cpu----- -----timestamp-----
 r  b   swpd   free   buff  cache   si   so    bi    bo   in   cs us sy id wa st                 CST
23 143      0 1069112576  58464 4045444    0    0 493765   306 84091 105329  2  4 70 23  0 2020-02-20 21:22:49
 3  5      0 1069106816  58464 4045380    0    0 477924   552 85431 110113  2  4 76 17  0 2020-02-20 21:22:52
32 18      0 1069028032  33120 4047884    0    0 463348   274 79472 104092  3  4 75 19  0 2020-02-20 21:22:55
11 61      0 1069095296  58464 4046292    0    0 473748   386 79683 110686  2  4 76 17  0 2020-02-20 21:22:58
13 135      0 1069096512  58464 4046324    0    0 448717   581 78078 104516  2  4 78 16  0 2020-02-20 21:23:01
13 85      0 1069081472  58464 4046996    0    0 455125   211 83698 110860  2  4 79 14  0 2020-02-20 21:23:04
 2  6      0 1069091392  58464 4047136    0    0 449831   332 79094 103214  3  4 74 19  0 2020-02-20 21:23:07
14 26      0 1069085696  58464 4047104    0    0 428639   247 73480 95912  2  4 77 17  0 2020-02-20 21:23:10
 4 130      0 1069079040  58464 4047448    0    0 434519   333 82297 104377  3  4 78 15  0 2020-02-20 21:23:13
 4  7      0 1069063872  58464 4047816    0    0 394092   527 77754 103619  3  4 77 15  0 2020-02-20 21:23:16
10 72      0 1069061824  58464 4047936    0    0 371735   345 73369 94514  5  4 80 12  0 2020-02-20 21:23:19
 7 149      0 1069062208  58464 4048228    0    0 361277   529 72181 92262  7  5 75 14  0 2020-02-20 21:23:22
12 120      0 1069057472  58464 4048240    0    0 244185   759 55671 71137  8  4 78  9  0 2020-02-20 21:23:25
19 88      0 1069068224  58464 4048788    0    0 370210   525 74115 91381 10  6 71 13  0 2020-02-20 21:23:28
24 82      0 1069069568  58464 4048972    0    0 326129   478 72100 86504 10  6 73 11  0 2020-02-20 21:23:31
18  0      0 1069055552  58464 4049036    0    0 250508   170 62681 73261 11  5 75  9  0 2020-02-20 21:23:34
18  0      0 1069059456  58464 4049168    0    0 330359   321 70543 91242 12  7 67 14  0 2020-02-20 21:23:37
18 119      0 1069061504  58464 4049196    0    0 251727   251 56750 67887 11  5 75  9  0 2020-02-20 21:23:40
15  0      0 1069061888  58464 4049236    0    0 340263   318 70652 84040 12  6 68 14  0 2020-02-20 21:23:43
24 133      0 1069421248  58464 4049160    0    0 383268   310 70310 88403 12  7 64 17  0 2020-02-20 21:23:46
 2  5      0 1073883264  55532 4032716    0    0 79664 12265 25791 125057  2  4 90  4  0 2020-02-20 21:23:49
procs -----------memory---------- ---swap-- -----io---- -system-- ------cpu----- -----timestamp-----
 r  b   swpd   free   buff  cache   si   so    bi    bo   in   cs us sy id wa st                 CST
 1  2      0 1073884544  58464 4032688    0    0 29635 16188 10402 24603  0  1 98  1  0 2020-02-20 21:23:52
 2  6      0 1073775872  57012 4030444    0    0 42294  3529 19423 44902  1  1 96  2  0 2020-02-20 21:23:55
 1  2      0 1073779712  58464 4033252    0    0 30213  1248 21346 46957  1  1 96  1  0 2020-02-20 21:23:58
 5  1      0 1073678720  58464 4033176    0    0 31611   525 12904 32996  2  1 96  1  0 2020-02-20 21:24:01
 4  2      0 1073868800  58464 4033032    0    0 20956   858 12710 32839  2  1 97  1  0 2020-02-20 21:24:04
 0  1      0 1073880064  58464 4033264    0    0 31579   505 7229 23214  1  0 98  1  0 2020-02-20 21:24:07
 0  1      0 1073884544  58464 4033088    0    0 29908   347 6491 20079  0  0 99  1  0 2020-02-20 21:24:10
 1  2      0 1073889536  58464 4033152    0    0 31489   171 7230 21175  0  0 98  1  0 2020-02-20 21:24:13
 0  2      0 1073880192  58464 4033164    0    0 33266   399 9643 29089  1  1 97  1  0 2020-02-20 21:24:16
 0  3      0 1073886976  58464 4033252    0    0 29407   189 5450 19575  0  0 99  1  0 2020-02-20 21:24:19
 0  1      0 1073887360  58464 4033564    0    0 30915   236 7099 21741  0  0 98  1  0 2020-02-20 21:24:22
 1  2      0 1073884032  58464 4033552    0    0 30305   385 7644 21913  1  0 98  1  0 2020-02-20 21:24:25
 0  2      0 1073889664  58464 4033960    0    0 29967   279 6730 20696  0  0 99  1  0 2020-02-20 21:24:28
 1  2      0 1073889408  58464 4034116    0    0 30255   305 5876 20088  0  0 98  1  0 2020-02-20 21:24:31
 4  2      0 1073873024  58464 4034144    0    0 30354   185 6702 20767  0  0 98  1  0 2020-02-20 21:24:34
 0  2      0 1073881088  58464 4034120    0    0 42471   175 11727 32346  1  1 97  2  0 2020-02-20 21:24:37
 1  1      0 1073888384  58464 4034152    0    0 29620   279 6491 20156  0  0 98  1  0 2020-02-20 21:24:40
 1  1      0 1073891968  58392 4032152    0    0 31727   205 6987 21742  0  0 98  1  0 2020-02-20 21:24:43
 0  1      0 1073895680  58464 4034232    0    0 29368   410 6292 20888  0  0 98  1  0 2020-02-20 21:24:46
 1  1      0 1073894400  58464 4034300    0    0 27552   343 5986 19764  0  0 99  1  0 2020-02-20 21:24:49
 1  1      0 1073894912  58464 4034352    0    0 29452  1021 7085 21511  0  0 98  1  0 2020-02-20 21:24:52
procs -----------memory---------- ---swap-- -----io---- -system-- ------cpu----- -----timestamp-----
 r  b   swpd   free   buff  cache   si   so    bi    bo   in   cs us sy id wa st                 CST
 0  6      0 1073871616  57412 4030264    0    0 42059   786 9295 28285  1  1 97  1  0 2020-02-20 21:24:55
 1  2      0 1073884928  58464 4035008    0    0 28043   906 6671 20981  1  0 98  1  0 2020-02-20 21:24:58
 0  2      0 1073890688  58464 4034808    0    0 27635   900 7785 22267  1  0 98  1  0 2020-02-20 21:25:01
 2  2      0 1073866368  58464 4034872    0    0 31337   431 6478 21304  1  1 98  1  0 2020-02-20 21:25:04
 0  1      0 1073891584  58464 4034936    0    0 30167   855 7250 21866  0  0 98  1  0 2020-02-20 21:25:07
 0  2      0 1073892096  58464 4035012    0    0 29556   338 7450 20839  0  0 99  1  0 2020-02-20 21:25:10
 0  1      0 1073890944  58464 4035036    0    0 32860   160 5959 20126  0  0 98  1  0 2020-02-20 21:25:13
 0  2      0 1073877760  58464 4031204    0    0 37015   299 10391 29816  1  1 97  1  0 2020-02-20 21:25:16
 1  1      0 1073889920  58464 4034816    0    0 31732   159 5456 19196  0  0 99  1  0 2020-02-20 21:25:19
 2  2      0 1073889792  58464 4035080    0    0 32679   219 6902 21749  0  1 98  1  0 2020-02-20 21:25:22
 2  1      0 1073883648  58464 4035460    0    0 31064   274 7486 21850  1  0 98  1  0 2020-02-20 21:25:25
 1  1      0 1073892352  58464 4035808    0    0 30441   295 5363 19610  0  0 99  1  0 2020-02-20 21:25:28
 4  2      0 1073880064  58464 4035976    0    0 29503   383 5508 20252  0  0 99  1  0 2020-02-20 21:25:31
 3  2      0 1073858304  58464 4035912    0    0 39778   178 9935 27864  0  1 97  2  0 2020-02-20 21:25:34
 0  1      0 1073891968  58464 4035956    0    0 30412   144 8933 24660  0  0 98  1  0 2020-02-20 21:25:37
 3  0      0 1073892480  58464 4036008    0    0 29289   296 6089 19939  0  0 99  1  0 2020-02-20 21:25:40
 1  2      0 1073891328  58464 4036032    0    0 31276   137 6585 20848  0  0 98  1  0 2020-02-20 21:25:43
 3  1      0 1073882624  58464 4036188    0    0 42663   311 10492 29530  1  1 97  2  0 2020-02-20 21:25:46
 0  1      0 1073892608  58464 4036240    0    0 29104   142 6215 19932  0  0 99  1  0 2020-02-20 21:25:49
 0  2      0 1073891968  58464 4035912    0    0 27916   257 7037 21664  0  0 98  1  0 2020-02-20 21:25:52
 2  2      0 1073888256  58464 4035972    0    0 34935   150 6268 20412  0  0 98  1  0 2020-02-20 21:25:55
procs -----------memory---------- ---swap-- -----io---- -system-- ------cpu----- -----timestamp-----
 r  b   swpd   free   buff  cache   si   so    bi    bo   in   cs us sy id wa st                 CST
 0  1      0 1073894272  58464 4036344    0    0 30556   242 5752 19995  0  0 99  1  0 2020-02-20 21:25:58
 1  2      0 1073894400  58464 4036364    0    0 28763   157 7289 21502  0  0 99  1  0 2020-02-20 21:26:01
 2  0      0 1073870080  58464 4036404    0    0 32760   338 5782 19877  0  0 98  1  0 2020-02-20 21:26:04
 0  1      0 1073884672  58464 4036660    0    0 40912   202 10481 29555  0  1 97  2  0 2020-02-20 21:26:07
 1  0      0 1073892736  58464 4036660    0    0 32905   373 7029 20724  0  0 98  1  0 2020-02-20 21:26:10
 1  1      0 1073894144  58464 4036552    0    0 32924   143 6649 20829  0  0 98  1  0 2020-02-20 21:26:13
 0  1      0 1073896192  58464 4036628    0    0 29031   331 6995 21470  0  0 98  1  0 2020-02-20 21:26:16
 1  1      0 1073888128  58464 4036644    0    0 29711   141 5472 19339  0  0 99  1  0 2020-02-20 21:26:19
 0  2      0 1073893632  58464 4036736    0    0 34033   275 7890 22157  0  1 98  1  0 2020-02-20 21:26:22
 2  1      0 1073870976  58464 4036992    0    0 37776  1035 11681 30948  1  1 97  2  0 2020-02-20 21:26:25
 0  3      0 1073883264  58464 4037192    0    0 34980  2698 8095 22426  0  0 98  1  0 2020-02-20 21:26:28
 2  2      0 1073880320  58464 4037560    0    0 31775  1128 9592 23337  0  0 98  1  0 2020-02-20 21:26:31
 2  3      0 1073844736  58464 4037704    0    0 34807  1028 8489 22623  0  0 98  2  0 2020-02-20 21:26:34
 1  2      0 1073857664  58464 4037648    0    0 47868   281 13732 34314  1  1 96  2  0 2020-02-20 21:26:37
 0  2      0 1073857792  58464 4037648    0    0 34223   455 9579 22579  0  0 98  1  0 2020-02-20 21:26:40
