procs -----------memory---------- ---swap-- -----io---- -system-- ------cpu----- -----timestamp-----
 r  b   swpd   free   buff  cache   si   so    bi    bo   in   cs us sy id wa st                 CST
 3  0      0 124858256  37624 3822276    0    0  1860  1449   75   38  3  6 82  9  0 2020-02-12 14:55:45
 1  0      0 124026496  37624 3822396    0    0   196   294 4621 22639  3  4 93  0  0 2020-02-12 14:55:48
 1  0      0 123342688  37624 3823352    0    0  7168   164 6764 27319  6  5 88  2  0 2020-02-12 14:55:51
 0  0      0 122546288  37624 3824232    0    0   204   270 4700 22380  3  4 93  0  0 2020-02-12 14:55:54
 0  0      0 121776848  37624 3829296    0    0    79   316 4518 22956  3  4 93  0  0 2020-02-12 14:55:57
 0  0      0 120996408  37624 3835128    0    0   173   373 4932 23276  6  5 90  0  0 2020-02-12 14:56:00
 1  0      0 120980640  37624 3836428    0    0   262   169 1835 16768  1  1 98  0  0 2020-02-12 14:56:03
13  1      0 120721360  37624 3837812    0    0  7661  1433 20257 68762 11 10 78  2  0 2020-02-12 14:56:06
51  0      0 120525888  37624 3838240    0    0 22047 19174 103566 355350 21 35 43  1  0 2020-02-12 14:56:09
16 14      0 120506096  37624 3840768    0    0 59265 20025 94893 351173 24 37 34  5  0 2020-02-12 14:56:12
33 15      0 120463952  37624 3842928    0    0 65591 40383 90466 315749 17 31 40 12  0 2020-02-12 14:56:15
26 16      0 120422864  37624 3845348    0    0 163745 81829 79713 220409 14 28 34 24  0 2020-02-12 14:56:18
 5  9      0 120361432  37624 3844792    0    0 219647 149109 66348 118218 13 28 31 28  0 2020-02-12 14:56:21
10 24      0 120363576  37624 3847524    0    0 248468 105930 54320 91062  6 18 46 31  0 2020-02-12 14:56:24
 3 32      0 120363120  37624 3847516    0    0 302394 94761 55898 92309  6 19 38 37  0 2020-02-12 14:56:27
18 31      0 120350072  37624 3847560    0    0 372481 110903 59827 100506 11 23 29 36  0 2020-02-12 14:56:30
18 25      0 120344736  37624 3847572    0    0 293393 181466 59586 98910  6 20 34 40  0 2020-02-12 14:56:33
13 56      0 120339976  37624 3848000    0    0 304190 153771 60701 99769  6 21 32 40  0 2020-02-12 14:56:36
15 24      0 120244184  37624 3847916    0    0 352436 131323 66415 105469 10 25 23 43  0 2020-02-12 14:56:39
 7 20      0 120330120  37624 3848240    0    0 312806 139167 70439 115099 10 25 28 37  0 2020-02-12 14:56:42
 8 17      0 120334272  37624 3848084    0    0 303951 155973 71778 118396  7 23 34 36  0 2020-02-12 14:56:45
procs -----------memory---------- ---swap-- -----io---- -system-- ------cpu----- -----timestamp-----
 r  b   swpd   free   buff  cache   si   so    bi    bo   in   cs us sy id wa st                 CST
13 23      0 120331664  37624 3848040    0    0 285872 138336 70084 114512  7 21 40 33  0 2020-02-12 14:56:48
16 29      0 120332576  37624 3848208    0    0 294635 121968 75597 117952 11 24 32 33  0 2020-02-12 14:56:51
 9 14      0 120327592  37624 3846096    0    0 273499 143996 74855 120933  7 23 35 36  0 2020-02-12 14:56:54
10 17      0 120328760  37624 3848708    0    0 288138 125602 73074 118194  7 21 37 35  0 2020-02-12 14:56:57
 8 12      0 120326256  37624 3849224    0    0 180955 163038 69874 101464  9 21 40 30  0 2020-02-12 14:57:00
 4 10      0 120325744  37624 3849316    0    0 107358 131771 63823 91107  4 16 51 29  0 2020-02-12 14:57:03
15 23      0 120324680  37624 3849880    0    0 100716 98717 58700 87029  4 15 55 27  0 2020-02-12 14:57:06
 8 11      0 120193200  37624 3849628    0    0 134110 140551 68171 96357  7 18 42 32  0 2020-02-12 14:57:09
 8 21      0 120315744  37624 3849604    0    0 104886 114372 64781 96658  5 17 49 28  0 2020-02-12 14:57:12
14 19      0 120321840  37624 3849448    0    0 110668 119056 72847 101565  5 19 44 32  0 2020-02-12 14:57:15
29 26      0 120324840  37624 3849716    0    0 122193 138609 75544 106094  5 21 41 33  0 2020-02-12 14:57:18
11 24      0 120321016  37624 3849692    0    0 125719 172647 76539 103898 10 22 37 30  0 2020-02-12 14:57:21
10  5      0 120316928  37624 3849968    0    0 155190 211685 77863 106094  6 23 39 33  0 2020-02-12 14:57:24
 7 15      0 120324352  37624 3849848    0    0 126409 127478 70682 98809  5 19 42 34  0 2020-02-12 14:57:27
 7  8      0 120119664  37624 3849884    0    0 129942 193726 72408 100253  8 21 41 30  0 2020-02-12 14:57:30
 4 17      0 120312248  37624 3849880    0    0 128828 185266 70125 105436  5 20 44 30  0 2020-02-12 14:57:33
 8 11      0 120317040  37624 3850152    0    0 124335 154810 67062 98139  5 19 48 29  0 2020-02-12 14:57:36
21 22      0 120192576  37624 3849920    0    0 117321 173916 67909 102452  6 18 47 29  0 2020-02-12 14:57:39
 8 12      0 120324336  37624 3849828    0    0 117451 127456 65526 96959  6 19 46 29  0 2020-02-12 14:57:42
15 21      0 120325104  37624 3849776    0    0 102766 169603 65628 95904  4 19 49 28  0 2020-02-12 14:57:45
17 15      0 120323360  37624 3849756    0    0 111616 157478 63457 97079  4 17 50 29  0 2020-02-12 14:57:48
procs -----------memory---------- ---swap-- -----io---- -system-- ------cpu----- -----timestamp-----
 r  b   swpd   free   buff  cache   si   so    bi    bo   in   cs us sy id wa st                 CST
 3 11      0 120309664  37624 3847140    0    0 125748 173458 64444 97794  9 21 41 29  0 2020-02-12 14:57:51
10 14      0 120314192  37624 3850124    0    0 112402 153780 55408 83794  4 16 52 28  0 2020-02-12 14:57:54
 4  9      0 120314720  37624 3850264    0    0 91807 118770 46109 76515  3 12 61 24  0 2020-02-12 14:57:57
 1  7      0 120321048  37624 3850376    0    0 72590 127277 43840 71535  6 12 64 18  0 2020-02-12 14:58:00
 6 19      0 120316352  37624 3850380    0    0 134243 131502 58638 94696  5 17 49 30  0 2020-02-12 14:58:03
 8 14      0 120316288  37624 3850872    0    0 117169 113533 52610 84024  4 15 53 28  0 2020-02-12 14:58:06
17 11      0 120172128  37624 3850788    0    0 139128 257456 61551 91507  7 20 45 28  0 2020-02-12 14:58:09
 7 16      0 120304624  37624 3851604    0    0 126351 324254 50419 75693  5 17 55 23  0 2020-02-12 14:58:12
 6 14      0 120310680  37624 3851520    0    0 160783 111472 47797 81085  4 14 56 27  0 2020-02-12 14:58:15
12 31      0 120309744  37624 3851808    0    0 163815 165373 53711 87495  5 15 51 29  0 2020-02-12 14:58:18
24 30      0 120312288  37624 3851696    0    0 338839 209229 57971 96496 11 25 26 37  0 2020-02-12 14:58:21
10 16      0 120311728  37624 3851844    0    0 329566 197299 53785 87949  7 22 32 40  0 2020-02-12 14:58:24
12 32      0 120316608  37624 3851856    0    0 279895 195790 50226 81916  6 18 41 35  0 2020-02-12 14:58:27
 9 26      0 120109200  37624 3847416    0    0 268866 145004 42719 76086  8 17 41 35  0 2020-02-12 14:58:30
26 40      0 120301400  37624 3852076    0    0 356723 136442 53117 91302  6 21 33 40  0 2020-02-12 14:58:33
15 21      0 120310744  37624 3852528    0    0 294348 149423 50120 82727  6 19 41 34  0 2020-02-12 14:58:36
30 34      0 120198808  37624 3852396    0    0 324260 106408 51061 87252  8 19 43 31  0 2020-02-12 14:58:39
14 20      0 120318208  37624 3852348    0    0 333418 112340 48505 83947  8 18 42 32  0 2020-02-12 14:58:42
20 16      0 120314080  37624 3852388    0    0 310977 161456 51317 83930  6 19 42 33  0 2020-02-12 14:58:45
 8 20      0 120309568  37624 3852428    0    0 362152 133851 51708 89090  6 19 34 41  0 2020-02-12 14:58:48
 6 88      0 120307024  37624 3848684    0    0 333112 142739 55611 94400 11 23 28 38  0 2020-02-12 14:58:51
procs -----------memory---------- ---swap-- -----io---- -system-- ------cpu----- -----timestamp-----
 r  b   swpd   free   buff  cache   si   so    bi    bo   in   cs us sy id wa st                 CST
15 21      0 120312736  37624 3853064    0    0 374240 142395 56347 96008  7 22 30 41  0 2020-02-12 14:58:54
 5 15      0 120317552  37624 3853092    0    0 357215 115333 49658 86306  6 18 45 31  0 2020-02-12 14:58:57
 5 80      0 120312928  37624 3853108    0    0 354798 142761 54502 90862 10 23 33 34  0 2020-02-12 14:59:00
14 29      0 120309880  37624 3853196    0    0 345511 160708 56349 95883  6 21 31 41  0 2020-02-12 14:59:03
 4 18      0 120309776  37624 3853368    0    0 397093 115152 55356 98661  7 22 32 39  0 2020-02-12 14:59:06
 8 57      0 120197888  37624 3853220    0    0 374094 144066 56470 97245  8 23 32 37  0 2020-02-12 14:59:09
 2 46      0 120307728  37624 3853624    0    0 385244 141747 58047 101902  9 23 36 33  0 2020-02-12 14:59:12
11  4      0 120314384  37624 3853536    0    0 284821 134494 52982 87849  5 18 47 30  0 2020-02-12 14:59:15
 7 20      0 120308560  37624 3853628    0    0 351074 148204 55226 94051  6 20 41 33  0 2020-02-12 14:59:18
 4 24      0 120309152  37624 3853920    0    0 355068 156474 59350 100305 10 22 33 35  0 2020-02-12 14:59:21
 0 32      0 120312944  37624 3854152    0    0 348784 124928 52001 90779  6 18 44 33  0 2020-02-12 14:59:24
 7 22      0 120312640  37624 3854064    0    0 346628 112443 51180 92872  5 17 42 35  0 2020-02-12 14:59:27
 7 38      0 120114368  28372 3855748    0    0 389311 179724 61231 102117 10 24 25 40  0 2020-02-12 14:59:30
13 11      0 120293648  37624 3854588    0    0 256133 195342 46891 83095  6 18 48 29  0 2020-02-12 14:59:33
16 73      0 120294672  37624 3855196    0    0 383634 125427 57888 98731  7 22 32 39  0 2020-02-12 14:59:36
 7 62      0 120165256  37624 3855180    0    0 414620 153685 61273 101986  9 24 23 44  0 2020-02-12 14:59:39
24 22      0 120301408  37624 3855148    0    0 322494 155094 57117 95655  8 20 33 39  0 2020-02-12 14:59:42
12 31      0 120297504  37624 3855336    0    0 370355 140431 58765 100903  7 22 33 38  0 2020-02-12 14:59:45
 4 19      0 120298672  37624 3855364    0    0 375019 136852 57226 97956  7 20 35 38  0 2020-02-12 14:59:48
16 43      0 120288112  37404 3852432    0    0 405651 123200 59849 102020 11 24 27 37  0 2020-02-12 14:59:51
17 70      0 120293552  37624 3855084    0    0 336346 151494 57717 96152  7 20 37 36  0 2020-02-12 14:59:54
procs -----------memory---------- ---swap-- -----io---- -system-- ------cpu----- -----timestamp-----
 r  b   swpd   free   buff  cache   si   so    bi    bo   in   cs us sy id wa st                 CST
10 61      0 120292160  37624 3855076    0    0 355868 135269 56371 95403  6 20 37 37  0 2020-02-12 14:59:57
21 39      0 120200712  37624 3855164    0    0 371579 148691 60404 98989 15 25 26 34  0 2020-02-12 15:00:00
11 28      0 120167344  37624 3857320    0    0 404685 162560 66438 108669 15 29 19 37  0 2020-02-12 15:00:03
 8 47      0 120110800  37624 3857808    0    0 330603 128267 62109 106329 12 23 32 33  0 2020-02-12 15:00:06
72 50      0 119971792  37624 3857748    0    0 402005 139865 65383 107183 13 27 22 38  0 2020-02-12 15:00:09
15 34      0 120023104  37624 3858088    0    0 238917 181756 72441 117784 13 26 28 34  0 2020-02-12 15:00:12
14 25      0 120065984  37624 3858072    0    0 149891 119760 68741 109123  9 19 41 31  0 2020-02-12 15:00:15
11 15      0 120278848  37624 3858060    0    0 201564 202136 73843 113695  8 25 33 34  0 2020-02-12 15:00:18
12 18      0 120280752  37624 3858336    0    0 193311 132179 67907 105543  8 20 41 30  0 2020-02-12 15:00:21
10 23      0 120279080  37624 3858412    0    0 211339 159553 69415 115618  5 19 46 29  0 2020-02-12 15:00:24
10 32      0 120275056  37624 3858684    0    0 227483 163125 68019 114417  6 20 46 29  0 2020-02-12 15:00:27
26 69      0 120076528  36588 3859024    0    0 228188 190243 70595 117045  9 22 38 31  0 2020-02-12 15:00:30
22 25      0 120253168  37624 3858980    0    0 284142 192636 79823 129828  8 28 30 34  0 2020-02-12 15:00:33
14 35      0 120251248  37624 3859404    0    0 264305 141366 74580 121006  6 23 41 30  0 2020-02-12 15:00:36
19 32      0 120148176  37624 3859224    0    0 289073 172681 80161 129440  9 26 30 34  0 2020-02-12 15:00:39
18 27      0 120260840  37624 3859256    0    0 281443 156001 78689 125618  9 26 30 34  0 2020-02-12 15:00:42
 4 32      0 120250320  37624 3859280    0    0 293941 130126 76630 127218  7 24 35 33  0 2020-02-12 15:00:45
21 34      0 120248064  37624 3859328    0    0 316925 160083 82317 131686  9 28 25 38  0 2020-02-12 15:00:48
 7 19      0 120233120  36708 3855748    0    0 334008 181258 80706 128926 14 34 14 38  0 2020-02-12 15:00:51
22 21      0 120243464  37624 3859596    0    0 297383 180217 76005 117460  8 25 29 38  0 2020-02-12 15:00:54
26 39      0 120249408  37624 3859624    0    0 331848 152731 81311 130143  8 27 27 38  0 2020-02-12 15:00:57
procs -----------memory---------- ---swap-- -----io---- -system-- ------cpu----- -----timestamp-----
 r  b   swpd   free   buff  cache   si   so    bi    bo   in   cs us sy id wa st                 CST
19 34      0 120248336  37624 3859628    0    0 248587 184635 73483 114020  9 23 41 27  0 2020-02-12 15:01:00
19 35      0 120242464  37624 3859592    0    0 277468 156335 81397 120363  7 26 34 32  0 2020-02-12 15:01:03
16 15      0 120243696  37624 3859852    0    0 263316 157491 75822 112709  8 24 37 32  0 2020-02-12 15:01:06
30 31      0 120099056  37624 3859616    0    0 237104 143624 74674 110141  9 23 37 31  0 2020-02-12 15:01:09
 7 10      0 120244400  37624 3859752    0    0 192692 143345 71553 107219  7 21 45 28  0 2020-02-12 15:01:12
 9 11      0 120242168  37624 3859752    0    0 67321 255725 53243 83102  2 13 66 19  0 2020-02-12 15:01:15
 7 23      0 120244352  37624 3859796    0    0 187802 157387 65762 98059  5 19 46 30  0 2020-02-12 15:01:18
12 10      0 120244280  37624 3860016    0    0 164953 171813 62720 101757  8 19 47 27  0 2020-02-12 15:01:21
 9 11      0 120246224  37624 3860176    0    0 166552 157038 57562 94237  4 16 51 28  0 2020-02-12 15:01:24
15  9      0 120247856  37624 3860456    0    0 202376 155503 61855 99449  5 17 50 27  0 2020-02-12 15:01:27
16 19      0 120035296  35692 3856412    0    0 165614 152450 57022 91312  7 17 50 25  0 2020-02-12 15:01:30
 4 16      0 120238288  37624 3860560    0    0 211290 129914 58817 96235  5 17 49 29  0 2020-02-12 15:01:33
 9  5      0 120238448  37624 3861164    0    0 141793 168650 49543 78043  4 14 60 22  0 2020-02-12 15:01:36
 8 10      0 120062472  37624 3861048    0    0 99575 272920 44849 64345  6 13 66 16  0 2020-02-12 15:01:39
13 27      0 120244304  37624 3861104    0    0 268738 138544 49691 81805  5 16 52 27  0 2020-02-12 15:01:42
26  9      0 120246208  37624 3861108    0    0 291256 124218 47689 79813  5 16 47 32  0 2020-02-12 15:01:45
 0 82      0 120245664  37624 3861152    0    0 379624 220664 59685 95756  7 23 29 41  0 2020-02-12 15:01:48
 1  5      0 120242080  37624 3859968    0    0 242736 213813 51170 82240 10 21 43 26  0 2020-02-12 15:01:51
14 15      0 120247312  37624 3861324    0    0 122711 82485 35845 62371  3  9 78 10  0 2020-02-12 15:01:54
14 54      0 120249264  37624 3861360    0    0 410013 133045 54865 93474  7 21 39 33  0 2020-02-12 15:01:57
 8 15      0 120253264  37624 3861408    0    0 246699 136663 43963 76616  7 15 52 25  0 2020-02-12 15:02:00
procs -----------memory---------- ---swap-- -----io---- -system-- ------cpu----- -----timestamp-----
 r  b   swpd   free   buff  cache   si   so    bi    bo   in   cs us sy id wa st                 CST
 9 18      0 120248816  37624 3861472    0    0 375020 167915 52251 91803  6 21 40 33  0 2020-02-12 15:02:03
15 48      0 120242448  37624 3861872    0    0 394179 161680 58488 99274  7 24 33 36  0 2020-02-12 15:02:06
18  9      0 120076440  37624 3861764    0    0 342281 174680 50176 85059  8 20 44 28  0 2020-02-12 15:02:09
16 28      0 120242904  37624 3858248    0    0 345920 149950 53374 94047  7 22 33 38  0 2020-02-12 15:02:12
15 18      0 120254632  37624 3861904    0    0 408329 143067 61101 102819  7 24 31 38  0 2020-02-12 15:02:15
10 94      0 120249424  37624 3861952    0    0 373047 157192 56063 95662  6 21 39 34  0 2020-02-12 15:02:18
19 19      0 120253608  37624 3862208    0    0 409107 162484 59114 96890 11 27 23 39  0 2020-02-12 15:02:21
 8 13      0 120251200  37624 3862224    0    0 371948 118289 53391 93835  6 20 40 34  0 2020-02-12 15:02:24
25 15      0 120250176  37624 3862596    0    0 356391 148754 51485 86722  6 19 47 28  0 2020-02-12 15:02:27
 8 21      0 120068736  23224 3863488    0    0 394651 176083 58831 96937 10 25 29 36  0 2020-02-12 15:02:30
 4 23      0 120239024  37624 3862688    0    0 403981 135060 59355 102601  8 24 28 40  0 2020-02-12 15:02:33
10 11      0 120246936  37624 3863184    0    0 384148 123505 51160 89509  6 20 42 32  0 2020-02-12 15:02:36
13 18      0 120089832  37624 3863092    0    0 411412 154005 58582 95530  9 24 28 39  0 2020-02-12 15:02:39
17 24      0 120236792  37624 3863152    0    0 386680 196860 60596 97712  8 24 27 40  0 2020-02-12 15:02:42
11 20      0 120230792  37624 3863168    0    0 403499 141930 56000 97014  7 22 33 39  0 2020-02-12 15:02:45
16 92      0 120233152  37624 3863460    0    0 376136 171807 56763 95625  6 21 38 35  0 2020-02-12 15:02:48
18 25      0 120228472  37624 3860964    0    0 334655 189521 55042 92781 10 22 36 32  0 2020-02-12 15:02:51
 7 25      0 120233520  37624 3863588    0    0 390652 126622 55882 94632  6 21 37 36  0 2020-02-12 15:02:54
27 16      0 120233720  37624 3863624    0    0 302224 133033 51814 87874  5 17 51 28  0 2020-02-12 15:02:57
 9 20      0 120233504  37624 3863624    0    0 398357 138029 57400 96335 10 23 31 36  0 2020-02-12 15:03:00
30 55      0 120231152  37624 3863708    0    0 385156 150188 57357 96226  7 22 35 37  0 2020-02-12 15:03:03
procs -----------memory---------- ---swap-- -----io---- -system-- ------cpu----- -----timestamp-----
 r  b   swpd   free   buff  cache   si   so    bi    bo   in   cs us sy id wa st                 CST
13 24      0 120229248  37624 3864152    0    0 356413 187891 61007 100591  7 23 30 40  0 2020-02-12 15:03:06
16 25      0 120077392  37624 3864028    0    0 412531 143359 63888 101266 10 24 25 41  0 2020-02-12 15:03:09
10 35      0 120224176  37624 3861056    0    0 408385 164985 64853 106216  8 26 21 45  0 2020-02-12 15:03:12
 7 37      0 120230264  37624 3864160    0    0 404095 162355 62130 102362  8 24 25 44  0 2020-02-12 15:03:15
15 80      0 120231352  37624 3864320    0    0 402458 170408 62897 100063  7 24 24 45  0 2020-02-12 15:03:18
 6 22      0 120234680  37624 3864400    0    0 403878 140420 59417 98042 11 23 27 39  0 2020-02-12 15:03:21
17 29      0 120234704  37624 3864424    0    0 380153 130870 66926 111990  7 21 38 33  0 2020-02-12 15:03:24
 3 13      0 120231520  37624 3864656    0    0 206468 166317 64014 105413  5 18 47 30  0 2020-02-12 15:03:27
24 17      0 120027232  36672 3864504    0    0 231612 134533 66451 107263  9 21 40 30  0 2020-02-12 15:03:30
13 14      0 120222464  37624 3865052    0    0 245728 125294 73937 112551  6 21 40 32  0 2020-02-12 15:03:33
 5 17      0 120226208  37624 3865532    0    0 201540 128876 73596 106744  6 21 41 32  0 2020-02-12 15:03:36
15  7      0 120055488  37624 3865420    0    0 148179 128544 67982 103913  7 18 46 29  0 2020-02-12 15:03:39
 8 13      0 120231592  37624 3865472    0    0 143273 116208 70326 100571  5 18 46 31  0 2020-02-12 15:03:42
 6 18      0 120232296  37624 3865480    0    0 143336 129590 64368 95549  5 17 49 29  0 2020-02-12 15:03:45
 7 17      0 120232256  37624 3865532    0    0 137945 121969 66067 98780  4 17 50 29  0 2020-02-12 15:03:48
 2 28      0 120223568  37624 3865616    0    0 154629 158673 74530 114476 10 23 37 31  0 2020-02-12 15:03:51
 3  9      0 120229024  37624 3865660    0    0 142903 111388 66354 100507  5 18 46 32  0 2020-02-12 15:03:54
 6 14      0 120229824  37624 3865708    0    0 132584 130036 67391 103470  4 17 48 31  0 2020-02-12 15:03:57
 8 16      0 120232656  37624 3865748    0    0 136360 120832 65530 98811  8 18 44 30  0 2020-02-12 15:04:00
 9 13      0 120231520  37624 3865808    0    0 126604 104336 64483 99384  4 16 51 29  0 2020-02-12 15:04:03
 9 11      0 120227600  37624 3866256    0    0 130925 125488 65175 100851  5 17 48 30  0 2020-02-12 15:04:06
procs -----------memory---------- ---swap-- -----io---- -system-- ------cpu----- -----timestamp-----
 r  b   swpd   free   buff  cache   si   so    bi    bo   in   cs us sy id wa st                 CST
16 17      0 120040128  37624 3866164    0    0 121041 122022 58249 94209  6 15 51 28  0 2020-02-12 15:04:09
 2 17      0 120229048  37624 3866224    0    0 129054 117060 64432 99915  5 17 50 28  0 2020-02-12 15:04:12
 7 11      0 120230408  37624 3866260    0    0 129365 110469 61770 91182  4 15 53 27  0 2020-02-12 15:04:15
10 16      0 120222960  37624 3866348    0    0 115543 105291 66898 101662  4 17 51 28  0 2020-02-12 15:04:18
 8 24      0 120227464  37624 3866412    0    0 107397 120374 71025 104975  8 20 44 28  0 2020-02-12 15:04:21
 6  7      0 120220880  37624 3866428    0    0 101111 123333 64743 94603  4 17 52 27  0 2020-02-12 15:04:24
15 22      0 120224880  37624 3866484    0    0 110189 118140 70230 105773  4 18 46 32  0 2020-02-12 15:04:27
 8 28      0 120085968  36868 3866384    0    0 102991 159847 67885 103711  8 20 48 25  0 2020-02-12 15:04:30
13 23      0 120222000  37624 3866900    0    0 112774 135235 63973 99617  4 17 49 30  0 2020-02-12 15:04:33
 6  5      0 120218224  37624 3867656    0    0 102873 169557 58788 92448  4 17 53 27  0 2020-02-12 15:04:36
24 19      0 120080832  37624 3867548    0    0 92123 174396 60999 98484  7 17 50 27  0 2020-02-12 15:04:39
 6  8      0 120226736  37624 3867608    0    0 103661 121465 50405 83992  4 14 57 25  0 2020-02-12 15:04:42
 4 17      0 120228120  37624 3867604    0    0 84533 125007 51126 87405  3 14 59 24  0 2020-02-12 15:04:45
 6 15      0 120223616  37624 3867656    0    0 100006 118673 50025 88018  3 13 59 24  0 2020-02-12 15:04:48
 7  4      0 120217488  37624 3867724    0    0 106158 137701 50440 88627  7 15 54 24  0 2020-02-12 15:04:51
15 20      0 120225072  37624 3867756    0    0 113087 123386 54843 96608  4 15 53 29  0 2020-02-12 15:04:54
21 14      0 120225056  37624 3868064    0    0 121021 144167 56532 96321  4 16 53 27  0 2020-02-12 15:04:57
20 20      0 120115344  37624 3868144    0    0 121563 160075 56827 98532  9 17 51 23  0 2020-02-12 15:05:00
32 36      0 119999432  37624 3868232    0    0 120148 131509 63361 110678 11 20 48 22  0 2020-02-12 15:05:03
 8 12      0 120075672  37624 3868676    0    0 120299 134873 56938 101410 10 18 52 20  0 2020-02-12 15:05:06
16 19      0 119881592  37624 3868536    0    0 126767 108015 50950 92152 10 17 51 22  0 2020-02-12 15:05:09
procs -----------memory---------- ---swap-- -----io---- -system-- ------cpu----- -----timestamp-----
 r  b   swpd   free   buff  cache   si   so    bi    bo   in   cs us sy id wa st                 CST
 2  7      0 120036960  37624 3870216    0    0 122117 121215 54687 99789  8 17 51 24  0 2020-02-12 15:05:12
 5 17      0 120220240  37624 3870716    0    0 122588 138050 50073 87402  8 17 53 22  0 2020-02-12 15:05:15
11 10      0 120226304  37624 3870756    0    0 143754 143294 51903 93318  4 15 57 24  0 2020-02-12 15:05:18
12 12      0 120226920  37624 3870776    0    0 174171 129643 54141 99897  8 17 51 25  0 2020-02-12 15:05:21
 7 14      0 120230464  37624 3870776    0    0 186244 148269 55022 93041  5 16 55 24  0 2020-02-12 15:05:24
 9 17      0 120224880  37624 3870944    0    0 201013 115010 52479 98622  5 15 55 25  0 2020-02-12 15:05:27
12 15      0 120023128  35920 3870748    0    0 210425 145329 58491 103656  8 20 48 24  0 2020-02-12 15:05:30
21 57      0 120222736  37624 3871052    0    0 217439 151549 57302 102054  5 18 51 26  0 2020-02-12 15:05:33
 9 11      0 120219072  37624 3871716    0    0 172116 130485 50889 93998  4 15 59 23  0 2020-02-12 15:05:36
12 11      0 120050176  37624 3871624    0    0 188093 132373 56484 96066  8 18 51 24  0 2020-02-12 15:05:39
18 10      0 120228960  37624 3871948    0    0 248574 197032 61009 109076  6 19 45 30  0 2020-02-12 15:05:42
11  7      0 120229792  37624 3872004    0    0 214275 278545 55828 90684  5 18 55 22  0 2020-02-12 15:05:45
10  9      0 120228120  37624 3872020    0    0 321579 175168 64529 113768  6 21 46 27  0 2020-02-12 15:05:48
16  9      0 120219664  37624 3872068    0    0 290032 150993 61622 105480 10 21 43 26  0 2020-02-12 15:05:51
 7 28      0 120225872  37624 3872096    0    0 389599 194803 66688 113930  8 26 24 42  0 2020-02-12 15:05:54
 7 35      0 120231384  37624 3872140    0    0 397881 148851 57311 97909  7 23 27 42  0 2020-02-12 15:05:57
 0 25      0 120226576  37624 3872172    0    0 411315 161248 59310 94172 11 26 16 46  0 2020-02-12 15:06:00
17  7      0 120225856  37624 3872228    0    0 131639 186693 43411 75191  3 11 67 19  0 2020-02-12 15:06:03
24 18      0 121538944  29696 3866464    0    0 344328 152263 57574 92642  8 24 38 30  0 2020-02-12 15:06:06
10  0      0 124636352  37624 3856712    0    0 56255 176409 74772 111524 11 31 43 15  0 2020-02-12 15:06:09
15  0      0 124720768  37624 3855872    0    0  5630 101295 47603 72218  2  7 91  0  0 2020-02-12 15:06:12
procs -----------memory---------- ---swap-- -----io---- -system-- ------cpu----- -----timestamp-----
 r  b   swpd   free   buff  cache   si   so    bi    bo   in   cs us sy id wa st                 CST
 1  0      0 124730432  37624 3855520    0    0  1563 99889 45064 67406  1  7 92  0  0 2020-02-12 15:06:15
 1  0      0 124729952  37624 3855520    0    0  2847  7882 6372 19460  1  1 98  0  0 2020-02-12 15:06:18
 2  0      0 124724432  37624 3855336    0    0 14127  2655 5690 24199  3  3 92  2  0 2020-02-12 15:06:21
 0  0      0 124731016  37624 3855140    0    0  2955  4895 3286 15585  1  1 98  0  0 2020-02-12 15:06:24
 3  0      0 124730720  37624 3855120    0    0  2851  2058 2108 15313  1  1 98  0  0 2020-02-12 15:06:27
 1  0      0 124728152  37624 3855192    0    0  3080  3555 2905 16362  3  2 95  0  0 2020-02-12 15:06:30
 1  0      0 124720424  37624 3854972    0    0  3158  4761 3736 17067  2  1 97  0  0 2020-02-12 15:06:33
 2  0      0 124713536  37624 3855424    0    0  3028  1532 2053 15696  2  1 96  0  0 2020-02-12 15:06:36
 2 16      0 124526352  26348 3851300    0    0  3615  3763 3848 18327  3  2 95  0  0 2020-02-12 15:06:39
 1  0      0 124711760  37624 3855484    0    0  6485  4561 4764 20526  1  2 96  1  0 2020-02-12 15:06:42
 0  0      0 124715488  37624 3855444    0    0  2960  5981 5045 18375  1  1 98  0  0 2020-02-12 15:06:45
 3  0      0 124716848  37624 3855624    0    0  2861  3746 3513 16623  1  1 98  0  0 2020-02-12 15:06:48
 3  0      0 124717048  37624 3855588    0    0  2942  1476 2002 15654  3  1 96  0  0 2020-02-12 15:06:51
 0  0      0 124719664  37624 3855600    0    0  2919  5238 3736 16679  0  1 98  0  0 2020-02-12 15:06:54
 2  3      0 124706520  36612 3852984    0    0  9546  3504 4852 21207  1  2 96  1  0 2020-02-12 15:06:57
 1  0      0 124712456  37624 3855732    0    0  3294  4324 3626 17393  3  2 95  0  0 2020-02-12 15:07:00
 1  0      0 124716728  37624 3855788    0    0  2903  6085 4005 17761  1  1 98  0  0 2020-02-12 15:07:03
 1  0      0 124713904  37624 3855996    0    0  2836  6180 4429 18274  1  1 98  0  0 2020-02-12 15:07:06
 4 12      0 124528528  22684 3855808    0    0  3852  5228 4255 18455  3  2 95  0  0 2020-02-12 15:07:09
 0  0      0 124711360  37624 3856144    0    0  9079  7065 5491 22018  1  2 96  1  0 2020-02-12 15:07:12
 3  0      0 124714384  37624 3856180    0    0  2907  4538 3629 16891  1  1 98  0  0 2020-02-12 15:07:15
procs -----------memory---------- ---swap-- -----io---- -system-- ------cpu----- -----timestamp-----
 r  b   swpd   free   buff  cache   si   so    bi    bo   in   cs us sy id wa st                 CST
 0  0      0 124715840  37624 3856176    0    0  2857  6996 4513 18227  1  1 98  0  0 2020-02-12 15:07:18
 0  0      0 124717096  37624 3856216    0    0  2968 10503 6038 20573  3  2 95  0  0 2020-02-12 15:07:21
 0  0      0 124719040  37624 3856236    0    0  2911  6710 3899 17225  1  1 98  0  0 2020-02-12 15:07:24
 3  0      0 124713904  37624 3856280    0    0  2852  5938 4025 17704  1  1 98  0  0 2020-02-12 15:07:27
 0  0      0 124709264  37624 3855264    0    0  9990  4958 5205 22319  3  2 93  2  0 2020-02-12 15:07:30
 0  0      0 124712232  37624 3856364    0    0  2913  7779 5098 18632  1  1 98  0  0 2020-02-12 15:07:33
 4  0      0 124709672  37624 3856708    0    0  2975 10159 6614 20869  2  2 96  0  0 2020-02-12 15:07:36
 2  0      0 124711712  37624 3856640    0    0  3203  2145 2448 15637  5  2 94  0  0 2020-02-12 15:07:39
 1  0      0 124713520  37624 3856956    0    0  2863  7298 4483 18226  0  1 98  0  0 2020-02-12 15:07:42
 0  0      0 124713360  37624 3856960    0    0  2944  9421 6861 20351  1  2 98  0  0 2020-02-12 15:07:45
 1  0      0 124713712  37624 3857176    0    0  2888  9738 5991 19936  1  1 98  0  0 2020-02-12 15:07:48
 0  0      0 124705552  37624 3857256    0    0  9952  2199 3957 21217  3  2 93  1  0 2020-02-12 15:07:51
 1  0      0 124706976  37624 3857256    0    0  2881  9643 5639 19178  1  1 98  0  0 2020-02-12 15:07:54
 0  0      0 124709376  37624 3857344    0    0  2885  5267 3812 17395  1  1 98  0  0 2020-02-12 15:07:57
 0  0      0 124712280  37624 3857400    0    0  2960  9627 5404 19737  3  2 95  0  0 2020-02-12 15:08:00
 6  0      0 124711472  37624 3857440    0    0  2898  6765 4953 18603  1  1 98  0  0 2020-02-12 15:08:03
 0  0      0 124708720  37624 3857480    0    0  2863  6151 4972 18897  1  2 97  0  0 2020-02-12 15:08:06
 1  4      0 124504200  34940 3855812    0    0  7950  7518 6587 22133  3  2 94  1  0 2020-02-12 15:08:09
 0  0      0 124706048  37624 3857720    0    0  4896 10880 7260 22833  1  2 97  1  0 2020-02-12 15:08:12
 0  0      0 124710320  37624 3857776    0    0  2965  9221 6383 20118  1  1 98  0  0 2020-02-12 15:08:15
 1  0      0 124709976  37624 3857808    0    0  2826  9672 5987 19952  1  1 98  0  0 2020-02-12 15:08:18
procs -----------memory---------- ---swap-- -----io---- -system-- ------cpu----- -----timestamp-----
 r  b   swpd   free   buff  cache   si   so    bi    bo   in   cs us sy id wa st                 CST
 0  0      0 124711280  37624 3858000    0    0  3000  8673 5879 20508  3  2 95  0  0 2020-02-12 15:08:21
 0  0      0 124713152  37624 3858028    0    0  2924  8935 5594 19027  1  1 98  0  0 2020-02-12 15:08:24
 3  3      0 124715808  36956 3857960    0    0  4695  8131 5870 20681  1  1 97  1  0 2020-02-12 15:08:27
 0  0      0 124709872  37624 3858104    0    0 10176  8286 7319 24797  3  3 93  1  0 2020-02-12 15:08:30
 1  0      0 124711968  37624 3858140    0    0  2976 10215 6351 20046  1  1 98  0  0 2020-02-12 15:08:33
 5  0      0 124712224  37624 3858460    0    0  2833  9835 5795 20005  1  2 98  0  0 2020-02-12 15:08:36
 0  0      0 124714656  37624 3858384    0    0  2984  9512 5751 19638  3  2 95  0  0 2020-02-12 15:08:39
 1  0      0 124717248  37624 3858428    0    0  2868  6898 4564 18360  0  1 99  0  0 2020-02-12 15:08:42
 0  0      0 124717728  37624 3858448    0    0  2898  5913 4927 18158  1  1 98  0  0 2020-02-12 15:08:45
 1  0      0 124717376  37624 3858584    0    0  2872  4070 2819 16009  1  1 98  0  0 2020-02-12 15:08:48
 0  0      0 124710944  37624 3858852    0    0  9990  3800 5022 22303  3  2 93  2  0 2020-02-12 15:08:51
 1  0      0 124714848  37624 3858908    0    0  2886  3984 3205 16022  1  1 98  0  0 2020-02-12 15:08:54
 0  0      0 124714864  37624 3858988    0    0  2857  3535 2881 16262  0  1 98  0  0 2020-02-12 15:08:57
 0  0      0 124717088  37624 3859004    0    0  2988  2250 2499 15975  3  1 96  0  0 2020-02-12 15:09:00
 1  0      0 124718000  37624 3859060    0    0  2871  2515 2506 15724  1  1 98  0  0 2020-02-12 15:09:03
 1  0      0 124715352  37624 3859348    0    0  2847  3719 2974 16681  1  1 98  0  0 2020-02-12 15:09:06
13 10      0 124518128  34552 3855292    0    0  7904  2340 3769 18793  3  2 95  1  0 2020-02-12 15:09:09
 1  0      0 124714584  37624 3859356    0    0  4968  1925 2507 17370  1  1 97  1  0 2020-02-12 15:09:12
 2  0      0 124718888  37624 3859432    0    0  2939  3491 3201 16405  0  1 98  0  0 2020-02-12 15:09:15
 1  0      0 124714384  37624 3859484    0    0  6511  4373 6240 19634  1  1 97  0  0 2020-02-12 15:09:18
 1  0      0 124714944  37624 3859544    0    0  2959  3296 3544 17136  3  2 95  0  0 2020-02-12 15:09:21
procs -----------memory---------- ---swap-- -----io---- -system-- ------cpu----- -----timestamp-----
 r  b   swpd   free   buff  cache   si   so    bi    bo   in   cs us sy id wa st                 CST
 2  0      0 124714672  37624 3859588    0    0  2927  3978 3717 16447  1  1 98  0  0 2020-02-12 15:09:24
 0  0      0 124715584  37624 3859636    0    0  2892  4339 4221 17496  1  1 98  0  0 2020-02-12 15:09:27
 0  0      0 124706128  37624 3857956    0    0  9984  5077 6573 23076  3  2 93  2  0 2020-02-12 15:09:30
 1  0      0 124708304  37624 3859876    0    0  3247  2387 2698 15707  0  1 98  0  0 2020-02-12 15:09:33
 2  0      0 124704488  37624 3860012    0    0  2884  2330 2569 15901  1  1 98  0  0 2020-02-12 15:09:36
 0  0      0 124710112  37624 3860196    0    0  2952  2191 2711 15668  3  2 95  0  0 2020-02-12 15:09:39
 0  0      0 124710320  37624 3860196    0    0  2858  3678 3355 16620  0  1 99  0  0 2020-02-12 15:09:42
 1  0      0 124710944  37624 3860204    0    0  2950  5419 5413 18315  1  1 98  0  0 2020-02-12 15:09:45
 2  0      0 124711776  37624 3860224    0    0  2862  3982 3560 16600  1  1 98  0  0 2020-02-12 15:09:48
 2  0      0 124703648  37624 3859908    0    0  9960  3249 5194 22149  3  2 93  2  0 2020-02-12 15:09:51
 4  0      0 124707912  37624 3860464    0    0  2919  3025 2987 15631  0  1 98  0  0 2020-02-12 15:09:54
 0  0      0 124708432  37624 3860944    0    0  2911  4644 4496 18028  1  1 98  0  0 2020-02-12 15:09:57
 1  0      0 124621728  37624 3861028    0    0  2997  4492 6463 22675  5  2 93  0  0 2020-02-12 15:10:00
 4  0      0 124616592  37624 3861076    0    0  2903  2590 9961 30623  4  3 93  0  0 2020-02-12 15:10:03
 4  0      0 124581480  37624 3861372    0    0  2836  3504 8056 26512  4  2 93  0  0 2020-02-12 15:10:06
 2  4      0 124291056  35100 3858560    0    0  8019  2311 8096 27209  6  3 90  1  0 2020-02-12 15:10:09
 2  0      0 124705104  37624 3861404    0    0  5154  4567 6452 23144  2  2 95  1  0 2020-02-12 15:10:12
 1  0      0 124707776  37624 3861444    0    0  2912  3642 3331 16472  0  1 98  0  0 2020-02-12 15:10:15
 1  0      0 124708112  37624 3861476    0    0  2858  2296 2544 15595  1  1 98  0  0 2020-02-12 15:10:18
 2  0      0 124709176  37624 3861512    0    0  2968  3828 4095 17769  3  2 95  0  0 2020-02-12 15:10:21
 1  0      0 124709960  37624 3861536    0    0  2911  2069 2484 15133  1  1 98  0  0 2020-02-12 15:10:24
procs -----------memory---------- ---swap-- -----io---- -system-- ------cpu----- -----timestamp-----
 r  b   swpd   free   buff  cache   si   so    bi    bo   in   cs us sy id wa st                 CST
 1  0      0 124710400  37624 3861688    0    0  2991  2514 3021 16151  1  1 98  0  0 2020-02-12 15:10:27
 1  0      0 124683664  37624 3861752    0    0  9989  5580 6190 23225  3  2 93  1  0 2020-02-12 15:10:30
 1  0      0 124686160  37624 3861800    0    0  2908  4064 3554 16677  0  1 98  0  0 2020-02-12 15:10:33
 0  0      0 124699864  37624 3861828    0    0  2857  7657 6241 19813  1  1 98  0  0 2020-02-12 15:10:36
 1  0      0 124702672  37624 3862032    0    0  3001  4073 3822 16961  3  2 95  0  0 2020-02-12 15:10:39
 1  0      0 124705984  37624 3862068    0    0  2832  6360 4907 18290  0  1 98  0  0 2020-02-12 15:10:42
 1  0      0 124705072  37624 3862036    0    0  2940  4832 5005 17975  1  2 98  0  0 2020-02-12 15:10:45
 2  0      0 124702112  37624 3861732    0    0  3220  4894 5170 20210  1  2 97  0  0 2020-02-12 15:10:48
 0  0      0 124699744  37624 3862232    0    0  9942  3668 5404 22367  3  2 93  2  0 2020-02-12 15:10:52
 2  0      0 124700448  37624 3862244    0    0  2912  5114 4197 16879  0  1 98  0  0 2020-02-12 15:10:55
 0  0      0 124702432  37624 3862648    0    0  2874  8211 5848 19382  1  1 98  0  0 2020-02-12 15:10:58
 0  0      0 124704304  37624 3862672    0    0  2951  7299 4818 18773  3  2 95  0  0 2020-02-12 15:11:01
 0  0      0 124706576  37624 3862732    0    0  2887 11238 7873 21387  1  2 98  0  0 2020-02-12 15:11:04
 1  0      0 124702480  37624 3862996    0    0  2873 54145 26833 45210  1  4 95  0  0 2020-02-12 15:11:07
 7  4      0 124500720  35028 3858680    0    0  7972 93394 46192 69906  4  7 88  1  0 2020-02-12 15:11:10
 0  0      0 124701744  37624 3863120    0    0  4916 62746 36068 55697  1  5 92  1  0 2020-02-12 15:11:13
 3  0      0 124704872  37624 3863132    0    0   268 16409 14082 27058  0  2 97  0  0 2020-02-12 15:11:16
 0  0      0 124704576  37624 3863196    0    0    68 15736 13726 26939  1  2 97  0  0 2020-02-12 15:11:19
 0  0      0 124708528  37624 3863240    0    0   179 13678 11919 25876  3  2 95  0  0 2020-02-12 15:11:22
 1  0      0 124707144  37624 3863288    0    0   185 10332 9234 21927  1  2 98  0  0 2020-02-12 15:11:25
 2  3      0 124712456  37188 3861800    0    0  1992 10032 9061 23573  0  2 97  1  0 2020-02-12 15:11:28
procs -----------memory---------- ---swap-- -----io---- -system-- ------cpu----- -----timestamp-----
 r  b   swpd   free   buff  cache   si   so    bi    bo   in   cs us sy id wa st                 CST
 1  0      0 124703536  37624 3860272    0    0  7337 12874 12955 29842  3  3 92  2  0 2020-02-12 15:11:31
 0  0      0 124698936  37624 3863444    0    0   338  4952 5066 18117  1  1 98  0  0 2020-02-12 15:11:34
 2  0      0 124698520  37624 3863760    0    0    57  6485 5970 19412  0  1 98  0  0 2020-02-12 15:11:37
 2  0      0 124703920  37624 3863696    0    0   227  3675 4082 17107  3  2 95  0  0 2020-02-12 15:11:40
 0  0      0 124706592  37624 3863840    0    0   138   324 1092 14084  0  1 99  0  0 2020-02-12 15:11:43
 2  0      0 124706320  37624 3863860    0    0   128   163 1728 14415  1  1 98  0  0 2020-02-12 15:11:46
 0  0      0 124706408  37624 3863896    0    0    99   325 1318 14119  1  1 98  0  0 2020-02-12 15:11:49
 1  0      0 124696240  37624 3862044    0    0  7227   214 3281 19859  3  2 93  2  0 2020-02-12 15:11:52
 1  1      0 124687488  37624 3864112    0    0  1672  3327 4239 16706  1  2 97  0  0 2020-02-12 15:11:55
 2  0      0 124680592  37624 3864284    0    0  8711  1522 7345 20769  1  2 96  0  0 2020-02-12 15:11:58
 0  0      0 124678136  37624 3864504    0    0 28209   469 5188 18938  4  2 93  0  0 2020-02-12 15:12:01
