procs -----------memory---------- ---swap-- -----io---- -system-- ------cpu----- -----timestamp-----
 r  b   swpd   free   buff  cache   si   so    bi    bo   in   cs us sy id wa st                 CST
 2  0      0 5290308  17160 4529592    0    0  3305 10083   14   10  4  7 86  4  0 2020-02-08 17:32:38
 1  0      0 5057760  17160 4529732    0    0   116   182 2417 15440  5  6 88  0  0 2020-02-08 17:32:41
14  4      0 5012152  17160 4530188    0    0  1892   775 3011 15194  6  5 88  1  0 2020-02-08 17:32:44
17  8      0 5008616  17160 4530416    0    0 85458 44258 37473 52722 21 55  7 18  0 2020-02-08 17:32:47
20  8      0 5003092  17160 4530424    0    0 87855 48219 38829 52968 17 54  8 20  0 2020-02-08 17:32:50
13  9      0 5007264  17160 4530516    0    0 88777 47354 39904 53913 17 55  7 20  0 2020-02-08 17:32:53
15 10      0 5006656  17160 4530732    0    0 82611 47167 39141 52026 17 54  8 20  0 2020-02-08 17:32:56
10 10      0 5008076  17160 4530752    0    0 89440 47924 38908 52929 19 54  8 20  0 2020-02-08 17:32:59
16 11      0 5007172  17160 4530808    0    0 86180 49144 38803 52905 18 53  8 22  0 2020-02-08 17:33:02
11  7      0 5006172  17160 4530860    0    0 88983 47497 38241 52115 19 54  7 20  0 2020-02-08 17:33:05
15  5      0 5006668  17160 4530872    0    0 93531 51197 38429 52256 17 50  7 27  0 2020-02-08 17:33:08
 7 11      0 5001984  16868 4530456    0    0 89179 52190 36618 52498 18 51  7 25  0 2020-02-08 17:33:11
 6 10      0 4989836  17160 4530976    0    0 86515 71875 36095 50660 17 48  7 28  0 2020-02-08 17:33:14
12  8      0 4994072  17160 4530960    0    0 78442 86868 33459 47550 19 48  6 26  0 2020-02-08 17:33:17
11 11      0 4988312  17160 4531008    0    0 78092 93011 31731 45615 19 45  6 30  0 2020-02-08 17:33:20
 9 10      0 4982588  17160 4531132    0    0 81183 92739 33519 48192 18 44  7 31  0 2020-02-08 17:33:23
 1  3      0 5012412  17160 4531128    0    0 69628 86625 30531 45331 18 43 12 27  0 2020-02-08 17:33:26
 3  1      0 5013568  17160 4531140    0    0 26194 69993 23019 35382  7 23 45 25  0 2020-02-08 17:33:29
 2  2      0 5013580  17160 4531160    0    0 20034 67456 23045 34676  7 22 47 24  0 2020-02-08 17:33:32
 5  9      0 5006688  17160 4531176    0    0 21115 68751 24774 34650 10 27 39 24  0 2020-02-08 17:33:35
 1  2      0 4996368  17160 4531196    0    0 23603 67741 24642 36097  9 24 42 25  0 2020-02-08 17:33:38
procs -----------memory---------- ---swap-- -----io---- -system-- ------cpu----- -----timestamp-----
 r  b   swpd   free   buff  cache   si   so    bi    bo   in   cs us sy id wa st                 CST
 1  4      0 4995616  17160 4531204    0    0 24415 69376 24841 35674  8 24 40 27  0 2020-02-08 17:33:41
 2  7      0 4990796  17160 4531224    0    0 23978 69132 26174 36863  8 25 40 26  0 2020-02-08 17:33:44
 4  3      0 4988084  17160 4531300    0    0 23236 69780 25309 36483 10 28 35 26  0 2020-02-08 17:33:47
 3  5      0 4984604  17160 4531380    0    0 23186 70692 24470 34679 11 25 40 24  0 2020-02-08 17:33:50
 2  3      0 4988080  17160 4531484    0    0 23911 69632 25427 36934  7 25 42 27  0 2020-02-08 17:33:53
 0  5      0 4987776  17160 4531492    0    0 23006 67906 24967 36345  7 26 41 26  0 2020-02-08 17:33:56
 3  7      0 4982664  17188 4531492    0    0 26194 70035 26408 37360  8 26 39 27  0 2020-02-08 17:33:59
 1  3      0 4982016  17160 4531620    0    0 25992 66451 25504 38705  8 27 38 27  0 2020-02-08 17:34:02
 2  3      0 4987552  17160 4531632    0    0 25151 70490 24685 35514  8 26 39 27  0 2020-02-08 17:34:05
 1  5      0 4988104  17160 4531648    0    0 22187 68552 23617 34597  6 21 46 28  0 2020-02-08 17:34:08
 3  4      0 4982824  17160 4531672    0    0 23196 70586 24030 35799  7 23 43 27  0 2020-02-08 17:34:11
 0  1      0 4983144  17160 4531712    0    0 31480 67545 24772 37726  8 26 33 33  0 2020-02-08 17:34:14
 3  4      0 4987168  17160 4531884    0    0 28762 73498 25044 36756  8 26 39 27  0 2020-02-08 17:34:17
 3  4      0 4981864  17160 4531912    0    0 27529 71525 24622 35926  8 26 38 28  0 2020-02-08 17:34:20
 3  4      0 4986548  17160 4532024    0    0 29058 70457 25422 36241  7 25 39 29  0 2020-02-08 17:34:23
 1  3      0 4987168  17160 4532072    0    0 28619 71936 24741 36227  8 26 38 28  0 2020-02-08 17:34:26
 1  4      0 4987604  17160 4532096    0    0 27367 71959 25164 36382  7 26 39 28  0 2020-02-08 17:34:29
 1  3      0 4987988  17160 4532120    0    0 28004 70517 25486 37076  8 26 37 29  0 2020-02-08 17:34:32
 9  4      0 4987136  17160 4532112    0    0 29528 72089 25414 37048  8 26 37 29  0 2020-02-08 17:34:35
 6  2      0 4987388  17160 4532116    0    0 27261 71843 25372 37456  7 24 39 29  0 2020-02-08 17:34:38
 7  6      0 4988288  17160 4532132    0    0 29245 72595 25140 36969  7 24 38 31  0 2020-02-08 17:34:41
procs -----------memory---------- ---swap-- -----io---- -system-- ------cpu----- -----timestamp-----
 r  b   swpd   free   buff  cache   si   so    bi    bo   in   cs us sy id wa st                 CST
 1  1      0 4986608  17160 4532144    0    0 28842 70656 25468 36712  7 25 40 28  0 2020-02-08 17:34:44
 0  1      0 4987880  17160 4532168    0    0 29807 72445 25461 37737 10 29 34 27  0 2020-02-08 17:34:47
 6  5      0 4980184  17160 4532196    0    0 25927 79096 21869 31956  9 37 27 27  0 2020-02-08 17:34:50
 4  4      0 4985664  17160 4532288    0    0 25770 61713 23896 40113  6 22 41 31  0 2020-02-08 17:34:53
 1  1      0 4986208  17160 4532308    0    0 22116 60973 23119 38650  6 23 42 29  0 2020-02-08 17:34:56
 6  6      0 4985364  17160 4532332    0    0 19520 58658 21475 36343  5 19 48 29  0 2020-02-08 17:34:59
 3  1      0 4985312  17160 4532360    0    0 13435 56173 21024 36013  4 17 53 26  0 2020-02-08 17:35:02
 7  0      0 4984708  17160 4532500    0    0 10633 54636 20484 34630  4 18 53 24  0 2020-02-08 17:35:05
 1  1      0 4985328  17160 4532520    0    0 16081 56136 21035 36210  4 16 53 27  0 2020-02-08 17:35:08
 6  3      0 4986424  17160 4532512    0    0 14216 55467 21873 36603  4 17 56 24  0 2020-02-08 17:35:11
 3  2      0 4981128  17160 4532532    0    0 18931 55881 22209 38867  5 20 48 27  0 2020-02-08 17:35:14
 7  7      0 4984288  17160 4532648    0    0 19751 57990 23045 37994  5 21 45 29  0 2020-02-08 17:35:17
 3  2      0 4980392  17160 4532660    0    0 12607 54826 20520 34575  5 18 55 22  0 2020-02-08 17:35:20
 3  3      0 4985668  17160 4532812    0    0  6044 53282 19214 33851  3 14 66 17  0 2020-02-08 17:35:23
 3  5      0 4985720  17160 4532828    0    0 11792 54525 20169 34949  4 17 57 22  0 2020-02-08 17:35:26
 0  3      0 4986632  17160 4532852    0    0 10351 53590 20360 34497  3 16 56 25  0 2020-02-08 17:35:29
 1  4      0 4986004  17160 4532872    0    0 11676 54946 21409 35779  4 17 55 24  0 2020-02-08 17:35:32
 6  2      0 4986128  17160 4532940    0    0 12545 53542 20479 34977  4 18 52 26  0 2020-02-08 17:35:35
 3  6      0 4986548  17160 4532960    0    0 16294 55383 21994 36608  4 17 52 27  0 2020-02-08 17:35:38
 2  3      0 4987020  17160 4532976    0    0 14772 54580 20617 35913  4 17 53 27  0 2020-02-08 17:35:41
 3  6      0 4990056  16452 4532288    0    0 15774 54003 20694 36167  4 17 51 28  0 2020-02-08 17:35:44
procs -----------memory---------- ---swap-- -----io---- -system-- ------cpu----- -----timestamp-----
 r  b   swpd   free   buff  cache   si   so    bi    bo   in   cs us sy id wa st                 CST
 4  3      0 4990284  17160 4532948    0    0 15622 54423 21030 36436  6 20 50 24  0 2020-02-08 17:35:47
11 26      0 4976360  11768 4531352    0    0 19624 55429 21294 37659  6 21 46 27  0 2020-02-08 17:35:50
 1  3      0 4988416  17160 4533168    0    0 18393 54360 21932 37343  6 20 48 25  0 2020-02-08 17:35:53
 0  1      0 4993508  17160 4533168    0    0 15240 55047 21046 35476  4 19 52 25  0 2020-02-08 17:35:56
 1  3      0 4994092  17160 4533184    0    0  9312 52244 19068 33228  4 15 58 24  0 2020-02-08 17:35:59
 3  1      0 4988916  17160 4533220    0    0 13901 53705 20558 35500  4 17 55 24  0 2020-02-08 17:36:02
 2  3      0 4988508  17160 4533432    0    0 10076 51677 19526 34001  4 17 56 24  0 2020-02-08 17:36:05
 1  3      0 4993180  17160 4533444    0    0  9459 52457 19971 34436  3 15 59 24  0 2020-02-08 17:36:08
 6  7      0 4993644  17160 4533468    0    0 12326 52692 20295 34867  3 15 58 23  0 2020-02-08 17:36:11
 5  4      0 4986800  17160 4533484    0    0 19501 53206 22703 40731  7 22 46 25  0 2020-02-08 17:36:14
 5  4      0 4895040  17160 4533540    0    0 11655 52589 21768 37175 15 22 42 21  0 2020-02-08 17:36:17
 3  3      0 4864120  17160 4533580    0    0 13098 52952 21958 37922 18 24 37 20  0 2020-02-08 17:36:20
 4  2      0 4809092  17160 4533812    0    0  8252 52305 21100 36896 18 21 42 19  0 2020-02-08 17:36:23
 9  3      0 4781828  17160 4533860    0    0 11254 52276 20811 36651 17 23 40 20  0 2020-02-08 17:36:26
 4  3      0 4980048  17160 4533840    0    0  8751 53603 20853 33757 18 21 44 17  0 2020-02-08 17:36:29
 0  3      0 4984820  17160 4533864    0    0 18719 68416 23301 34616  7 24 44 25  0 2020-02-08 17:36:32
 1  5      0 4984656  17160 4533860    0    0 20734 66827 22918 32971  6 23 46 24  0 2020-02-08 17:36:35
 1  5      0 4983944  17160 4533876    0    0 24198 71145 24130 35438  7 22 44 27  0 2020-02-08 17:36:38
 1  6      0 4984792  17160 4533892    0    0 25362 71881 24092 35189  7 22 42 29  0 2020-02-08 17:36:41
 3  5      0 4984748  17160 4533928    0    0 25055 69741 24347 35301  7 22 41 30  0 2020-02-08 17:36:44
 1  4      0 4984980  17160 4533956    0    0 24420 71907 24693 36131  9 26 38 27  0 2020-02-08 17:36:47
procs -----------memory---------- ---swap-- -----io---- -system-- ------cpu----- -----timestamp-----
 r  b   swpd   free   buff  cache   si   so    bi    bo   in   cs us sy id wa st                 CST
 3  7      0 4980200  17160 4533964    0    0 26026 70872 24949 35661  7 24 39 30  0 2020-02-08 17:36:50
 0  2      0 4984736  17160 4534088    0    0 26956 71415 24425 35988  7 23 41 30  0 2020-02-08 17:36:53
 1  5      0 4982412  17160 4534092    0    0 24971 70553 24314 35324  8 25 40 27  0 2020-02-08 17:36:56
 3  5      0 4983388  17160 4534096    0    0 25755 69392 24367 35073  7 24 42 28  0 2020-02-08 17:36:59
 5  4      0 4983168  17160 4534112    0    0 24615 68759 24904 36282  6 24 42 28  0 2020-02-08 17:37:02
 2  4      0 4982284  17160 4534140    0    0 25015 70241 24421 35518  8 26 39 28  0 2020-02-08 17:37:05
 6  4      0 4983168  17160 4534160    0    0 24888 70390 24488 35556  6 22 43 29  0 2020-02-08 17:37:08
 3  6      0 4983452  17160 4534252    0    0 26280 69440 24664 35650  6 23 42 29  0 2020-02-08 17:37:11
 0 19      0 4979424   7588 4534132    0    0 30227 69554 25556 37968  8 26 36 30  0 2020-02-08 17:37:14
 3  2      0 4977060  17160 4534340    0    0 30647 69788 25325 37552  9 27 34 30  0 2020-02-08 17:37:17
 6  4      0 4976848  17160 4534360    0    0 28991 68380 25198 36148  8 25 37 29  0 2020-02-08 17:37:20
 0  4      0 4982552  17160 4534620    0    0 26978 72367 24395 36521  7 23 41 29  0 2020-02-08 17:37:23
 5  1      0 4982180  17160 4534612    0    0 29187 66930 25706 36920  8 27 38 28  0 2020-02-08 17:37:26
 1  2      0 4981356  17160 4534628    0    0 28695 71397 25140 36096  8 24 40 29  0 2020-02-08 17:37:29
 1  3      0 4982808  17160 4534652    0    0 26647 67774 24770 36189  8 25 40 28  0 2020-02-08 17:37:32
 0  1      0 4981004  17160 4534708    0    0 29363 69545 25500 36450  8 26 38 28  0 2020-02-08 17:37:35
 7  1      0 4982152  17160 4534720    0    0 28992 71570 25004 36693  7 23 40 29  0 2020-02-08 17:37:38
 7  2      0 4983140  17160 4534692    0    0 28535 70565 25393 36939  7 24 39 29  0 2020-02-08 17:37:41
 6  2      0 4983456  17160 4534704    0    0 29220 69526 25884 36969  7 25 39 29  0 2020-02-08 17:37:44
 1  4      0 4982636  17160 4534724    0    0 28479 68837 26039 37200 10 28 35 27  0 2020-02-08 17:37:47
 8  4      0 4983568  17160 4534740    0    0 27042 70662 25041 35813  7 24 41 29  0 2020-02-08 17:37:50
procs -----------memory---------- ---swap-- -----io---- -system-- ------cpu----- -----timestamp-----
 r  b   swpd   free   buff  cache   si   so    bi    bo   in   cs us sy id wa st                 CST
20  6      0 4982816  17160 4534872    0    0 28914 71187 25018 37223  7 24 40 29  0 2020-02-08 17:37:53
 5  4      0 4981576  17160 4534872    0    0 28939 71574 25206 36992  8 26 40 26  0 2020-02-08 17:37:56
 1  3      0 4982060  17160 4534896    0    0 26811 71855 25257 36636  7 24 40 28  0 2020-02-08 17:37:59
 2  3      0 4981780  17160 4534916    0    0 25522 66945 25030 36259  7 24 41 28  0 2020-02-08 17:38:02
 5  2      0 4981772  17160 4534928    0    0 28706 70144 25225 35961  8 26 37 29  0 2020-02-08 17:38:05
 1  4      0 4981676  17160 4534948    0    0 29061 72608 25302 36982  7 24 40 30  0 2020-02-08 17:38:08
 6  3      0 4981360  17160 4534960    0    0 29038 69393 25450 36915  7 24 40 29  0 2020-02-08 17:38:11
 2  4      0 4982232  17160 4534964    0    0 27927 70227 25591 36790  7 23 39 30  0 2020-02-08 17:38:14
16  8      0 4982672  15828 4534328    0    0 32374 67153 25833 40350  9 30 31 30  0 2020-02-08 17:38:17
 7  2      0 4974072  17160 4535120    0    0 28534 71791 25752 37960 10 28 34 29  0 2020-02-08 17:38:20
 7  4      0 4984840  17160 4534844    0    0 27735 70136 26392 39511  9 30 35 26  0 2020-02-08 17:38:23
11  1      0 4987364  17160 4535484    0    0 25819 70864 25919 37188  8 28 37 27  0 2020-02-08 17:38:26
 7  5      0 4987032  17160 4535496    0    0 26663 72599 25144 36432  8 25 40 27  0 2020-02-08 17:38:29
 2  4      0 4988072  17160 4535516    0    0 28479 70476 26341 37622  8 27 38 27  0 2020-02-08 17:38:32
 8  6      0 4979872  17160 4535552    0    0 27278 69336 25906 37157  8 29 37 26  0 2020-02-08 17:38:35
 9  4      0 4985852  17160 4535528    0    0 29042 70156 25554 37992  8 26 39 27  0 2020-02-08 17:38:38
 9  8      0 4986180  17160 4535540    0    0 29095 69558 24962 37008  7 24 40 29  0 2020-02-08 17:38:41
 6  4      0 4990900  17160 4535576    0    0 29135 71554 25090 36872  8 24 39 28  0 2020-02-08 17:38:44
14  4      0 4990928  17160 4535592    0    0 28999 69182 25085 37194 10 27 37 26  0 2020-02-08 17:38:47
 4  2      0 4992040  17160 4535612    0    0 29071 70029 24906 37014  7 24 40 29  0 2020-02-08 17:38:50
 2  4      0 4990400  17160 4535744    0    0 27700 72460 24936 36861  7 25 39 28  0 2020-02-08 17:38:53
procs -----------memory---------- ---swap-- -----io---- -system-- ------cpu----- -----timestamp-----
 r  b   swpd   free   buff  cache   si   so    bi    bo   in   cs us sy id wa st                 CST
 4  5      0 4990372  17160 4535744    0    0 28094 71186 24928 36562  8 26 38 29  0 2020-02-08 17:38:56
 2  3      0 4989868  17160 4535764    0    0 29403 71280 25104 36571  8 24 40 28  0 2020-02-08 17:38:59
 4  5      0 4989840  17160 4535792    0    0 27647 71749 25261 37606  8 25 40 27  0 2020-02-08 17:39:02
 0  2      0 4991184  17160 4535808    0    0 28325 71639 24707 36522  8 26 39 26  0 2020-02-08 17:39:05
 4  3      0 4991388  17160 4535824    0    0 29168 71144 25409 37298  7 23 42 28  0 2020-02-08 17:39:08
 3  6      0 4990852  17160 4535840    0    0 27916 71557 24968 36988  7 24 41 28  0 2020-02-08 17:39:11
 0  3      0 4991340  17160 4535856    0    0 28553 69999 24822 36782  7 24 39 30  0 2020-02-08 17:39:14
 2  6      0 4984896  17160 4535988    0    0 33144 69840 25618 39115  9 29 33 29  0 2020-02-08 17:39:17
 2  6      0 4990700  17160 4536004    0    0 27513 68938 25436 36460  8 25 39 28  0 2020-02-08 17:39:20
 0  5      0 4990564  17160 4536132    0    0 29191 71317 24928 37211  7 24 39 30  0 2020-02-08 17:39:23
 1  5      0 4990332  17160 4536280    0    0 29230 70132 24923 37327  8 26 39 27  0 2020-02-08 17:39:26
 4  5      0 4989772  17160 4536300    0    0 27991 70352 24712 36087  7 23 40 30  0 2020-02-08 17:39:29
 0  4      0 4990264  17160 4536324    0    0 27703 69849 24906 36556  7 24 39 29  0 2020-02-08 17:39:32
 2  5      0 4989048  17160 4536328    0    0 28496 69663 24583 35370  8 25 40 27  0 2020-02-08 17:39:35
 1  6      0 4989232  17160 4536344    0    0 27683 69672 23899 36809  7 23 42 28  0 2020-02-08 17:39:38
 0  9      0 4990232  17160 4536360    0    0 28898 70759 24538 36680  7 24 41 28  0 2020-02-08 17:39:41
 0 16      0 4989264  17160 4536400    0    0 28626 69352 24799 36549  7 24 41 27  0 2020-02-08 17:39:44
 3 14      0 4990740  17160 4536416    0    0 27393 68757 24833 36895 10 27 37 26  0 2020-02-08 17:39:47
 0 16      0 4991092  17160 4536428    0    0 28911 70109 24162 36459  7 23 41 29  0 2020-02-08 17:39:50
 3  2      0 4991360  17160 4536576    0    0 28265 71550 25124 37582  8 26 39 27  0 2020-02-08 17:39:53
 4  3      0 4990652  17160 4536584    0    0 26520 68743 24124 36070  7 25 42 26  0 2020-02-08 17:39:56
procs -----------memory---------- ---swap-- -----io---- -system-- ------cpu----- -----timestamp-----
 r  b   swpd   free   buff  cache   si   so    bi    bo   in   cs us sy id wa st                 CST
 2  3      0 4991544  17160 4536588    0    0 24864 69638 23602 35504  7 22 43 28  0 2020-02-08 17:39:59
 0  5      0 4989448  17160 4536628    0    0 25938 66735 24231 36315  7 24 43 26  0 2020-02-08 17:40:02
 1  2      0 4991692  17160 4536652    0    0 26594 68695 23560 35420  8 25 42 25  0 2020-02-08 17:40:05
 2  5      0 4990508  17160 4536684    0    0 24963 70082 24245 36630  6 22 46 26  0 2020-02-08 17:40:08
 1  2      0 4990352  17160 4536688    0    0 28420 71290 24293 36613  7 23 42 28  0 2020-02-08 17:40:11
 1  2      0 4990644  17160 4536684    0    0 27227 69463 23994 36078  7 23 43 27  0 2020-02-08 17:40:14
 3  8      0 4982636  16388 4535984    0    0 31484 69391 25378 39041  9 28 35 27  0 2020-02-08 17:40:17
 2  1      0 4985888  17160 4536836    0    0 26736 68300 24220 35455  8 24 40 28  0 2020-02-08 17:40:20
 3  2      0 4989328  17160 4536964    0    0 28087 71017 24519 36762  7 24 41 27  0 2020-02-08 17:40:23
 5  3      0 4990048  17160 4536980    0    0 26595 68496 24640 36574  8 26 43 24  0 2020-02-08 17:40:26
 4  2      0 4990152  17160 4537008    0    0 27218 68324 24384 35674  7 23 42 27  0 2020-02-08 17:40:29
 9  4      0 4990028  17160 4537156    0    0 26815 68448 23726 36190  8 24 42 26  0 2020-02-08 17:40:32
 4  3      0 4989788  17160 4537164    0    0 25558 70093 23548 35184  8 25 42 26  0 2020-02-08 17:40:35
 7  4      0 4989952  17160 4537172    0    0 27304 69014 23552 35854  7 23 44 27  0 2020-02-08 17:40:38
 2  1      0 4990632  17160 4537184    0    0 27916 70076 23712 36163  7 23 43 26  0 2020-02-08 17:40:41
 8  2      0 4991156  17160 4537212    0    0 25567 69348 24110 35818  8 23 43 26  0 2020-02-08 17:40:44
 6  4      0 4990492  17160 4537236    0    0 26754 68441 24167 37024 11 27 38 24  0 2020-02-08 17:40:47
 5  2      0 4991172  17160 4537280    0    0 25695 67598 23813 35515  7 23 43 27  0 2020-02-08 17:40:50
14  5      0 4989264  17160 4537416    0    0 25567 70355 23564 36408  7 24 45 25  0 2020-02-08 17:40:53
 7  2      0 4990852  17160 4537440    0    0 25894 67249 24052 36360  8 25 42 25  0 2020-02-08 17:40:56
 5  2      0 4993816  17160 4537456    0    0 27203 70483 23987 36071  7 23 44 26  0 2020-02-08 17:40:59
procs -----------memory---------- ---swap-- -----io---- -system-- ------cpu----- -----timestamp-----
 r  b   swpd   free   buff  cache   si   so    bi    bo   in   cs us sy id wa st                 CST
 2  4      0 4993820  17160 4537468    0    0 25210 69475 24009 36330  7 25 43 25  0 2020-02-08 17:41:02
 6  4      0 4994176  17160 4537484    0    0 27420 70892 24131 35903  8 26 40 26  0 2020-02-08 17:41:05
 6  5      0 4994380  17160 4537500    0    0 26435 68785 23699 36006  7 22 44 27  0 2020-02-08 17:41:08
 8  2      0 4994036  17160 4537516    0    0 27084 70622 24179 36280  7 23 42 28  0 2020-02-08 17:41:11
 5  1      0 4994876  17160 4537512    0    0 26560 68992 24278 36417  7 22 43 28  0 2020-02-08 17:41:14
11  7      0 4906152  17160 4537552    0    0 26913 68174 24705 37041 20 30 30 20  0 2020-02-08 17:41:17
 6  5      0 4889572  17160 4537596    0    0 29771 66848 25169 39682 24 33 24 19  0 2020-02-08 17:41:20
 3  2      0 4862376  17160 4537736    0    0 26823 69380 25026 39774 25 32 26 17  0 2020-02-08 17:41:23
 4  1      0 4824892  17160 4537828    0    0 25611 67913 23573 35817 21 29 31 20  0 2020-02-08 17:41:26
 5  2      0 4794004  17160 4537880    0    0 24988 68788 24306 36673 20 29 30 21  0 2020-02-08 17:41:29
12  1      0 4989744  17160 4537896    0    0 25706 68173 23959 37417 15 28 34 23  0 2020-02-08 17:41:32
 1  4      0 4987532  17160 4537900    0    0 25299 67131 23490 36110  7 24 43 25  0 2020-02-08 17:41:35
 5  3      0 4987148  17160 4538044    0    0 20875 62802 23062 36393  6 21 48 24  0 2020-02-08 17:41:38
 1  3      0 4987960  17160 4538048    0    0 22015 63848 23612 36309  6 21 48 25  0 2020-02-08 17:41:41
 5  5      0 4987904  17160 4538068    0    0 21994 62844 23532 35794  6 21 48 25  0 2020-02-08 17:41:44
 0  3      0 4987316  17160 4538092    0    0 19751 63750 22903 35684  8 24 44 23  0 2020-02-08 17:41:47
 2  3      0 4987796  17160 4538104    0    0 20556 62745 22764 35238  6 21 48 25  0 2020-02-08 17:41:50
 0  2      0 4985380  17160 4538256    0    0 20034 63162 22485 35361  6 21 47 26  0 2020-02-08 17:41:53
 3  3      0 4986340  17160 4538264    0    0 18334 63092 22282 34667  7 22 45 26  0 2020-02-08 17:41:56
 1  5      0 4985116  17160 4538284    0    0 20816 65999 22499 34598  6 20 48 25  0 2020-02-08 17:41:59
 2  4      0 4985972  17160 4538316    0    0 20119 62178 22195 34997  6 21 47 25  0 2020-02-08 17:42:02
procs -----------memory---------- ---swap-- -----io---- -system-- ------cpu----- -----timestamp-----
 r  b   swpd   free   buff  cache   si   so    bi    bo   in   cs us sy id wa st                 CST
 3  6      0 4987052  17160 4538328    0    0 18420 63899 22474 34583  7 24 45 24  0 2020-02-08 17:42:05
 1  3      0 4986844  17160 4538340    0    0 20027 63386 22541 34632  5 21 48 26  0 2020-02-08 17:42:08
 3  3      0 4986640  17160 4538356    0    0 20431 62766 22565 34491  6 22 46 26  0 2020-02-08 17:42:11
 5  4      0 4986444  17160 4538360    0    0 19227 63273 24068 35597  7 23 46 24  0 2020-02-08 17:42:14
 9  2      0 4986612  17160 4538372    0    0 19863 66456 27646 39628  8 25 44 23  0 2020-02-08 17:42:17
 6  5      0 4979112  17160 4538416    0    0 25962 63071 27385 42066  9 28 37 26  0 2020-02-08 17:42:20
 2  6      0 4983996  17160 4538564    0    0 18372 65296 24507 37496  7 23 46 24  0 2020-02-08 17:42:23
 1  5      0 4984748  17160 4538680    0    0 19619 64526 24404 37353  6 24 46 24  0 2020-02-08 17:42:26
 6  4      0 4984448  17160 4538692    0    0 18883 64412 24947 37556  7 23 47 24  0 2020-02-08 17:42:29
 5  3      0 4984704  17160 4538712    0    0 18885 64882 24965 37784  8 24 45 23  0 2020-02-08 17:42:32
 1  6      0 4984084  17160 4538772    0    0 19163 65045 23588 36347  6 24 46 24  0 2020-02-08 17:42:35
 0  3      0 4984392  17160 4538748    0    0 20216 64701 23960 36807  6 22 48 25  0 2020-02-08 17:42:38
 2  1      0 4984072  17160 4538884    0    0 18103 64444 23433 36492  6 22 49 23  0 2020-02-08 17:42:41
 3  2      0 5132576  17160 4538904    0    0 18099 63363 24439 36909  6 23 48 22  0 2020-02-08 17:42:44
 1  1      0 5260812  17160 4538340    0    0  2860 71037 16548 28377  5 15 70 10  0 2020-02-08 17:42:47
 1  1      0 5260980  17160 4538360    0    0  1492 81015 15198 26285  2 10 78 10  0 2020-02-08 17:42:50
 0  1      0 5260444  17160 4538488    0    0  2895 81507 15795 27088  3 11 76 10  0 2020-02-08 17:42:53
 1  1      0 5261100  17160 4538496    0    0  2862 76345 15976 27567  3 12 75 10  0 2020-02-08 17:42:56
 0  1      0 5260052  17160 4538512    0    0  1501 74675 15992 27279  2 10 76 11  0 2020-02-08 17:42:59
 0  1      0 5259536  17160 4538540    0    0  2836 74988 15732 27460  2 11 76 10  0 2020-02-08 17:43:02
 3  1      0 5261200  17160 4538568    0    0  2871 71619 15653 27372  3 13 74 10  0 2020-02-08 17:43:05
procs -----------memory---------- ---swap-- -----io---- -system-- ------cpu----- -----timestamp-----
 r  b   swpd   free   buff  cache   si   so    bi    bo   in   cs us sy id wa st                 CST
 3  1      0 5262008  17160 4538584    0    0  1507 74866 15568 27485  2 10 77 10  0 2020-02-08 17:43:08
 1  1      0 5261556  17160 4538592    0    0  2831 74925 16224 27806  2 11 78 10  0 2020-02-08 17:43:11
 4  0      0 5257644  17160 4538596    0    0  3168 74020 16774 28268  3 12 77  9  0 2020-02-08 17:43:14
 2  0      0 5256180  17160 4538616    0    0  1543 42303 16038 28987  2 11 87  0  0 2020-02-08 17:43:17
 2  5      0 5260528  13456 4538428    0    0 10043 41592 18125 33473  3 14 74  9  0 2020-02-08 17:43:20
 0  0      0 5256300  17160 4538776    0    0  4083 43554 16877 30163  2 10 83  4  0 2020-02-08 17:43:23
 6  0      0 5247216  17160 4538828    0    0  2245 42975 16981 29779  4 13 82  1  0 2020-02-08 17:43:26
 2  0      0 5240212  17160 4538860    0    0  4198 48362 18459 30130  5 12 80  2  0 2020-02-08 17:43:29
 5  0      0 5243388  17160 4538948    0    0  4584 41842 18484 30537  5 14 75  5  0 2020-02-08 17:43:32
 2  0      0 5214076  17160 4538960    0    0  2344 46379 19925 31053 13 17 67  2  0 2020-02-08 17:43:35
 1  0      0 5213936  17160 4539000    0    0  3037 32740 14940 27136  5  9 86  0  0 2020-02-08 17:43:38
 0  0      0 5214728  17160 4539020    0    0  2836 33679 14848 26435  4  9 87  1  0 2020-02-08 17:43:41
 1  0      0 5237240  17160 4539012    0    0  1878 33968 15139 27251  3  9 87  1  0 2020-02-08 17:43:44
