procs -----------memory---------- ---swap-- -----io---- -system-- ------cpu----- -----timestamp-----
 r  b   swpd   free   buff  cache   si   so    bi    bo   in   cs us sy id wa st                 CST
 3  0      0 5690036  17160 4121400    0    0  3344 11144    7    4  4  7 86  4  0 2020-02-08 10:43:40
 3  0      0 5488648  17160 4121452    0    0   140   321 2657 15323  5  6 89  0  0 2020-02-08 10:43:43
12  3      0 5456236  17160 4121468    0    0  1629   902 4578 16454  6  8 85  1  0 2020-02-08 10:43:46
 9  6      0 5454304  17160 4121832    0    0 49151  6245 29227 41781 10 31 31 28  0 2020-02-08 10:43:49
 4  4      0 5454280  17160 4121852    0    0 49628  6127 29079 41810 10 31 31 29  0 2020-02-08 10:43:52
 6  5      0 5451960  17160 4121860    0    0 48723 11097 28243 40234 10 32 30 28  0 2020-02-08 10:43:55
10  5      0 5448376  17160 4121896    0    0 49550  5988 29648 41910 11 32 30 28  0 2020-02-08 10:43:58
 9  2      0 5450508  17160 4122024    0    0 51289  6285 28936 41388 10 31 30 29  0 2020-02-08 10:44:01
15  5      0 5446292  17160 4122048    0    0 48543 11989 28621 39319 11 32 29 29  0 2020-02-08 10:44:04
 5  3      0 5452124  17160 4122064    0    0 49261  9789 29249 41299 10 31 30 28  0 2020-02-08 10:44:07
 4  4      0 5452472  17160 4122156    0    0 50345  9332 28987 41194 10 30 31 29  0 2020-02-08 10:44:10
 5  3      0 5452328  17160 4122180    0    0 50911 13133 28672 40971 10 30 31 29  0 2020-02-08 10:44:13
 2  7      0 5438056  17160 4122192    0    0 48740  6360 29204 40576 11 34 28 27  0 2020-02-08 10:44:16
10  7      0 5434464  17160 4122244    0    0 51596 12493 30125 41101 15 34 25 26  0 2020-02-08 10:44:19
 4  4      0 5418724  17160 4122380    0    0 49348 15173 29688 40735 17 34 23 25  0 2020-02-08 10:44:22
11  2      0 5451068  17160 4122356    0    0 52042  6321 28793 41007 14 33 26 27  0 2020-02-08 10:44:25
 4  7      0 5447664  17160 4122364    0    0 48804 13106 28162 40163 10 30 31 30  0 2020-02-08 10:44:28
 2  6      0 5450620  17160 4122492    0    0 51809 12408 28067 40782 10 30 30 29  0 2020-02-08 10:44:31
10  2      0 5444424  17160 4122508    0    0 46821 16753 27164 39871 10 30 31 29  0 2020-02-08 10:44:34
 4  4      0 5449412  17160 4122532    0    0 47936 17258 27686 41056  9 29 32 30  0 2020-02-08 10:44:37
11  4      0 5451640  17160 4122548    0    0 46263 19089 26980 39810  9 28 32 31  0 2020-02-08 10:44:40
procs -----------memory---------- ---swap-- -----io---- -system-- ------cpu----- -----timestamp-----
 r  b   swpd   free   buff  cache   si   so    bi    bo   in   cs us sy id wa st                 CST
 6  4      0 5444956  17160 4122456    0    0 51159 13570 27409 42796 10 31 27 32  0 2020-02-08 10:44:43
 2  4      0 5450368  17160 4122592    0    0 44233 27707 27389 40647 11 32 28 29  0 2020-02-08 10:44:46
 2  5      0 5451728  17160 4122596    0    0 43329 29602 26508 39834  8 26 32 33  0 2020-02-08 10:44:49
 4  5      0 5450572  17160 4122612    0    0 44506 25117 27220 40740  9 28 32 32  0 2020-02-08 10:44:52
 7  3      0 5445932  17160 4122668    0    0 48511 22907 26982 42349 11 32 25 32  0 2020-02-08 10:44:55
10  6      0 5440644  17160 4122692    0    0 44725 23882 26893 40445  9 28 31 31  0 2020-02-08 10:44:58
 2  6      0 5434880  17160 4124324    0    0 44001 30607 26085 40102  9 28 30 33  0 2020-02-08 10:45:01
12  7      0 5432916  16892 4124656    0    0 50600 27512 27828 40898 10 31 28 31  0 2020-02-08 10:45:04
 2  6      0 5438336  17160 4124976    0    0 44964 29558 26376 39863  9 27 30 34  0 2020-02-08 10:45:07
 6  4      0 5411688  17160 4125012    0    0 47394 26559 27463 40471 11 29 29 30  0 2020-02-08 10:45:10
 4 21      0 5406928   7732 4124008    0    0 47818 29777 27476 41898 10 29 29 32  0 2020-02-08 10:45:13
 4  6      0 5442080  17160 4125032    0    0 47472 23451 27356 40686 12 32 26 30  0 2020-02-08 10:45:16
10  5      0 5447668  17160 4125044    0    0 44445 27174 25794 38808  9 27 32 33  0 2020-02-08 10:45:19
 7  5      0 5447332  17160 4125172    0    0 44471 25620 25657 39415  9 27 32 32  0 2020-02-08 10:45:22
 0  7      0 5446860  17160 4125196    0    0 45646 30350 26336 39359  9 29 30 32  0 2020-02-08 10:45:25
 6  4      0 5442156  17160 4125176    0    0 46511 28290 26383 38488  9 28 31 32  0 2020-02-08 10:45:28
 3  4      0 5446172  17160 4125328    0    0 43764 28652 26220 39224  9 28 31 33  0 2020-02-08 10:45:31
 9  4      0 5439940  17160 4125344    0    0 45768 26493 26404 38871  9 28 31 32  0 2020-02-08 10:45:34
 9  6      0 5446696  17160 4125396    0    0 47091 29402 26244 39128  9 27 31 33  0 2020-02-08 10:45:37
 0 10      0 5451420  17160 4125408    0    0 45913 26900 26740 39917  9 27 31 33  0 2020-02-08 10:45:40
 2 20      0 5437920  14620 4125392    0    0 48075 21980 25567 40371  9 28 30 33  0 2020-02-08 10:45:43
procs -----------memory---------- ---swap-- -----io---- -system-- ------cpu----- -----timestamp-----
 r  b   swpd   free   buff  cache   si   so    bi    bo   in   cs us sy id wa st                 CST
 3  4      0 5442676  17160 4125468    0    0 49289 23466 27695 43057 14 35 24 26  0 2020-02-08 10:45:46
 8  5      0 5447420  17160 4125480    0    0 46204 28001 25961 39413  8 26 33 32  0 2020-02-08 10:45:49
 4  5      0 5447308  17160 4125496    0    0 47620 26697 27113 40135  9 28 32 31  0 2020-02-08 10:45:52
 2  7      0 5446980  17160 4125532    0    0 45403 29032 26014 39156  9 28 31 32  0 2020-02-08 10:45:55
 4  5      0 5437828  17160 4125552    0    0 47061 25763 27216 40054  9 28 32 31  0 2020-02-08 10:45:58
 0  7      0 5440572  17160 4125676    0    0 46135 28621 26348 39680  8 28 31 33  0 2020-02-08 10:46:01
13  6      0 5439104  17160 4125700    0    0 48364 25023 26562 39454  9 29 31 30  0 2020-02-08 10:46:04
 0  7      0 5442232  17160 4125688    0    0 46987 23245 27308 41328  9 29 32 31  0 2020-02-08 10:46:07
 4  6      0 5443328  17160 4125684    0    0 47495 22728 26261 39536  9 27 32 33  0 2020-02-08 10:46:10
 1  6      0 5442344  17160 4125712    0    0 48034 27806 26992 40030  8 27 31 33  0 2020-02-08 10:46:13
13  6      0 5332908  17160 4125860    0    0 45753 28058 27192 39484 17 33 23 28  0 2020-02-08 10:46:16
10  9      0 5324552  17160 4125856    0    0 44137 28231 26358 39973 23 34 20 23  0 2020-02-08 10:46:19
 7  5      0 5310784  17160 4125904    0    0 42879 26811 26809 39981 24 34 21 21  0 2020-02-08 10:46:22
 5  2      0 5345004  17160 4125924    0    0 46616 22219 26330 39654 23 35 21 22  0 2020-02-08 10:46:25
 9  7      0 5295360  17160 4126056    0    0 45463 22443 26315 39730 22 31 23 24  0 2020-02-08 10:46:28
 4  7      0 5443140  17160 4126148    0    0 46129 27289 25539 40014 20 34 22 24  0 2020-02-08 10:46:31
13  6      0 5438528  17160 4126168    0    0 46792 28130 26567 39259  9 30 31 30  0 2020-02-08 10:46:34
 2  6      0 5441980  17160 4126340    0    0 45245 27653 26211 39522 11 29 29 30  0 2020-02-08 10:46:37
 1  6      0 5442776  17160 4126356    0    0 49501 28920 27380 40580  9 28 32 32  0 2020-02-08 10:46:40
 1  4      0 5443400  17160 4126364    0    0 49126 27520 26639 40166  9 28 31 32  0 2020-02-08 10:46:43
 3  4      0 5438128  17160 4126284    0    0 51448 26052 26825 42286 13 34 24 29  0 2020-02-08 10:46:46
procs -----------memory---------- ---swap-- -----io---- -system-- ------cpu----- -----timestamp-----
 r  b   swpd   free   buff  cache   si   so    bi    bo   in   cs us sy id wa st                 CST
 3  3      0 5441460  17160 4126276    0    0 48972 24400 26415 40044  9 26 33 32  0 2020-02-08 10:46:49
 7  5      0 5441544  17160 4126300    0    0 50719 23186 27487 41045  9 29 30 31  0 2020-02-08 10:46:52
 7  9      0 5440448  17160 4126364    0    0 45837 28488 26567 39906  9 29 31 31  0 2020-02-08 10:46:55
 8  5      0 5447700  16040 4126192    0    0 50464 28138 27080 40618  9 28 30 33  0 2020-02-08 10:46:58
 2  6      0 5444348  17160 4126512    0    0 47983 29834 26462 40303  9 28 31 31  0 2020-02-08 10:47:01
 9  5      0 5443724  17160 4126532    0    0 47169 26617 27127 39779 10 30 31 30  0 2020-02-08 10:47:04
 7  1      0 5448848  17160 4126528    0    0 49315 24951 26895 40256  9 29 31 31  0 2020-02-08 10:47:07
 4  3      0 5448188  17160 4126524    0    0 47429 24342 27348 40634  9 28 32 31  0 2020-02-08 10:47:10
 1  7      0 5449240  17160 4126552    0    0 47233 27769 26526 39888  8 27 34 31  0 2020-02-08 10:47:13
 1  5      0 5448376  17160 4126560    0    0 47357 31038 27301 39849  9 30 29 31  0 2020-02-08 10:47:16
 4  4      0 5449300  17160 4126580    0    0 47527 29155 26477 40040 10 27 31 32  0 2020-02-08 10:47:19
 1  7      0 5448224  17160 4126672    0    0 48524 26562 27437 40143  9 29 32 30  0 2020-02-08 10:47:22
 3  2      0 5447828  17160 4126696    0    0 48087 29263 26031 40007 10 29 31 31  0 2020-02-08 10:47:25
 4  4      0 5448388  17160 4126832    0    0 48209 27400 27216 40491  9 28 33 30  0 2020-02-08 10:47:28
 6  3      0 5448364  17160 4126980    0    0 50663 25665 26994 41139 10 30 31 29  0 2020-02-08 10:47:31
10  3      0 5443196  17160 4126988    0    0 48989 23836 27060 40774 10 29 32 29  0 2020-02-08 10:47:34
 2  6      0 5448544  17160 4127004    0    0 47741 27823 26745 40914  9 29 33 29  0 2020-02-08 10:47:37
 9  1      0 5448096  17160 4127012    0    0 48164 30413 26059 39412  9 27 32 33  0 2020-02-08 10:47:40
 3  5      0 5448720  17160 4127032    0    0 48542 28995 26523 40293  9 28 33 30  0 2020-02-08 10:47:43
10  5      0 5443436  17160 4126208    0    0 51270 27927 27164 41874 13 34 23 30  0 2020-02-08 10:47:46
 8  4      0 5446972  17160 4127060    0    0 50537 24256 26499 39689  9 27 33 31  0 2020-02-08 10:47:49
procs -----------memory---------- ---swap-- -----io---- -system-- ------cpu----- -----timestamp-----
 r  b   swpd   free   buff  cache   si   so    bi    bo   in   cs us sy id wa st                 CST
 6  3      0 5447976  17160 4127072    0    0 47153 25582 27026 40830  9 29 32 30  0 2020-02-08 10:47:52
 8  7      0 5447076  17160 4127096    0    0 45224 27047 26378 39601  9 29 32 30  0 2020-02-08 10:47:55
 6  3      0 5447412  17160 4127116    0    0 49859 31675 27530 40079  9 28 31 33  0 2020-02-08 10:47:59
 4  4      0 5444648  17160 4127272    0    0 49003 29021 27166 41788 11 31 29 29  0 2020-02-08 10:48:02
13  5      0 5444808  17160 4126868    0    0 47284 29300 26986 40537 12 33 29 27  0 2020-02-08 10:48:05
 2  6      0 5447572  17160 4127380    0    0 48536 24877 26612 40221  9 28 31 31  0 2020-02-08 10:48:08
 5  1      0 5448268  17160 4127392    0    0 49162 24912 27612 40899  9 28 32 31  0 2020-02-08 10:48:11
 3  6      0 5449664  17160 4127404    0    0 47092 28743 26724 40389  9 27 32 32  0 2020-02-08 10:48:14
 5  2      0 5447636  17160 4127412    0    0 49649 30997 27277 40157 10 30 31 29  0 2020-02-08 10:48:17
 3  4      0 5447852  17160 4127428    0    0 48125 28149 26801 40303 10 28 32 31  0 2020-02-08 10:48:20
 6  6      0 5447252  17160 4127540    0    0 50023 30561 27180 40787 10 29 31 30  0 2020-02-08 10:48:23
 5  9      0 5447520  17160 4127556    0    0 50208 28508 26430 39960 10 29 30 31  0 2020-02-08 10:48:26
 2  4      0 5446480  17160 4127564    0    0 45831 27838 26328 39543  8 27 34 30  0 2020-02-08 10:48:29
 3  4      0 5446060  17160 4127864    0    0 48780 26095 27428 41421 10 30 30 30  0 2020-02-08 10:48:32
 8  3      0 5446756  17160 4127856    0    0 50451 24590 27164 40250 10 31 30 30  0 2020-02-08 10:48:35
 2  5      0 5447356  17160 4127872    0    0 47277 28552 26951 40321 10 29 32 30  0 2020-02-08 10:48:38
 6  3      0 5447568  17160 4127888    0    0 46313 30444 27029 40007  9 29 31 32  0 2020-02-08 10:48:41
 5  4      0 5446944  17160 4127908    0    0 50123 27782 27064 40840 10 29 31 30  0 2020-02-08 10:48:44
 4  7      0 5440300  16176 4127196    0    0 51775 29817 26862 42005 13 35 25 27  0 2020-02-08 10:48:47
 1  7      0 5441380  17160 4127984    0    0 51000 25949 26652 40831  9 28 33 29  0 2020-02-08 10:48:50
 5  4      0 5446204  17160 4128004    0    0 49580 28272 26117 40576  9 28 34 29  0 2020-02-08 10:48:53
procs -----------memory---------- ---swap-- -----io---- -system-- ------cpu----- -----timestamp-----
 r  b   swpd   free   buff  cache   si   so    bi    bo   in   cs us sy id wa st                 CST
 1  5      0 5446324  17160 4128012    0    0 48338 27335 25871 39689  9 30 32 29  0 2020-02-08 10:48:56
11  3      0 5446728  17160 4128048    0    0 48771 34026 27415 40444 10 30 30 30  0 2020-02-08 10:48:59
 4  5      0 5446192  17160 4128248    0    0 51825 29754 27141 41141  9 30 32 29  0 2020-02-08 10:49:02
 7  7      0 5441680  17160 4128200    0    0 49729 32097 27379 40235 10 31 30 29  0 2020-02-08 10:49:05
 7  2      0 5446316  17160 4128216    0    0 50008 27298 27457 41256 10 29 33 28  0 2020-02-08 10:49:08
 4  4      0 5446384  17160 4128216    0    0 53857 26821 26617 40974  9 28 33 30  0 2020-02-08 10:49:11
 4  5      0 5447004  17160 4128236    0    0 49275 29148 26588 40567  9 28 33 30  0 2020-02-08 10:49:14
 2  5      0 5446280  17160 4128248    0    0 46623 33931 26640 39485 10 31 29 30  0 2020-02-08 10:49:17
 4  6      0 5445916  17160 4128272    0    0 50836 30715 26000 39568 10 28 31 32  0 2020-02-08 10:49:20
 3  5      0 5445068  17160 4128364    0    0 50849 30922 27166 40897 10 30 30 30  0 2020-02-08 10:49:23
 3  4      0 5445492  17160 4128384    0    0 50320 27137 27183 41525 10 30 32 28  0 2020-02-08 10:49:26
 6  3      0 5445984  17160 4128384    0    0 52143 27313 27152 41089  9 28 34 28  0 2020-02-08 10:49:29
 3  7      0 5445184  17160 4128644    0    0 50902 30546 27205 41993 11 31 30 28  0 2020-02-08 10:49:32
 4  4      0 5443032  17160 4128656    0    0 50691 34130 27901 40920 10 32 30 28  0 2020-02-08 10:49:35
 3  8      0 5445636  17160 4128740    0    0 48488 30043 25551 39219 13 28 32 27  0 2020-02-08 10:49:38
 2  4      0 5445224  17160 4128760    0    0 51465 31433 25801 40590  9 28 31 32  0 2020-02-08 10:49:41
 0  5      0 5438068  17160 4129976    0    0 49907 28519 25406 40738 10 28 32 30  0 2020-02-08 10:49:44
 1  6      0 5444308  17160 4130868    0    0 52833 27838 25118 40439 14 31 28 27  0 2020-02-08 10:49:47
 1  5      0 5437908  17160 4130984    0    0 55951 28557 25442 43096 10 29 28 33  0 2020-02-08 10:49:50
 6  3      0 5442160  17160 4131108    0    0 51135 33814 26024 40492  9 29 31 31  0 2020-02-08 10:49:53
 1  7      0 5442524  17160 4130912    0    0 53779 32292 25614 41000 10 29 32 29  0 2020-02-08 10:49:56
procs -----------memory---------- ---swap-- -----io---- -system-- ------cpu----- -----timestamp-----
 r  b   swpd   free   buff  cache   si   so    bi    bo   in   cs us sy id wa st                 CST
 4  3      0 5442568  17160 4130912    0    0 53762 32896 26143 41102  9 27 33 31  0 2020-02-08 10:49:59
 2  6      0 5436368  17160 4131096    0    0 52524 31281 25461 41541 10 29 31 30  0 2020-02-08 10:50:02
 1  6      0 5436416  17160 4131204    0    0 54671 32599 25250 40143 10 29 30 31  0 2020-02-08 10:50:05
 4  6      0 5436904  17160 4131180    0    0 53843 28374 25480 41086 10 27 32 32  0 2020-02-08 10:50:08
 9  5      0 5437784  17160 4131172    0    0 53471 26000 25030 41048  9 27 34 30  0 2020-02-08 10:50:11
 0  6      0 5438548  17160 4131196    0    0 53052 29415 25212 40429  8 26 33 32  0 2020-02-08 10:50:14
 2  4      0 5437648  17160 4131244    0    0 51071 37470 25354 39671 10 29 30 31  0 2020-02-08 10:50:17
 1  9      0 5436948  17160 4131212    0    0 51410 30269 25399 40569 10 27 31 32  0 2020-02-08 10:50:20
 3  7      0 5482428  17160 4131192    0    0 55320 34519 25677 40497  9 28 31 33  0 2020-02-08 10:50:23
 3  6      0 5481880  17160 4131240    0    0 53094 30211 25096 40114 10 29 30 31  0 2020-02-08 10:50:26
 3  4      0 5483044  17160 4131244    0    0 51684 33499 25853 40691  9 27 32 32  0 2020-02-08 10:50:29
 7  3      0 5483164  17160 4131396    0    0 57119 27591 25596 41268 11 29 31 30  0 2020-02-08 10:50:32
 4  3      0 5481772  17160 4131396    0    0 54562 26347 26520 41219 10 29 30 30  0 2020-02-08 10:50:35
 9  3      0 5483696  17160 4131560    0    0 50683 31114 25426 40780  9 27 32 32  0 2020-02-08 10:50:38
 1  5      0 5483920  17160 4131568    0    0 52855 36288 25890 40156  9 27 30 33  0 2020-02-08 10:50:41
 2  9      0 5484116  17160 4131604    0    0 55223 30084 25759 41262  9 27 31 32  0 2020-02-08 10:50:44
 2  5      0 5482392  17160 4131636    0    0 51874 35665 26000 40780 11 31 28 29  0 2020-02-08 10:50:47
 2  4      0 5482684  17160 4131676    0    0 57463 26889 25463 42596 10 29 28 33  0 2020-02-08 10:50:50
 0  7      0 5486200  17160 4131760    0    0 53424 27936 25317 41079  9 27 34 31  0 2020-02-08 10:50:53
 3  7      0 5483500  17160 4131852    0    0 52045 29149 26414 43310 13 32 27 28  0 2020-02-08 10:50:56
 1  5      0 5487964  17160 4131844    0    0 52640 36567 24938 39530  9 26 31 34  0 2020-02-08 10:50:59
procs -----------memory---------- ---swap-- -----io---- -system-- ------cpu----- -----timestamp-----
 r  b   swpd   free   buff  cache   si   so    bi    bo   in   cs us sy id wa st                 CST
 1  5      0 5486888  17160 4131980    0    0 53067 31225 25389 41264  9 28 30 32  0 2020-02-08 10:51:02
 2  8      0 5485300  17160 4131980    0    0 51487 33833 25287 39945 10 30 31 30  0 2020-02-08 10:51:05
 3  2      0 5486224  17160 4131928    0    0 55003 27094 25378 40718 10 27 33 31  0 2020-02-08 10:51:08
 2  4      0 5485032  17160 4131936    0    0 54254 28202 25571 41438  9 27 33 30  0 2020-02-08 10:51:11
 1  8      0 5485684  17160 4131956    0    0 53628 29384 26012 41214  9 28 32 31  0 2020-02-08 10:51:14
 2  5      0 5367832  17160 4131976    0    0 54777 36517 26180 39973 19 33 22 26  0 2020-02-08 10:51:17
 6  4      0 5360568  17160 4132020    0    0 51540 30088 25218 40127 23 34 21 22  0 2020-02-08 10:51:20
 2  4      0 5353532  17160 4132020    0    0 52241 35047 25761 41017 22 34 22 21  0 2020-02-08 10:51:23
10  2      0 5264216  17160 4132024    0    0 53472 27869 25525 40437 22 34 22 22  0 2020-02-08 10:51:26
 6  4      0 5375024  17160 4132028    0    0 53677 27244 26196 41006 21 32 24 22  0 2020-02-08 10:51:29
 1  4      0 5486352  17160 4132256    0    0 51855 30146 24735 40711 22 33 22 22  0 2020-02-08 10:51:32
 7  2      0 5483652  17160 4132272    0    0 53648 36963 25383 40187 10 32 31 28  0 2020-02-08 10:51:35
 5  5      0 5484840  17160 4132484    0    0 56233 30091 25279 41387 10 28 32 30  0 2020-02-08 10:51:38
 3  5      0 5486128  17160 4132496    0    0 53218 36187 25914 40657  9 28 31 32  0 2020-02-08 10:51:41
 3  4      0 5485248  17160 4132468    0    0 56592 26511 25643 41076 10 27 33 30  0 2020-02-08 10:51:44
 2  6      0 5478992  17160 4132484    0    0 54708 28638 25533 41218 10 29 31 30  0 2020-02-08 10:51:47
 2  5      0 5479080  17160 4132260    0    0 56982 29433 25178 42865 12 31 25 33  0 2020-02-08 10:51:50
 4  4      0 5483544  17160 4132512    0    0 53999 37073 25328 39460  9 28 31 33  0 2020-02-08 10:51:53
 2  3      0 5485936  17160 4132516    0    0 56044 29108 25907 41366 10 30 30 29  0 2020-02-08 10:51:56
 6  6      0 5485800  17160 4132532    0    0 54464 36050 25806 40292  9 28 33 30  0 2020-02-08 10:51:59
 4  3      0 5488308  17160 4132660    0    0 58599 29340 25933 42267 10 31 30 30  0 2020-02-08 10:52:02
procs -----------memory---------- ---swap-- -----io---- -system-- ------cpu----- -----timestamp-----
 r  b   swpd   free   buff  cache   si   so    bi    bo   in   cs us sy id wa st                 CST
10  4      0 5490728  17160 4132668    0    0 54953 28943 25302 40845 10 30 32 28  0 2020-02-08 10:52:05
 8  5      0 5490924  17160 4132692    0    0 56867 28137 25208 41349 10 27 33 30  0 2020-02-08 10:52:08
 3  3      0 5491968  17160 4132696    0    0 55684 39083 26276 40581  9 28 30 33  0 2020-02-08 10:52:11
 4  6      0 5491696  17160 4132720    0    0 54439 30216 26303 41142  9 27 32 32  0 2020-02-08 10:52:14
 9  3      0 5491188  17160 4132756    0    0 54479 35347 26099 41281 10 30 30 30  0 2020-02-08 10:52:17
 7  5      0 5490856  17160 4132776    0    0 55767 31275 25929 41045 10 27 31 32  0 2020-02-08 10:52:20
 4  5      0 5491504  17160 4132796    0    0 55212 35064 25980 40761  9 28 32 31  0 2020-02-08 10:52:23
 2  4      0 5490592  17160 4132832    0    0 55016 28007 25465 41023 11 30 31 28  0 2020-02-08 10:52:26
 4  5      0 5490488  17160 4132828    0    0 59991 29355 26057 42064  9 28 33 30  0 2020-02-08 10:52:29
 6  7      0 5489696  17160 4133068    0    0 57266 30383 25862 41430 10 30 29 30  0 2020-02-08 10:52:32
 9  6      0 5490312  17160 4133076    0    0 54051 38275 25941 40270 10 31 30 29  0 2020-02-08 10:52:35
 6  7      0 5483092  17160 4132836    0    0 56602 30368 26276 41243 13 31 28 29  0 2020-02-08 10:52:38
13  3      0 5484048  17160 4133236    0    0 51652 33665 25254 40269  9 27 34 29  0 2020-02-08 10:52:41
12  4      0 5485284  17160 4133260    0    0 54643 26806 26685 41918 10 29 31 30  0 2020-02-08 10:52:44
 8  4      0 5479420  17160 4133276    0    0 57641 31231 26282 41979 10 31 32 27  0 2020-02-08 10:52:47
17  9      0 5478848  17188 4133260    0    0 55904 30422 26104 41537 11 30 30 29  0 2020-02-08 10:52:50
16  4      0 5468300  17160 4133364    0    0 55156 37780 26504 42079 13 31 24 32  0 2020-02-08 10:52:53
 3  6      0 5478296  17160 4133356    0    0 56585 31010 26304 41761 13 32 29 26  0 2020-02-08 10:52:56
 5  6      0 5478284  17160 4133380    0    0 54534 35316 27103 41613 10 30 30 30  0 2020-02-08 10:52:59
 2  5      0 5476648  17160 4133520    0    0 57244 28383 25691 42216 10 30 31 29  0 2020-02-08 10:53:02
 6  6      0 5475344  17160 4133532    0    0 57073 30019 26022 41678 10 30 31 28  0 2020-02-08 10:53:05
procs -----------memory---------- ---swap-- -----io---- -system-- ------cpu----- -----timestamp-----
 r  b   swpd   free   buff  cache   si   so    bi    bo   in   cs us sy id wa st                 CST
 6  6      0 5477344  17160 4133592    0    0 57937 29570 25551 41720 10 28 32 29  0 2020-02-08 10:53:08
 6  4      0 5476328  17160 4133596    0    0 53484 38299 26071 41201 10 29 30 32  0 2020-02-08 10:53:11
 5  6      0 5477148  17160 4133620    0    0 59465 30882 26230 41952 10 28 33 30  0 2020-02-08 10:53:14
 2  7      0 5477328  17160 4133628    0    0 54376 36534 25388 40243 10 29 30 30  0 2020-02-08 10:53:17
 7  5      0 5477820  17160 4133640    0    0 56796 29455 25633 41132 10 28 32 30  0 2020-02-08 10:53:20
 4  2      0 5477124  17160 4133644    0    0 59265 28901 26385 42357  9 28 33 30  0 2020-02-08 10:53:23
 5  5      0 5477156  17160 4133648    0    0 57440 28336 25492 41909 10 29 31 29  0 2020-02-08 10:53:26
 7  3      0 5477796  17160 4133648    0    0 55484 41177 27171 41829  9 28 30 32  0 2020-02-08 10:53:29
 7  4      0 5476400  17160 4133780    0    0 57783 28508 25288 40761 10 29 31 29  0 2020-02-08 10:53:32
 9  7      0 5470612  16068 4133576    0    0 60260 35473 25518 41786 12 33 26 29  0 2020-02-08 10:53:35
 0  3      0 5471968  17160 4133944    0    0 57211 30523 25534 41788 10 28 33 28  0 2020-02-08 10:53:38
 4  4      0 5486996  17160 4123940    0    0 57839 29946 25257 41570  9 28 35 28  0 2020-02-08 10:53:41
 0  7      0 5487672  17160 4123912    0    0 57332 30548 25689 41207 10 28 33 29  0 2020-02-08 10:53:44
 4  0      0 5569332  17160 4123476    0    0 44200 34477 21976 35982 11 27 37 26  0 2020-02-08 10:53:47
 0  0      0 5721884  17160 4123568    0    0  2916  2035 1754 13136  1  2 96  0  0 2020-02-08 10:53:50
 0  0      0 5717500  17160 4123608    0    0  8203  2160 3762 18193  2  5 84  8  0 2020-02-08 10:53:53
 0  0      0 5722576  17160 4123616    0    0    83  1775 2094 13866  2  4 94  0  0 2020-02-08 10:53:56
 0  0      0 5723008  17160 4123644    0    0   418  2088 1957 13489  1  2 95  2  0 2020-02-08 10:53:59
 0  0      0 5709788  17160 4123780    0    0    73  3337 3778 15655  2  5 93  0  0 2020-02-08 10:54:02
 1  0      0 5709308  17160 4123796    0    0   113  1904 1907 13366  2  3 95  0  0 2020-02-08 10:54:05
 0  0      0 5709196  17160 4123816    0    0   148  2085 1890 13507  1  3 96  0  0 2020-02-08 10:54:08
procs -----------memory---------- ---swap-- -----io---- -system-- ------cpu----- -----timestamp-----
 r  b   swpd   free   buff  cache   si   so    bi    bo   in   cs us sy id wa st                 CST
 0  0      0 5710108  17160 4123808    0    0   105  1870 1696 13414  1  3 96  0  0 2020-02-08 10:54:11
 1  0      0 5710292  17160 4123828    0    0   359  2884 2836 14260  4  3 93  0  0 2020-02-08 10:54:14
 0  0      0 5710684  17160 4123864    0    0   250  1697 2132 14133  3  4 93  0  0 2020-02-08 10:54:17
 2  0      0 5710276  17160 4123884    0    0    79  2193 1878 13194  2  3 95  0  0 2020-02-08 10:54:20
 0  0      0 5710340  17160 4123904    0    0    73  1915 1707 13309  1  2 96  1  0 2020-02-08 10:54:23
 2  0      0 5697748  17160 4123916    0    0   968  6964 4290 15912  3  6 90  1  0 2020-02-08 10:54:26
