procs -----------memory---------- ---swap-- -----io---- -system-- ------cpu----- -----timestamp-----
 r  b   swpd   free   buff  cache   si   so    bi    bo   in   cs us sy id wa st                 CST
 3  0      0 529484480  58464 3608268    0    0  2118   170  135    3  5  7 73 16  0 2020-02-20 10:36:38
 1  0      0 528632480  58464 3608464    0    0   219   379 4721 23801  2  2 96  0  0 2020-02-20 10:36:41
 2  4      0 528002912  56684 3608400    0    0  8900   223 7058 27669  2  2 96  1  0 2020-02-20 10:36:44
 2  0      0 527604288  58464 3611164    0    0   756   433 3434 20578  1  1 97  0  0 2020-02-20 10:36:47
 2  0      0 527603648  58464 3611832    0    0   131    86 1200 14877  0  0 99  0  0 2020-02-20 10:36:50
15 27      0 527238144  58464 3612412    0    0 70742 34974 48302 117103  5  7 72 16  0 2020-02-20 10:36:53
 9 39      0 527232320  58464 3613808    0    0 77030 122914 71385 161804  4  7 67 22  0 2020-02-20 10:36:56
 7 41      0 527210368  58464 3613620    0    0 175825 124786 81553 111370  2  6 56 36  0 2020-02-20 10:36:59
 0 28      0 527189056  58464 3613648    0    0 182948 120360 77507 110958  3  6 53 38  0 2020-02-20 10:37:03
 4 89      0 527171584  56920 3613076    0    0 256515 44011 65104 109632  3  7 51 38  0 2020-02-20 10:37:06
 0 59      0 527171648  58464 3613704    0    0 298333 11129 65753 110299  3  5 47 46  0 2020-02-20 10:37:09
 8 85      0 527175488  58464 3614000    0    0 280072  7558 57582 101041  3  4 50 43  0 2020-02-20 10:37:12
12 94      0 527178336  58464 3613928    0    0 342184  8608 70920 118361  3  6 43 47  0 2020-02-20 10:37:15
 4 98      0 527178336  58464 3614292    0    0 321284 10775 67614 113171  3  6 46 45  0 2020-02-20 10:37:18
 4 90      0 527177664  58464 3614252    0    0 320172  9025 69571 113221  3  6 44 48  0 2020-02-20 10:37:21
 5 83      0 527137440  58464 3614236    0    0 283769 16520 65657 107281  3  5 45 47  0 2020-02-20 10:37:24
 5 77      0 527140064  58464 3615608    0    0 272205 24666 69271 113709  4  7 43 46  0 2020-02-20 10:37:27
 4 69      0 527153568  58464 3615552    0    0 275492 25394 66395 106819  2  5 45 47  0 2020-02-20 10:37:30
 2 62      0 527161216  58464 3615836    0    0 267662 26637 67569 108481  3  5 48 44  0 2020-02-20 10:37:33
11 82      0 527156896  58464 3616028    0    0 264080 29099 65877 106327  3  6 47 44  0 2020-02-20 10:37:36
 2 79      0 527158656  58464 3615868    0    0 266672 27029 65513 106681  2  5 50 43  0 2020-02-20 10:37:39
procs -----------memory---------- ---swap-- -----io---- -system-- ------cpu----- -----timestamp-----
 r  b   swpd   free   buff  cache   si   so    bi    bo   in   cs us sy id wa st                 CST
 4 83      0 527160928  58464 3615984    0    0 287384 29209 70434 113877  3  5 48 44  0 2020-02-20 10:37:42
23 98      0 527083552  42304 3608928    0    0 280111 33888 71433 115119  3  6 46 45  0 2020-02-20 10:37:45
 6 75      0 527144576  58464 3615612    0    0 274624 34400 70462 112738  3  6 49 43  0 2020-02-20 10:37:48
 4 76      0 527148384  58464 3615556    0    0 292391 49221 74079 114760  3  6 46 45  0 2020-02-20 10:37:51
 5 55      0 527133792  58464 3615568    0    0 231973 54881 71694 108501  3  5 52 41  0 2020-02-20 10:37:54
15 64      0 527147904  58464 3615836    0    0 234980 68756 68047 105084  3  6 54 37  0 2020-02-20 10:37:57
16 77      0 527148992  58464 3615540    0    0 258274 55531 70404 109234  3  5 51 42  0 2020-02-20 10:38:00
 8 80      0 527148128  58464 3615712    0    0 264480 66501 72177 113236  3  5 48 44  0 2020-02-20 10:38:03
 6 61      0 527162784  58464 3615388    0    0 283651 46444 73286 120059  4  8 44 44  0 2020-02-20 10:38:06
 6 84      0 527171872  58464 3615428    0    0 294050 30352 71268 113654  3  6 44 48  0 2020-02-20 10:38:09
 4 89      0 527177472  58464 3615444    0    0 290724 19216 65929 107831  3  5 45 47  0 2020-02-20 10:38:12
 2 88      0 527182336  58464 3615468    0    0 313104 16014 67964 112121  3  6 44 47  0 2020-02-20 10:38:15
 5 77      0 527180384  58464 3615596    0    0 296660 24504 67708 111876  3  6 45 47  0 2020-02-20 10:38:18
 4 62      0 527180928  58464 3615612    0    0 277055 22594 63078 104058  2  5 49 44  0 2020-02-20 10:38:21
 6 86      0 527149824  58464 3615632    0    0 263732 21805 61438 102070  2  4 50 43  0 2020-02-20 10:38:24
 1 75      0 527164896  58464 3616128    0    0 281486 33432 68333 115662  3  7 46 44  0 2020-02-20 10:38:27
 6 75      0 527175968  58464 3615924    0    0 277436 31205 65650 109042  2  5 50 43  0 2020-02-20 10:38:30
 3 80      0 527174528  58464 3616168    0    0 282748 23355 67982 109740  3  5 48 43  0 2020-02-20 10:38:33
10 96      0 527171136  58464 3616148    0    0 290971 23627 67301 108478  4  6 48 42  0 2020-02-20 10:38:36
 4 88      0 527174912  58464 3616112    0    0 277528 27305 68940 110363  3  5 47 45  0 2020-02-20 10:38:39
11 87      0 527177216  58464 3616132    0    0 326604 31365 75463 120135  3  6 45 46  0 2020-02-20 10:38:42
procs -----------memory---------- ---swap-- -----io---- -system-- ------cpu----- -----timestamp-----
 r  b   swpd   free   buff  cache   si   so    bi    bo   in   cs us sy id wa st                 CST
34 78      0 527109824  32912 3617788    0    0 279428 35484 69227 109943  3  5 47 45  0 2020-02-20 10:38:45
 8 89      0 527165568  58464 3616324    0    0 301022 35018 76838 122856  3  7 44 46  0 2020-02-20 10:38:48
 7 58      0 527171840  58464 3616332    0    0 260054 47534 68437 106848  2  5 49 43  0 2020-02-20 10:38:51
17 77      0 527151104  58464 3616356    0    0 263323 53581 71624 111853  2  5 49 44  0 2020-02-20 10:38:54
 9 77      0 527169568  58464 3616996    0    0 275312 60874 75172 118169  3  6 49 42  0 2020-02-20 10:38:57
11 75      0 527174144  58464 3616852    0    0 223380 57707 62356 99561  2  4 58 35  0 2020-02-20 10:39:00
10 58      0 527173824  58464 3616900    0    0 254116 52954 66256 110133  2  5 52 42  0 2020-02-20 10:39:03
 5 79      0 527160224  58464 3617256    0    0 292263 39106 73285 121193  3  7 45 44  0 2020-02-20 10:39:06
 5 74      0 527167008  58464 3617496    0    0 304658 35111 68975 111042  2  5 49 44  0 2020-02-20 10:39:09
 1 83      0 527169408  58464 3617320    0    0 270316 24065 64935 106391  2  5 51 42  0 2020-02-20 10:39:12
 3 67      0 527173696  58464 3617328    0    0 303459 21175 70008 113716  3  6 47 44  0 2020-02-20 10:39:15
10 94      0 527170048  58464 3617680    0    0 308564 26672 70443 114678  3  6 47 45  0 2020-02-20 10:39:18
11 87      0 527170912  58464 3617692    0    0 319892 25299 72781 117206  3  6 46 46  0 2020-02-20 10:39:21
 9 84      0 527147968  58464 3617712    0    0 321412 15304 68383 112116  3  5 46 46  0 2020-02-20 10:39:24
 3 88      0 527155680  58464 3618092    0    0 323083 24693 74117 123665  4  8 44 45  0 2020-02-20 10:39:27
13 86      0 527167808  58464 3617940    0    0 305454 31127 71405 112528  3  6 47 45  0 2020-02-20 10:39:30
13 71      0 527167424  58464 3618180    0    0 280948 40872 68993 109241  3  5 49 43  0 2020-02-20 10:39:33
12 88      0 527170496  58464 3618192    0    0 290797 34404 68636 109469  3  6 47 43  0 2020-02-20 10:39:36
 7 74      0 527172160  58464 3618144    0    0 302997 41863 71495 113839  3  5 48 44  0 2020-02-20 10:39:39
 5 73      0 527173024  58464 3618152    0    0 265900 32812 68797 109194  2  5 47 45  0 2020-02-20 10:39:42
 4 69      0 527165760  56100 3615060    0    0 271744 39429 68576 111254  3  6 51 41  0 2020-02-20 10:39:45
procs -----------memory---------- ---swap-- -----io---- -system-- ------cpu----- -----timestamp-----
 r  b   swpd   free   buff  cache   si   so    bi    bo   in   cs us sy id wa st                 CST
 4 66      0 527165504  58464 3618288    0    0 279036 49573 71607 114146  3  6 48 44  0 2020-02-20 10:39:48
 3 90      0 527174688  58464 3618332    0    0 290052 36996 68692 110649  2  5 50 42  0 2020-02-20 10:39:51
11 81      0 527148960  58464 3618340    0    0 277816 49334 70458 112840  2  5 48 44  0 2020-02-20 10:39:54
 4 82      0 527166240  58464 3618756    0    0 306234 47278 74486 119202  3  6 47 43  0 2020-02-20 10:39:57
 8 63      0 527172480  58464 3618576    0    0 270820 45884 70062 110645  2  5 50 43  0 2020-02-20 10:40:00
 4 70      0 527174432  58464 3618620    0    0 285975 36940 71487 113108  3  6 49 43  0 2020-02-20 10:40:03
11 69      0 527164096  58464 3618612    0    0 288058 41323 73704 118755  3  7 48 42  0 2020-02-20 10:40:06
 2 81      0 527168512  58464 3618688    0    0 298657 32366 69040 113034  2  5 49 44  0 2020-02-20 10:40:09
 5 86      0 527172064  58464 3618688    0    0 314938 36273 70703 114721  3  5 48 44  0 2020-02-20 10:40:12
 9 68      0 527172192  58464 3618728    0    0 303816 26786 70228 112411  3  6 47 44  0 2020-02-20 10:40:15
 5 83      0 527168096  58464 3618948    0    0 297068 34318 70927 115254  3  6 47 44  0 2020-02-20 10:40:18
 4 78      0 527170656  58464 3618976    0    0 323002 32660 72470 118643  3  6 47 45  0 2020-02-20 10:40:21
11 76      0 527073664  58464 3618980    0    0 315661 24521 72532 116294  3  5 48 44  0 2020-02-20 10:40:24
11 72      0 527045632  58464 3619464    0    0 262027 30653 72542 123892  5  8 47 41  0 2020-02-20 10:40:27
 4 71      0 527058208  58464 3619276    0    0 284108 32132 72875 120485  4  6 50 40  0 2020-02-20 10:40:30
 5 82      0 526989600  58464 3619648    0    0 286327 40533 72701 117199  4  6 48 42  0 2020-02-20 10:40:33
 8 75      0 527164096  58464 3619852    0    0 298464 36110 75487 123938  5  8 44 43  0 2020-02-20 10:40:36
 9 78      0 527166272  58464 3619744    0    0 290491 34492 70623 113680  2  6 48 44  0 2020-02-20 10:40:39
15 51      0 527166688  58464 3619756    0    0 290325 27894 65523 106235  2  5 51 42  0 2020-02-20 10:40:42
13 91      0 527079008  54824 3612012    0    0 310809 39009 73101 117359  3  6 48 43  0 2020-02-20 10:40:45
13 69      0 527155904  58464 3619752    0    0 289072 44078 70370 112665  3  6 50 42  0 2020-02-20 10:40:48
procs -----------memory---------- ---swap-- -----io---- -system-- ------cpu----- -----timestamp-----
 r  b   swpd   free   buff  cache   si   so    bi    bo   in   cs us sy id wa st                 CST
11 73      0 527163776  58464 3619892    0    0 295808 46394 71683 113274  3  6 50 42  0 2020-02-20 10:40:51
11 72      0 527135872  58464 3619896    0    0 283616 43300 68086 107778  2  5 52 41  0 2020-02-20 10:40:54
14 74      0 527163008  58464 3620372    0    0 308223 41554 70914 113941  3  6 49 41  0 2020-02-20 10:40:57
18 84      0 527170080  58464 3620208    0    0 306633 45298 70384 111994  2  5 50 42  0 2020-02-20 10:41:00
 8 81      0 527170688  58464 3620244    0    0 313460 46119 73873 117704  3  6 48 43  0 2020-02-20 10:41:03
 1 78      0 527158784  58464 3620244    0    0 308366 44247 75763 123142  4  7 46 43  0 2020-02-20 10:41:06
12 82      0 527165984  58464 3620368    0    0 310851 37224 72670 114539  2  5 48 44  0 2020-02-20 10:41:09
 6 82      0 527167744  58464 3620488    0    0 311759 29053 68743 110850  2  5 50 42  0 2020-02-20 10:41:12
11 69      0 527169472  58464 3620524    0    0 301512 33930 71208 112192  3  5 49 42  0 2020-02-20 10:41:15
 9 71      0 527165984  58464 3620864    0    0 310511 33787 70568 113526  3  6 49 42  0 2020-02-20 10:41:18
 4 85      0 527164256  58464 3620884    0    0 295706 38666 71713 114146  3  6 49 43  0 2020-02-20 10:41:21
16 86      0 527134400  58464 3620908    0    0 325436 25828 70727 115014  3  5 48 44  0 2020-02-20 10:41:24
11 81      0 527155616  58464 3621320    0    0 338359 30719 77020 126372  4  8 45 44  0 2020-02-20 10:41:27
 8 71      0 527164320  58464 3621180    0    0 338880 30456 75547 122698  3  6 46 45  0 2020-02-20 10:41:30
 4 70      0 527164992  58464 3621196    0    0 295225 26746 64585 105082  2  5 49 43  0 2020-02-20 10:41:33
14 59      0 527164800  58464 3621524    0    0 312534 38721 70278 113040  3  6 50 41  0 2020-02-20 10:41:36
 6 71      0 527165568  58464 3621544    0    0 282371 44820 67483 107608  2  5 52 41  0 2020-02-20 10:41:39
 2 42      0 527166080  58464 3621564    0    0 317639 40195 71657 113625  2  5 48 44  0 2020-02-20 10:41:42
 2 70      0 527084480  58492 3621564    0    0 306662 53410 73848 115533  3  6 48 43  0 2020-02-20 10:41:45
 0 70      0 527154624  58464 3621636    0    0 300241 49305 73017 120734  3  7 46 45  0 2020-02-20 10:41:48
 0 79      0 527163776  58464 3621668    0    0 311121 40067 71552 113396  3  5 48 44  0 2020-02-20 10:41:51
procs -----------memory---------- ---swap-- -----io---- -system-- ------cpu----- -----timestamp-----
 r  b   swpd   free   buff  cache   si   so    bi    bo   in   cs us sy id wa st                 CST
 2  0      0 529351584  58464 3620432    0    0 136713 19170 49212 98727  3  7 71 18  0 2020-02-20 10:41:54
 2  0      0 529404320  58464 3620560    0    0   212  2022 3032 16977  1  1 98  0  0 2020-02-20 10:41:57
 0  0      0 529410880  58464 3620420    0    0   167   694 1775 14717  1  0 99  0  0 2020-02-20 10:42:00
 0  0      0 529412832  58464 3620440    0    0    68   667 2036 15952  0  0 99  0  0 2020-02-20 10:42:03
 0  0      0 529399808  58464 3620380    0    0 10927   289 4772 23601  1  1 97  1  0 2020-02-20 10:42:06
 0  0      0 529405952  58464 3620460    0    0   167   163 1200 14555  0  0 100  0  0 2020-02-20 10:42:09
 0  0      0 529413504  58464 3620492    0    0    64   331 1208 15065  0  0 99  0  0 2020-02-20 10:42:12
 5  0      0 529414624  58464 3620532    0    0   214   220 1503 14609  1  0 99  0  0 2020-02-20 10:42:15
 0  0      0 529415616  58464 3620664    0    0   201   298 1444 15406  0  1 99  0  0 2020-02-20 10:42:18
 0  0      0 529415968  58464 3620848    0    0    63   145 1114 14388  0  0 99  0  0 2020-02-20 10:42:21
 2  0      0 529377856  58464 3620856    0    0    63   269 1210 14872  0  0 99  0  0 2020-02-20 10:42:24
 0  1      0 529404128  58464 3621312    0    0 11095   204 4837 24131  1  1 97  1  0 2020-02-20 10:42:27
 1  0      0 529416480  58464 3621216    0    0   844  4417 2841 16087  1  0 98  0  0 2020-02-20 10:42:30
 0  0      0 529423648  58464 3620828    0    0  2145   254 1777 16618  0  0 99  0  0 2020-02-20 10:42:33
 0  0      0 529423808  58464 3621256    0    0   248   369 1679 15319  1  1 98  0  0 2020-02-20 10:42:36
 0  0      0 529427840  58464 3621268    0    0    80   193 1395 14920  0  0 100  0  0 2020-02-20 10:42:39
 0  0      0 529428192  58464 3621564    0    0   139   413 1270 14991  0  0 99  0  0 2020-02-20 10:42:42
 3  0      0 529414624  58464 3621568    0    0 10983   399 4688 22982  1  1 97  1  0 2020-02-20 10:42:45
 0  0      0 529416992  58464 3621792    0    0   164   444 1493 15412  0  1 99  0  0 2020-02-20 10:42:48
 0  0      0 529424224  58464 3621764    0    0    68   185 1214 14468  0  0 99  0  0 2020-02-20 10:42:51
 2  0      0 529387264  58464 3621776    0    0   149   407 1284 14775  0  0 99  0  0 2020-02-20 10:42:54
procs -----------memory---------- ---swap-- -----io---- -system-- ------cpu----- -----timestamp-----
 r  b   swpd   free   buff  cache   si   so    bi    bo   in   cs us sy id wa st                 CST
 1  0      0 529420096  58464 3622112    0    0   201   285 2121 16058  1  1 99  0  0 2020-02-20 10:42:57
 1  0      0 529426944  58464 3621972    0    0    89   844 2071 15163  0  0 99  0  0 2020-02-20 10:43:00
 0  0      0 529425824  58464 3622000    0    0   121   289 1497 15426  0  0 99  0  0 2020-02-20 10:43:03
 1  1      0 529413440  58464 3622184    0    0 10979   341 4974 23752  1  1 97  1  0 2020-02-20 10:43:06
 1  0      0 529419808  58464 3622204    0    0  5118  3785 4968 18346  1  0 99  0  0 2020-02-20 10:43:09
 0  0      0 529420416  58464 3622224    0    0  7120  2223 5942 19128  1  1 99  0  0 2020-02-20 10:43:12
